2021-07-27 00:18:56 -Validating all active sessions...
2021-07-27 00:18:56 -Finished session validation.  No sessions were stopped.
2021-07-27 00:19:47 -WebSocketSession[1 current WS(1)-HttpStream(0)-HttpPoll(0), 1 total, 0 closed abnormally (0 connect failure, 0 send limit, 0 transport error)], stompSubProtocol[processed CONNECT(1)-CONNECTED(1)-DISCONNECT(0)], stompBrokerRelay[null], inboundChannel[pool size = 0, active threads = 0, queued tasks = 0, completed tasks = 9], outboundChannelpool size = 0, active threads = 0, queued tasks = 0, completed tasks = 1], sockJsScheduler[pool size = 4, active threads = 1, queued tasks = 2, completed tasks = 5207]
2021-07-27 00:49:47 -WebSocketSession[1 current WS(1)-HttpStream(0)-HttpPoll(0), 1 total, 0 closed abnormally (0 connect failure, 0 send limit, 0 transport error)], stompSubProtocol[processed CONNECT(1)-CONNECTED(1)-DISCONNECT(0)], stompBrokerRelay[null], inboundChannel[pool size = 0, active threads = 0, queued tasks = 0, completed tasks = 9], outboundChannelpool size = 0, active threads = 0, queued tasks = 0, completed tasks = 1], sockJsScheduler[pool size = 4, active threads = 1, queued tasks = 2, completed tasks = 5640]
2021-07-27 01:18:56 -Validating all active sessions...
2021-07-27 01:18:56 -Finished session validation.  No sessions were stopped.
2021-07-27 01:19:47 -WebSocketSession[1 current WS(1)-HttpStream(0)-HttpPoll(0), 1 total, 0 closed abnormally (0 connect failure, 0 send limit, 0 transport error)], stompSubProtocol[processed CONNECT(1)-CONNECTED(1)-DISCONNECT(0)], stompBrokerRelay[null], inboundChannel[pool size = 0, active threads = 0, queued tasks = 0, completed tasks = 9], outboundChannelpool size = 0, active threads = 0, queued tasks = 0, completed tasks = 1], sockJsScheduler[pool size = 4, active threads = 1, queued tasks = 2, completed tasks = 6073]
2021-07-27 01:49:47 -WebSocketSession[1 current WS(1)-HttpStream(0)-HttpPoll(0), 1 total, 0 closed abnormally (0 connect failure, 0 send limit, 0 transport error)], stompSubProtocol[processed CONNECT(1)-CONNECTED(1)-DISCONNECT(0)], stompBrokerRelay[null], inboundChannel[pool size = 0, active threads = 0, queued tasks = 0, completed tasks = 9], outboundChannelpool size = 0, active threads = 0, queued tasks = 0, completed tasks = 1], sockJsScheduler[pool size = 4, active threads = 1, queued tasks = 2, completed tasks = 6506]
2021-07-27 02:18:56 -Validating all active sessions...
2021-07-27 02:18:56 -Finished session validation.  No sessions were stopped.
2021-07-27 02:19:47 -WebSocketSession[1 current WS(1)-HttpStream(0)-HttpPoll(0), 1 total, 0 closed abnormally (0 connect failure, 0 send limit, 0 transport error)], stompSubProtocol[processed CONNECT(1)-CONNECTED(1)-DISCONNECT(0)], stompBrokerRelay[null], inboundChannel[pool size = 0, active threads = 0, queued tasks = 0, completed tasks = 9], outboundChannelpool size = 0, active threads = 0, queued tasks = 0, completed tasks = 1], sockJsScheduler[pool size = 4, active threads = 1, queued tasks = 2, completed tasks = 6939]
2021-07-27 02:49:47 -WebSocketSession[1 current WS(1)-HttpStream(0)-HttpPoll(0), 1 total, 0 closed abnormally (0 connect failure, 0 send limit, 0 transport error)], stompSubProtocol[processed CONNECT(1)-CONNECTED(1)-DISCONNECT(0)], stompBrokerRelay[null], inboundChannel[pool size = 0, active threads = 0, queued tasks = 0, completed tasks = 9], outboundChannelpool size = 0, active threads = 0, queued tasks = 0, completed tasks = 1], sockJsScheduler[pool size = 4, active threads = 1, queued tasks = 2, completed tasks = 7372]
2021-07-27 03:18:56 -Validating all active sessions...
2021-07-27 03:18:56 -Finished session validation.  No sessions were stopped.
2021-07-27 03:19:47 -WebSocketSession[1 current WS(1)-HttpStream(0)-HttpPoll(0), 1 total, 0 closed abnormally (0 connect failure, 0 send limit, 0 transport error)], stompSubProtocol[processed CONNECT(1)-CONNECTED(1)-DISCONNECT(0)], stompBrokerRelay[null], inboundChannel[pool size = 0, active threads = 0, queued tasks = 0, completed tasks = 9], outboundChannelpool size = 0, active threads = 0, queued tasks = 0, completed tasks = 1], sockJsScheduler[pool size = 4, active threads = 1, queued tasks = 2, completed tasks = 7805]
2021-07-27 03:49:47 -WebSocketSession[1 current WS(1)-HttpStream(0)-HttpPoll(0), 1 total, 0 closed abnormally (0 connect failure, 0 send limit, 0 transport error)], stompSubProtocol[processed CONNECT(1)-CONNECTED(1)-DISCONNECT(0)], stompBrokerRelay[null], inboundChannel[pool size = 0, active threads = 0, queued tasks = 0, completed tasks = 9], outboundChannelpool size = 0, active threads = 0, queued tasks = 0, completed tasks = 1], sockJsScheduler[pool size = 4, active threads = 1, queued tasks = 2, completed tasks = 8238]
2021-07-27 04:18:56 -Validating all active sessions...
2021-07-27 04:18:56 -Finished session validation.  No sessions were stopped.
2021-07-27 04:19:47 -WebSocketSession[1 current WS(1)-HttpStream(0)-HttpPoll(0), 1 total, 0 closed abnormally (0 connect failure, 0 send limit, 0 transport error)], stompSubProtocol[processed CONNECT(1)-CONNECTED(1)-DISCONNECT(0)], stompBrokerRelay[null], inboundChannel[pool size = 0, active threads = 0, queued tasks = 0, completed tasks = 9], outboundChannelpool size = 0, active threads = 0, queued tasks = 0, completed tasks = 1], sockJsScheduler[pool size = 4, active threads = 1, queued tasks = 2, completed tasks = 8671]
2021-07-27 04:49:47 -WebSocketSession[1 current WS(1)-HttpStream(0)-HttpPoll(0), 1 total, 0 closed abnormally (0 connect failure, 0 send limit, 0 transport error)], stompSubProtocol[processed CONNECT(1)-CONNECTED(1)-DISCONNECT(0)], stompBrokerRelay[null], inboundChannel[pool size = 0, active threads = 0, queued tasks = 0, completed tasks = 9], outboundChannelpool size = 0, active threads = 0, queued tasks = 0, completed tasks = 1], sockJsScheduler[pool size = 4, active threads = 1, queued tasks = 2, completed tasks = 9104]
2021-07-27 05:18:56 -Validating all active sessions...
2021-07-27 05:18:56 -Finished session validation.  No sessions were stopped.
2021-07-27 05:19:47 -WebSocketSession[1 current WS(1)-HttpStream(0)-HttpPoll(0), 1 total, 0 closed abnormally (0 connect failure, 0 send limit, 0 transport error)], stompSubProtocol[processed CONNECT(1)-CONNECTED(1)-DISCONNECT(0)], stompBrokerRelay[null], inboundChannel[pool size = 0, active threads = 0, queued tasks = 0, completed tasks = 9], outboundChannelpool size = 0, active threads = 0, queued tasks = 0, completed tasks = 1], sockJsScheduler[pool size = 4, active threads = 1, queued tasks = 2, completed tasks = 9537]
2021-07-27 05:49:47 -WebSocketSession[1 current WS(1)-HttpStream(0)-HttpPoll(0), 1 total, 0 closed abnormally (0 connect failure, 0 send limit, 0 transport error)], stompSubProtocol[processed CONNECT(1)-CONNECTED(1)-DISCONNECT(0)], stompBrokerRelay[null], inboundChannel[pool size = 0, active threads = 0, queued tasks = 0, completed tasks = 9], outboundChannelpool size = 0, active threads = 0, queued tasks = 0, completed tasks = 1], sockJsScheduler[pool size = 4, active threads = 1, queued tasks = 2, completed tasks = 9970]
2021-07-27 06:18:56 -Validating all active sessions...
2021-07-27 06:18:56 -Finished session validation.  No sessions were stopped.
2021-07-27 06:19:47 -WebSocketSession[1 current WS(1)-HttpStream(0)-HttpPoll(0), 1 total, 0 closed abnormally (0 connect failure, 0 send limit, 0 transport error)], stompSubProtocol[processed CONNECT(1)-CONNECTED(1)-DISCONNECT(0)], stompBrokerRelay[null], inboundChannel[pool size = 0, active threads = 0, queued tasks = 0, completed tasks = 9], outboundChannelpool size = 0, active threads = 0, queued tasks = 0, completed tasks = 1], sockJsScheduler[pool size = 4, active threads = 1, queued tasks = 2, completed tasks = 10403]
2021-07-27 06:49:47 -WebSocketSession[1 current WS(1)-HttpStream(0)-HttpPoll(0), 1 total, 0 closed abnormally (0 connect failure, 0 send limit, 0 transport error)], stompSubProtocol[processed CONNECT(1)-CONNECTED(1)-DISCONNECT(0)], stompBrokerRelay[null], inboundChannel[pool size = 0, active threads = 0, queued tasks = 0, completed tasks = 9], outboundChannelpool size = 0, active threads = 0, queued tasks = 0, completed tasks = 1], sockJsScheduler[pool size = 4, active threads = 1, queued tasks = 2, completed tasks = 10836]
2021-07-27 07:18:56 -Validating all active sessions...
2021-07-27 07:18:56 -Finished session validation.  No sessions were stopped.
2021-07-27 07:19:47 -WebSocketSession[1 current WS(1)-HttpStream(0)-HttpPoll(0), 1 total, 0 closed abnormally (0 connect failure, 0 send limit, 0 transport error)], stompSubProtocol[processed CONNECT(1)-CONNECTED(1)-DISCONNECT(0)], stompBrokerRelay[null], inboundChannel[pool size = 0, active threads = 0, queued tasks = 0, completed tasks = 9], outboundChannelpool size = 0, active threads = 0, queued tasks = 0, completed tasks = 1], sockJsScheduler[pool size = 4, active threads = 1, queued tasks = 2, completed tasks = 11269]
2021-07-27 07:49:47 -WebSocketSession[1 current WS(1)-HttpStream(0)-HttpPoll(0), 1 total, 0 closed abnormally (0 connect failure, 0 send limit, 0 transport error)], stompSubProtocol[processed CONNECT(1)-CONNECTED(1)-DISCONNECT(0)], stompBrokerRelay[null], inboundChannel[pool size = 0, active threads = 0, queued tasks = 0, completed tasks = 9], outboundChannelpool size = 0, active threads = 0, queued tasks = 0, completed tasks = 1], sockJsScheduler[pool size = 4, active threads = 1, queued tasks = 2, completed tasks = 11702]
2021-07-27 08:18:56 -Validating all active sessions...
2021-07-27 08:18:56 -Finished session validation.  No sessions were stopped.
2021-07-27 08:19:47 -WebSocketSession[1 current WS(1)-HttpStream(0)-HttpPoll(0), 1 total, 0 closed abnormally (0 connect failure, 0 send limit, 0 transport error)], stompSubProtocol[processed CONNECT(1)-CONNECTED(1)-DISCONNECT(0)], stompBrokerRelay[null], inboundChannel[pool size = 0, active threads = 0, queued tasks = 0, completed tasks = 9], outboundChannelpool size = 0, active threads = 0, queued tasks = 0, completed tasks = 1], sockJsScheduler[pool size = 4, active threads = 1, queued tasks = 2, completed tasks = 12135]
2021-07-27 08:49:47 -WebSocketSession[1 current WS(1)-HttpStream(0)-HttpPoll(0), 1 total, 0 closed abnormally (0 connect failure, 0 send limit, 0 transport error)], stompSubProtocol[processed CONNECT(1)-CONNECTED(1)-DISCONNECT(0)], stompBrokerRelay[null], inboundChannel[pool size = 0, active threads = 0, queued tasks = 0, completed tasks = 9], outboundChannelpool size = 0, active threads = 0, queued tasks = 0, completed tasks = 1], sockJsScheduler[pool size = 4, active threads = 1, queued tasks = 2, completed tasks = 12567]
2021-07-27 09:18:56 -Validating all active sessions...
2021-07-27 09:18:56 -Finished session validation.  No sessions were stopped.
2021-07-27 09:19:47 -WebSocketSession[1 current WS(1)-HttpStream(0)-HttpPoll(0), 1 total, 0 closed abnormally (0 connect failure, 0 send limit, 0 transport error)], stompSubProtocol[processed CONNECT(1)-CONNECTED(1)-DISCONNECT(0)], stompBrokerRelay[null], inboundChannel[pool size = 0, active threads = 0, queued tasks = 0, completed tasks = 9], outboundChannelpool size = 0, active threads = 0, queued tasks = 0, completed tasks = 1], sockJsScheduler[pool size = 4, active threads = 1, queued tasks = 2, completed tasks = 13000]
2021-07-27 09:49:47 -WebSocketSession[1 current WS(1)-HttpStream(0)-HttpPoll(0), 1 total, 0 closed abnormally (0 connect failure, 0 send limit, 0 transport error)], stompSubProtocol[processed CONNECT(1)-CONNECTED(1)-DISCONNECT(0)], stompBrokerRelay[null], inboundChannel[pool size = 0, active threads = 0, queued tasks = 0, completed tasks = 9], outboundChannelpool size = 0, active threads = 0, queued tasks = 0, completed tasks = 1], sockJsScheduler[pool size = 4, active threads = 1, queued tasks = 2, completed tasks = 13433]
2021-07-27 10:18:56 -Validating all active sessions...
2021-07-27 10:18:56 -Finished session validation.  No sessions were stopped.
2021-07-27 10:19:47 -WebSocketSession[0 current WS(0)-HttpStream(0)-HttpPoll(0), 1 total, 0 closed abnormally (0 connect failure, 0 send limit, 0 transport error)], stompSubProtocol[processed CONNECT(1)-CONNECTED(1)-DISCONNECT(0)], stompBrokerRelay[null], inboundChannel[pool size = 0, active threads = 0, queued tasks = 0, completed tasks = 12], outboundChannelpool size = 0, active threads = 0, queued tasks = 0, completed tasks = 2], sockJsScheduler[pool size = 4, active threads = 1, queued tasks = 1, completed tasks = 13861]
2021-07-27 10:49:47 -WebSocketSession[0 current WS(0)-HttpStream(0)-HttpPoll(0), 1 total, 0 closed abnormally (0 connect failure, 0 send limit, 0 transport error)], stompSubProtocol[processed CONNECT(1)-CONNECTED(1)-DISCONNECT(0)], stompBrokerRelay[null], inboundChannel[pool size = 0, active threads = 0, queued tasks = 0, completed tasks = 12], outboundChannelpool size = 0, active threads = 0, queued tasks = 0, completed tasks = 2], sockJsScheduler[pool size = 4, active threads = 1, queued tasks = 1, completed tasks = 14222]
2021-07-27 11:18:56 -Validating all active sessions...
2021-07-27 11:18:56 -Finished session validation.  No sessions were stopped.
2021-07-27 11:19:47 -WebSocketSession[0 current WS(0)-HttpStream(0)-HttpPoll(0), 1 total, 0 closed abnormally (0 connect failure, 0 send limit, 0 transport error)], stompSubProtocol[processed CONNECT(1)-CONNECTED(1)-DISCONNECT(0)], stompBrokerRelay[null], inboundChannel[pool size = 0, active threads = 0, queued tasks = 0, completed tasks = 12], outboundChannelpool size = 0, active threads = 0, queued tasks = 0, completed tasks = 2], sockJsScheduler[pool size = 4, active threads = 1, queued tasks = 1, completed tasks = 14583]
2021-07-27 11:49:47 -WebSocketSession[0 current WS(0)-HttpStream(0)-HttpPoll(0), 1 total, 0 closed abnormally (0 connect failure, 0 send limit, 0 transport error)], stompSubProtocol[processed CONNECT(1)-CONNECTED(1)-DISCONNECT(0)], stompBrokerRelay[null], inboundChannel[pool size = 0, active threads = 0, queued tasks = 0, completed tasks = 12], outboundChannelpool size = 0, active threads = 0, queued tasks = 0, completed tasks = 2], sockJsScheduler[pool size = 4, active threads = 1, queued tasks = 1, completed tasks = 14944]
2021-07-27 12:18:56 -Validating all active sessions...
2021-07-27 12:18:56 -Finished session validation.  No sessions were stopped.
2021-07-27 12:19:47 -WebSocketSession[0 current WS(0)-HttpStream(0)-HttpPoll(0), 1 total, 0 closed abnormally (0 connect failure, 0 send limit, 0 transport error)], stompSubProtocol[processed CONNECT(1)-CONNECTED(1)-DISCONNECT(0)], stompBrokerRelay[null], inboundChannel[pool size = 0, active threads = 0, queued tasks = 0, completed tasks = 12], outboundChannelpool size = 0, active threads = 0, queued tasks = 0, completed tasks = 2], sockJsScheduler[pool size = 4, active threads = 1, queued tasks = 1, completed tasks = 15305]
2021-07-27 12:49:47 -WebSocketSession[0 current WS(0)-HttpStream(0)-HttpPoll(0), 1 total, 0 closed abnormally (0 connect failure, 0 send limit, 0 transport error)], stompSubProtocol[processed CONNECT(1)-CONNECTED(1)-DISCONNECT(0)], stompBrokerRelay[null], inboundChannel[pool size = 0, active threads = 0, queued tasks = 0, completed tasks = 12], outboundChannelpool size = 0, active threads = 0, queued tasks = 0, completed tasks = 2], sockJsScheduler[pool size = 4, active threads = 1, queued tasks = 1, completed tasks = 15666]
2021-07-27 13:18:56 -Validating all active sessions...
2021-07-27 13:18:56 -Finished session validation.  No sessions were stopped.
2021-07-27 13:19:47 -WebSocketSession[0 current WS(0)-HttpStream(0)-HttpPoll(0), 1 total, 0 closed abnormally (0 connect failure, 0 send limit, 0 transport error)], stompSubProtocol[processed CONNECT(1)-CONNECTED(1)-DISCONNECT(0)], stompBrokerRelay[null], inboundChannel[pool size = 0, active threads = 0, queued tasks = 0, completed tasks = 12], outboundChannelpool size = 0, active threads = 0, queued tasks = 0, completed tasks = 2], sockJsScheduler[pool size = 4, active threads = 1, queued tasks = 1, completed tasks = 16027]
2021-07-27 13:49:47 -WebSocketSession[0 current WS(0)-HttpStream(0)-HttpPoll(0), 1 total, 0 closed abnormally (0 connect failure, 0 send limit, 0 transport error)], stompSubProtocol[processed CONNECT(1)-CONNECTED(1)-DISCONNECT(0)], stompBrokerRelay[null], inboundChannel[pool size = 0, active threads = 0, queued tasks = 0, completed tasks = 12], outboundChannelpool size = 0, active threads = 0, queued tasks = 0, completed tasks = 2], sockJsScheduler[pool size = 4, active threads = 1, queued tasks = 1, completed tasks = 16388]
2021-07-27 14:18:56 -Validating all active sessions...
2021-07-27 14:18:56 -Finished session validation.  No sessions were stopped.
2021-07-27 14:19:47 -WebSocketSession[0 current WS(0)-HttpStream(0)-HttpPoll(0), 1 total, 0 closed abnormally (0 connect failure, 0 send limit, 0 transport error)], stompSubProtocol[processed CONNECT(1)-CONNECTED(1)-DISCONNECT(0)], stompBrokerRelay[null], inboundChannel[pool size = 0, active threads = 0, queued tasks = 0, completed tasks = 12], outboundChannelpool size = 0, active threads = 0, queued tasks = 0, completed tasks = 2], sockJsScheduler[pool size = 4, active threads = 1, queued tasks = 1, completed tasks = 16749]
2021-07-27 14:49:47 -WebSocketSession[0 current WS(0)-HttpStream(0)-HttpPoll(0), 1 total, 0 closed abnormally (0 connect failure, 0 send limit, 0 transport error)], stompSubProtocol[processed CONNECT(1)-CONNECTED(1)-DISCONNECT(0)], stompBrokerRelay[null], inboundChannel[pool size = 0, active threads = 0, queued tasks = 0, completed tasks = 12], outboundChannelpool size = 0, active threads = 0, queued tasks = 0, completed tasks = 2], sockJsScheduler[pool size = 4, active threads = 1, queued tasks = 1, completed tasks = 17110]
2021-07-27 15:18:56 -Validating all active sessions...
2021-07-27 15:18:56 -Finished session validation.  No sessions were stopped.
2021-07-27 15:19:47 -WebSocketSession[0 current WS(0)-HttpStream(0)-HttpPoll(0), 1 total, 0 closed abnormally (0 connect failure, 0 send limit, 0 transport error)], stompSubProtocol[processed CONNECT(1)-CONNECTED(1)-DISCONNECT(0)], stompBrokerRelay[null], inboundChannel[pool size = 0, active threads = 0, queued tasks = 0, completed tasks = 12], outboundChannelpool size = 0, active threads = 0, queued tasks = 0, completed tasks = 2], sockJsScheduler[pool size = 4, active threads = 1, queued tasks = 1, completed tasks = 17471]
2021-07-27 15:49:47 -WebSocketSession[0 current WS(0)-HttpStream(0)-HttpPoll(0), 1 total, 0 closed abnormally (0 connect failure, 0 send limit, 0 transport error)], stompSubProtocol[processed CONNECT(1)-CONNECTED(1)-DISCONNECT(0)], stompBrokerRelay[null], inboundChannel[pool size = 0, active threads = 0, queued tasks = 0, completed tasks = 12], outboundChannelpool size = 0, active threads = 0, queued tasks = 0, completed tasks = 2], sockJsScheduler[pool size = 4, active threads = 1, queued tasks = 1, completed tasks = 17832]
2021-07-27 16:18:56 -Validating all active sessions...
2021-07-27 16:18:56 -Finished session validation.  No sessions were stopped.
2021-07-27 16:19:47 -WebSocketSession[0 current WS(0)-HttpStream(0)-HttpPoll(0), 1 total, 0 closed abnormally (0 connect failure, 0 send limit, 0 transport error)], stompSubProtocol[processed CONNECT(1)-CONNECTED(1)-DISCONNECT(0)], stompBrokerRelay[null], inboundChannel[pool size = 0, active threads = 0, queued tasks = 0, completed tasks = 12], outboundChannelpool size = 0, active threads = 0, queued tasks = 0, completed tasks = 2], sockJsScheduler[pool size = 4, active threads = 1, queued tasks = 1, completed tasks = 18193]
2021-07-27 16:49:47 -WebSocketSession[0 current WS(0)-HttpStream(0)-HttpPoll(0), 1 total, 0 closed abnormally (0 connect failure, 0 send limit, 0 transport error)], stompSubProtocol[processed CONNECT(1)-CONNECTED(1)-DISCONNECT(0)], stompBrokerRelay[null], inboundChannel[pool size = 0, active threads = 0, queued tasks = 0, completed tasks = 12], outboundChannelpool size = 0, active threads = 0, queued tasks = 0, completed tasks = 2], sockJsScheduler[pool size = 4, active threads = 1, queued tasks = 1, completed tasks = 18554]
2021-07-27 17:02:49 -请求地址 : http://localhost:8066/
2021-07-27 17:02:49 -HTTP METHOD : GET
2021-07-27 17:02:49 -CLASS_METHOD : com.bootdo.system.controller.LoginController.welcome
2021-07-27 17:02:49 -参数 : [{}]
2021-07-27 17:02:49 -耗时 : 2
2021-07-27 17:02:49 -返回值 : login
2021-07-27 17:02:52 -请求地址 : http://localhost:8066/login
2021-07-27 17:02:52 -HTTP METHOD : POST
2021-07-27 17:02:52 -CLASS_METHOD : com.bootdo.system.controller.LoginController.ajaxLogin
2021-07-27 17:02:52 -参数 : [admin, 111111]
2021-07-27 17:02:52 -==>  Preparing: select `user_id`,`username`,`name`,`password`,`dept_id`,`email`,`mobile`,`status`,`user_id_create`,`gmt_create`,`gmt_modified`,`sex`,`birth`,`pic_id`,`live_address`,`hobby`,`province`,`city`,`district` from sys_user WHERE username = ? order by user_id desc 
2021-07-27 17:02:52 -==> Parameters: admin(String)
2021-07-27 17:02:53 -<==      Total: 1
2021-07-27 17:02:53 -耗时 : 483
2021-07-27 17:02:53 -返回值 : {msg=操作成功, code=0}
2021-07-27 17:02:53 -==>  Preparing: insert into sys_log ( `user_id`, `username`, `operation`, `time`, `method`, `params`, `ip`, `gmt_create` ) values ( ?, ?, ?, ?, ?, ?, ?, ? ) 
2021-07-27 17:02:53 -==> Parameters: 1(Long), admin(String), 登录(String), 484(Integer), com.bootdo.system.controller.LoginController.ajaxLogin()(String), null, 127.0.0.1(String), 2021-07-27 17:02:53.06(Timestamp)
2021-07-27 17:02:53 -请求地址 : http://localhost:8066/index
2021-07-27 17:02:53 -HTTP METHOD : GET
2021-07-27 17:02:53 -CLASS_METHOD : com.bootdo.system.controller.LoginController.index
2021-07-27 17:02:53 -参数 : [{}]
2021-07-27 17:02:53 -==>  Preparing: select distinct m.menu_id , parent_id, name, url, perms,`type`,icon,order_num,gmt_create, gmt_modified from sys_menu m left join sys_role_menu rm on m.menu_id = rm.menu_id left join sys_user_role ur on rm.role_id =ur.role_id where ur.user_id = ? and m.type in(0,1) order by m.order_num 
2021-07-27 17:02:53 -<==    Updates: 1
2021-07-27 17:02:53 -==> Parameters: 1(Long)
2021-07-27 17:02:53 -<==      Total: 27
2021-07-27 17:02:53 -==>  Preparing: select `id`,`type`,`url`,`create_date` from sys_file where id = ? 
2021-07-27 17:02:53 -==> Parameters: 138(Long)
2021-07-27 17:02:53 -<==      Total: 1
2021-07-27 17:02:53 -耗时 : 57
2021-07-27 17:02:53 -返回值 : index_v1
2021-07-27 17:02:53 -==>  Preparing: insert into sys_log ( `user_id`, `username`, `operation`, `time`, `method`, `params`, `ip`, `gmt_create` ) values ( ?, ?, ?, ?, ?, ?, ?, ? ) 
2021-07-27 17:02:53 -==> Parameters: 1(Long), admin(String), 请求访问主页(String), 58(Integer), com.bootdo.system.controller.LoginController.index()(String), null, 127.0.0.1(String), 2021-07-27 17:02:53.16(Timestamp)
2021-07-27 17:02:53 -<==    Updates: 1
2021-07-27 17:02:53 -请求地址 : http://localhost:8066/main
2021-07-27 17:02:53 -HTTP METHOD : GET
2021-07-27 17:02:53 -CLASS_METHOD : com.bootdo.system.controller.LoginController.main
2021-07-27 17:02:53 -参数 : []
2021-07-27 17:02:53 -耗时 : 1
2021-07-27 17:02:53 -返回值 : main
2021-07-27 17:02:54 -请求地址 : http://localhost:8066/main
2021-07-27 17:02:54 -HTTP METHOD : GET
2021-07-27 17:02:54 -CLASS_METHOD : com.bootdo.system.controller.LoginController.main
2021-07-27 17:02:54 -参数 : []
2021-07-27 17:02:54 -耗时 : 0
2021-07-27 17:02:54 -返回值 : main
2021-07-27 17:02:54 -请求地址 : http://localhost:8066/oa/notify/message
2021-07-27 17:02:54 -HTTP METHOD : GET
2021-07-27 17:02:54 -CLASS_METHOD : com.bootdo.oa.controller.NotifyController.message
2021-07-27 17:02:54 -参数 : []
2021-07-27 17:02:54 -==>  Preparing: select DISTINCT n.id ,`type`,`title`,`content`,`files`,r.is_read,`status`,`create_by`,`create_date`,`update_by`,`update_date`,`remarks`,`del_flag` from oa_notify_record r right JOIN oa_notify n on r.notify_id = n.id WHERE r.is_read = ? and r.user_id = ? order by is_read ASC, update_date DESC limit ?, ? 
2021-07-27 17:02:54 -==> Parameters: 0(String), 1(Long), 0(Integer), 3(Integer)
2021-07-27 17:02:54 -<==      Total: 0
2021-07-27 17:02:54 -==>  Preparing: select count(*) from oa_notify_record r right JOIN oa_notify n on r.notify_id = n.id where r.user_id =? and r.is_read = ? 
2021-07-27 17:02:54 -==> Parameters: 1(Long), 0(String)
2021-07-27 17:02:54 -<==      Total: 1
2021-07-27 17:02:54 -耗时 : 111
2021-07-27 17:02:54 -返回值 : com.bootdo.common.utils.PageUtils@6d159a12
2021-07-27 17:02:57 -==>  Preparing: select distinct m.perms from sys_menu m left join sys_role_menu rm on m.menu_id = rm.menu_id left join sys_user_role ur on rm.role_id = ur.role_id where ur.user_id = ? 
2021-07-27 17:02:57 -==> Parameters: 1(Long)
2021-07-27 17:02:57 -<==      Total: 47
2021-07-27 17:02:57 -请求地址 : http://localhost:8066/common/dict
2021-07-27 17:02:57 -HTTP METHOD : GET
2021-07-27 17:02:57 -CLASS_METHOD : com.bootdo.common.controller.DictController.dict
2021-07-27 17:02:57 -参数 : []
2021-07-27 17:02:57 -耗时 : 0
2021-07-27 17:02:57 -返回值 : common/dict/dict
2021-07-27 17:02:57 -请求地址 : http://localhost:8066/common/dict/type
2021-07-27 17:02:57 -HTTP METHOD : GET
2021-07-27 17:02:57 -CLASS_METHOD : com.bootdo.common.controller.DictController.listType
2021-07-27 17:02:57 -参数 : []
2021-07-27 17:02:57 -==>  Preparing: select distinct `type` , description from sys_dict 
2021-07-27 17:02:57 -==> Parameters: 
2021-07-27 17:02:57 -<==      Total: 31
2021-07-27 17:02:57 -耗时 : 14
2021-07-27 17:02:57 -返回值 : [DictDO{id=null, name='null', value='null', type='del_flag', description='删除标记', sort=null, parentId=null, createBy=null, createDate=null, updateBy=null, updateDate=null, remarks='null', delFlag='null'}, DictDO{id=null, name='null', value='null', type='show_hide', description='显示/隐藏', sort=null, parentId=null, createBy=null, createDate=null, updateBy=null, updateDate=null, remarks='null', delFlag='null'}, DictDO{id=null, name='null', value='null', type='yes_no', description='是/否', sort=null, parentId=null, createBy=null, createDate=null, updateBy=null, updateDate=null, remarks='null', delFlag='null'}, DictDO{id=null, name='null', value='null', type='color', description='颜色值', sort=null, parentId=null, createBy=null, createDate=null, updateBy=null, updateDate=null, remarks='null', delFlag='null'}, DictDO{id=null, name='null', value='null', type='theme', description='主题方案', sort=null, parentId=null, createBy=null, createDate=null, updateBy=null, updateDate=null, remarks='null', delFlag='null'}, DictDO{id=null, name='null', value='null', type='sys_area_type', description='区域类型', sort=null, parentId=null, createBy=null, createDate=null, updateBy=null, updateDate=null, remarks='null', delFlag='null'}, DictDO{id=null, name='null', value='null', type='sys_office_type', description='机构类型', sort=null, parentId=null, createBy=null, createDate=null, updateBy=null, updateDate=null, remarks='null', delFlag='null'}, DictDO{id=null, name='null', value='null', type='sys_office_common', description='快捷通用部门', sort=null, parentId=null, createBy=null, createDate=null, updateBy=null, updateDate=null, remarks='null', delFlag='null'}, DictDO{id=null, name='null', value='null', type='sys_office_grade', description='机构等级', sort=null, parentId=null, createBy=null, createDate=null, updateBy=null, updateDate=null, remarks='null', delFlag='null'}, DictDO{id=null, name='null', value='null', type='sys_data_scope', description='数据范围', sort=null, parentId=null, createBy=null, createDate=null, updateBy=null, updateDate=null, remarks='null', delFlag='null'}, DictDO{id=null, name='null', value='null', type='sys_user_type', description='用户类型', sort=null, parentId=null, createBy=null, createDate=null, updateBy=null, updateDate=null, remarks='null', delFlag='null'}, DictDO{id=null, name='null', value='null', type='cms_theme', description='站点主题', sort=null, parentId=null, createBy=null, createDate=null, updateBy=null, updateDate=null, remarks='null', delFlag='null'}, DictDO{id=null, name='null', value='null', type='cms_module', description='栏目模型', sort=null, parentId=null, createBy=null, createDate=null, updateBy=null, updateDate=null, remarks='null', delFlag='null'}, DictDO{id=null, name='null', value='null', type='cms_show_modes', description='展现方式', sort=null, parentId=null, createBy=null, createDate=null, updateBy=null, updateDate=null, remarks='null', delFlag='null'}, DictDO{id=null, name='null', value='null', type='cms_del_flag', description='内容状态', sort=null, parentId=null, createBy=null, createDate=null, updateBy=null, updateDate=null, remarks='null', delFlag='null'}, DictDO{id=null, name='null', value='null', type='cms_posid', description='推荐位', sort=null, parentId=null, createBy=null, createDate=null, updateBy=null, updateDate=null, remarks='null', delFlag='null'}, DictDO{id=null, name='null', value='null', type='cms_guestbook', description='留言板分类', sort=null, parentId=null, createBy=null, createDate=null, updateBy=null, updateDate=null, remarks='null', delFlag='null'}, DictDO{id=null, name='null', value='null', type='oa_leave_type', description='请假类型', sort=null, parentId=null, createBy=null, createDate=null, updateBy=null, updateDate=null, remarks='null', delFlag='null'}, DictDO{id=null, name='null', value='null', type='sys_log_type', description='日志类型', sort=null, parentId=null, createBy=null, createDate=null, updateBy=null, updateDate=null, remarks='null', delFlag='null'}, DictDO{id=null, name='null', value='null', type='act_type', description='流程类型', sort=null, parentId=null, createBy=null, createDate=null, updateBy=null, updateDate=null, remarks='null', delFlag='null'}, DictDO{id=null, name='null', value='null', type='act_category', description='流程分类', sort=null, parentId=null, createBy=null, createDate=null, updateBy=null, updateDate=null, remarks='null', delFlag='null'}, DictDO{id=null, name='null', value='null', type='gen_category', description='代码生成分类', sort=null, parentId=null, createBy=null, createDate=null, updateBy=null, updateDate=null, remarks='null', delFlag='null'}, DictDO{id=null, name='null', value='null', type='gen_query_type', description='查询方式', sort=null, parentId=null, createBy=null, createDate=null, updateBy=null, updateDate=null, remarks='null', delFlag='null'}, DictDO{id=null, name='null', value='null', type='gen_show_type', description='字段生成方案', sort=null, parentId=null, createBy=null, createDate=null, updateBy=null, updateDate=null, remarks='null', delFlag='null'}, DictDO{id=null, name='null', value='null', type='gen_java_type', description='Java类型', sort=null, parentId=null, createBy=null, createDate=null, updateBy=null, updateDate=null, remarks='null', delFlag='null'}, DictDO{id=null, name='null', value='null', type='sex', description='性别', sort=null, parentId=null, createBy=null, createDate=null, updateBy=null, updateDate=null, remarks='null', delFlag='null'}, DictDO{id=null, name='null', value='null', type='oa_notify_type', description='通知通告类型', sort=null, parentId=null, createBy=null, createDate=null, updateBy=null, updateDate=null, remarks='null', delFlag='null'}, DictDO{id=null, name='null', value='null', type='oa_notify_status', description='通知通告状态', sort=null, parentId=null, createBy=null, createDate=null, updateBy=null, updateDate=null, remarks='null', delFlag='null'}, DictDO{id=null, name='null', value='null', type='oa_notify_read', description='通知通告状态', sort=null, parentId=null, createBy=null, createDate=null, updateBy=null, updateDate=null, remarks='null', delFlag='null'}, DictDO{id=null, name='null', value='null', type='blog_type', description='博客类型', sort=null, parentId=null, createBy=null, createDate=null, updateBy=null, updateDate=null, remarks='null', delFlag='null'}, DictDO{id=null, name='null', value='null', type='hobby', description='爱好', sort=null, parentId=null, createBy=null, createDate=null, updateBy=null, updateDate=null, remarks='null', delFlag='null'}]
2021-07-27 17:02:57 -请求地址 : http://localhost:8066/common/dict/list
2021-07-27 17:02:57 -HTTP METHOD : GET
2021-07-27 17:02:57 -CLASS_METHOD : com.bootdo.common.controller.DictController.list
2021-07-27 17:02:57 -参数 : [{limit=10, offset=0}]
2021-07-27 17:02:57 -==>  Preparing: select `id`,`name`,`value`,`type`,`description`,`sort`,`parent_id`,`create_by`,`create_date`,`update_by`,`update_date`,`remarks`,`del_flag` from sys_dict order by id desc limit ?, ? 
2021-07-27 17:02:57 -==> Parameters: 0(Integer), 10(Integer)
2021-07-27 17:02:57 -<==      Total: 10
2021-07-27 17:02:57 -==>  Preparing: select count(*) from sys_dict 
2021-07-27 17:02:57 -==> Parameters: 
2021-07-27 17:02:57 -<==      Total: 1
2021-07-27 17:02:57 -耗时 : 7
2021-07-27 17:02:57 -返回值 : com.bootdo.common.utils.PageUtils@7e20d917
2021-07-27 17:02:58 -请求地址 : http://localhost:8066/common/sysFile
2021-07-27 17:02:58 -HTTP METHOD : GET
2021-07-27 17:02:58 -CLASS_METHOD : com.bootdo.common.controller.FileController.sysFile
2021-07-27 17:02:58 -参数 : [{}]
2021-07-27 17:02:58 -耗时 : 0
2021-07-27 17:02:58 -返回值 : common/file/file
2021-07-27 17:02:59 -请求地址 : http://localhost:8066/common/sysFile/list
2021-07-27 17:02:59 -HTTP METHOD : GET
2021-07-27 17:02:59 -CLASS_METHOD : com.bootdo.common.controller.FileController.list
2021-07-27 17:02:59 -参数 : [{limit=12, offset=0, type=}]
2021-07-27 17:02:59 -==>  Preparing: select `id`,`type`,`url`,`create_date` from sys_file order by id desc limit ?, ? 
2021-07-27 17:02:59 -==> Parameters: 0(Integer), 12(Integer)
2021-07-27 17:02:59 -<==      Total: 8
2021-07-27 17:02:59 -==>  Preparing: select count(*) from sys_file 
2021-07-27 17:02:59 -==> Parameters: 
2021-07-27 17:02:59 -<==      Total: 1
2021-07-27 17:02:59 -耗时 : 6
2021-07-27 17:02:59 -返回值 : com.bootdo.common.utils.PageUtils@4c45afd0
2021-07-27 17:18:56 -Validating all active sessions...
2021-07-27 17:18:56 -Finished session validation.  No sessions were stopped.
2021-07-27 17:19:47 -WebSocketSession[1 current WS(1)-HttpStream(0)-HttpPoll(0), 2 total, 0 closed abnormally (0 connect failure, 0 send limit, 0 transport error)], stompSubProtocol[processed CONNECT(2)-CONNECTED(2)-DISCONNECT(0)], stompBrokerRelay[null], inboundChannel[pool size = 0, active threads = 0, queued tasks = 0, completed tasks = 21], outboundChannelpool size = 0, active threads = 0, queued tasks = 0, completed tasks = 3], sockJsScheduler[pool size = 4, active threads = 1, queued tasks = 2, completed tasks = 18955]
2021-07-27 17:49:47 -WebSocketSession[1 current WS(1)-HttpStream(0)-HttpPoll(0), 2 total, 0 closed abnormally (0 connect failure, 0 send limit, 0 transport error)], stompSubProtocol[processed CONNECT(2)-CONNECTED(2)-DISCONNECT(0)], stompBrokerRelay[null], inboundChannel[pool size = 0, active threads = 0, queued tasks = 0, completed tasks = 21], outboundChannelpool size = 0, active threads = 0, queued tasks = 0, completed tasks = 3], sockJsScheduler[pool size = 4, active threads = 1, queued tasks = 2, completed tasks = 19388]
2021-07-27 18:18:56 -Validating all active sessions...
2021-07-27 18:18:56 -Finished session validation.  [1] sessions were stopped.
2021-07-27 18:19:47 -WebSocketSession[0 current WS(0)-HttpStream(0)-HttpPoll(0), 2 total, 0 closed abnormally (0 connect failure, 0 send limit, 0 transport error)], stompSubProtocol[processed CONNECT(2)-CONNECTED(2)-DISCONNECT(0)], stompBrokerRelay[null], inboundChannel[pool size = 0, active threads = 0, queued tasks = 0, completed tasks = 24], outboundChannelpool size = 0, active threads = 0, queued tasks = 0, completed tasks = 4], sockJsScheduler[pool size = 4, active threads = 1, queued tasks = 1, completed tasks = 19782]
2021-07-27 18:49:47 -WebSocketSession[0 current WS(0)-HttpStream(0)-HttpPoll(0), 2 total, 0 closed abnormally (0 connect failure, 0 send limit, 0 transport error)], stompSubProtocol[processed CONNECT(2)-CONNECTED(2)-DISCONNECT(0)], stompBrokerRelay[null], inboundChannel[pool size = 0, active threads = 0, queued tasks = 0, completed tasks = 24], outboundChannelpool size = 0, active threads = 0, queued tasks = 0, completed tasks = 4], sockJsScheduler[pool size = 4, active threads = 1, queued tasks = 1, completed tasks = 20143]
2021-07-27 19:18:56 -Validating all active sessions...
2021-07-27 19:18:56 -Finished session validation.  No sessions were stopped.
2021-07-27 19:19:47 -WebSocketSession[0 current WS(0)-HttpStream(0)-HttpPoll(0), 2 total, 0 closed abnormally (0 connect failure, 0 send limit, 0 transport error)], stompSubProtocol[processed CONNECT(2)-CONNECTED(2)-DISCONNECT(0)], stompBrokerRelay[null], inboundChannel[pool size = 0, active threads = 0, queued tasks = 0, completed tasks = 24], outboundChannelpool size = 0, active threads = 0, queued tasks = 0, completed tasks = 4], sockJsScheduler[pool size = 4, active threads = 1, queued tasks = 1, completed tasks = 20504]
2021-07-27 19:49:47 -WebSocketSession[0 current WS(0)-HttpStream(0)-HttpPoll(0), 2 total, 0 closed abnormally (0 connect failure, 0 send limit, 0 transport error)], stompSubProtocol[processed CONNECT(2)-CONNECTED(2)-DISCONNECT(0)], stompBrokerRelay[null], inboundChannel[pool size = 0, active threads = 0, queued tasks = 0, completed tasks = 24], outboundChannelpool size = 0, active threads = 0, queued tasks = 0, completed tasks = 4], sockJsScheduler[pool size = 4, active threads = 1, queued tasks = 1, completed tasks = 20865]
2021-07-27 20:18:56 -Validating all active sessions...
2021-07-27 20:18:56 -Finished session validation.  No sessions were stopped.
2021-07-27 20:19:47 -WebSocketSession[0 current WS(0)-HttpStream(0)-HttpPoll(0), 2 total, 0 closed abnormally (0 connect failure, 0 send limit, 0 transport error)], stompSubProtocol[processed CONNECT(2)-CONNECTED(2)-DISCONNECT(0)], stompBrokerRelay[null], inboundChannel[pool size = 0, active threads = 0, queued tasks = 0, completed tasks = 24], outboundChannelpool size = 0, active threads = 0, queued tasks = 0, completed tasks = 4], sockJsScheduler[pool size = 4, active threads = 1, queued tasks = 1, completed tasks = 21226]
2021-07-27 20:49:47 -WebSocketSession[0 current WS(0)-HttpStream(0)-HttpPoll(0), 2 total, 0 closed abnormally (0 connect failure, 0 send limit, 0 transport error)], stompSubProtocol[processed CONNECT(2)-CONNECTED(2)-DISCONNECT(0)], stompBrokerRelay[null], inboundChannel[pool size = 0, active threads = 0, queued tasks = 0, completed tasks = 24], outboundChannelpool size = 0, active threads = 0, queued tasks = 0, completed tasks = 4], sockJsScheduler[pool size = 4, active threads = 1, queued tasks = 1, completed tasks = 21587]
2021-07-27 21:18:56 -Validating all active sessions...
2021-07-27 21:18:56 -Finished session validation.  No sessions were stopped.
2021-07-27 21:19:47 -WebSocketSession[0 current WS(0)-HttpStream(0)-HttpPoll(0), 2 total, 0 closed abnormally (0 connect failure, 0 send limit, 0 transport error)], stompSubProtocol[processed CONNECT(2)-CONNECTED(2)-DISCONNECT(0)], stompBrokerRelay[null], inboundChannel[pool size = 0, active threads = 0, queued tasks = 0, completed tasks = 24], outboundChannelpool size = 0, active threads = 0, queued tasks = 0, completed tasks = 4], sockJsScheduler[pool size = 4, active threads = 1, queued tasks = 1, completed tasks = 21948]
2021-07-27 21:49:47 -WebSocketSession[0 current WS(0)-HttpStream(0)-HttpPoll(0), 2 total, 0 closed abnormally (0 connect failure, 0 send limit, 0 transport error)], stompSubProtocol[processed CONNECT(2)-CONNECTED(2)-DISCONNECT(0)], stompBrokerRelay[null], inboundChannel[pool size = 0, active threads = 0, queued tasks = 0, completed tasks = 24], outboundChannelpool size = 0, active threads = 0, queued tasks = 0, completed tasks = 4], sockJsScheduler[pool size = 4, active threads = 1, queued tasks = 1, completed tasks = 22309]
2021-07-27 22:18:56 -Validating all active sessions...
2021-07-27 22:18:56 -Finished session validation.  No sessions were stopped.
2021-07-27 22:19:47 -WebSocketSession[0 current WS(0)-HttpStream(0)-HttpPoll(0), 2 total, 0 closed abnormally (0 connect failure, 0 send limit, 0 transport error)], stompSubProtocol[processed CONNECT(2)-CONNECTED(2)-DISCONNECT(0)], stompBrokerRelay[null], inboundChannel[pool size = 0, active threads = 0, queued tasks = 0, completed tasks = 24], outboundChannelpool size = 0, active threads = 0, queued tasks = 0, completed tasks = 4], sockJsScheduler[pool size = 4, active threads = 1, queued tasks = 1, completed tasks = 22670]
2021-07-27 22:49:47 -WebSocketSession[0 current WS(0)-HttpStream(0)-HttpPoll(0), 2 total, 0 closed abnormally (0 connect failure, 0 send limit, 0 transport error)], stompSubProtocol[processed CONNECT(2)-CONNECTED(2)-DISCONNECT(0)], stompBrokerRelay[null], inboundChannel[pool size = 0, active threads = 0, queued tasks = 0, completed tasks = 24], outboundChannelpool size = 0, active threads = 0, queued tasks = 0, completed tasks = 4], sockJsScheduler[pool size = 4, active threads = 1, queued tasks = 1, completed tasks = 23031]
2021-07-27 23:18:56 -Validating all active sessions...
2021-07-27 23:18:56 -Finished session validation.  No sessions were stopped.
2021-07-27 23:19:47 -WebSocketSession[0 current WS(0)-HttpStream(0)-HttpPoll(0), 2 total, 0 closed abnormally (0 connect failure, 0 send limit, 0 transport error)], stompSubProtocol[processed CONNECT(2)-CONNECTED(2)-DISCONNECT(0)], stompBrokerRelay[null], inboundChannel[pool size = 0, active threads = 0, queued tasks = 0, completed tasks = 24], outboundChannelpool size = 0, active threads = 0, queued tasks = 0, completed tasks = 4], sockJsScheduler[pool size = 4, active threads = 1, queued tasks = 1, completed tasks = 23392]
2021-07-27 23:49:47 -WebSocketSession[0 current WS(0)-HttpStream(0)-HttpPoll(0), 2 total, 0 closed abnormally (0 connect failure, 0 send limit, 0 transport error)], stompSubProtocol[processed CONNECT(2)-CONNECTED(2)-DISCONNECT(0)], stompBrokerRelay[null], inboundChannel[pool size = 0, active threads = 0, queued tasks = 0, completed tasks = 24], outboundChannelpool size = 0, active threads = 0, queued tasks = 0, completed tasks = 4], sockJsScheduler[pool size = 4, active threads = 1, queued tasks = 1, completed tasks = 23753]
