2020-08-11 00:24:23 -Validating all active sessions...
2020-08-11 00:24:23 -Finished session validation.  No sessions were stopped.
2020-08-11 00:24:53 -WebSocketSession[1 current WS(0)-HttpStream(0)-HttpPoll(1), 3 total, 0 closed abnormally (0 connect failure, 0 send limit, 4 transport error)], stompSubProtocol[processed CONNECT(1)-CONNECTED(1)-DISCONNECT(0)], stompBrokerRelay[null], inboundChannel[pool size = 0, active threads = 0, queued tasks = 0, completed tasks = 15], outboundChannelpool size = 0, active threads = 0, queued tasks = 0, completed tasks = 3], sockJsScheduler[pool size = 4, active threads = 1, queued tasks = 2, completed tasks = 5195]
2020-08-11 00:54:53 -WebSocketSession[1 current WS(0)-HttpStream(0)-HttpPoll(1), 3 total, 0 closed abnormally (0 connect failure, 0 send limit, 4 transport error)], stompSubProtocol[processed CONNECT(1)-CONNECTED(1)-DISCONNECT(0)], stompBrokerRelay[null], inboundChannel[pool size = 0, active threads = 0, queued tasks = 0, completed tasks = 15], outboundChannelpool size = 0, active threads = 0, queued tasks = 0, completed tasks = 3], sockJsScheduler[pool size = 4, active threads = 1, queued tasks = 2, completed tasks = 5628]
2020-08-11 01:24:23 -Validating all active sessions...
2020-08-11 01:24:23 -Finished session validation.  No sessions were stopped.
2020-08-11 01:24:53 -WebSocketSession[1 current WS(0)-HttpStream(0)-HttpPoll(1), 3 total, 0 closed abnormally (0 connect failure, 0 send limit, 4 transport error)], stompSubProtocol[processed CONNECT(1)-CONNECTED(1)-DISCONNECT(0)], stompBrokerRelay[null], inboundChannel[pool size = 0, active threads = 0, queued tasks = 0, completed tasks = 15], outboundChannelpool size = 0, active threads = 0, queued tasks = 0, completed tasks = 3], sockJsScheduler[pool size = 4, active threads = 1, queued tasks = 2, completed tasks = 6061]
2020-08-11 01:54:53 -WebSocketSession[1 current WS(0)-HttpStream(0)-HttpPoll(1), 3 total, 0 closed abnormally (0 connect failure, 0 send limit, 4 transport error)], stompSubProtocol[processed CONNECT(1)-CONNECTED(1)-DISCONNECT(0)], stompBrokerRelay[null], inboundChannel[pool size = 0, active threads = 0, queued tasks = 0, completed tasks = 15], outboundChannelpool size = 0, active threads = 0, queued tasks = 0, completed tasks = 3], sockJsScheduler[pool size = 4, active threads = 1, queued tasks = 2, completed tasks = 6494]
2020-08-11 02:24:23 -Validating all active sessions...
2020-08-11 02:24:23 -Finished session validation.  No sessions were stopped.
2020-08-11 02:24:53 -WebSocketSession[1 current WS(0)-HttpStream(0)-HttpPoll(1), 3 total, 0 closed abnormally (0 connect failure, 0 send limit, 4 transport error)], stompSubProtocol[processed CONNECT(1)-CONNECTED(1)-DISCONNECT(0)], stompBrokerRelay[null], inboundChannel[pool size = 0, active threads = 0, queued tasks = 0, completed tasks = 15], outboundChannelpool size = 0, active threads = 0, queued tasks = 0, completed tasks = 3], sockJsScheduler[pool size = 4, active threads = 1, queued tasks = 2, completed tasks = 6927]
2020-08-11 02:54:53 -WebSocketSession[1 current WS(0)-HttpStream(0)-HttpPoll(1), 3 total, 0 closed abnormally (0 connect failure, 0 send limit, 4 transport error)], stompSubProtocol[processed CONNECT(1)-CONNECTED(1)-DISCONNECT(0)], stompBrokerRelay[null], inboundChannel[pool size = 0, active threads = 0, queued tasks = 0, completed tasks = 15], outboundChannelpool size = 0, active threads = 0, queued tasks = 0, completed tasks = 3], sockJsScheduler[pool size = 4, active threads = 1, queued tasks = 2, completed tasks = 7360]
2020-08-11 03:24:23 -Validating all active sessions...
2020-08-11 03:24:23 -Finished session validation.  No sessions were stopped.
2020-08-11 03:24:53 -WebSocketSession[1 current WS(0)-HttpStream(0)-HttpPoll(1), 3 total, 0 closed abnormally (0 connect failure, 0 send limit, 4 transport error)], stompSubProtocol[processed CONNECT(1)-CONNECTED(1)-DISCONNECT(0)], stompBrokerRelay[null], inboundChannel[pool size = 0, active threads = 0, queued tasks = 0, completed tasks = 15], outboundChannelpool size = 0, active threads = 0, queued tasks = 0, completed tasks = 3], sockJsScheduler[pool size = 4, active threads = 1, queued tasks = 2, completed tasks = 7793]
2020-08-11 03:54:53 -WebSocketSession[1 current WS(0)-HttpStream(0)-HttpPoll(1), 3 total, 0 closed abnormally (0 connect failure, 0 send limit, 4 transport error)], stompSubProtocol[processed CONNECT(1)-CONNECTED(1)-DISCONNECT(0)], stompBrokerRelay[null], inboundChannel[pool size = 0, active threads = 0, queued tasks = 0, completed tasks = 15], outboundChannelpool size = 0, active threads = 0, queued tasks = 0, completed tasks = 3], sockJsScheduler[pool size = 4, active threads = 1, queued tasks = 2, completed tasks = 8226]
2020-08-11 04:24:23 -Validating all active sessions...
2020-08-11 04:24:23 -Finished session validation.  No sessions were stopped.
2020-08-11 04:24:53 -WebSocketSession[1 current WS(0)-HttpStream(0)-HttpPoll(1), 3 total, 0 closed abnormally (0 connect failure, 0 send limit, 4 transport error)], stompSubProtocol[processed CONNECT(1)-CONNECTED(1)-DISCONNECT(0)], stompBrokerRelay[null], inboundChannel[pool size = 0, active threads = 0, queued tasks = 0, completed tasks = 15], outboundChannelpool size = 0, active threads = 0, queued tasks = 0, completed tasks = 3], sockJsScheduler[pool size = 4, active threads = 1, queued tasks = 2, completed tasks = 8659]
2020-08-11 04:54:53 -WebSocketSession[1 current WS(0)-HttpStream(0)-HttpPoll(1), 3 total, 0 closed abnormally (0 connect failure, 0 send limit, 4 transport error)], stompSubProtocol[processed CONNECT(1)-CONNECTED(1)-DISCONNECT(0)], stompBrokerRelay[null], inboundChannel[pool size = 0, active threads = 0, queued tasks = 0, completed tasks = 15], outboundChannelpool size = 0, active threads = 0, queued tasks = 0, completed tasks = 3], sockJsScheduler[pool size = 4, active threads = 1, queued tasks = 2, completed tasks = 9092]
2020-08-11 05:24:23 -Validating all active sessions...
2020-08-11 05:24:23 -Finished session validation.  No sessions were stopped.
2020-08-11 05:24:53 -WebSocketSession[1 current WS(0)-HttpStream(0)-HttpPoll(1), 3 total, 0 closed abnormally (0 connect failure, 0 send limit, 4 transport error)], stompSubProtocol[processed CONNECT(1)-CONNECTED(1)-DISCONNECT(0)], stompBrokerRelay[null], inboundChannel[pool size = 0, active threads = 0, queued tasks = 0, completed tasks = 15], outboundChannelpool size = 0, active threads = 0, queued tasks = 0, completed tasks = 3], sockJsScheduler[pool size = 4, active threads = 1, queued tasks = 2, completed tasks = 9525]
2020-08-11 05:54:53 -WebSocketSession[1 current WS(0)-HttpStream(0)-HttpPoll(1), 3 total, 0 closed abnormally (0 connect failure, 0 send limit, 4 transport error)], stompSubProtocol[processed CONNECT(1)-CONNECTED(1)-DISCONNECT(0)], stompBrokerRelay[null], inboundChannel[pool size = 0, active threads = 0, queued tasks = 0, completed tasks = 15], outboundChannelpool size = 0, active threads = 0, queued tasks = 0, completed tasks = 3], sockJsScheduler[pool size = 4, active threads = 1, queued tasks = 2, completed tasks = 9958]
2020-08-11 06:24:23 -Validating all active sessions...
2020-08-11 06:24:23 -Finished session validation.  No sessions were stopped.
2020-08-11 06:24:53 -WebSocketSession[1 current WS(0)-HttpStream(0)-HttpPoll(1), 3 total, 0 closed abnormally (0 connect failure, 0 send limit, 4 transport error)], stompSubProtocol[processed CONNECT(1)-CONNECTED(1)-DISCONNECT(0)], stompBrokerRelay[null], inboundChannel[pool size = 0, active threads = 0, queued tasks = 0, completed tasks = 15], outboundChannelpool size = 0, active threads = 0, queued tasks = 0, completed tasks = 3], sockJsScheduler[pool size = 4, active threads = 1, queued tasks = 2, completed tasks = 10390]
2020-08-11 06:54:53 -WebSocketSession[1 current WS(0)-HttpStream(0)-HttpPoll(1), 3 total, 0 closed abnormally (0 connect failure, 0 send limit, 4 transport error)], stompSubProtocol[processed CONNECT(1)-CONNECTED(1)-DISCONNECT(0)], stompBrokerRelay[null], inboundChannel[pool size = 0, active threads = 0, queued tasks = 0, completed tasks = 15], outboundChannelpool size = 0, active threads = 0, queued tasks = 0, completed tasks = 3], sockJsScheduler[pool size = 4, active threads = 1, queued tasks = 2, completed tasks = 10823]
2020-08-11 07:24:23 -Validating all active sessions...
2020-08-11 07:24:23 -Finished session validation.  No sessions were stopped.
2020-08-11 07:24:53 -WebSocketSession[1 current WS(0)-HttpStream(0)-HttpPoll(1), 3 total, 0 closed abnormally (0 connect failure, 0 send limit, 4 transport error)], stompSubProtocol[processed CONNECT(1)-CONNECTED(1)-DISCONNECT(0)], stompBrokerRelay[null], inboundChannel[pool size = 0, active threads = 0, queued tasks = 0, completed tasks = 15], outboundChannelpool size = 0, active threads = 0, queued tasks = 0, completed tasks = 3], sockJsScheduler[pool size = 4, active threads = 1, queued tasks = 2, completed tasks = 11256]
2020-08-11 07:54:53 -WebSocketSession[1 current WS(0)-HttpStream(0)-HttpPoll(1), 3 total, 0 closed abnormally (0 connect failure, 0 send limit, 4 transport error)], stompSubProtocol[processed CONNECT(1)-CONNECTED(1)-DISCONNECT(0)], stompBrokerRelay[null], inboundChannel[pool size = 0, active threads = 0, queued tasks = 0, completed tasks = 15], outboundChannelpool size = 0, active threads = 0, queued tasks = 0, completed tasks = 3], sockJsScheduler[pool size = 4, active threads = 1, queued tasks = 2, completed tasks = 11689]
2020-08-11 08:24:23 -Validating all active sessions...
2020-08-11 08:24:23 -Finished session validation.  No sessions were stopped.
2020-08-11 08:24:53 -WebSocketSession[1 current WS(0)-HttpStream(0)-HttpPoll(1), 3 total, 0 closed abnormally (0 connect failure, 0 send limit, 4 transport error)], stompSubProtocol[processed CONNECT(1)-CONNECTED(1)-DISCONNECT(0)], stompBrokerRelay[null], inboundChannel[pool size = 0, active threads = 0, queued tasks = 0, completed tasks = 15], outboundChannelpool size = 0, active threads = 0, queued tasks = 0, completed tasks = 3], sockJsScheduler[pool size = 4, active threads = 1, queued tasks = 2, completed tasks = 12122]
2020-08-11 08:54:53 -WebSocketSession[1 current WS(0)-HttpStream(0)-HttpPoll(1), 3 total, 0 closed abnormally (0 connect failure, 0 send limit, 4 transport error)], stompSubProtocol[processed CONNECT(1)-CONNECTED(1)-DISCONNECT(0)], stompBrokerRelay[null], inboundChannel[pool size = 0, active threads = 0, queued tasks = 0, completed tasks = 15], outboundChannelpool size = 0, active threads = 0, queued tasks = 0, completed tasks = 3], sockJsScheduler[pool size = 4, active threads = 1, queued tasks = 2, completed tasks = 12555]
2020-08-11 09:24:23 -Validating all active sessions...
2020-08-11 09:24:23 -Finished session validation.  No sessions were stopped.
2020-08-11 09:24:53 -WebSocketSession[1 current WS(0)-HttpStream(0)-HttpPoll(1), 3 total, 0 closed abnormally (0 connect failure, 0 send limit, 4 transport error)], stompSubProtocol[processed CONNECT(1)-CONNECTED(1)-DISCONNECT(0)], stompBrokerRelay[null], inboundChannel[pool size = 0, active threads = 0, queued tasks = 0, completed tasks = 15], outboundChannelpool size = 0, active threads = 0, queued tasks = 0, completed tasks = 3], sockJsScheduler[pool size = 4, active threads = 1, queued tasks = 2, completed tasks = 12987]
2020-08-11 09:51:32 -请求地址 : http://localhost:8066/index
2020-08-11 09:51:32 -HTTP METHOD : GET
2020-08-11 09:51:32 -CLASS_METHOD : com.bootdo.system.controller.LoginController.index
2020-08-11 09:51:32 -参数 : [{}]
2020-08-11 09:51:32 -==>  Preparing: select distinct m.menu_id , parent_id, name, url, perms,`type`,icon,order_num,gmt_create, gmt_modified from sys_menu m left join sys_role_menu rm on m.menu_id = rm.menu_id left join sys_user_role ur on rm.role_id =ur.role_id where ur.user_id = ? and m.type in(0,1) order by m.order_num 
2020-08-11 09:51:32 -==> Parameters: 1(Long)
2020-08-11 09:51:32 -<==      Total: 27
2020-08-11 09:51:32 -==>  Preparing: select `id`,`type`,`url`,`create_date` from sys_file where id = ? 
2020-08-11 09:51:32 -==> Parameters: 143(Long)
2020-08-11 09:51:32 -<==      Total: 1
2020-08-11 09:51:32 -耗时 : 30
2020-08-11 09:51:32 -返回值 : index_v1
2020-08-11 09:51:32 -==>  Preparing: insert into sys_log ( `user_id`, `username`, `operation`, `time`, `method`, `params`, `ip`, `gmt_create` ) values ( ?, ?, ?, ?, ?, ?, ?, ? ) 
2020-08-11 09:51:32 -==> Parameters: 1(Long), admin(String), 请求访问主页(String), 30(Integer), com.bootdo.system.controller.LoginController.index()(String), null, 127.0.0.1(String), 2020-08-11 09:51:32.659(Timestamp)
2020-08-11 09:51:32 -<==    Updates: 1
2020-08-11 09:51:32 -请求地址 : http://localhost:8066/main
2020-08-11 09:51:32 -HTTP METHOD : GET
2020-08-11 09:51:32 -CLASS_METHOD : com.bootdo.system.controller.LoginController.main
2020-08-11 09:51:32 -参数 : []
2020-08-11 09:51:32 -耗时 : 1
2020-08-11 09:51:32 -返回值 : main
2020-08-11 09:51:32 -请求地址 : http://localhost:8066/oa/notify/message
2020-08-11 09:51:32 -HTTP METHOD : GET
2020-08-11 09:51:32 -CLASS_METHOD : com.bootdo.oa.controller.NotifyController.message
2020-08-11 09:51:32 -参数 : []
2020-08-11 09:51:32 -==>  Preparing: select DISTINCT n.id ,`type`,`title`,`content`,`files`,r.is_read,`status`,`create_by`,`create_date`,`update_by`,`update_date`,`remarks`,`del_flag` from oa_notify_record r right JOIN oa_notify n on r.notify_id = n.id WHERE r.is_read = ? and r.user_id = ? order by is_read ASC, update_date DESC limit ?, ? 
2020-08-11 09:51:32 -==> Parameters: 0(String), 1(Long), 0(Integer), 3(Integer)
2020-08-11 09:51:32 -<==      Total: 0
2020-08-11 09:51:32 -==>  Preparing: select count(*) from oa_notify_record r right JOIN oa_notify n on r.notify_id = n.id where r.user_id =? and r.is_read = ? 
2020-08-11 09:51:32 -==> Parameters: 1(Long), 0(String)
2020-08-11 09:51:32 -<==      Total: 1
2020-08-11 09:51:32 -耗时 : 6
2020-08-11 09:51:32 -返回值 : com.bootdo.common.utils.PageUtils@1a09c6e4
2020-08-11 09:51:32 -请求地址 : http://localhost:8066/main
2020-08-11 09:51:32 -HTTP METHOD : GET
2020-08-11 09:51:32 -CLASS_METHOD : com.bootdo.system.controller.LoginController.main
2020-08-11 09:51:32 -参数 : []
2020-08-11 09:51:32 -耗时 : 1
2020-08-11 09:51:32 -返回值 : main
2020-08-11 09:54:53 -WebSocketSession[1 current WS(1)-HttpStream(0)-HttpPoll(0), 4 total, 0 closed abnormally (0 connect failure, 0 send limit, 4 transport error)], stompSubProtocol[processed CONNECT(2)-CONNECTED(2)-DISCONNECT(0)], stompBrokerRelay[null], inboundChannel[pool size = 0, active threads = 0, queued tasks = 0, completed tasks = 27], outboundChannelpool size = 0, active threads = 0, queued tasks = 0, completed tasks = 5], sockJsScheduler[pool size = 4, active threads = 1, queued tasks = 2, completed tasks = 13418]
2020-08-11 10:14:56 -请求地址 : http://localhost:8066/index
2020-08-11 10:14:56 -HTTP METHOD : GET
2020-08-11 10:14:56 -CLASS_METHOD : com.bootdo.system.controller.LoginController.index
2020-08-11 10:14:56 -参数 : [{}]
2020-08-11 10:14:56 -==>  Preparing: select distinct m.menu_id , parent_id, name, url, perms,`type`,icon,order_num,gmt_create, gmt_modified from sys_menu m left join sys_role_menu rm on m.menu_id = rm.menu_id left join sys_user_role ur on rm.role_id =ur.role_id where ur.user_id = ? and m.type in(0,1) order by m.order_num 
2020-08-11 10:14:56 -==> Parameters: 1(Long)
2020-08-11 10:14:56 -<==      Total: 27
2020-08-11 10:14:56 -==>  Preparing: select `id`,`type`,`url`,`create_date` from sys_file where id = ? 
2020-08-11 10:14:56 -==> Parameters: 143(Long)
2020-08-11 10:14:56 -<==      Total: 1
2020-08-11 10:14:56 -耗时 : 14
2020-08-11 10:14:56 -返回值 : index_v1
2020-08-11 10:14:56 -==>  Preparing: insert into sys_log ( `user_id`, `username`, `operation`, `time`, `method`, `params`, `ip`, `gmt_create` ) values ( ?, ?, ?, ?, ?, ?, ?, ? ) 
2020-08-11 10:14:56 -==> Parameters: 1(Long), admin(String), 请求访问主页(String), 14(Integer), com.bootdo.system.controller.LoginController.index()(String), null, 127.0.0.1(String), 2020-08-11 10:14:56.34(Timestamp)
2020-08-11 10:14:56 -<==    Updates: 1
2020-08-11 10:14:56 -请求地址 : http://localhost:8066/main
2020-08-11 10:14:56 -HTTP METHOD : GET
2020-08-11 10:14:56 -CLASS_METHOD : com.bootdo.system.controller.LoginController.main
2020-08-11 10:14:56 -参数 : []
2020-08-11 10:14:56 -耗时 : 0
2020-08-11 10:14:56 -返回值 : main
2020-08-11 10:14:56 -请求地址 : http://localhost:8066/oa/notify/message
2020-08-11 10:14:56 -HTTP METHOD : GET
2020-08-11 10:14:56 -CLASS_METHOD : com.bootdo.oa.controller.NotifyController.message
2020-08-11 10:14:56 -参数 : []
2020-08-11 10:14:56 -==>  Preparing: select DISTINCT n.id ,`type`,`title`,`content`,`files`,r.is_read,`status`,`create_by`,`create_date`,`update_by`,`update_date`,`remarks`,`del_flag` from oa_notify_record r right JOIN oa_notify n on r.notify_id = n.id WHERE r.is_read = ? and r.user_id = ? order by is_read ASC, update_date DESC limit ?, ? 
2020-08-11 10:14:56 -==> Parameters: 0(String), 1(Long), 0(Integer), 3(Integer)
2020-08-11 10:14:56 -<==      Total: 0
2020-08-11 10:14:56 -==>  Preparing: select count(*) from oa_notify_record r right JOIN oa_notify n on r.notify_id = n.id where r.user_id =? and r.is_read = ? 
2020-08-11 10:14:56 -==> Parameters: 1(Long), 0(String)
2020-08-11 10:14:56 -<==      Total: 1
2020-08-11 10:14:56 -耗时 : 6
2020-08-11 10:14:56 -返回值 : com.bootdo.common.utils.PageUtils@d9ee30
2020-08-11 10:14:56 -请求地址 : http://localhost:8066/main
2020-08-11 10:14:56 -HTTP METHOD : GET
2020-08-11 10:14:56 -CLASS_METHOD : com.bootdo.system.controller.LoginController.main
2020-08-11 10:14:56 -参数 : []
2020-08-11 10:14:56 -耗时 : 0
2020-08-11 10:14:56 -返回值 : main
2020-08-11 10:14:59 -请求地址 : http://localhost:8066/
2020-08-11 10:14:59 -HTTP METHOD : GET
2020-08-11 10:14:59 -CLASS_METHOD : com.bootdo.system.controller.LoginController.welcome
2020-08-11 10:14:59 -参数 : [{}]
2020-08-11 10:14:59 -耗时 : 0
2020-08-11 10:14:59 -返回值 : login
2020-08-11 10:15:01 -请求地址 : http://localhost:8066/login
2020-08-11 10:15:01 -HTTP METHOD : POST
2020-08-11 10:15:01 -CLASS_METHOD : com.bootdo.system.controller.LoginController.ajaxLogin
2020-08-11 10:15:01 -参数 : [admin, 111111]
2020-08-11 10:15:01 -==>  Preparing: select `user_id`,`username`,`name`,`password`,`dept_id`,`email`,`mobile`,`status`,`user_id_create`,`gmt_create`,`gmt_modified`,`sex`,`birth`,`pic_id`,`live_address`,`hobby`,`province`,`city`,`district` from sys_user WHERE username = ? order by user_id desc 
2020-08-11 10:15:01 -==> Parameters: admin(String)
2020-08-11 10:15:01 -<==      Total: 1
2020-08-11 10:15:01 -耗时 : 7
2020-08-11 10:15:01 -返回值 : {msg=操作成功, code=0}
2020-08-11 10:15:01 -==>  Preparing: insert into sys_log ( `user_id`, `username`, `operation`, `time`, `method`, `params`, `ip`, `gmt_create` ) values ( ?, ?, ?, ?, ?, ?, ?, ? ) 
2020-08-11 10:15:01 -==> Parameters: 1(Long), admin(String), 登录(String), 7(Integer), com.bootdo.system.controller.LoginController.ajaxLogin()(String), null, 127.0.0.1(String), 2020-08-11 10:15:01.034(Timestamp)
2020-08-11 10:15:01 -请求地址 : http://localhost:8066/index
2020-08-11 10:15:01 -HTTP METHOD : GET
2020-08-11 10:15:01 -CLASS_METHOD : com.bootdo.system.controller.LoginController.index
2020-08-11 10:15:01 -参数 : [{}]
2020-08-11 10:15:01 -==>  Preparing: select distinct m.menu_id , parent_id, name, url, perms,`type`,icon,order_num,gmt_create, gmt_modified from sys_menu m left join sys_role_menu rm on m.menu_id = rm.menu_id left join sys_user_role ur on rm.role_id =ur.role_id where ur.user_id = ? and m.type in(0,1) order by m.order_num 
2020-08-11 10:15:01 -==> Parameters: 1(Long)
2020-08-11 10:15:01 -<==      Total: 27
2020-08-11 10:15:01 -==>  Preparing: select `id`,`type`,`url`,`create_date` from sys_file where id = ? 
2020-08-11 10:15:01 -==> Parameters: 143(Long)
2020-08-11 10:15:01 -<==      Total: 1
2020-08-11 10:15:01 -耗时 : 16
2020-08-11 10:15:01 -返回值 : index_v1
2020-08-11 10:15:01 -==>  Preparing: insert into sys_log ( `user_id`, `username`, `operation`, `time`, `method`, `params`, `ip`, `gmt_create` ) values ( ?, ?, ?, ?, ?, ?, ?, ? ) 
2020-08-11 10:15:01 -<==    Updates: 1
2020-08-11 10:15:01 -==> Parameters: 1(Long), admin(String), 请求访问主页(String), 16(Integer), com.bootdo.system.controller.LoginController.index()(String), null, 127.0.0.1(String), 2020-08-11 10:15:01.062(Timestamp)
2020-08-11 10:15:01 -<==    Updates: 1
2020-08-11 10:15:01 -请求地址 : http://localhost:8066/main
2020-08-11 10:15:01 -HTTP METHOD : GET
2020-08-11 10:15:01 -CLASS_METHOD : com.bootdo.system.controller.LoginController.main
2020-08-11 10:15:01 -参数 : []
2020-08-11 10:15:01 -耗时 : 1
2020-08-11 10:15:01 -返回值 : main
2020-08-11 10:15:01 -请求地址 : http://localhost:8066/oa/notify/message
2020-08-11 10:15:01 -HTTP METHOD : GET
2020-08-11 10:15:01 -CLASS_METHOD : com.bootdo.oa.controller.NotifyController.message
2020-08-11 10:15:01 -参数 : []
2020-08-11 10:15:01 -==>  Preparing: select DISTINCT n.id ,`type`,`title`,`content`,`files`,r.is_read,`status`,`create_by`,`create_date`,`update_by`,`update_date`,`remarks`,`del_flag` from oa_notify_record r right JOIN oa_notify n on r.notify_id = n.id WHERE r.is_read = ? and r.user_id = ? order by is_read ASC, update_date DESC limit ?, ? 
2020-08-11 10:15:01 -==> Parameters: 0(String), 1(Long), 0(Integer), 3(Integer)
2020-08-11 10:15:01 -<==      Total: 0
2020-08-11 10:15:01 -==>  Preparing: select count(*) from oa_notify_record r right JOIN oa_notify n on r.notify_id = n.id where r.user_id =? and r.is_read = ? 
2020-08-11 10:15:01 -==> Parameters: 1(Long), 0(String)
2020-08-11 10:15:01 -<==      Total: 1
2020-08-11 10:15:01 -耗时 : 5
2020-08-11 10:15:01 -返回值 : com.bootdo.common.utils.PageUtils@23851580
2020-08-11 10:15:01 -请求地址 : http://localhost:8066/main
2020-08-11 10:15:01 -HTTP METHOD : GET
2020-08-11 10:15:01 -CLASS_METHOD : com.bootdo.system.controller.LoginController.main
2020-08-11 10:15:01 -参数 : []
2020-08-11 10:15:01 -耗时 : 0
2020-08-11 10:15:01 -返回值 : main
2020-08-11 10:24:23 -Validating all active sessions...
2020-08-11 10:24:23 -Finished session validation.  No sessions were stopped.
2020-08-11 10:24:53 -WebSocketSession[1 current WS(1)-HttpStream(0)-HttpPoll(0), 6 total, 0 closed abnormally (0 connect failure, 0 send limit, 4 transport error)], stompSubProtocol[processed CONNECT(4)-CONNECTED(4)-DISCONNECT(0)], stompBrokerRelay[null], inboundChannel[pool size = 0, active threads = 0, queued tasks = 0, completed tasks = 51], outboundChannelpool size = 0, active threads = 0, queued tasks = 0, completed tasks = 9], sockJsScheduler[pool size = 4, active threads = 1, queued tasks = 2, completed tasks = 13850]
2020-08-11 10:54:53 -WebSocketSession[1 current WS(1)-HttpStream(0)-HttpPoll(0), 6 total, 0 closed abnormally (0 connect failure, 0 send limit, 4 transport error)], stompSubProtocol[processed CONNECT(4)-CONNECTED(4)-DISCONNECT(0)], stompBrokerRelay[null], inboundChannel[pool size = 0, active threads = 0, queued tasks = 0, completed tasks = 51], outboundChannelpool size = 0, active threads = 0, queued tasks = 0, completed tasks = 9], sockJsScheduler[pool size = 4, active threads = 1, queued tasks = 2, completed tasks = 14283]
2020-08-11 11:24:24 -Validating all active sessions...
2020-08-11 11:24:24 -Finished session validation.  [1] sessions were stopped.
2020-08-11 11:24:53 -WebSocketSession[1 current WS(1)-HttpStream(0)-HttpPoll(0), 6 total, 0 closed abnormally (0 connect failure, 0 send limit, 4 transport error)], stompSubProtocol[processed CONNECT(4)-CONNECTED(4)-DISCONNECT(0)], stompBrokerRelay[null], inboundChannel[pool size = 0, active threads = 0, queued tasks = 0, completed tasks = 51], outboundChannelpool size = 0, active threads = 0, queued tasks = 0, completed tasks = 9], sockJsScheduler[pool size = 4, active threads = 1, queued tasks = 2, completed tasks = 14716]
2020-08-11 11:54:53 -WebSocketSession[1 current WS(1)-HttpStream(0)-HttpPoll(0), 6 total, 0 closed abnormally (0 connect failure, 0 send limit, 4 transport error)], stompSubProtocol[processed CONNECT(4)-CONNECTED(4)-DISCONNECT(0)], stompBrokerRelay[null], inboundChannel[pool size = 0, active threads = 0, queued tasks = 0, completed tasks = 51], outboundChannelpool size = 0, active threads = 0, queued tasks = 0, completed tasks = 9], sockJsScheduler[pool size = 4, active threads = 1, queued tasks = 2, completed tasks = 15149]
2020-08-11 12:24:24 -Validating all active sessions...
2020-08-11 12:24:24 -Finished session validation.  No sessions were stopped.
2020-08-11 12:24:53 -WebSocketSession[1 current WS(1)-HttpStream(0)-HttpPoll(0), 6 total, 0 closed abnormally (0 connect failure, 0 send limit, 4 transport error)], stompSubProtocol[processed CONNECT(4)-CONNECTED(4)-DISCONNECT(0)], stompBrokerRelay[null], inboundChannel[pool size = 0, active threads = 0, queued tasks = 0, completed tasks = 51], outboundChannelpool size = 0, active threads = 0, queued tasks = 0, completed tasks = 9], sockJsScheduler[pool size = 4, active threads = 1, queued tasks = 2, completed tasks = 15582]
2020-08-11 12:54:53 -WebSocketSession[1 current WS(1)-HttpStream(0)-HttpPoll(0), 6 total, 0 closed abnormally (0 connect failure, 0 send limit, 4 transport error)], stompSubProtocol[processed CONNECT(4)-CONNECTED(4)-DISCONNECT(0)], stompBrokerRelay[null], inboundChannel[pool size = 0, active threads = 0, queued tasks = 0, completed tasks = 51], outboundChannelpool size = 0, active threads = 0, queued tasks = 0, completed tasks = 9], sockJsScheduler[pool size = 4, active threads = 1, queued tasks = 2, completed tasks = 16015]
2020-08-11 13:24:24 -Validating all active sessions...
2020-08-11 13:24:24 -Finished session validation.  No sessions were stopped.
2020-08-11 13:24:53 -WebSocketSession[1 current WS(1)-HttpStream(0)-HttpPoll(0), 6 total, 0 closed abnormally (0 connect failure, 0 send limit, 4 transport error)], stompSubProtocol[processed CONNECT(4)-CONNECTED(4)-DISCONNECT(0)], stompBrokerRelay[null], inboundChannel[pool size = 0, active threads = 0, queued tasks = 0, completed tasks = 51], outboundChannelpool size = 0, active threads = 0, queued tasks = 0, completed tasks = 9], sockJsScheduler[pool size = 4, active threads = 1, queued tasks = 2, completed tasks = 16448]
2020-08-11 13:54:53 -WebSocketSession[1 current WS(1)-HttpStream(0)-HttpPoll(0), 6 total, 0 closed abnormally (0 connect failure, 0 send limit, 4 transport error)], stompSubProtocol[processed CONNECT(4)-CONNECTED(4)-DISCONNECT(0)], stompBrokerRelay[null], inboundChannel[pool size = 0, active threads = 0, queued tasks = 0, completed tasks = 51], outboundChannelpool size = 0, active threads = 0, queued tasks = 0, completed tasks = 9], sockJsScheduler[pool size = 4, active threads = 1, queued tasks = 2, completed tasks = 16881]
2020-08-11 14:24:24 -Validating all active sessions...
2020-08-11 14:24:24 -Finished session validation.  No sessions were stopped.
2020-08-11 14:24:53 -WebSocketSession[1 current WS(1)-HttpStream(0)-HttpPoll(0), 6 total, 0 closed abnormally (0 connect failure, 0 send limit, 4 transport error)], stompSubProtocol[processed CONNECT(4)-CONNECTED(4)-DISCONNECT(0)], stompBrokerRelay[null], inboundChannel[pool size = 0, active threads = 0, queued tasks = 0, completed tasks = 51], outboundChannelpool size = 0, active threads = 0, queued tasks = 0, completed tasks = 9], sockJsScheduler[pool size = 4, active threads = 1, queued tasks = 2, completed tasks = 17314]
2020-08-11 14:54:53 -WebSocketSession[1 current WS(1)-HttpStream(0)-HttpPoll(0), 6 total, 0 closed abnormally (0 connect failure, 0 send limit, 4 transport error)], stompSubProtocol[processed CONNECT(4)-CONNECTED(4)-DISCONNECT(0)], stompBrokerRelay[null], inboundChannel[pool size = 0, active threads = 0, queued tasks = 0, completed tasks = 51], outboundChannelpool size = 0, active threads = 0, queued tasks = 0, completed tasks = 9], sockJsScheduler[pool size = 4, active threads = 1, queued tasks = 2, completed tasks = 17747]
2020-08-11 15:24:24 -Validating all active sessions...
2020-08-11 15:24:24 -Finished session validation.  No sessions were stopped.
2020-08-11 15:24:53 -WebSocketSession[1 current WS(1)-HttpStream(0)-HttpPoll(0), 6 total, 0 closed abnormally (0 connect failure, 0 send limit, 4 transport error)], stompSubProtocol[processed CONNECT(4)-CONNECTED(4)-DISCONNECT(0)], stompBrokerRelay[null], inboundChannel[pool size = 0, active threads = 0, queued tasks = 0, completed tasks = 51], outboundChannelpool size = 0, active threads = 0, queued tasks = 0, completed tasks = 9], sockJsScheduler[pool size = 4, active threads = 1, queued tasks = 2, completed tasks = 18180]
2020-08-11 15:54:53 -WebSocketSession[1 current WS(1)-HttpStream(0)-HttpPoll(0), 6 total, 0 closed abnormally (0 connect failure, 0 send limit, 4 transport error)], stompSubProtocol[processed CONNECT(4)-CONNECTED(4)-DISCONNECT(0)], stompBrokerRelay[null], inboundChannel[pool size = 0, active threads = 0, queued tasks = 0, completed tasks = 51], outboundChannelpool size = 0, active threads = 0, queued tasks = 0, completed tasks = 9], sockJsScheduler[pool size = 4, active threads = 1, queued tasks = 2, completed tasks = 18613]
2020-08-11 16:24:24 -Validating all active sessions...
2020-08-11 16:24:24 -Finished session validation.  No sessions were stopped.
2020-08-11 16:24:53 -WebSocketSession[1 current WS(1)-HttpStream(0)-HttpPoll(0), 6 total, 0 closed abnormally (0 connect failure, 0 send limit, 4 transport error)], stompSubProtocol[processed CONNECT(4)-CONNECTED(4)-DISCONNECT(0)], stompBrokerRelay[null], inboundChannel[pool size = 0, active threads = 0, queued tasks = 0, completed tasks = 51], outboundChannelpool size = 0, active threads = 0, queued tasks = 0, completed tasks = 9], sockJsScheduler[pool size = 4, active threads = 1, queued tasks = 2, completed tasks = 19046]
2020-08-11 16:54:53 -WebSocketSession[1 current WS(1)-HttpStream(0)-HttpPoll(0), 6 total, 0 closed abnormally (0 connect failure, 0 send limit, 4 transport error)], stompSubProtocol[processed CONNECT(4)-CONNECTED(4)-DISCONNECT(0)], stompBrokerRelay[null], inboundChannel[pool size = 0, active threads = 0, queued tasks = 0, completed tasks = 51], outboundChannelpool size = 0, active threads = 0, queued tasks = 0, completed tasks = 9], sockJsScheduler[pool size = 4, active threads = 1, queued tasks = 2, completed tasks = 19479]
2020-08-11 17:24:24 -Validating all active sessions...
2020-08-11 17:24:24 -Finished session validation.  No sessions were stopped.
2020-08-11 17:24:53 -WebSocketSession[1 current WS(1)-HttpStream(0)-HttpPoll(0), 6 total, 0 closed abnormally (0 connect failure, 0 send limit, 4 transport error)], stompSubProtocol[processed CONNECT(4)-CONNECTED(4)-DISCONNECT(0)], stompBrokerRelay[null], inboundChannel[pool size = 0, active threads = 0, queued tasks = 0, completed tasks = 51], outboundChannelpool size = 0, active threads = 0, queued tasks = 0, completed tasks = 9], sockJsScheduler[pool size = 4, active threads = 1, queued tasks = 2, completed tasks = 19912]
2020-08-11 17:54:53 -WebSocketSession[1 current WS(1)-HttpStream(0)-HttpPoll(0), 6 total, 0 closed abnormally (0 connect failure, 0 send limit, 4 transport error)], stompSubProtocol[processed CONNECT(4)-CONNECTED(4)-DISCONNECT(0)], stompBrokerRelay[null], inboundChannel[pool size = 0, active threads = 0, queued tasks = 0, completed tasks = 51], outboundChannelpool size = 0, active threads = 0, queued tasks = 0, completed tasks = 9], sockJsScheduler[pool size = 4, active threads = 1, queued tasks = 2, completed tasks = 20345]
2020-08-11 18:24:24 -Validating all active sessions...
2020-08-11 18:24:24 -Finished session validation.  No sessions were stopped.
2020-08-11 18:24:53 -WebSocketSession[1 current WS(1)-HttpStream(0)-HttpPoll(0), 6 total, 0 closed abnormally (0 connect failure, 0 send limit, 4 transport error)], stompSubProtocol[processed CONNECT(4)-CONNECTED(4)-DISCONNECT(0)], stompBrokerRelay[null], inboundChannel[pool size = 0, active threads = 0, queued tasks = 0, completed tasks = 51], outboundChannelpool size = 0, active threads = 0, queued tasks = 0, completed tasks = 9], sockJsScheduler[pool size = 4, active threads = 1, queued tasks = 2, completed tasks = 20778]
2020-08-11 18:54:53 -WebSocketSession[1 current WS(1)-HttpStream(0)-HttpPoll(0), 6 total, 0 closed abnormally (0 connect failure, 0 send limit, 4 transport error)], stompSubProtocol[processed CONNECT(4)-CONNECTED(4)-DISCONNECT(0)], stompBrokerRelay[null], inboundChannel[pool size = 0, active threads = 0, queued tasks = 0, completed tasks = 51], outboundChannelpool size = 0, active threads = 0, queued tasks = 0, completed tasks = 9], sockJsScheduler[pool size = 4, active threads = 1, queued tasks = 2, completed tasks = 21211]
2020-08-11 19:24:24 -Validating all active sessions...
2020-08-11 19:24:24 -Finished session validation.  No sessions were stopped.
2020-08-11 19:24:53 -WebSocketSession[1 current WS(1)-HttpStream(0)-HttpPoll(0), 6 total, 0 closed abnormally (0 connect failure, 0 send limit, 4 transport error)], stompSubProtocol[processed CONNECT(4)-CONNECTED(4)-DISCONNECT(0)], stompBrokerRelay[null], inboundChannel[pool size = 0, active threads = 0, queued tasks = 0, completed tasks = 51], outboundChannelpool size = 0, active threads = 0, queued tasks = 0, completed tasks = 9], sockJsScheduler[pool size = 4, active threads = 1, queued tasks = 2, completed tasks = 21644]
2020-08-11 19:54:53 -WebSocketSession[1 current WS(1)-HttpStream(0)-HttpPoll(0), 6 total, 0 closed abnormally (0 connect failure, 0 send limit, 4 transport error)], stompSubProtocol[processed CONNECT(4)-CONNECTED(4)-DISCONNECT(0)], stompBrokerRelay[null], inboundChannel[pool size = 0, active threads = 0, queued tasks = 0, completed tasks = 51], outboundChannelpool size = 0, active threads = 0, queued tasks = 0, completed tasks = 9], sockJsScheduler[pool size = 4, active threads = 1, queued tasks = 2, completed tasks = 22077]
2020-08-11 20:24:24 -Validating all active sessions...
2020-08-11 20:24:24 -Finished session validation.  No sessions were stopped.
2020-08-11 20:24:53 -WebSocketSession[1 current WS(1)-HttpStream(0)-HttpPoll(0), 6 total, 0 closed abnormally (0 connect failure, 0 send limit, 4 transport error)], stompSubProtocol[processed CONNECT(4)-CONNECTED(4)-DISCONNECT(0)], stompBrokerRelay[null], inboundChannel[pool size = 0, active threads = 0, queued tasks = 0, completed tasks = 51], outboundChannelpool size = 0, active threads = 0, queued tasks = 0, completed tasks = 9], sockJsScheduler[pool size = 4, active threads = 1, queued tasks = 2, completed tasks = 22510]
2020-08-11 20:54:53 -WebSocketSession[1 current WS(1)-HttpStream(0)-HttpPoll(0), 6 total, 0 closed abnormally (0 connect failure, 0 send limit, 4 transport error)], stompSubProtocol[processed CONNECT(4)-CONNECTED(4)-DISCONNECT(0)], stompBrokerRelay[null], inboundChannel[pool size = 0, active threads = 0, queued tasks = 0, completed tasks = 51], outboundChannelpool size = 0, active threads = 0, queued tasks = 0, completed tasks = 9], sockJsScheduler[pool size = 4, active threads = 1, queued tasks = 2, completed tasks = 22943]
2020-08-11 21:24:24 -Validating all active sessions...
2020-08-11 21:24:24 -Finished session validation.  No sessions were stopped.
2020-08-11 21:24:53 -WebSocketSession[1 current WS(1)-HttpStream(0)-HttpPoll(0), 6 total, 0 closed abnormally (0 connect failure, 0 send limit, 4 transport error)], stompSubProtocol[processed CONNECT(4)-CONNECTED(4)-DISCONNECT(0)], stompBrokerRelay[null], inboundChannel[pool size = 0, active threads = 0, queued tasks = 0, completed tasks = 51], outboundChannelpool size = 0, active threads = 0, queued tasks = 0, completed tasks = 9], sockJsScheduler[pool size = 4, active threads = 1, queued tasks = 2, completed tasks = 23376]
2020-08-11 21:54:53 -WebSocketSession[1 current WS(1)-HttpStream(0)-HttpPoll(0), 6 total, 0 closed abnormally (0 connect failure, 0 send limit, 4 transport error)], stompSubProtocol[processed CONNECT(4)-CONNECTED(4)-DISCONNECT(0)], stompBrokerRelay[null], inboundChannel[pool size = 0, active threads = 0, queued tasks = 0, completed tasks = 51], outboundChannelpool size = 0, active threads = 0, queued tasks = 0, completed tasks = 9], sockJsScheduler[pool size = 4, active threads = 1, queued tasks = 2, completed tasks = 23809]
2020-08-11 22:24:24 -Validating all active sessions...
2020-08-11 22:24:24 -Finished session validation.  No sessions were stopped.
2020-08-11 22:24:53 -WebSocketSession[1 current WS(1)-HttpStream(0)-HttpPoll(0), 6 total, 0 closed abnormally (0 connect failure, 0 send limit, 4 transport error)], stompSubProtocol[processed CONNECT(4)-CONNECTED(4)-DISCONNECT(0)], stompBrokerRelay[null], inboundChannel[pool size = 0, active threads = 0, queued tasks = 0, completed tasks = 51], outboundChannelpool size = 0, active threads = 0, queued tasks = 0, completed tasks = 9], sockJsScheduler[pool size = 4, active threads = 1, queued tasks = 2, completed tasks = 24242]
2020-08-11 22:54:53 -WebSocketSession[1 current WS(1)-HttpStream(0)-HttpPoll(0), 6 total, 0 closed abnormally (0 connect failure, 0 send limit, 4 transport error)], stompSubProtocol[processed CONNECT(4)-CONNECTED(4)-DISCONNECT(0)], stompBrokerRelay[null], inboundChannel[pool size = 0, active threads = 0, queued tasks = 0, completed tasks = 51], outboundChannelpool size = 0, active threads = 0, queued tasks = 0, completed tasks = 9], sockJsScheduler[pool size = 4, active threads = 1, queued tasks = 2, completed tasks = 24675]
2020-08-11 23:24:24 -Validating all active sessions...
2020-08-11 23:24:24 -Finished session validation.  No sessions were stopped.
2020-08-11 23:24:53 -WebSocketSession[1 current WS(1)-HttpStream(0)-HttpPoll(0), 6 total, 0 closed abnormally (0 connect failure, 0 send limit, 4 transport error)], stompSubProtocol[processed CONNECT(4)-CONNECTED(4)-DISCONNECT(0)], stompBrokerRelay[null], inboundChannel[pool size = 0, active threads = 0, queued tasks = 0, completed tasks = 51], outboundChannelpool size = 0, active threads = 0, queued tasks = 0, completed tasks = 9], sockJsScheduler[pool size = 4, active threads = 1, queued tasks = 2, completed tasks = 25108]
2020-08-11 23:54:53 -WebSocketSession[1 current WS(1)-HttpStream(0)-HttpPoll(0), 6 total, 0 closed abnormally (0 connect failure, 0 send limit, 4 transport error)], stompSubProtocol[processed CONNECT(4)-CONNECTED(4)-DISCONNECT(0)], stompBrokerRelay[null], inboundChannel[pool size = 0, active threads = 0, queued tasks = 0, completed tasks = 51], outboundChannelpool size = 0, active threads = 0, queued tasks = 0, completed tasks = 9], sockJsScheduler[pool size = 4, active threads = 1, queued tasks = 2, completed tasks = 25541]
