2020-06-15 11:53:54 -Starting BootdoApplication on PC-20190419SWLO with PID 11088 (C:\Users\Administrator\Desktop\bootdo\bootdo\target\classes started by Administrator in C:\Users\Administrator\Desktop\bootdo\bootdo)
2020-06-15 11:53:55 -Running with Spring Boot v1.5.9.RELEASE, Spring v4.3.13.RELEASE
2020-06-15 11:53:55 -The following profiles are active: dev
2020-06-15 11:53:55 -HV000001: Hibernate Validator 5.3.6.Final
2020-06-15 11:53:55 -Refreshing org.springframework.boot.context.embedded.AnnotationConfigEmbeddedWebApplicationContext@3527942a: startup date [Mon Jun 15 11:53:55 CST 2020]; root of context hierarchy
2020-06-15 11:54:00 -Multiple Spring Data modules found, entering strict repository configuration mode!
2020-06-15 11:54:00 -Multiple Spring Data modules found, entering strict repository configuration mode!
2020-06-15 11:54:01 -Bean 'org.springframework.cache.annotation.ProxyCachingConfiguration' of type [org.springframework.cache.annotation.ProxyCachingConfiguration$$EnhancerBySpringCGLIB$$b67a11c0] is not eligible for getting processed by all BeanPostProcessors (for example: not eligible for auto-proxying)
2020-06-15 11:54:02 -Bean 'org.springframework.boot.autoconfigure.cache.CacheAutoConfiguration' of type [org.springframework.boot.autoconfigure.cache.CacheAutoConfiguration$$EnhancerBySpringCGLIB$$aaedd664] is not eligible for getting processed by all BeanPostProcessors (for example: not eligible for auto-proxying)
2020-06-15 11:54:02 -Bean 'spring.cache-org.springframework.boot.autoconfigure.cache.CacheProperties' of type [org.springframework.boot.autoconfigure.cache.CacheProperties] is not eligible for getting processed by all BeanPostProcessors (for example: not eligible for auto-proxying)
2020-06-15 11:54:02 -Bean 'cacheManagerCustomizers' of type [org.springframework.boot.autoconfigure.cache.CacheManagerCustomizers] is not eligible for getting processed by all BeanPostProcessors (for example: not eligible for auto-proxying)
2020-06-15 11:54:02 -Bean 'org.springframework.boot.autoconfigure.cache.EhCacheCacheConfiguration' of type [org.springframework.boot.autoconfigure.cache.EhCacheCacheConfiguration$$EnhancerBySpringCGLIB$$458ca362] is not eligible for getting processed by all BeanPostProcessors (for example: not eligible for auto-proxying)
2020-06-15 11:54:02 -Bean 'ehCacheCacheManager' of type [net.sf.ehcache.CacheManager] is not eligible for getting processed by all BeanPostProcessors (for example: not eligible for auto-proxying)
2020-06-15 11:54:02 -Bean 'cacheManager' of type [org.springframework.cache.ehcache.EhCacheCacheManager] is not eligible for getting processed by all BeanPostProcessors (for example: not eligible for auto-proxying)
2020-06-15 11:54:02 -Bean 'cacheAutoConfigurationValidator' of type [org.springframework.boot.autoconfigure.cache.CacheAutoConfiguration$CacheManagerValidator] is not eligible for getting processed by all BeanPostProcessors (for example: not eligible for auto-proxying)
2020-06-15 11:54:02 -Bean 'org.springframework.transaction.annotation.ProxyTransactionManagementConfiguration' of type [org.springframework.transaction.annotation.ProxyTransactionManagementConfiguration$$EnhancerBySpringCGLIB$$6d67dba2] is not eligible for getting processed by all BeanPostProcessors (for example: not eligible for auto-proxying)
2020-06-15 11:54:02 -Bean 'shiroConfig' of type [com.bootdo.system.config.ShiroConfig$$EnhancerBySpringCGLIB$$5fc10a49] is not eligible for getting processed by all BeanPostProcessors (for example: not eligible for auto-proxying)
2020-06-15 11:54:03 -Bean 'userRealm' of type [com.bootdo.system.shiro.UserRealm] is not eligible for getting processed by all BeanPostProcessors (for example: not eligible for auto-proxying)
2020-06-15 11:54:03 -No configuration found. Configuring ehcache from ehcache-failsafe.xml  found in the classpath: jar:file:/C:/Users/Administrator/.m2/repository/net/sf/ehcache/ehcache-core/2.5.3/ehcache-core-2.5.3.jar!/ehcache-failsafe.xml
2020-06-15 11:54:03 -Bean 'ehCacheManager' of type [org.apache.shiro.cache.ehcache.EhCacheManager] is not eligible for getting processed by all BeanPostProcessors (for example: not eligible for auto-proxying)
2020-06-15 11:54:03 -Cache with name 'com.bootdo.system.shiro.UserRealm.authorizationCache' does not yet exist.  Creating now.
2020-06-15 11:54:03 -Added EhCache named [com.bootdo.system.shiro.UserRealm.authorizationCache]
2020-06-15 11:54:03 -Bean 'sessionDAO' of type [org.apache.shiro.session.mgt.eis.MemorySessionDAO] is not eligible for getting processed by all BeanPostProcessors (for example: not eligible for auto-proxying)
2020-06-15 11:54:03 -Bean 'sessionManager' of type [org.apache.shiro.web.session.mgt.DefaultWebSessionManager] is not eligible for getting processed by all BeanPostProcessors (for example: not eligible for auto-proxying)
2020-06-15 11:54:03 -Bean 'securityManager' of type [org.apache.shiro.web.mgt.DefaultWebSecurityManager] is not eligible for getting processed by all BeanPostProcessors (for example: not eligible for auto-proxying)
2020-06-15 11:54:03 -Bean 'authorizationAttributeSourceAdvisor' of type [org.apache.shiro.spring.security.interceptor.AuthorizationAttributeSourceAdvisor] is not eligible for getting processed by all BeanPostProcessors (for example: not eligible for auto-proxying)
2020-06-15 11:54:04 -Tomcat initialized with port(s): 8066 (http)
2020-06-15 11:54:04 -Starting service [Tomcat]
2020-06-15 11:54:04 -Starting Servlet Engine: Apache Tomcat/8.5.23
2020-06-15 11:54:04 -Initializing Spring embedded WebApplicationContext
2020-06-15 11:54:04 -Root WebApplicationContext: initialization completed in 8894 ms
2020-06-15 11:54:05 -Mapping filter: 'characterEncodingFilter' to: [/*]
2020-06-15 11:54:05 -Mapping filter: 'hiddenHttpMethodFilter' to: [/*]
2020-06-15 11:54:05 -Mapping filter: 'httpPutFormContentFilter' to: [/*]
2020-06-15 11:54:05 -Mapping filter: 'requestContextFilter' to: [/*]
2020-06-15 11:54:05 -Mapping filter: 'springSecurityFilterChain' to: [/*]
2020-06-15 11:54:05 -Filter xssFilter was not registered (disabled)
2020-06-15 11:54:05 -Mapping filter: 'webStatFilter' to urls: [/*]
2020-06-15 11:54:05 -Mapping filter: 'shiroFilterFactoryBean' to: [/*]
2020-06-15 11:54:05 -Mapping servlet: 'statViewServlet' to [/druid/*]
2020-06-15 11:54:05 -Mapping servlet: 'dispatcherServlet' to [/]
2020-06-15 11:54:06 -{dataSource-1} inited
2020-06-15 11:54:08 -ProcessEngine default created
2020-06-15 11:54:09 -ApplicationContext registed-->org.springframework.boot.context.embedded.AnnotationConfigEmbeddedWebApplicationContext@3527942a: startup date [Mon Jun 15 11:53:55 CST 2020]; root of context hierarchy
2020-06-15 11:54:09 -Using default implementation for ThreadExecutor
2020-06-15 11:54:09 -Initialized Scheduler Signaller of type: class org.quartz.core.SchedulerSignalerImpl
2020-06-15 11:54:09 -Quartz Scheduler v.2.2.1 created.
2020-06-15 11:54:09 -RAMJobStore initialized.
2020-06-15 11:54:09 -Scheduler meta-data: Quartz Scheduler (v2.2.1) 'schedulerFactoryBean' with instanceId 'NON_CLUSTERED'
  Scheduler class: 'org.quartz.core.QuartzScheduler' - running locally.
  NOT STARTED.
  Currently in standby mode.
  Number of jobs executed: 0
  Using thread pool 'org.quartz.simpl.SimpleThreadPool' - with 10 threads.
  Using job-store 'org.quartz.simpl.RAMJobStore' - which does not support persistence. and is not clustered.

2020-06-15 11:54:09 -Quartz scheduler 'schedulerFactoryBean' initialized from an externally provided properties instance.
2020-06-15 11:54:09 -Quartz scheduler version: 2.2.1
2020-06-15 11:54:09 -JobFactory set to: com.bootdo.common.quartz.factory.JobFactory@152e7703
2020-06-15 11:54:09 -Initializing ExecutorService  'clientInboundChannelExecutor'
2020-06-15 11:54:09 -Initializing ExecutorService  'clientOutboundChannelExecutor'
2020-06-15 11:54:10 -Mapped "{[/activiti/model/{id}],methods=[DELETE]}" onto public com.bootdo.common.utils.R com.bootdo.activiti.controller.ModelController.remove(java.lang.String)
2020-06-15 11:54:10 -Mapped "{[/activiti/model/list],methods=[GET]}" onto com.bootdo.common.utils.PageUtils com.bootdo.activiti.controller.ModelController.list(int,int)
2020-06-15 11:54:10 -Mapped "{[/activiti/model/batchRemove],methods=[POST]}" onto public com.bootdo.common.utils.R com.bootdo.activiti.controller.ModelController.batchRemove(java.lang.String[])
2020-06-15 11:54:10 -Mapped "{[/activiti/model],methods=[GET]}" onto org.springframework.web.servlet.ModelAndView com.bootdo.activiti.controller.ModelController.model()
2020-06-15 11:54:10 -Mapped "{[/activiti/model/add]}" onto public void com.bootdo.activiti.controller.ModelController.newModel(javax.servlet.http.HttpServletResponse) throws java.io.UnsupportedEncodingException
2020-06-15 11:54:10 -Mapped "{[/activiti/model/{modelId}/json],methods=[GET]}" onto public com.fasterxml.jackson.databind.node.ObjectNode com.bootdo.activiti.controller.ModelController.getEditorJson(java.lang.String)
2020-06-15 11:54:10 -Mapped "{[/activiti/editor/stencilset],methods=[GET],produces=[application/json;charset=utf-8]}" onto public java.lang.String com.bootdo.activiti.controller.ModelController.getStencilset()
2020-06-15 11:54:10 -Mapped "{[/activiti/model/edit/{id}],methods=[GET]}" onto public void com.bootdo.activiti.controller.ModelController.edit(javax.servlet.http.HttpServletResponse,java.lang.String)
2020-06-15 11:54:10 -Mapped "{[/activiti/model/deploy/{id}],methods=[POST]}" onto public com.bootdo.common.utils.R com.bootdo.activiti.controller.ModelController.deploy(java.lang.String) throws java.lang.Exception
2020-06-15 11:54:10 -Mapped "{[/activiti/model/{modelId}/save],methods=[PUT]}" onto public void com.bootdo.activiti.controller.ModelController.saveModel(java.lang.String,java.lang.String,java.lang.String,java.lang.String,java.lang.String)
2020-06-15 11:54:10 -Mapped "{[/activiti/model/export/{id}],methods=[GET]}" onto public void com.bootdo.activiti.controller.ModelController.exportToXml(java.lang.String,javax.servlet.http.HttpServletResponse)
2020-06-15 11:54:10 -Mapped "{[/activiti/process/add],methods=[GET]}" onto public org.springframework.web.servlet.ModelAndView com.bootdo.activiti.controller.ProcessController.add()
2020-06-15 11:54:10 -Mapped "{[/activiti/process/remove],methods=[POST]}" onto public com.bootdo.common.utils.R com.bootdo.activiti.controller.ProcessController.remove(java.lang.String)
2020-06-15 11:54:10 -Mapped "{[/activiti/process/list],methods=[GET]}" onto com.bootdo.common.utils.PageUtils com.bootdo.activiti.controller.ProcessController.list(int,int)
2020-06-15 11:54:10 -Mapped "{[/activiti/process/batchRemove],methods=[POST]}" onto public com.bootdo.common.utils.R com.bootdo.activiti.controller.ProcessController.batchRemove(java.lang.String[])
2020-06-15 11:54:10 -Mapped "{[/activiti/process],methods=[GET]}" onto org.springframework.web.servlet.ModelAndView com.bootdo.activiti.controller.ProcessController.process()
2020-06-15 11:54:10 -Mapped "{[/activiti/process/save],methods=[POST]}" onto public com.bootdo.common.utils.R com.bootdo.activiti.controller.ProcessController.deploy(java.lang.String,java.lang.String,org.springframework.web.multipart.MultipartFile)
2020-06-15 11:54:10 -Mapped "{[/activiti/process/resource/read/{xml}/{id}]}" onto public void com.bootdo.activiti.controller.ProcessController.resourceRead(java.lang.String,java.lang.String,javax.servlet.http.HttpServletResponse) throws java.lang.Exception
2020-06-15 11:54:10 -Mapped "{[/activiti/process/convertToModel/{procDefId}]}" onto public com.bootdo.common.utils.R com.bootdo.activiti.controller.ProcessController.convertToModel(java.lang.String,org.springframework.web.servlet.mvc.support.RedirectAttributes) throws java.io.UnsupportedEncodingException,javax.xml.stream.XMLStreamException
2020-06-15 11:54:10 -Mapped "{[/act/salary/form],methods=[GET]}" onto java.lang.String com.bootdo.activiti.controller.SalaryController.add()
2020-06-15 11:54:10 -Mapped "{[/act/salary/remove],methods=[POST]}" onto public com.bootdo.common.utils.R com.bootdo.activiti.controller.SalaryController.remove(java.lang.String)
2020-06-15 11:54:10 -Mapped "{[/act/salary/batchRemove],methods=[POST]}" onto public com.bootdo.common.utils.R com.bootdo.activiti.controller.SalaryController.remove(java.lang.String[])
2020-06-15 11:54:10 -Mapped "{[/act/salary/update]}" onto public com.bootdo.common.utils.R com.bootdo.activiti.controller.SalaryController.update(com.bootdo.activiti.domain.SalaryDO)
2020-06-15 11:54:10 -Mapped "{[/act/salary/list],methods=[GET]}" onto public com.bootdo.common.utils.PageUtils com.bootdo.activiti.controller.SalaryController.list(java.util.Map<java.lang.String, java.lang.Object>)
2020-06-15 11:54:10 -Mapped "{[/act/salary/form/{taskId}],methods=[GET]}" onto java.lang.String com.bootdo.activiti.controller.SalaryController.edit(java.lang.String,org.springframework.ui.Model)
2020-06-15 11:54:10 -Mapped "{[/act/salary],methods=[GET]}" onto java.lang.String com.bootdo.activiti.controller.SalaryController.Salary()
2020-06-15 11:54:10 -Mapped "{[/act/salary/save],methods=[POST]}" onto public com.bootdo.common.utils.R com.bootdo.activiti.controller.SalaryController.saveOrUpdate(com.bootdo.activiti.domain.SalaryDO)
2020-06-15 11:54:10 -Mapped "{[/activiti/task/form/{procDefId}/{taskId}],methods=[GET]}" onto public void com.bootdo.activiti.controller.TaskController.form(java.lang.String,java.lang.String,javax.servlet.http.HttpServletResponse) throws java.io.IOException
2020-06-15 11:54:10 -Mapped "{[/activiti/task/gotoList],methods=[GET]}" onto com.bootdo.common.utils.PageUtils com.bootdo.activiti.controller.TaskController.list(int,int)
2020-06-15 11:54:10 -Mapped "{[/activiti/task/goto],methods=[GET]}" onto public org.springframework.web.servlet.ModelAndView com.bootdo.activiti.controller.TaskController.gotoTask()
2020-06-15 11:54:10 -Mapped "{[/activiti/task/form/{procDefId}],methods=[GET]}" onto public void com.bootdo.activiti.controller.TaskController.startForm(java.lang.String,javax.servlet.http.HttpServletResponse) throws java.io.IOException
2020-06-15 11:54:10 -Mapped "{[/activiti/task/todo],methods=[GET]}" onto org.springframework.web.servlet.ModelAndView com.bootdo.activiti.controller.TaskController.todo()
2020-06-15 11:54:10 -Mapped "{[/activiti/task/todoList],methods=[GET]}" onto java.util.List<com.bootdo.activiti.vo.TaskVO> com.bootdo.activiti.controller.TaskController.todoList()
2020-06-15 11:54:10 -Mapped "{[/activiti/task/trace/photo/{procDefId}/{execId}]}" onto public void com.bootdo.activiti.controller.TaskController.tracePhoto(java.lang.String,java.lang.String,javax.servlet.http.HttpServletResponse) throws java.lang.Exception
2020-06-15 11:54:10 -Mapped "{[/blog/open/post/{cid}],methods=[GET]}" onto java.lang.String com.bootdo.blog.controller.BlogController.post(java.lang.Long,org.springframework.ui.Model)
2020-06-15 11:54:10 -Mapped "{[/blog/open/list],methods=[GET]}" onto public com.bootdo.common.utils.PageUtils com.bootdo.blog.controller.BlogController.opentList(java.util.Map<java.lang.String, java.lang.Object>)
2020-06-15 11:54:10 -Mapped "{[/blog],methods=[GET]}" onto java.lang.String com.bootdo.blog.controller.BlogController.blog()
2020-06-15 11:54:10 -Mapped "{[/blog/open/page/{categories}],methods=[GET]}" onto java.lang.String com.bootdo.blog.controller.BlogController.about(java.lang.String,org.springframework.ui.Model)
2020-06-15 11:54:10 -Mapped "{[/blog/bContent/add],methods=[GET]}" onto java.lang.String com.bootdo.blog.controller.ContentController.add()
2020-06-15 11:54:10 -Mapped "{[/blog/bContent/remove],methods=[POST]}" onto public com.bootdo.common.utils.R com.bootdo.blog.controller.ContentController.remove(java.lang.Long)
2020-06-15 11:54:10 -Mapped "{[/blog/bContent/batchRemove],methods=[POST]}" onto public com.bootdo.common.utils.R com.bootdo.blog.controller.ContentController.remove(java.lang.Long[])
2020-06-15 11:54:10 -Mapped "{[/blog/bContent/update]}" onto public com.bootdo.common.utils.R com.bootdo.blog.controller.ContentController.update(com.bootdo.blog.domain.ContentDO)
2020-06-15 11:54:10 -Mapped "{[/blog/bContent/list],methods=[GET]}" onto public com.bootdo.common.utils.PageUtils com.bootdo.blog.controller.ContentController.list(java.util.Map<java.lang.String, java.lang.Object>)
2020-06-15 11:54:10 -Mapped "{[/blog/bContent/save],methods=[POST]}" onto public com.bootdo.common.utils.R com.bootdo.blog.controller.ContentController.save(com.bootdo.blog.domain.ContentDO)
2020-06-15 11:54:10 -Mapped "{[/blog/bContent],methods=[GET]}" onto java.lang.String com.bootdo.blog.controller.ContentController.bContent()
2020-06-15 11:54:10 -Mapped "{[/blog/bContent/edit/{cid}],methods=[GET]}" onto java.lang.String com.bootdo.blog.controller.ContentController.edit(java.lang.Long,org.springframework.ui.Model)
2020-06-15 11:54:10 -Mapped "{[/common/dict/add],methods=[GET]}" onto java.lang.String com.bootdo.common.controller.DictController.add()
2020-06-15 11:54:10 -Mapped "{[/common/dict/remove],methods=[POST]}" onto public com.bootdo.common.utils.R com.bootdo.common.controller.DictController.remove(java.lang.Long)
2020-06-15 11:54:10 -Mapped "{[/common/dict/batchRemove],methods=[POST]}" onto public com.bootdo.common.utils.R com.bootdo.common.controller.DictController.remove(java.lang.Long[])
2020-06-15 11:54:10 -Mapped "{[/common/dict/update]}" onto public com.bootdo.common.utils.R com.bootdo.common.controller.DictController.update(com.bootdo.common.domain.DictDO)
2020-06-15 11:54:10 -Mapped "{[/common/dict/list],methods=[GET]}" onto public com.bootdo.common.utils.PageUtils com.bootdo.common.controller.DictController.list(java.util.Map<java.lang.String, java.lang.Object>)
2020-06-15 11:54:10 -Mapped "{[/common/dict/save],methods=[POST]}" onto public com.bootdo.common.utils.R com.bootdo.common.controller.DictController.save(com.bootdo.common.domain.DictDO)
2020-06-15 11:54:10 -Mapped "{[/common/dict/type],methods=[GET]}" onto public java.util.List<com.bootdo.common.domain.DictDO> com.bootdo.common.controller.DictController.listType()
2020-06-15 11:54:10 -Mapped "{[/common/dict],methods=[GET]}" onto java.lang.String com.bootdo.common.controller.DictController.dict()
2020-06-15 11:54:10 -Mapped "{[/common/dict/add/{type}/{description}],methods=[GET]}" onto java.lang.String com.bootdo.common.controller.DictController.addD(org.springframework.ui.Model,java.lang.String,java.lang.String)
2020-06-15 11:54:10 -Mapped "{[/common/dict/list/{type}],methods=[GET]}" onto public java.util.List<com.bootdo.common.domain.DictDO> com.bootdo.common.controller.DictController.listByType(java.lang.String)
2020-06-15 11:54:10 -Mapped "{[/common/dict/edit/{id}],methods=[GET]}" onto java.lang.String com.bootdo.common.controller.DictController.edit(java.lang.Long,org.springframework.ui.Model)
2020-06-15 11:54:10 -Mapped "{[/common/sysFile/add],methods=[GET]}" onto java.lang.String com.bootdo.common.controller.FileController.add()
2020-06-15 11:54:10 -Mapped "{[/common/sysFile/remove],methods=[POST]}" onto public com.bootdo.common.utils.R com.bootdo.common.controller.FileController.remove(java.lang.Long,javax.servlet.http.HttpServletRequest)
2020-06-15 11:54:10 -Mapped "{[/common/sysFile/batchRemove],methods=[POST]}" onto public com.bootdo.common.utils.R com.bootdo.common.controller.FileController.remove(java.lang.Long[])
2020-06-15 11:54:10 -Mapped "{[/common/sysFile/update]}" onto public com.bootdo.common.utils.R com.bootdo.common.controller.FileController.update(com.bootdo.common.domain.FileDO)
2020-06-15 11:54:10 -Mapped "{[/common/sysFile/list],methods=[GET]}" onto public com.bootdo.common.utils.PageUtils com.bootdo.common.controller.FileController.list(java.util.Map<java.lang.String, java.lang.Object>)
2020-06-15 11:54:10 -Mapped "{[/common/sysFile/save],methods=[POST]}" onto public com.bootdo.common.utils.R com.bootdo.common.controller.FileController.save(com.bootdo.common.domain.FileDO)
2020-06-15 11:54:10 -Mapped "{[/common/sysFile/info/{id}]}" onto public com.bootdo.common.utils.R com.bootdo.common.controller.FileController.info(java.lang.Long)
2020-06-15 11:54:10 -Mapped "{[/common/sysFile],methods=[GET]}" onto java.lang.String com.bootdo.common.controller.FileController.sysFile(org.springframework.ui.Model)
2020-06-15 11:54:10 -Mapped "{[/common/sysFile/upload],methods=[POST]}" onto com.bootdo.common.utils.R com.bootdo.common.controller.FileController.upload(org.springframework.web.multipart.MultipartFile,javax.servlet.http.HttpServletRequest)
2020-06-15 11:54:10 -Mapped "{[/common/sysFile/edit],methods=[GET]}" onto java.lang.String com.bootdo.common.controller.FileController.edit(java.lang.Long,org.springframework.ui.Model)
2020-06-15 11:54:10 -Mapped "{[/common/generator/update],methods=[POST]}" onto com.bootdo.common.utils.R com.bootdo.common.controller.GeneratorController.update(java.util.Map<java.lang.String, java.lang.Object>)
2020-06-15 11:54:10 -Mapped "{[/common/generator/list],methods=[GET]}" onto java.util.List<java.util.Map<java.lang.String, java.lang.Object>> com.bootdo.common.controller.GeneratorController.list()
2020-06-15 11:54:10 -Mapped "{[/common/generator/code/{tableName}]}" onto public void com.bootdo.common.controller.GeneratorController.code(javax.servlet.http.HttpServletRequest,javax.servlet.http.HttpServletResponse,java.lang.String) throws java.io.IOException
2020-06-15 11:54:10 -Mapped "{[/common/generator],methods=[GET]}" onto java.lang.String com.bootdo.common.controller.GeneratorController.generator()
2020-06-15 11:54:10 -Mapped "{[/common/generator/batchCode]}" onto public void com.bootdo.common.controller.GeneratorController.batchCode(javax.servlet.http.HttpServletRequest,javax.servlet.http.HttpServletResponse,java.lang.String) throws java.io.IOException
2020-06-15 11:54:10 -Mapped "{[/common/generator/edit],methods=[GET]}" onto public java.lang.String com.bootdo.common.controller.GeneratorController.edit(org.springframework.ui.Model)
2020-06-15 11:54:10 -Mapped "{[/common/job/add],methods=[GET]}" onto java.lang.String com.bootdo.common.controller.JobController.add()
2020-06-15 11:54:10 -Mapped "{[/common/job/remove],methods=[POST]}" onto public com.bootdo.common.utils.R com.bootdo.common.controller.JobController.remove(java.lang.Long)
2020-06-15 11:54:10 -Mapped "{[/common/job/batchRemove],methods=[POST]}" onto public com.bootdo.common.utils.R com.bootdo.common.controller.JobController.remove(java.lang.Long[])
2020-06-15 11:54:10 -Mapped "{[/common/job/update],methods=[POST]}" onto public com.bootdo.common.utils.R com.bootdo.common.controller.JobController.update(com.bootdo.common.domain.TaskDO)
2020-06-15 11:54:10 -Mapped "{[/common/job/list],methods=[GET]}" onto public com.bootdo.common.utils.PageUtils com.bootdo.common.controller.JobController.list(java.util.Map<java.lang.String, java.lang.Object>)
2020-06-15 11:54:10 -Mapped "{[/common/job/save],methods=[POST]}" onto public com.bootdo.common.utils.R com.bootdo.common.controller.JobController.save(com.bootdo.common.domain.TaskDO)
2020-06-15 11:54:10 -Mapped "{[/common/job/info/{id}]}" onto public com.bootdo.common.utils.R com.bootdo.common.controller.JobController.info(java.lang.Long)
2020-06-15 11:54:10 -Mapped "{[/common/job/changeJobStatus],methods=[POST]}" onto public com.bootdo.common.utils.R com.bootdo.common.controller.JobController.changeJobStatus(java.lang.Long,java.lang.String)
2020-06-15 11:54:10 -Mapped "{[/common/job],methods=[GET]}" onto java.lang.String com.bootdo.common.controller.JobController.taskScheduleJob()
2020-06-15 11:54:10 -Mapped "{[/common/job/edit/{id}],methods=[GET]}" onto java.lang.String com.bootdo.common.controller.JobController.edit(java.lang.Long,org.springframework.ui.Model)
2020-06-15 11:54:10 -Mapped "{[/common/log/remove],methods=[POST]}" onto com.bootdo.common.utils.R com.bootdo.common.controller.LogController.remove(java.lang.Long)
2020-06-15 11:54:10 -Mapped "{[/common/log],methods=[GET]}" onto java.lang.String com.bootdo.common.controller.LogController.log()
2020-06-15 11:54:10 -Mapped "{[/common/log/list],methods=[GET]}" onto com.bootdo.common.domain.PageDO<com.bootdo.common.domain.LogDO> com.bootdo.common.controller.LogController.list(java.util.Map<java.lang.String, java.lang.Object>)
2020-06-15 11:54:10 -Mapped "{[/common/log/batchRemove],methods=[POST]}" onto com.bootdo.common.utils.R com.bootdo.common.controller.LogController.batchRemove(java.lang.Long[])
2020-06-15 11:54:10 -Mapped "{[/error]}" onto public com.bootdo.common.utils.R com.bootdo.common.exception.MainsiteErrorController.handleError(javax.servlet.http.HttpServletRequest,javax.servlet.http.HttpServletResponse)
2020-06-15 11:54:10 -Mapped "{[/error],produces=[text/html]}" onto public org.springframework.web.servlet.ModelAndView com.bootdo.common.exception.MainsiteErrorController.errorHtml(javax.servlet.http.HttpServletRequest,javax.servlet.http.HttpServletResponse)
2020-06-15 11:54:10 -Mapped "{[/oa/notify/add],methods=[GET]}" onto java.lang.String com.bootdo.oa.controller.NotifyController.add()
2020-06-15 11:54:10 -Mapped "{[/oa/notify/remove],methods=[POST]}" onto public com.bootdo.common.utils.R com.bootdo.oa.controller.NotifyController.remove(java.lang.Long)
2020-06-15 11:54:10 -Mapped "{[/oa/notify/batchRemove],methods=[POST]}" onto public com.bootdo.common.utils.R com.bootdo.oa.controller.NotifyController.remove(java.lang.Long[])
2020-06-15 11:54:10 -Mapped "{[/oa/notify/update]}" onto public com.bootdo.common.utils.R com.bootdo.oa.controller.NotifyController.update(com.bootdo.oa.domain.NotifyDO)
2020-06-15 11:54:10 -Mapped "{[/oa/notify/read/{id}],methods=[GET]}" onto java.lang.String com.bootdo.oa.controller.NotifyController.read(java.lang.Long,org.springframework.ui.Model)
2020-06-15 11:54:10 -Mapped "{[/oa/notify/list],methods=[GET]}" onto public com.bootdo.common.utils.PageUtils com.bootdo.oa.controller.NotifyController.list(java.util.Map<java.lang.String, java.lang.Object>)
2020-06-15 11:54:10 -Mapped "{[/oa/notify/save],methods=[POST]}" onto public com.bootdo.common.utils.R com.bootdo.oa.controller.NotifyController.save(com.bootdo.oa.domain.NotifyDO)
2020-06-15 11:54:10 -Mapped "{[/oa/notify/message],methods=[GET]}" onto com.bootdo.common.utils.PageUtils com.bootdo.oa.controller.NotifyController.message()
2020-06-15 11:54:10 -Mapped "{[/oa/notify/selfList],methods=[GET]}" onto com.bootdo.common.utils.PageUtils com.bootdo.oa.controller.NotifyController.selfList(java.util.Map<java.lang.String, java.lang.Object>)
2020-06-15 11:54:10 -Mapped "{[/oa/notify],methods=[GET]}" onto java.lang.String com.bootdo.oa.controller.NotifyController.oaNotify()
2020-06-15 11:54:10 -Mapped "{[/oa/notify/selfNotify],methods=[GET]}" onto java.lang.String com.bootdo.oa.controller.NotifyController.selefNotify()
2020-06-15 11:54:10 -Mapped "{[/oa/notify/edit/{id}],methods=[GET]}" onto java.lang.String com.bootdo.oa.controller.NotifyController.edit(java.lang.Long,org.springframework.ui.Model)
2020-06-15 11:54:10 -Mapped "{[/autotest],methods=[GET]}" onto java.lang.String com.bootdo.system.controller.AutoTestController.welcome(org.springframework.ui.Model)
2020-06-15 11:54:10 -Mapped "{[/system/sysDept/add/{pId}],methods=[GET]}" onto java.lang.String com.bootdo.system.controller.DeptController.add(java.lang.Long,org.springframework.ui.Model)
2020-06-15 11:54:10 -Mapped "{[/system/sysDept/remove],methods=[POST]}" onto public com.bootdo.common.utils.R com.bootdo.system.controller.DeptController.remove(java.lang.Long)
2020-06-15 11:54:10 -Mapped "{[/system/sysDept/batchRemove],methods=[POST]}" onto public com.bootdo.common.utils.R com.bootdo.system.controller.DeptController.remove(java.lang.Long[])
2020-06-15 11:54:10 -Mapped "{[/system/sysDept/update]}" onto public com.bootdo.common.utils.R com.bootdo.system.controller.DeptController.update(com.bootdo.system.domain.DeptDO)
2020-06-15 11:54:10 -Mapped "{[/system/sysDept/list],methods=[GET]}" onto public java.util.List<com.bootdo.system.domain.DeptDO> com.bootdo.system.controller.DeptController.list()
2020-06-15 11:54:10 -Mapped "{[/system/sysDept/save],methods=[POST]}" onto public com.bootdo.common.utils.R com.bootdo.system.controller.DeptController.save(com.bootdo.system.domain.DeptDO)
2020-06-15 11:54:10 -Mapped "{[/system/sysDept/tree],methods=[GET]}" onto public com.bootdo.common.domain.Tree<com.bootdo.system.domain.DeptDO> com.bootdo.system.controller.DeptController.tree()
2020-06-15 11:54:10 -Mapped "{[/system/sysDept],methods=[GET]}" onto java.lang.String com.bootdo.system.controller.DeptController.dept()
2020-06-15 11:54:10 -Mapped "{[/system/sysDept/treeView],methods=[GET]}" onto java.lang.String com.bootdo.system.controller.DeptController.treeView()
2020-06-15 11:54:10 -Mapped "{[/system/sysDept/edit/{deptId}],methods=[GET]}" onto java.lang.String com.bootdo.system.controller.DeptController.edit(java.lang.Long,org.springframework.ui.Model)
2020-06-15 11:54:10 -Mapped "{[/index],methods=[GET]}" onto java.lang.String com.bootdo.system.controller.LoginController.index(org.springframework.ui.Model)
2020-06-15 11:54:10 -Mapped "{[/main],methods=[GET]}" onto java.lang.String com.bootdo.system.controller.LoginController.main()
2020-06-15 11:54:10 -Mapped "{[/info],methods=[GET]}" onto public com.bootdo.common.utils.R com.bootdo.system.controller.LoginController.info()
2020-06-15 11:54:10 -Mapped "{[/login],methods=[GET]}" onto java.lang.String com.bootdo.system.controller.LoginController.login()
2020-06-15 11:54:10 -Mapped "{[/logout],methods=[GET]}" onto java.lang.String com.bootdo.system.controller.LoginController.logout()
2020-06-15 11:54:10 -Mapped "{[/ || ],methods=[GET]}" onto java.lang.String com.bootdo.system.controller.LoginController.welcome(org.springframework.ui.Model)
2020-06-15 11:54:10 -Mapped "{[/login],methods=[POST]}" onto com.bootdo.common.utils.R com.bootdo.system.controller.LoginController.ajaxLogin(java.lang.String,java.lang.String)
2020-06-15 11:54:10 -Mapped "{[/sys/menu/add/{pId}],methods=[GET]}" onto java.lang.String com.bootdo.system.controller.MenuController.add(org.springframework.ui.Model,java.lang.Long)
2020-06-15 11:54:10 -Mapped "{[/sys/menu/remove],methods=[POST]}" onto com.bootdo.common.utils.R com.bootdo.system.controller.MenuController.remove(java.lang.Long)
2020-06-15 11:54:10 -Mapped "{[/sys/menu/update],methods=[POST]}" onto com.bootdo.common.utils.R com.bootdo.system.controller.MenuController.update(com.bootdo.system.domain.MenuDO)
2020-06-15 11:54:10 -Mapped "{[/sys/menu/list]}" onto java.util.List<com.bootdo.system.domain.MenuDO> com.bootdo.system.controller.MenuController.list(java.util.Map<java.lang.String, java.lang.Object>)
2020-06-15 11:54:10 -Mapped "{[/sys/menu/save],methods=[POST]}" onto com.bootdo.common.utils.R com.bootdo.system.controller.MenuController.save(com.bootdo.system.domain.MenuDO)
2020-06-15 11:54:10 -Mapped "{[/sys/menu/tree/{roleId}],methods=[GET]}" onto com.bootdo.common.domain.Tree<com.bootdo.system.domain.MenuDO> com.bootdo.system.controller.MenuController.tree(java.lang.Long)
2020-06-15 11:54:10 -Mapped "{[/sys/menu/tree],methods=[GET]}" onto com.bootdo.common.domain.Tree<com.bootdo.system.domain.MenuDO> com.bootdo.system.controller.MenuController.tree()
2020-06-15 11:54:10 -Mapped "{[/sys/menu],methods=[GET]}" onto java.lang.String com.bootdo.system.controller.MenuController.menu(org.springframework.ui.Model)
2020-06-15 11:54:10 -Mapped "{[/sys/menu/edit/{id}],methods=[GET]}" onto java.lang.String com.bootdo.system.controller.MenuController.edit(org.springframework.ui.Model,java.lang.Long)
2020-06-15 11:54:10 -Mapped "{[/sys/role/add],methods=[GET]}" onto java.lang.String com.bootdo.system.controller.RoleController.add()
2020-06-15 11:54:10 -Mapped "{[/sys/role/update],methods=[POST]}" onto com.bootdo.common.utils.R com.bootdo.system.controller.RoleController.update(com.bootdo.system.domain.RoleDO)
2020-06-15 11:54:10 -Mapped "{[/sys/role/list],methods=[GET]}" onto java.util.List<com.bootdo.system.domain.RoleDO> com.bootdo.system.controller.RoleController.list()
2020-06-15 11:54:10 -Mapped "{[/sys/role/remove],methods=[POST]}" onto com.bootdo.common.utils.R com.bootdo.system.controller.RoleController.save(java.lang.Long)
2020-06-15 11:54:10 -Mapped "{[/sys/role/save],methods=[POST]}" onto com.bootdo.common.utils.R com.bootdo.system.controller.RoleController.save(com.bootdo.system.domain.RoleDO)
2020-06-15 11:54:10 -Mapped "{[/sys/role/batchRemove],methods=[POST]}" onto com.bootdo.common.utils.R com.bootdo.system.controller.RoleController.batchRemove(java.lang.Long[])
2020-06-15 11:54:10 -Mapped "{[/sys/role],methods=[GET]}" onto java.lang.String com.bootdo.system.controller.RoleController.role()
2020-06-15 11:54:10 -Mapped "{[/sys/role/edit/{id}],methods=[GET]}" onto java.lang.String com.bootdo.system.controller.RoleController.edit(java.lang.Long,org.springframework.ui.Model)
2020-06-15 11:54:10 -Mapped "{[/say/getUserName],methods=[GET]}" onto public java.lang.String com.bootdo.system.controller.SayController.getUserName(java.lang.Integer)
2020-06-15 11:54:10 -Mapped "{[/say/updatePassword]}" onto public java.lang.String com.bootdo.system.controller.SayController.updatePassword(java.lang.Integer,java.lang.String,java.lang.String)
2020-06-15 11:54:10 -Mapped "{[/sys/online/list]}" onto public java.util.List<com.bootdo.system.domain.UserOnline> com.bootdo.system.controller.SessionController.list()
2020-06-15 11:54:10 -Mapped "{[/sys/online/forceLogout/{sessionId}]}" onto public com.bootdo.common.utils.R com.bootdo.system.controller.SessionController.forceLogout(java.lang.String,org.springframework.web.servlet.mvc.support.RedirectAttributes)
2020-06-15 11:54:10 -Mapped "{[/sys/online/sessionList]}" onto public java.util.Collection<org.apache.shiro.session.Session> com.bootdo.system.controller.SessionController.sessionList()
2020-06-15 11:54:10 -Mapped "{[/sys/online],methods=[GET]}" onto public java.lang.String com.bootdo.system.controller.SessionController.online()
2020-06-15 11:54:10 -Mapped "{[/sys/user/exit],methods=[POST]}" onto boolean com.bootdo.system.controller.UserController.exit(java.util.Map<java.lang.String, java.lang.Object>)
2020-06-15 11:54:10 -Mapped "{[/sys/user/add],methods=[GET]}" onto java.lang.String com.bootdo.system.controller.UserController.add(org.springframework.ui.Model)
2020-06-15 11:54:10 -Mapped "{[/sys/user/remove],methods=[POST]}" onto com.bootdo.common.utils.R com.bootdo.system.controller.UserController.remove(java.lang.Long)
2020-06-15 11:54:10 -Mapped "{[/sys/user/update],methods=[POST]}" onto com.bootdo.common.utils.R com.bootdo.system.controller.UserController.update(com.bootdo.system.domain.UserDO)
2020-06-15 11:54:10 -Mapped "{[/sys/user/list],methods=[GET]}" onto com.bootdo.common.utils.PageUtils com.bootdo.system.controller.UserController.list(java.util.Map<java.lang.String, java.lang.Object>)
2020-06-15 11:54:10 -Mapped "{[/sys/user/save],methods=[POST]}" onto com.bootdo.common.utils.R com.bootdo.system.controller.UserController.save(com.bootdo.system.domain.UserDO)
2020-06-15 11:54:10 -Mapped "{[/sys/user/batchRemove],methods=[POST]}" onto com.bootdo.common.utils.R com.bootdo.system.controller.UserController.batchRemove(java.lang.Long[])
2020-06-15 11:54:10 -Mapped "{[/sys/user/tree],methods=[GET]}" onto public com.bootdo.common.domain.Tree<com.bootdo.system.domain.DeptDO> com.bootdo.system.controller.UserController.tree()
2020-06-15 11:54:10 -Mapped "{[/sys/user],methods=[GET]}" onto java.lang.String com.bootdo.system.controller.UserController.user(org.springframework.ui.Model)
2020-06-15 11:54:10 -Mapped "{[/sys/user/treeView],methods=[GET]}" onto java.lang.String com.bootdo.system.controller.UserController.treeView()
2020-06-15 11:54:10 -Mapped "{[/sys/user/updatePeronal],methods=[POST]}" onto com.bootdo.common.utils.R com.bootdo.system.controller.UserController.updatePeronal(com.bootdo.system.domain.UserDO)
2020-06-15 11:54:10 -Mapped "{[/sys/user/resetPwd],methods=[POST]}" onto com.bootdo.common.utils.R com.bootdo.system.controller.UserController.resetPwd(com.bootdo.system.vo.UserVO)
2020-06-15 11:54:10 -Mapped "{[/sys/user/resetPwd/{id}],methods=[GET]}" onto java.lang.String com.bootdo.system.controller.UserController.resetPwd(java.lang.Long,org.springframework.ui.Model)
2020-06-15 11:54:10 -Mapped "{[/sys/user/adminResetPwd],methods=[POST]}" onto com.bootdo.common.utils.R com.bootdo.system.controller.UserController.adminResetPwd(com.bootdo.system.vo.UserVO)
2020-06-15 11:54:10 -Mapped "{[/sys/user/personal],methods=[GET]}" onto java.lang.String com.bootdo.system.controller.UserController.personal(org.springframework.ui.Model)
2020-06-15 11:54:10 -Mapped "{[/sys/user/uploadImg],methods=[POST]}" onto com.bootdo.common.utils.R com.bootdo.system.controller.UserController.uploadImg(org.springframework.web.multipart.MultipartFile,java.lang.String,javax.servlet.http.HttpServletRequest)
2020-06-15 11:54:10 -Mapped "{[/sys/user/edit/{id}],methods=[GET]}" onto java.lang.String com.bootdo.system.controller.UserController.edit(org.springframework.ui.Model,java.lang.Long)
2020-06-15 11:54:10 -Mapped "{[/v2/api-docs],methods=[GET],produces=[application/json || application/hal+json]}" onto public org.springframework.http.ResponseEntity<springfox.documentation.spring.web.json.Json> springfox.documentation.swagger2.web.Swagger2Controller.getDocumentation(java.lang.String,javax.servlet.http.HttpServletRequest)
2020-06-15 11:54:11 -Mapped "{[/swagger-resources/configuration/ui]}" onto org.springframework.http.ResponseEntity<springfox.documentation.swagger.web.UiConfiguration> springfox.documentation.swagger.web.ApiResourceController.uiConfiguration()
2020-06-15 11:54:11 -Mapped "{[/swagger-resources]}" onto org.springframework.http.ResponseEntity<java.util.List<springfox.documentation.swagger.web.SwaggerResource>> springfox.documentation.swagger.web.ApiResourceController.swaggerResources()
2020-06-15 11:54:11 -Mapped "{[/swagger-resources/configuration/security]}" onto org.springframework.http.ResponseEntity<springfox.documentation.swagger.web.SecurityConfiguration> springfox.documentation.swagger.web.ApiResourceController.securityConfiguration()
2020-06-15 11:54:11 -Initializing ExecutorService  'messageBrokerTaskScheduler'
2020-06-15 11:54:11 -Mapped URL path [/endpointChat/**] onto handler of type [class org.springframework.web.socket.sockjs.support.SockJsHttpRequestHandler]
2020-06-15 11:54:11 -Initializing ExecutorService  'brokerChannelExecutor'
2020-06-15 11:54:11 -Looking for @ControllerAdvice: org.springframework.boot.context.embedded.AnnotationConfigEmbeddedWebApplicationContext@3527942a: startup date [Mon Jun 15 11:53:55 CST 2020]; root of context hierarchy
2020-06-15 11:54:12 -Mapped URL path [/files/**] onto handler of type [class org.springframework.web.servlet.resource.ResourceHttpRequestHandler]
2020-06-15 11:54:12 -Mapped URL path [/webjars/**] onto handler of type [class org.springframework.web.servlet.resource.ResourceHttpRequestHandler]
2020-06-15 11:54:12 -Mapped URL path [/**] onto handler of type [class org.springframework.web.servlet.resource.ResourceHttpRequestHandler]
2020-06-15 11:54:12 -Detected @ExceptionHandler methods in BDExceptionHandler
2020-06-15 11:54:12 -Mapped URL path [/**/favicon.ico] onto handler of type [class org.springframework.web.servlet.resource.ResourceHttpRequestHandler]
2020-06-15 11:54:13 -Cluster created with settings {hosts=[127.0.0.1:27017], mode=MULTIPLE, requiredClusterType=UNKNOWN, serverSelectionTimeout='30000 ms', maxWaitQueueSize=500}
2020-06-15 11:54:13 -Adding discovered server 127.0.0.1:27017 to client view of cluster
2020-06-15 11:54:15 -Exception in monitor thread while connecting to server 127.0.0.1:27017
com.mongodb.MongoSocketOpenException: Exception opening socket
	at com.mongodb.connection.SocketStream.open(SocketStream.java:63)
	at com.mongodb.connection.InternalStreamConnection.open(InternalStreamConnection.java:115)
	at com.mongodb.connection.DefaultServerMonitor$ServerMonitorRunnable.run(DefaultServerMonitor.java:113)
	at java.lang.Thread.run(Thread.java:748)
Caused by: java.net.ConnectException: Connection refused: connect
	at java.net.DualStackPlainSocketImpl.waitForConnect(Native Method)
	at java.net.DualStackPlainSocketImpl.socketConnect(DualStackPlainSocketImpl.java:85)
	at java.net.AbstractPlainSocketImpl.doConnect(AbstractPlainSocketImpl.java:350)
	at java.net.AbstractPlainSocketImpl.connectToAddress(AbstractPlainSocketImpl.java:206)
	at java.net.AbstractPlainSocketImpl.connect(AbstractPlainSocketImpl.java:188)
	at java.net.PlainSocketImpl.connect(PlainSocketImpl.java:172)
	at java.net.SocksSocketImpl.connect(SocksSocketImpl.java:392)
	at java.net.Socket.connect(Socket.java:589)
	at com.mongodb.connection.SocketStreamHelper.initialize(SocketStreamHelper.java:57)
	at com.mongodb.connection.SocketStream.open(SocketStream.java:58)
	... 3 common frames omitted
2020-06-15 11:54:15 -

Using default security password: 3133a3c4-9987-4922-800b-632d6ee9a900

2020-06-15 11:54:15 -Creating filter chain: OrRequestMatcher [requestMatchers=[Ant [pattern='/css/**'], Ant [pattern='/js/**'], Ant [pattern='/images/**'], Ant [pattern='/webjars/**'], Ant [pattern='/**/favicon.ico'], Ant [pattern='/error']]], []
2020-06-15 11:54:16 -Creating filter chain: org.springframework.boot.autoconfigure.security.SpringBootWebSecurityConfiguration$ApplicationNoWebSecurityConfigurerAdapter$1@1ff23bd1, [org.springframework.security.web.context.request.async.WebAsyncManagerIntegrationFilter@62f305bc, org.springframework.security.web.context.SecurityContextPersistenceFilter@5b028f58, org.springframework.security.web.header.HeaderWriterFilter@61607ff0, org.springframework.security.web.csrf.CsrfFilter@720c0996, org.springframework.security.web.authentication.logout.LogoutFilter@32245b66, org.springframework.security.web.savedrequest.RequestCacheAwareFilter@3d1b43d8, org.springframework.security.web.servletapi.SecurityContextHolderAwareRequestFilter@6d41200c, org.springframework.security.web.authentication.AnonymousAuthenticationFilter@729c8def, org.springframework.security.web.session.SessionManagementFilter@61648dd2, org.springframework.security.web.access.ExceptionTranslationFilter@7b6854b5]
2020-06-15 11:54:16 -Registering beans for JMX exposure on startup
2020-06-15 11:54:16 -Bean with name 'dataSource' has been autodetected for JMX exposure
2020-06-15 11:54:16 -Located MBean 'dataSource': registering with JMX server as MBean [com.alibaba.druid.pool:name=dataSource,type=DruidDataSource]
2020-06-15 11:54:16 -Starting beans in phase 2147483647
2020-06-15 11:54:16 -Context refreshed
2020-06-15 11:54:16 -Found 1 custom documentation plugin(s)
2020-06-15 11:54:16 -Scanning for api listing references
2020-06-15 11:54:16 -Generating unique operation named: removeUsingPOST_1
2020-06-15 11:54:16 -Generating unique operation named: addUsingGET_1
2020-06-15 11:54:16 -Generating unique operation named: editUsingGET_1
2020-06-15 11:54:16 -Generating unique operation named: listUsingGET_1
2020-06-15 11:54:16 -Generating unique operation named: removeUsingPOST_2
2020-06-15 11:54:16 -Generating unique operation named: removeUsingPOST_3
2020-06-15 11:54:16 -Generating unique operation named: saveUsingPOST_1
2020-06-15 11:54:16 -Generating unique operation named: updateUsingGET_1
2020-06-15 11:54:16 -Generating unique operation named: updateUsingHEAD_1
2020-06-15 11:54:16 -Generating unique operation named: updateUsingPOST_1
2020-06-15 11:54:16 -Generating unique operation named: updateUsingPUT_1
2020-06-15 11:54:16 -Generating unique operation named: updateUsingPATCH_1
2020-06-15 11:54:16 -Generating unique operation named: updateUsingDELETE_1
2020-06-15 11:54:16 -Generating unique operation named: updateUsingOPTIONS_1
2020-06-15 11:54:16 -Generating unique operation named: updateUsingTRACE_1
2020-06-15 11:54:16 -Generating unique operation named: addUsingGET_2
2020-06-15 11:54:16 -Generating unique operation named: editUsingGET_2
2020-06-15 11:54:16 -Generating unique operation named: listUsingGET_2
2020-06-15 11:54:16 -Generating unique operation named: removeUsingPOST_4
2020-06-15 11:54:16 -Generating unique operation named: removeUsingPOST_5
2020-06-15 11:54:16 -Generating unique operation named: saveUsingPOST_2
2020-06-15 11:54:16 -Generating unique operation named: updateUsingGET_2
2020-06-15 11:54:16 -Generating unique operation named: updateUsingHEAD_2
2020-06-15 11:54:16 -Generating unique operation named: updateUsingPOST_2
2020-06-15 11:54:16 -Generating unique operation named: updateUsingPUT_2
2020-06-15 11:54:16 -Generating unique operation named: updateUsingPATCH_2
2020-06-15 11:54:16 -Generating unique operation named: updateUsingDELETE_2
2020-06-15 11:54:17 -Generating unique operation named: updateUsingOPTIONS_2
2020-06-15 11:54:17 -Generating unique operation named: updateUsingTRACE_2
2020-06-15 11:54:17 -Generating unique operation named: addUsingGET_3
2020-06-15 11:54:17 -Generating unique operation named: editUsingGET_3
2020-06-15 11:54:17 -Generating unique operation named: listUsingGET_3
2020-06-15 11:54:17 -Generating unique operation named: removeUsingPOST_6
2020-06-15 11:54:17 -Generating unique operation named: removeUsingPOST_7
2020-06-15 11:54:17 -Generating unique operation named: saveUsingPOST_3
2020-06-15 11:54:17 -Generating unique operation named: updateUsingGET_3
2020-06-15 11:54:17 -Generating unique operation named: updateUsingHEAD_3
2020-06-15 11:54:17 -Generating unique operation named: updateUsingPOST_3
2020-06-15 11:54:17 -Generating unique operation named: updateUsingPUT_3
2020-06-15 11:54:17 -Generating unique operation named: updateUsingPATCH_3
2020-06-15 11:54:17 -Generating unique operation named: updateUsingDELETE_3
2020-06-15 11:54:17 -Generating unique operation named: updateUsingOPTIONS_3
2020-06-15 11:54:17 -Generating unique operation named: updateUsingTRACE_3
2020-06-15 11:54:17 -Generating unique operation named: editUsingGET_4
2020-06-15 11:54:17 -Generating unique operation named: listUsingGET_4
2020-06-15 11:54:17 -Generating unique operation named: updateUsingPOST_4
2020-06-15 11:54:17 -Generating unique operation named: addUsingGET_4
2020-06-15 11:54:17 -Generating unique operation named: editUsingGET_5
2020-06-15 11:54:17 -Generating unique operation named: infoUsingGET_1
2020-06-15 11:54:17 -Generating unique operation named: infoUsingHEAD_1
2020-06-15 11:54:17 -Generating unique operation named: infoUsingPOST_1
2020-06-15 11:54:17 -Generating unique operation named: infoUsingPUT_1
2020-06-15 11:54:17 -Generating unique operation named: infoUsingPATCH_1
2020-06-15 11:54:17 -Generating unique operation named: infoUsingDELETE_1
2020-06-15 11:54:17 -Generating unique operation named: infoUsingOPTIONS_1
2020-06-15 11:54:17 -Generating unique operation named: infoUsingTRACE_1
2020-06-15 11:54:17 -Generating unique operation named: listUsingGET_5
2020-06-15 11:54:17 -Generating unique operation named: removeUsingPOST_8
2020-06-15 11:54:17 -Generating unique operation named: removeUsingPOST_9
2020-06-15 11:54:17 -Generating unique operation named: saveUsingPOST_4
2020-06-15 11:54:17 -Generating unique operation named: updateUsingPOST_5
2020-06-15 11:54:17 -Generating unique operation named: listUsingGET_6
2020-06-15 11:54:17 -Generating unique operation named: removeUsingPOST_10
2020-06-15 11:54:17 -Generating unique operation named: infoUsingGET_2
2020-06-15 11:54:17 -Generating unique operation named: welcomeUsingGET_1
2020-06-15 11:54:17 -Generating unique operation named: welcomeUsingGET_2
2020-06-15 11:54:17 -Generating unique operation named: addUsingGET_5
2020-06-15 11:54:17 -Generating unique operation named: editUsingGET_6
2020-06-15 11:54:17 -Generating unique operation named: listUsingGET_7
2020-06-15 11:54:17 -Generating unique operation named: removeUsingPOST_11
2020-06-15 11:54:17 -Generating unique operation named: saveUsingPOST_5
2020-06-15 11:54:17 -Generating unique operation named: treeUsingGET_1
2020-06-15 11:54:17 -Generating unique operation named: treeUsingGET_2
2020-06-15 11:54:17 -Generating unique operation named: updateUsingPOST_6
2020-06-15 11:54:17 -Generating unique operation named: batchRemoveUsingPOST_1
2020-06-15 11:54:17 -Generating unique operation named: editUsingGET_7
2020-06-15 11:54:17 -Generating unique operation named: listUsingGET_8
2020-06-15 11:54:17 -Generating unique operation named: addUsingGET_6
2020-06-15 11:54:17 -Generating unique operation named: editUsingGET_8
2020-06-15 11:54:17 -Generating unique operation named: listUsingGET_9
2020-06-15 11:54:17 -Generating unique operation named: removeUsingPOST_12
2020-06-15 11:54:17 -Generating unique operation named: removeUsingPOST_13
2020-06-15 11:54:17 -Generating unique operation named: saveUsingPOST_6
2020-06-15 11:54:17 -Generating unique operation named: updateUsingGET_4
2020-06-15 11:54:17 -Generating unique operation named: updateUsingHEAD_4
2020-06-15 11:54:17 -Generating unique operation named: updateUsingPOST_7
2020-06-15 11:54:17 -Generating unique operation named: updateUsingPUT_4
2020-06-15 11:54:17 -Generating unique operation named: updateUsingPATCH_4
2020-06-15 11:54:17 -Generating unique operation named: updateUsingDELETE_4
2020-06-15 11:54:17 -Generating unique operation named: updateUsingOPTIONS_4
2020-06-15 11:54:17 -Generating unique operation named: updateUsingTRACE_4
2020-06-15 11:54:17 -Generating unique operation named: addUsingGET_7
2020-06-15 11:54:17 -Generating unique operation named: batchRemoveUsingPOST_2
2020-06-15 11:54:17 -Generating unique operation named: deployUsingPOST_1
2020-06-15 11:54:17 -Generating unique operation named: listUsingGET_10
2020-06-15 11:54:17 -Generating unique operation named: removeUsingPOST_14
2020-06-15 11:54:17 -Generating unique operation named: addUsingGET_8
2020-06-15 11:54:17 -Generating unique operation named: batchRemoveUsingPOST_3
2020-06-15 11:54:17 -Generating unique operation named: editUsingGET_9
2020-06-15 11:54:17 -Generating unique operation named: listUsingGET_11
2020-06-15 11:54:17 -Generating unique operation named: saveUsingPOST_7
2020-06-15 11:54:17 -Generating unique operation named: saveUsingPOST_8
2020-06-15 11:54:17 -Generating unique operation named: updateUsingPOST_8
2020-06-15 11:54:17 -Generating unique operation named: addUsingGET_9
2020-06-15 11:54:17 -Generating unique operation named: editUsingGET_10
2020-06-15 11:54:17 -Generating unique operation named: listUsingGET_12
2020-06-15 11:54:17 -Generating unique operation named: removeUsingPOST_15
2020-06-15 11:54:17 -Generating unique operation named: removeUsingPOST_16
2020-06-15 11:54:17 -Generating unique operation named: updateUsingGET_5
2020-06-15 11:54:17 -Generating unique operation named: updateUsingHEAD_5
2020-06-15 11:54:17 -Generating unique operation named: updateUsingPOST_9
2020-06-15 11:54:17 -Generating unique operation named: updateUsingPUT_5
2020-06-15 11:54:17 -Generating unique operation named: updateUsingPATCH_5
2020-06-15 11:54:17 -Generating unique operation named: updateUsingDELETE_5
2020-06-15 11:54:17 -Generating unique operation named: updateUsingOPTIONS_5
2020-06-15 11:54:17 -Generating unique operation named: updateUsingTRACE_5
2020-06-15 11:54:17 -Generating unique operation named: listUsingGET_13
2020-06-15 11:54:18 -Generating unique operation named: listUsingHEAD_1
2020-06-15 11:54:18 -Generating unique operation named: listUsingPOST_1
2020-06-15 11:54:18 -Generating unique operation named: listUsingPUT_1
2020-06-15 11:54:18 -Generating unique operation named: listUsingPATCH_1
2020-06-15 11:54:18 -Generating unique operation named: listUsingDELETE_1
2020-06-15 11:54:18 -Generating unique operation named: listUsingOPTIONS_1
2020-06-15 11:54:18 -Generating unique operation named: listUsingTRACE_1
2020-06-15 11:54:18 -Generating unique operation named: listUsingGET_14
2020-06-15 11:54:18 -Generating unique operation named: addUsingGET_10
2020-06-15 11:54:18 -Generating unique operation named: batchRemoveUsingPOST_4
2020-06-15 11:54:18 -Generating unique operation named: editUsingGET_11
2020-06-15 11:54:18 -Generating unique operation named: listUsingGET_15
2020-06-15 11:54:18 -Generating unique operation named: removeUsingPOST_17
2020-06-15 11:54:18 -Generating unique operation named: saveUsingPOST_9
2020-06-15 11:54:18 -Generating unique operation named: treeUsingGET_3
2020-06-15 11:54:18 -Generating unique operation named: treeViewUsingGET_1
2020-06-15 11:54:18 -Generating unique operation named: updateUsingPOST_10
2020-06-15 11:54:18 -Starting Quartz Scheduler now
2020-06-15 11:54:18 -Scheduler schedulerFactoryBean_$_NON_CLUSTERED started.
2020-06-15 11:54:18 -Starting...
2020-06-15 11:54:18 -BrokerAvailabilityEvent[available=true, SimpleBrokerMessageHandler [DefaultSubscriptionRegistry[cache[0 destination(s)], registry[0 sessions]]]]
2020-06-15 11:54:18 -Started.
2020-06-15 11:54:18 -Initializing ProtocolHandler ["http-nio-8066"]
2020-06-15 11:54:18 -Starting ProtocolHandler ["http-nio-8066"]
2020-06-15 11:54:18 -Using a shared selector for servlet write/read
2020-06-15 11:54:18 -Tomcat started on port(s): 8066 (http)
2020-06-15 11:54:18 -==>  Preparing: select `id`,`cron_expression`,`method_name`,`is_concurrent`,`description`,`update_by`,`bean_class`,`create_date`,`job_status`,`job_group`,`update_date`,`create_by`,`spring_bean`,`job_name` from sys_task order by id desc 
2020-06-15 11:54:18 -==> Parameters: 
2020-06-15 11:54:19 -<==      Total: 1
2020-06-15 11:54:19 -Started BootdoApplication in 25.375 seconds (JVM running for 28.05)
2020-06-15 11:55:11 -WebSocketSession[0 current WS(0)-HttpStream(0)-HttpPoll(0), 0 total, 0 closed abnormally (0 connect failure, 0 send limit, 0 transport error)], stompSubProtocol[processed CONNECT(0)-CONNECTED(0)-DISCONNECT(0)], stompBrokerRelay[null], inboundChannel[pool size = 0, active threads = 0, queued tasks = 0, completed tasks = 0], outboundChannelpool size = 0, active threads = 0, queued tasks = 0, completed tasks = 0], sockJsScheduler[pool size = 1, active threads = 1, queued tasks = 0, completed tasks = 0]
2020-06-15 12:25:11 -WebSocketSession[0 current WS(0)-HttpStream(0)-HttpPoll(0), 0 total, 0 closed abnormally (0 connect failure, 0 send limit, 0 transport error)], stompSubProtocol[processed CONNECT(0)-CONNECTED(0)-DISCONNECT(0)], stompBrokerRelay[null], inboundChannel[pool size = 0, active threads = 0, queued tasks = 0, completed tasks = 0], outboundChannelpool size = 0, active threads = 0, queued tasks = 0, completed tasks = 0], sockJsScheduler[pool size = 2, active threads = 1, queued tasks = 0, completed tasks = 1]
2020-06-15 12:55:11 -WebSocketSession[0 current WS(0)-HttpStream(0)-HttpPoll(0), 0 total, 0 closed abnormally (0 connect failure, 0 send limit, 0 transport error)], stompSubProtocol[processed CONNECT(0)-CONNECTED(0)-DISCONNECT(0)], stompBrokerRelay[null], inboundChannel[pool size = 0, active threads = 0, queued tasks = 0, completed tasks = 0], outboundChannelpool size = 0, active threads = 0, queued tasks = 0, completed tasks = 0], sockJsScheduler[pool size = 3, active threads = 1, queued tasks = 0, completed tasks = 2]
2020-06-15 13:25:11 -WebSocketSession[0 current WS(0)-HttpStream(0)-HttpPoll(0), 0 total, 0 closed abnormally (0 connect failure, 0 send limit, 0 transport error)], stompSubProtocol[processed CONNECT(0)-CONNECTED(0)-DISCONNECT(0)], stompBrokerRelay[null], inboundChannel[pool size = 0, active threads = 0, queued tasks = 0, completed tasks = 0], outboundChannelpool size = 0, active threads = 0, queued tasks = 0, completed tasks = 0], sockJsScheduler[pool size = 4, active threads = 1, queued tasks = 0, completed tasks = 3]
2020-06-15 13:55:11 -WebSocketSession[0 current WS(0)-HttpStream(0)-HttpPoll(0), 0 total, 0 closed abnormally (0 connect failure, 0 send limit, 0 transport error)], stompSubProtocol[processed CONNECT(0)-CONNECTED(0)-DISCONNECT(0)], stompBrokerRelay[null], inboundChannel[pool size = 0, active threads = 0, queued tasks = 0, completed tasks = 0], outboundChannelpool size = 0, active threads = 0, queued tasks = 0, completed tasks = 0], sockJsScheduler[pool size = 4, active threads = 1, queued tasks = 0, completed tasks = 4]
2020-06-15 14:25:11 -WebSocketSession[0 current WS(0)-HttpStream(0)-HttpPoll(0), 0 total, 0 closed abnormally (0 connect failure, 0 send limit, 0 transport error)], stompSubProtocol[processed CONNECT(0)-CONNECTED(0)-DISCONNECT(0)], stompBrokerRelay[null], inboundChannel[pool size = 0, active threads = 0, queued tasks = 0, completed tasks = 0], outboundChannelpool size = 0, active threads = 0, queued tasks = 0, completed tasks = 0], sockJsScheduler[pool size = 4, active threads = 1, queued tasks = 0, completed tasks = 5]
2020-06-15 14:55:11 -WebSocketSession[0 current WS(0)-HttpStream(0)-HttpPoll(0), 0 total, 0 closed abnormally (0 connect failure, 0 send limit, 0 transport error)], stompSubProtocol[processed CONNECT(0)-CONNECTED(0)-DISCONNECT(0)], stompBrokerRelay[null], inboundChannel[pool size = 0, active threads = 0, queued tasks = 0, completed tasks = 0], outboundChannelpool size = 0, active threads = 0, queued tasks = 0, completed tasks = 0], sockJsScheduler[pool size = 4, active threads = 1, queued tasks = 0, completed tasks = 6]
2020-06-15 15:25:11 -WebSocketSession[0 current WS(0)-HttpStream(0)-HttpPoll(0), 0 total, 0 closed abnormally (0 connect failure, 0 send limit, 0 transport error)], stompSubProtocol[processed CONNECT(0)-CONNECTED(0)-DISCONNECT(0)], stompBrokerRelay[null], inboundChannel[pool size = 0, active threads = 0, queued tasks = 0, completed tasks = 0], outboundChannelpool size = 0, active threads = 0, queued tasks = 0, completed tasks = 0], sockJsScheduler[pool size = 4, active threads = 1, queued tasks = 0, completed tasks = 7]
2020-06-15 15:55:11 -WebSocketSession[0 current WS(0)-HttpStream(0)-HttpPoll(0), 0 total, 0 closed abnormally (0 connect failure, 0 send limit, 0 transport error)], stompSubProtocol[processed CONNECT(0)-CONNECTED(0)-DISCONNECT(0)], stompBrokerRelay[null], inboundChannel[pool size = 0, active threads = 0, queued tasks = 0, completed tasks = 0], outboundChannelpool size = 0, active threads = 0, queued tasks = 0, completed tasks = 0], sockJsScheduler[pool size = 4, active threads = 1, queued tasks = 0, completed tasks = 8]
2020-06-15 16:25:11 -WebSocketSession[0 current WS(0)-HttpStream(0)-HttpPoll(0), 0 total, 0 closed abnormally (0 connect failure, 0 send limit, 0 transport error)], stompSubProtocol[processed CONNECT(0)-CONNECTED(0)-DISCONNECT(0)], stompBrokerRelay[null], inboundChannel[pool size = 0, active threads = 0, queued tasks = 0, completed tasks = 0], outboundChannelpool size = 0, active threads = 0, queued tasks = 0, completed tasks = 0], sockJsScheduler[pool size = 4, active threads = 1, queued tasks = 0, completed tasks = 9]
2020-06-15 16:55:11 -WebSocketSession[0 current WS(0)-HttpStream(0)-HttpPoll(0), 0 total, 0 closed abnormally (0 connect failure, 0 send limit, 0 transport error)], stompSubProtocol[processed CONNECT(0)-CONNECTED(0)-DISCONNECT(0)], stompBrokerRelay[null], inboundChannel[pool size = 0, active threads = 0, queued tasks = 0, completed tasks = 0], outboundChannelpool size = 0, active threads = 0, queued tasks = 0, completed tasks = 0], sockJsScheduler[pool size = 4, active threads = 1, queued tasks = 0, completed tasks = 10]
2020-06-15 17:06:52 -Initializing Spring FrameworkServlet 'dispatcherServlet'
2020-06-15 17:06:52 -FrameworkServlet 'dispatcherServlet': initialization started
2020-06-15 17:06:52 -FrameworkServlet 'dispatcherServlet': initialization completed in 420 ms
2020-06-15 17:06:52 -Enabling session validation scheduler...
2020-06-15 17:06:53 -请求地址 : http://localhost:8066/
2020-06-15 17:06:53 -HTTP METHOD : GET
2020-06-15 17:06:53 -CLASS_METHOD : com.bootdo.system.controller.LoginController.welcome
2020-06-15 17:06:53 -参数 : [{}]
2020-06-15 17:06:53 -耗时 : 81
2020-06-15 17:06:53 -返回值 : login
2020-06-15 17:06:53 -[THYMELEAF] INITIALIZING TEMPLATE ENGINE
2020-06-15 17:06:53 -[THYMELEAF] INITIALIZING TEMPLATE RESOLVER: org.thymeleaf.spring4.templateresolver.SpringResourceTemplateResolver
2020-06-15 17:06:53 -[THYMELEAF] TEMPLATE RESOLVER INITIALIZED OK
2020-06-15 17:06:53 -[THYMELEAF] INITIALIZING MESSAGE RESOLVER: org.thymeleaf.spring4.messageresolver.SpringMessageResolver
2020-06-15 17:06:53 -[THYMELEAF] MESSAGE RESOLVER INITIALIZED OK
2020-06-15 17:06:53 -[THYMELEAF] TEMPLATE ENGINE CONFIGURATION:
[THYMELEAF] * Cache Factory implementation: org.thymeleaf.cache.StandardCacheManager
[THYMELEAF] * Template modes:
[THYMELEAF]     * XML
[THYMELEAF]     * LEGACYHTML5
[THYMELEAF]     * HTML5
[THYMELEAF]     * VALIDXML
[THYMELEAF]     * XHTML
[THYMELEAF]     * VALIDXHTML
[THYMELEAF] * Template resolvers (in order):
[THYMELEAF]     * org.thymeleaf.spring4.templateresolver.SpringResourceTemplateResolver
[THYMELEAF] * Message resolvers (in order):
[THYMELEAF]     * org.thymeleaf.spring4.messageresolver.SpringMessageResolver
[THYMELEAF] * Dialect [1 of 3]: org.thymeleaf.spring4.dialect.SpringStandardDialect
[THYMELEAF]     * Prefix: "th"
[THYMELEAF] * Dialect [2 of 3]: at.pollux.thymeleaf.shiro.dialect.ShiroDialect
[THYMELEAF]     * Prefix: "shiro"
[THYMELEAF] * Dialect [3 of 3]: nz.net.ultraq.thymeleaf.LayoutDialect
[THYMELEAF]     * Prefix: "layout"
[THYMELEAF] TEMPLATE ENGINE CONFIGURED OK
2020-06-15 17:06:53 -[THYMELEAF] TEMPLATE ENGINE INITIALIZED
2020-06-15 17:25:11 -WebSocketSession[0 current WS(0)-HttpStream(0)-HttpPoll(0), 0 total, 0 closed abnormally (0 connect failure, 0 send limit, 0 transport error)], stompSubProtocol[processed CONNECT(0)-CONNECTED(0)-DISCONNECT(0)], stompBrokerRelay[null], inboundChannel[pool size = 0, active threads = 0, queued tasks = 0, completed tasks = 0], outboundChannelpool size = 0, active threads = 0, queued tasks = 0, completed tasks = 0], sockJsScheduler[pool size = 4, active threads = 1, queued tasks = 0, completed tasks = 11]
2020-06-15 17:55:11 -WebSocketSession[0 current WS(0)-HttpStream(0)-HttpPoll(0), 0 total, 0 closed abnormally (0 connect failure, 0 send limit, 0 transport error)], stompSubProtocol[processed CONNECT(0)-CONNECTED(0)-DISCONNECT(0)], stompBrokerRelay[null], inboundChannel[pool size = 0, active threads = 0, queued tasks = 0, completed tasks = 0], outboundChannelpool size = 0, active threads = 0, queued tasks = 0, completed tasks = 0], sockJsScheduler[pool size = 4, active threads = 1, queued tasks = 0, completed tasks = 12]
2020-06-15 18:06:52 -Validating all active sessions...
2020-06-15 18:06:52 -Finished session validation.  No sessions were stopped.
2020-06-15 18:25:11 -WebSocketSession[0 current WS(0)-HttpStream(0)-HttpPoll(0), 0 total, 0 closed abnormally (0 connect failure, 0 send limit, 0 transport error)], stompSubProtocol[processed CONNECT(0)-CONNECTED(0)-DISCONNECT(0)], stompBrokerRelay[null], inboundChannel[pool size = 0, active threads = 0, queued tasks = 0, completed tasks = 0], outboundChannelpool size = 0, active threads = 0, queued tasks = 0, completed tasks = 0], sockJsScheduler[pool size = 4, active threads = 1, queued tasks = 0, completed tasks = 13]
2020-06-15 18:55:11 -WebSocketSession[0 current WS(0)-HttpStream(0)-HttpPoll(0), 0 total, 0 closed abnormally (0 connect failure, 0 send limit, 0 transport error)], stompSubProtocol[processed CONNECT(0)-CONNECTED(0)-DISCONNECT(0)], stompBrokerRelay[null], inboundChannel[pool size = 0, active threads = 0, queued tasks = 0, completed tasks = 0], outboundChannelpool size = 0, active threads = 0, queued tasks = 0, completed tasks = 0], sockJsScheduler[pool size = 4, active threads = 1, queued tasks = 0, completed tasks = 14]
2020-06-15 19:06:52 -Validating all active sessions...
2020-06-15 19:06:52 -Finished session validation.  No sessions were stopped.
2020-06-15 19:25:11 -WebSocketSession[0 current WS(0)-HttpStream(0)-HttpPoll(0), 0 total, 0 closed abnormally (0 connect failure, 0 send limit, 0 transport error)], stompSubProtocol[processed CONNECT(0)-CONNECTED(0)-DISCONNECT(0)], stompBrokerRelay[null], inboundChannel[pool size = 0, active threads = 0, queued tasks = 0, completed tasks = 0], outboundChannelpool size = 0, active threads = 0, queued tasks = 0, completed tasks = 0], sockJsScheduler[pool size = 4, active threads = 1, queued tasks = 0, completed tasks = 15]
2020-06-15 19:55:11 -WebSocketSession[0 current WS(0)-HttpStream(0)-HttpPoll(0), 0 total, 0 closed abnormally (0 connect failure, 0 send limit, 0 transport error)], stompSubProtocol[processed CONNECT(0)-CONNECTED(0)-DISCONNECT(0)], stompBrokerRelay[null], inboundChannel[pool size = 0, active threads = 0, queued tasks = 0, completed tasks = 0], outboundChannelpool size = 0, active threads = 0, queued tasks = 0, completed tasks = 0], sockJsScheduler[pool size = 4, active threads = 1, queued tasks = 0, completed tasks = 16]
2020-06-15 20:06:52 -Validating all active sessions...
2020-06-15 20:06:52 -Finished session validation.  No sessions were stopped.
2020-06-15 20:25:11 -WebSocketSession[0 current WS(0)-HttpStream(0)-HttpPoll(0), 0 total, 0 closed abnormally (0 connect failure, 0 send limit, 0 transport error)], stompSubProtocol[processed CONNECT(0)-CONNECTED(0)-DISCONNECT(0)], stompBrokerRelay[null], inboundChannel[pool size = 0, active threads = 0, queued tasks = 0, completed tasks = 0], outboundChannelpool size = 0, active threads = 0, queued tasks = 0, completed tasks = 0], sockJsScheduler[pool size = 4, active threads = 1, queued tasks = 0, completed tasks = 17]
2020-06-15 20:55:11 -WebSocketSession[0 current WS(0)-HttpStream(0)-HttpPoll(0), 0 total, 0 closed abnormally (0 connect failure, 0 send limit, 0 transport error)], stompSubProtocol[processed CONNECT(0)-CONNECTED(0)-DISCONNECT(0)], stompBrokerRelay[null], inboundChannel[pool size = 0, active threads = 0, queued tasks = 0, completed tasks = 0], outboundChannelpool size = 0, active threads = 0, queued tasks = 0, completed tasks = 0], sockJsScheduler[pool size = 4, active threads = 1, queued tasks = 0, completed tasks = 18]
2020-06-15 21:06:53 -Validating all active sessions...
2020-06-15 21:06:53 -Finished session validation.  No sessions were stopped.
2020-06-15 21:25:11 -WebSocketSession[0 current WS(0)-HttpStream(0)-HttpPoll(0), 0 total, 0 closed abnormally (0 connect failure, 0 send limit, 0 transport error)], stompSubProtocol[processed CONNECT(0)-CONNECTED(0)-DISCONNECT(0)], stompBrokerRelay[null], inboundChannel[pool size = 0, active threads = 0, queued tasks = 0, completed tasks = 0], outboundChannelpool size = 0, active threads = 0, queued tasks = 0, completed tasks = 0], sockJsScheduler[pool size = 4, active threads = 1, queued tasks = 0, completed tasks = 19]
2020-06-15 21:55:11 -WebSocketSession[0 current WS(0)-HttpStream(0)-HttpPoll(0), 0 total, 0 closed abnormally (0 connect failure, 0 send limit, 0 transport error)], stompSubProtocol[processed CONNECT(0)-CONNECTED(0)-DISCONNECT(0)], stompBrokerRelay[null], inboundChannel[pool size = 0, active threads = 0, queued tasks = 0, completed tasks = 0], outboundChannelpool size = 0, active threads = 0, queued tasks = 0, completed tasks = 0], sockJsScheduler[pool size = 4, active threads = 1, queued tasks = 0, completed tasks = 20]
2020-06-15 22:06:53 -Validating all active sessions...
2020-06-15 22:06:53 -Finished session validation.  No sessions were stopped.
2020-06-15 22:25:11 -WebSocketSession[0 current WS(0)-HttpStream(0)-HttpPoll(0), 0 total, 0 closed abnormally (0 connect failure, 0 send limit, 0 transport error)], stompSubProtocol[processed CONNECT(0)-CONNECTED(0)-DISCONNECT(0)], stompBrokerRelay[null], inboundChannel[pool size = 0, active threads = 0, queued tasks = 0, completed tasks = 0], outboundChannelpool size = 0, active threads = 0, queued tasks = 0, completed tasks = 0], sockJsScheduler[pool size = 4, active threads = 1, queued tasks = 0, completed tasks = 21]
2020-06-15 22:55:12 -WebSocketSession[0 current WS(0)-HttpStream(0)-HttpPoll(0), 0 total, 0 closed abnormally (0 connect failure, 0 send limit, 0 transport error)], stompSubProtocol[processed CONNECT(0)-CONNECTED(0)-DISCONNECT(0)], stompBrokerRelay[null], inboundChannel[pool size = 0, active threads = 0, queued tasks = 0, completed tasks = 0], outboundChannelpool size = 0, active threads = 0, queued tasks = 0, completed tasks = 0], sockJsScheduler[pool size = 4, active threads = 1, queued tasks = 0, completed tasks = 22]
2020-06-15 23:06:53 -Validating all active sessions...
2020-06-15 23:06:53 -Finished session validation.  No sessions were stopped.
2020-06-15 23:25:12 -WebSocketSession[0 current WS(0)-HttpStream(0)-HttpPoll(0), 0 total, 0 closed abnormally (0 connect failure, 0 send limit, 0 transport error)], stompSubProtocol[processed CONNECT(0)-CONNECTED(0)-DISCONNECT(0)], stompBrokerRelay[null], inboundChannel[pool size = 0, active threads = 0, queued tasks = 0, completed tasks = 0], outboundChannelpool size = 0, active threads = 0, queued tasks = 0, completed tasks = 0], sockJsScheduler[pool size = 4, active threads = 1, queued tasks = 0, completed tasks = 23]
2020-06-15 23:55:12 -WebSocketSession[0 current WS(0)-HttpStream(0)-HttpPoll(0), 0 total, 0 closed abnormally (0 connect failure, 0 send limit, 0 transport error)], stompSubProtocol[processed CONNECT(0)-CONNECTED(0)-DISCONNECT(0)], stompBrokerRelay[null], inboundChannel[pool size = 0, active threads = 0, queued tasks = 0, completed tasks = 0], outboundChannelpool size = 0, active threads = 0, queued tasks = 0, completed tasks = 0], sockJsScheduler[pool size = 4, active threads = 1, queued tasks = 0, completed tasks = 24]
