2020-12-31 00:00:09 -WebSocketSession[0 current WS(0)-HttpStream(0)-HttpPoll(0), 4 total, 0 closed abnormally (0 connect failure, 0 send limit, 0 transport error)], stompSubProtocol[processed CONNECT(4)-CONNECTED(4)-DISCONNECT(0)], stompBrokerRelay[null], inboundChannel[pool size = 0, active threads = 0, queued tasks = 0, completed tasks = 48], outboundChannelpool size = 0, active threads = 0, queued tasks = 0, completed tasks = 8], sockJsScheduler[pool size = 4, active threads = 1, queued tasks = 1, completed tasks = 118095]
2020-12-31 00:13:40 -Validating all active sessions...
2020-12-31 00:13:40 -Finished session validation.  No sessions were stopped.
2020-12-31 00:30:09 -WebSocketSession[0 current WS(0)-HttpStream(0)-HttpPoll(0), 4 total, 0 closed abnormally (0 connect failure, 0 send limit, 0 transport error)], stompSubProtocol[processed CONNECT(4)-CONNECTED(4)-DISCONNECT(0)], stompBrokerRelay[null], inboundChannel[pool size = 0, active threads = 0, queued tasks = 0, completed tasks = 48], outboundChannelpool size = 0, active threads = 0, queued tasks = 0, completed tasks = 8], sockJsScheduler[pool size = 4, active threads = 1, queued tasks = 1, completed tasks = 118456]
2020-12-31 01:00:09 -WebSocketSession[0 current WS(0)-HttpStream(0)-HttpPoll(0), 4 total, 0 closed abnormally (0 connect failure, 0 send limit, 0 transport error)], stompSubProtocol[processed CONNECT(4)-CONNECTED(4)-DISCONNECT(0)], stompBrokerRelay[null], inboundChannel[pool size = 0, active threads = 0, queued tasks = 0, completed tasks = 48], outboundChannelpool size = 0, active threads = 0, queued tasks = 0, completed tasks = 8], sockJsScheduler[pool size = 4, active threads = 1, queued tasks = 1, completed tasks = 118817]
2020-12-31 01:13:40 -Validating all active sessions...
2020-12-31 01:13:40 -Finished session validation.  No sessions were stopped.
2020-12-31 01:30:09 -WebSocketSession[0 current WS(0)-HttpStream(0)-HttpPoll(0), 4 total, 0 closed abnormally (0 connect failure, 0 send limit, 0 transport error)], stompSubProtocol[processed CONNECT(4)-CONNECTED(4)-DISCONNECT(0)], stompBrokerRelay[null], inboundChannel[pool size = 0, active threads = 0, queued tasks = 0, completed tasks = 48], outboundChannelpool size = 0, active threads = 0, queued tasks = 0, completed tasks = 8], sockJsScheduler[pool size = 4, active threads = 1, queued tasks = 1, completed tasks = 119178]
2020-12-31 02:00:09 -WebSocketSession[0 current WS(0)-HttpStream(0)-HttpPoll(0), 4 total, 0 closed abnormally (0 connect failure, 0 send limit, 0 transport error)], stompSubProtocol[processed CONNECT(4)-CONNECTED(4)-DISCONNECT(0)], stompBrokerRelay[null], inboundChannel[pool size = 0, active threads = 0, queued tasks = 0, completed tasks = 48], outboundChannelpool size = 0, active threads = 0, queued tasks = 0, completed tasks = 8], sockJsScheduler[pool size = 4, active threads = 1, queued tasks = 1, completed tasks = 119539]
2020-12-31 02:13:40 -Validating all active sessions...
2020-12-31 02:13:40 -Finished session validation.  No sessions were stopped.
2020-12-31 02:30:09 -WebSocketSession[0 current WS(0)-HttpStream(0)-HttpPoll(0), 4 total, 0 closed abnormally (0 connect failure, 0 send limit, 0 transport error)], stompSubProtocol[processed CONNECT(4)-CONNECTED(4)-DISCONNECT(0)], stompBrokerRelay[null], inboundChannel[pool size = 0, active threads = 0, queued tasks = 0, completed tasks = 48], outboundChannelpool size = 0, active threads = 0, queued tasks = 0, completed tasks = 8], sockJsScheduler[pool size = 4, active threads = 1, queued tasks = 1, completed tasks = 119900]
2020-12-31 03:00:09 -WebSocketSession[0 current WS(0)-HttpStream(0)-HttpPoll(0), 4 total, 0 closed abnormally (0 connect failure, 0 send limit, 0 transport error)], stompSubProtocol[processed CONNECT(4)-CONNECTED(4)-DISCONNECT(0)], stompBrokerRelay[null], inboundChannel[pool size = 0, active threads = 0, queued tasks = 0, completed tasks = 48], outboundChannelpool size = 0, active threads = 0, queued tasks = 0, completed tasks = 8], sockJsScheduler[pool size = 4, active threads = 1, queued tasks = 1, completed tasks = 120261]
2020-12-31 03:13:40 -Validating all active sessions...
2020-12-31 03:13:40 -Finished session validation.  No sessions were stopped.
2020-12-31 03:30:09 -WebSocketSession[0 current WS(0)-HttpStream(0)-HttpPoll(0), 4 total, 0 closed abnormally (0 connect failure, 0 send limit, 0 transport error)], stompSubProtocol[processed CONNECT(4)-CONNECTED(4)-DISCONNECT(0)], stompBrokerRelay[null], inboundChannel[pool size = 0, active threads = 0, queued tasks = 0, completed tasks = 48], outboundChannelpool size = 0, active threads = 0, queued tasks = 0, completed tasks = 8], sockJsScheduler[pool size = 4, active threads = 1, queued tasks = 1, completed tasks = 120622]
2020-12-31 04:00:09 -WebSocketSession[0 current WS(0)-HttpStream(0)-HttpPoll(0), 4 total, 0 closed abnormally (0 connect failure, 0 send limit, 0 transport error)], stompSubProtocol[processed CONNECT(4)-CONNECTED(4)-DISCONNECT(0)], stompBrokerRelay[null], inboundChannel[pool size = 0, active threads = 0, queued tasks = 0, completed tasks = 48], outboundChannelpool size = 0, active threads = 0, queued tasks = 0, completed tasks = 8], sockJsScheduler[pool size = 4, active threads = 1, queued tasks = 1, completed tasks = 120983]
2020-12-31 04:13:40 -Validating all active sessions...
2020-12-31 04:13:40 -Finished session validation.  No sessions were stopped.
2020-12-31 04:30:09 -WebSocketSession[0 current WS(0)-HttpStream(0)-HttpPoll(0), 4 total, 0 closed abnormally (0 connect failure, 0 send limit, 0 transport error)], stompSubProtocol[processed CONNECT(4)-CONNECTED(4)-DISCONNECT(0)], stompBrokerRelay[null], inboundChannel[pool size = 0, active threads = 0, queued tasks = 0, completed tasks = 48], outboundChannelpool size = 0, active threads = 0, queued tasks = 0, completed tasks = 8], sockJsScheduler[pool size = 4, active threads = 1, queued tasks = 1, completed tasks = 121344]
2020-12-31 05:00:09 -WebSocketSession[0 current WS(0)-HttpStream(0)-HttpPoll(0), 4 total, 0 closed abnormally (0 connect failure, 0 send limit, 0 transport error)], stompSubProtocol[processed CONNECT(4)-CONNECTED(4)-DISCONNECT(0)], stompBrokerRelay[null], inboundChannel[pool size = 0, active threads = 0, queued tasks = 0, completed tasks = 48], outboundChannelpool size = 0, active threads = 0, queued tasks = 0, completed tasks = 8], sockJsScheduler[pool size = 4, active threads = 1, queued tasks = 1, completed tasks = 121705]
2020-12-31 05:13:40 -Validating all active sessions...
2020-12-31 05:13:40 -Finished session validation.  No sessions were stopped.
2020-12-31 05:30:09 -WebSocketSession[0 current WS(0)-HttpStream(0)-HttpPoll(0), 4 total, 0 closed abnormally (0 connect failure, 0 send limit, 0 transport error)], stompSubProtocol[processed CONNECT(4)-CONNECTED(4)-DISCONNECT(0)], stompBrokerRelay[null], inboundChannel[pool size = 0, active threads = 0, queued tasks = 0, completed tasks = 48], outboundChannelpool size = 0, active threads = 0, queued tasks = 0, completed tasks = 8], sockJsScheduler[pool size = 4, active threads = 1, queued tasks = 1, completed tasks = 122066]
2020-12-31 06:00:09 -WebSocketSession[0 current WS(0)-HttpStream(0)-HttpPoll(0), 4 total, 0 closed abnormally (0 connect failure, 0 send limit, 0 transport error)], stompSubProtocol[processed CONNECT(4)-CONNECTED(4)-DISCONNECT(0)], stompBrokerRelay[null], inboundChannel[pool size = 0, active threads = 0, queued tasks = 0, completed tasks = 48], outboundChannelpool size = 0, active threads = 0, queued tasks = 0, completed tasks = 8], sockJsScheduler[pool size = 4, active threads = 1, queued tasks = 1, completed tasks = 122427]
2020-12-31 06:13:40 -Validating all active sessions...
2020-12-31 06:13:40 -Finished session validation.  No sessions were stopped.
2020-12-31 06:30:09 -WebSocketSession[0 current WS(0)-HttpStream(0)-HttpPoll(0), 4 total, 0 closed abnormally (0 connect failure, 0 send limit, 0 transport error)], stompSubProtocol[processed CONNECT(4)-CONNECTED(4)-DISCONNECT(0)], stompBrokerRelay[null], inboundChannel[pool size = 0, active threads = 0, queued tasks = 0, completed tasks = 48], outboundChannelpool size = 0, active threads = 0, queued tasks = 0, completed tasks = 8], sockJsScheduler[pool size = 4, active threads = 1, queued tasks = 1, completed tasks = 122788]
2020-12-31 07:00:09 -WebSocketSession[0 current WS(0)-HttpStream(0)-HttpPoll(0), 4 total, 0 closed abnormally (0 connect failure, 0 send limit, 0 transport error)], stompSubProtocol[processed CONNECT(4)-CONNECTED(4)-DISCONNECT(0)], stompBrokerRelay[null], inboundChannel[pool size = 0, active threads = 0, queued tasks = 0, completed tasks = 48], outboundChannelpool size = 0, active threads = 0, queued tasks = 0, completed tasks = 8], sockJsScheduler[pool size = 4, active threads = 1, queued tasks = 1, completed tasks = 123149]
2020-12-31 07:13:40 -Validating all active sessions...
2020-12-31 07:13:40 -Finished session validation.  No sessions were stopped.
2020-12-31 07:30:09 -WebSocketSession[0 current WS(0)-HttpStream(0)-HttpPoll(0), 4 total, 0 closed abnormally (0 connect failure, 0 send limit, 0 transport error)], stompSubProtocol[processed CONNECT(4)-CONNECTED(4)-DISCONNECT(0)], stompBrokerRelay[null], inboundChannel[pool size = 0, active threads = 0, queued tasks = 0, completed tasks = 48], outboundChannelpool size = 0, active threads = 0, queued tasks = 0, completed tasks = 8], sockJsScheduler[pool size = 4, active threads = 1, queued tasks = 1, completed tasks = 123510]
2020-12-31 08:00:09 -WebSocketSession[0 current WS(0)-HttpStream(0)-HttpPoll(0), 4 total, 0 closed abnormally (0 connect failure, 0 send limit, 0 transport error)], stompSubProtocol[processed CONNECT(4)-CONNECTED(4)-DISCONNECT(0)], stompBrokerRelay[null], inboundChannel[pool size = 0, active threads = 0, queued tasks = 0, completed tasks = 48], outboundChannelpool size = 0, active threads = 0, queued tasks = 0, completed tasks = 8], sockJsScheduler[pool size = 4, active threads = 1, queued tasks = 1, completed tasks = 123871]
2020-12-31 08:13:40 -Validating all active sessions...
2020-12-31 08:13:40 -Finished session validation.  No sessions were stopped.
2020-12-31 08:30:09 -WebSocketSession[0 current WS(0)-HttpStream(0)-HttpPoll(0), 4 total, 0 closed abnormally (0 connect failure, 0 send limit, 0 transport error)], stompSubProtocol[processed CONNECT(4)-CONNECTED(4)-DISCONNECT(0)], stompBrokerRelay[null], inboundChannel[pool size = 0, active threads = 0, queued tasks = 0, completed tasks = 48], outboundChannelpool size = 0, active threads = 0, queued tasks = 0, completed tasks = 8], sockJsScheduler[pool size = 4, active threads = 1, queued tasks = 1, completed tasks = 124232]
2020-12-31 09:00:09 -WebSocketSession[0 current WS(0)-HttpStream(0)-HttpPoll(0), 4 total, 0 closed abnormally (0 connect failure, 0 send limit, 0 transport error)], stompSubProtocol[processed CONNECT(4)-CONNECTED(4)-DISCONNECT(0)], stompBrokerRelay[null], inboundChannel[pool size = 0, active threads = 0, queued tasks = 0, completed tasks = 48], outboundChannelpool size = 0, active threads = 0, queued tasks = 0, completed tasks = 8], sockJsScheduler[pool size = 4, active threads = 1, queued tasks = 1, completed tasks = 124593]
2020-12-31 09:13:40 -Validating all active sessions...
2020-12-31 09:13:40 -Finished session validation.  No sessions were stopped.
2020-12-31 09:30:09 -WebSocketSession[0 current WS(0)-HttpStream(0)-HttpPoll(0), 4 total, 0 closed abnormally (0 connect failure, 0 send limit, 0 transport error)], stompSubProtocol[processed CONNECT(4)-CONNECTED(4)-DISCONNECT(0)], stompBrokerRelay[null], inboundChannel[pool size = 0, active threads = 0, queued tasks = 0, completed tasks = 48], outboundChannelpool size = 0, active threads = 0, queued tasks = 0, completed tasks = 8], sockJsScheduler[pool size = 4, active threads = 1, queued tasks = 1, completed tasks = 124954]
2020-12-31 10:00:09 -WebSocketSession[0 current WS(0)-HttpStream(0)-HttpPoll(0), 4 total, 0 closed abnormally (0 connect failure, 0 send limit, 0 transport error)], stompSubProtocol[processed CONNECT(4)-CONNECTED(4)-DISCONNECT(0)], stompBrokerRelay[null], inboundChannel[pool size = 0, active threads = 0, queued tasks = 0, completed tasks = 48], outboundChannelpool size = 0, active threads = 0, queued tasks = 0, completed tasks = 8], sockJsScheduler[pool size = 4, active threads = 1, queued tasks = 1, completed tasks = 125315]
2020-12-31 10:13:40 -Validating all active sessions...
2020-12-31 10:13:40 -Finished session validation.  No sessions were stopped.
2020-12-31 10:30:09 -WebSocketSession[0 current WS(0)-HttpStream(0)-HttpPoll(0), 4 total, 0 closed abnormally (0 connect failure, 0 send limit, 0 transport error)], stompSubProtocol[processed CONNECT(4)-CONNECTED(4)-DISCONNECT(0)], stompBrokerRelay[null], inboundChannel[pool size = 0, active threads = 0, queued tasks = 0, completed tasks = 48], outboundChannelpool size = 0, active threads = 0, queued tasks = 0, completed tasks = 8], sockJsScheduler[pool size = 4, active threads = 1, queued tasks = 1, completed tasks = 125676]
2020-12-31 11:00:09 -WebSocketSession[0 current WS(0)-HttpStream(0)-HttpPoll(0), 4 total, 0 closed abnormally (0 connect failure, 0 send limit, 0 transport error)], stompSubProtocol[processed CONNECT(4)-CONNECTED(4)-DISCONNECT(0)], stompBrokerRelay[null], inboundChannel[pool size = 0, active threads = 0, queued tasks = 0, completed tasks = 48], outboundChannelpool size = 0, active threads = 0, queued tasks = 0, completed tasks = 8], sockJsScheduler[pool size = 4, active threads = 1, queued tasks = 1, completed tasks = 126037]
2020-12-31 11:13:40 -Validating all active sessions...
2020-12-31 11:13:40 -Finished session validation.  No sessions were stopped.
2020-12-31 11:30:09 -WebSocketSession[0 current WS(0)-HttpStream(0)-HttpPoll(0), 4 total, 0 closed abnormally (0 connect failure, 0 send limit, 0 transport error)], stompSubProtocol[processed CONNECT(4)-CONNECTED(4)-DISCONNECT(0)], stompBrokerRelay[null], inboundChannel[pool size = 0, active threads = 0, queued tasks = 0, completed tasks = 48], outboundChannelpool size = 0, active threads = 0, queued tasks = 0, completed tasks = 8], sockJsScheduler[pool size = 4, active threads = 1, queued tasks = 1, completed tasks = 126398]
2020-12-31 12:00:09 -WebSocketSession[0 current WS(0)-HttpStream(0)-HttpPoll(0), 4 total, 0 closed abnormally (0 connect failure, 0 send limit, 0 transport error)], stompSubProtocol[processed CONNECT(4)-CONNECTED(4)-DISCONNECT(0)], stompBrokerRelay[null], inboundChannel[pool size = 0, active threads = 0, queued tasks = 0, completed tasks = 48], outboundChannelpool size = 0, active threads = 0, queued tasks = 0, completed tasks = 8], sockJsScheduler[pool size = 4, active threads = 1, queued tasks = 1, completed tasks = 126759]
2020-12-31 12:13:40 -Validating all active sessions...
2020-12-31 12:13:40 -Finished session validation.  No sessions were stopped.
2020-12-31 12:30:09 -WebSocketSession[0 current WS(0)-HttpStream(0)-HttpPoll(0), 4 total, 0 closed abnormally (0 connect failure, 0 send limit, 0 transport error)], stompSubProtocol[processed CONNECT(4)-CONNECTED(4)-DISCONNECT(0)], stompBrokerRelay[null], inboundChannel[pool size = 0, active threads = 0, queued tasks = 0, completed tasks = 48], outboundChannelpool size = 0, active threads = 0, queued tasks = 0, completed tasks = 8], sockJsScheduler[pool size = 4, active threads = 1, queued tasks = 1, completed tasks = 127120]
2020-12-31 13:00:09 -WebSocketSession[0 current WS(0)-HttpStream(0)-HttpPoll(0), 4 total, 0 closed abnormally (0 connect failure, 0 send limit, 0 transport error)], stompSubProtocol[processed CONNECT(4)-CONNECTED(4)-DISCONNECT(0)], stompBrokerRelay[null], inboundChannel[pool size = 0, active threads = 0, queued tasks = 0, completed tasks = 48], outboundChannelpool size = 0, active threads = 0, queued tasks = 0, completed tasks = 8], sockJsScheduler[pool size = 4, active threads = 1, queued tasks = 1, completed tasks = 127481]
2020-12-31 13:13:40 -Validating all active sessions...
2020-12-31 13:13:40 -Finished session validation.  No sessions were stopped.
2020-12-31 13:30:09 -WebSocketSession[0 current WS(0)-HttpStream(0)-HttpPoll(0), 4 total, 0 closed abnormally (0 connect failure, 0 send limit, 0 transport error)], stompSubProtocol[processed CONNECT(4)-CONNECTED(4)-DISCONNECT(0)], stompBrokerRelay[null], inboundChannel[pool size = 0, active threads = 0, queued tasks = 0, completed tasks = 48], outboundChannelpool size = 0, active threads = 0, queued tasks = 0, completed tasks = 8], sockJsScheduler[pool size = 4, active threads = 1, queued tasks = 1, completed tasks = 127842]
2020-12-31 14:00:09 -WebSocketSession[0 current WS(0)-HttpStream(0)-HttpPoll(0), 4 total, 0 closed abnormally (0 connect failure, 0 send limit, 0 transport error)], stompSubProtocol[processed CONNECT(4)-CONNECTED(4)-DISCONNECT(0)], stompBrokerRelay[null], inboundChannel[pool size = 0, active threads = 0, queued tasks = 0, completed tasks = 48], outboundChannelpool size = 0, active threads = 0, queued tasks = 0, completed tasks = 8], sockJsScheduler[pool size = 4, active threads = 1, queued tasks = 1, completed tasks = 128203]
2020-12-31 14:13:40 -Validating all active sessions...
2020-12-31 14:13:40 -Finished session validation.  No sessions were stopped.
2020-12-31 14:30:09 -WebSocketSession[0 current WS(0)-HttpStream(0)-HttpPoll(0), 4 total, 0 closed abnormally (0 connect failure, 0 send limit, 0 transport error)], stompSubProtocol[processed CONNECT(4)-CONNECTED(4)-DISCONNECT(0)], stompBrokerRelay[null], inboundChannel[pool size = 0, active threads = 0, queued tasks = 0, completed tasks = 48], outboundChannelpool size = 0, active threads = 0, queued tasks = 0, completed tasks = 8], sockJsScheduler[pool size = 4, active threads = 1, queued tasks = 1, completed tasks = 128564]
2020-12-31 15:00:09 -WebSocketSession[0 current WS(0)-HttpStream(0)-HttpPoll(0), 4 total, 0 closed abnormally (0 connect failure, 0 send limit, 0 transport error)], stompSubProtocol[processed CONNECT(4)-CONNECTED(4)-DISCONNECT(0)], stompBrokerRelay[null], inboundChannel[pool size = 0, active threads = 0, queued tasks = 0, completed tasks = 48], outboundChannelpool size = 0, active threads = 0, queued tasks = 0, completed tasks = 8], sockJsScheduler[pool size = 4, active threads = 1, queued tasks = 1, completed tasks = 128925]
2020-12-31 15:13:40 -Validating all active sessions...
2020-12-31 15:13:40 -Finished session validation.  No sessions were stopped.
2020-12-31 15:30:09 -WebSocketSession[0 current WS(0)-HttpStream(0)-HttpPoll(0), 4 total, 0 closed abnormally (0 connect failure, 0 send limit, 0 transport error)], stompSubProtocol[processed CONNECT(4)-CONNECTED(4)-DISCONNECT(0)], stompBrokerRelay[null], inboundChannel[pool size = 0, active threads = 0, queued tasks = 0, completed tasks = 48], outboundChannelpool size = 0, active threads = 0, queued tasks = 0, completed tasks = 8], sockJsScheduler[pool size = 4, active threads = 1, queued tasks = 1, completed tasks = 129286]
2020-12-31 15:57:32 -请求地址 : http://localhost:8066/login
2020-12-31 15:57:32 -HTTP METHOD : POST
2020-12-31 15:57:32 -CLASS_METHOD : com.bootdo.system.controller.LoginController.ajaxLogin
2020-12-31 15:57:32 -参数 : [admin1, 111111]
2020-12-31 15:57:37 -==>  Preparing: select `user_id`,`username`,`name`,`password`,`dept_id`,`email`,`mobile`,`status`,`user_id_create`,`gmt_create`,`gmt_modified`,`sex`,`birth`,`pic_id`,`live_address`,`hobby`,`province`,`city`,`district` from sys_user WHERE username = ? order by user_id desc 
2020-12-31 15:57:38 -==> Parameters: admin1(String)
2020-12-31 15:57:38 -<==      Total: 0
2020-12-31 15:57:39 -Authentication failed for token submission [org.apache.shiro.authc.UsernamePasswordToken - admin1, rememberMe=false].  Possible unexpected error? (Typical or expected login exceptions should extend from AuthenticationException).
java.lang.IndexOutOfBoundsException: Index: 0, Size: 0
	at java.util.ArrayList.rangeCheck(ArrayList.java:653)
	at java.util.ArrayList.get(ArrayList.java:429)
	at com.bootdo.system.shiro.UserRealm.doGetAuthenticationInfo(UserRealm.java:52)
	at org.apache.shiro.realm.AuthenticatingRealm.getAuthenticationInfo(AuthenticatingRealm.java:568)
	at org.apache.shiro.authc.pam.ModularRealmAuthenticator.doSingleRealmAuthentication(ModularRealmAuthenticator.java:180)
	at org.apache.shiro.authc.pam.ModularRealmAuthenticator.doAuthenticate(ModularRealmAuthenticator.java:267)
	at org.apache.shiro.authc.AbstractAuthenticator.authenticate(AbstractAuthenticator.java:198)
	at org.apache.shiro.mgt.AuthenticatingSecurityManager.authenticate(AuthenticatingSecurityManager.java:106)
	at org.apache.shiro.mgt.DefaultSecurityManager.login(DefaultSecurityManager.java:270)
	at org.apache.shiro.subject.support.DelegatingSubject.login(DelegatingSubject.java:256)
	at com.bootdo.system.controller.LoginController.ajaxLogin(LoginController.java:77)
	at sun.reflect.NativeMethodAccessorImpl.invoke0(Native Method)
	at sun.reflect.NativeMethodAccessorImpl.invoke(NativeMethodAccessorImpl.java:62)
	at sun.reflect.DelegatingMethodAccessorImpl.invoke(DelegatingMethodAccessorImpl.java:43)
	at java.lang.reflect.Method.invoke(Method.java:498)
	at org.springframework.aop.support.AopUtils.invokeJoinpointUsingReflection(AopUtils.java:333)
	at org.springframework.aop.framework.ReflectiveMethodInvocation.invokeJoinpoint(ReflectiveMethodInvocation.java:190)
	at org.springframework.aop.framework.CglibAopProxy$CglibMethodInvocation.invokeJoinpoint(CglibAopProxy.java:741)
	at org.springframework.aop.framework.ReflectiveMethodInvocation.proceed(ReflectiveMethodInvocation.java:157)
	at org.springframework.aop.framework.adapter.MethodBeforeAdviceInterceptor.invoke(MethodBeforeAdviceInterceptor.java:52)
	at org.springframework.aop.framework.ReflectiveMethodInvocation.proceed(ReflectiveMethodInvocation.java:179)
	at org.springframework.aop.aspectj.MethodInvocationProceedingJoinPoint.proceed(MethodInvocationProceedingJoinPoint.java:85)
	at com.bootdo.common.aspect.WebLogAspect.doAround(WebLogAspect.java:53)
	at sun.reflect.GeneratedMethodAccessor148.invoke(Unknown Source)
	at sun.reflect.DelegatingMethodAccessorImpl.invoke(DelegatingMethodAccessorImpl.java:43)
	at java.lang.reflect.Method.invoke(Method.java:498)
	at org.springframework.aop.aspectj.AbstractAspectJAdvice.invokeAdviceMethodWithGivenArgs(AbstractAspectJAdvice.java:629)
	at org.springframework.aop.aspectj.AbstractAspectJAdvice.invokeAdviceMethod(AbstractAspectJAdvice.java:618)
	at org.springframework.aop.aspectj.AspectJAroundAdvice.invoke(AspectJAroundAdvice.java:70)
	at org.springframework.aop.framework.ReflectiveMethodInvocation.proceed(ReflectiveMethodInvocation.java:179)
	at org.springframework.aop.framework.adapter.AfterReturningAdviceInterceptor.invoke(AfterReturningAdviceInterceptor.java:52)
	at org.springframework.aop.framework.ReflectiveMethodInvocation.proceed(ReflectiveMethodInvocation.java:179)
	at org.springframework.aop.aspectj.MethodInvocationProceedingJoinPoint.proceed(MethodInvocationProceedingJoinPoint.java:85)
	at com.bootdo.common.aspect.LogAspect.around(LogAspect.java:50)
	at sun.reflect.NativeMethodAccessorImpl.invoke0(Native Method)
	at sun.reflect.NativeMethodAccessorImpl.invoke(NativeMethodAccessorImpl.java:62)
	at sun.reflect.DelegatingMethodAccessorImpl.invoke(DelegatingMethodAccessorImpl.java:43)
	at java.lang.reflect.Method.invoke(Method.java:498)
	at org.springframework.aop.aspectj.AbstractAspectJAdvice.invokeAdviceMethodWithGivenArgs(AbstractAspectJAdvice.java:629)
	at org.springframework.aop.aspectj.AbstractAspectJAdvice.invokeAdviceMethod(AbstractAspectJAdvice.java:618)
	at org.springframework.aop.aspectj.AspectJAroundAdvice.invoke(AspectJAroundAdvice.java:70)
	at org.springframework.aop.framework.ReflectiveMethodInvocation.proceed(ReflectiveMethodInvocation.java:168)
	at org.springframework.aop.interceptor.ExposeInvocationInterceptor.invoke(ExposeInvocationInterceptor.java:92)
	at org.springframework.aop.framework.ReflectiveMethodInvocation.proceed(ReflectiveMethodInvocation.java:179)
	at org.springframework.aop.framework.CglibAopProxy$DynamicAdvisedInterceptor.intercept(CglibAopProxy.java:673)
	at com.bootdo.system.controller.LoginController$$EnhancerBySpringCGLIB$$76191b39.ajaxLogin(<generated>)
	at sun.reflect.NativeMethodAccessorImpl.invoke0(Native Method)
	at sun.reflect.NativeMethodAccessorImpl.invoke(NativeMethodAccessorImpl.java:62)
	at sun.reflect.DelegatingMethodAccessorImpl.invoke(DelegatingMethodAccessorImpl.java:43)
	at java.lang.reflect.Method.invoke(Method.java:498)
	at org.springframework.web.method.support.InvocableHandlerMethod.doInvoke(InvocableHandlerMethod.java:205)
	at org.springframework.web.method.support.InvocableHandlerMethod.invokeForRequest(InvocableHandlerMethod.java:133)
	at org.springframework.web.servlet.mvc.method.annotation.ServletInvocableHandlerMethod.invokeAndHandle(ServletInvocableHandlerMethod.java:97)
	at org.springframework.web.servlet.mvc.method.annotation.RequestMappingHandlerAdapter.invokeHandlerMethod(RequestMappingHandlerAdapter.java:827)
	at org.springframework.web.servlet.mvc.method.annotation.RequestMappingHandlerAdapter.handleInternal(RequestMappingHandlerAdapter.java:738)
	at org.springframework.web.servlet.mvc.method.AbstractHandlerMethodAdapter.handle(AbstractHandlerMethodAdapter.java:85)
	at org.springframework.web.servlet.DispatcherServlet.doDispatch(DispatcherServlet.java:967)
	at org.springframework.web.servlet.DispatcherServlet.doService(DispatcherServlet.java:901)
	at org.springframework.web.servlet.FrameworkServlet.processRequest(FrameworkServlet.java:970)
	at org.springframework.web.servlet.FrameworkServlet.doPost(FrameworkServlet.java:872)
	at javax.servlet.http.HttpServlet.service(HttpServlet.java:661)
	at org.springframework.web.servlet.FrameworkServlet.service(FrameworkServlet.java:846)
	at javax.servlet.http.HttpServlet.service(HttpServlet.java:742)
	at org.apache.catalina.core.ApplicationFilterChain.internalDoFilter(ApplicationFilterChain.java:231)
	at org.apache.catalina.core.ApplicationFilterChain.doFilter(ApplicationFilterChain.java:166)
	at org.apache.tomcat.websocket.server.WsFilter.doFilter(WsFilter.java:52)
	at org.apache.catalina.core.ApplicationFilterChain.internalDoFilter(ApplicationFilterChain.java:193)
	at org.apache.catalina.core.ApplicationFilterChain.doFilter(ApplicationFilterChain.java:166)
	at org.apache.shiro.web.servlet.ProxiedFilterChain.doFilter(ProxiedFilterChain.java:61)
	at org.apache.shiro.web.servlet.AdviceFilter.executeChain(AdviceFilter.java:108)
	at org.apache.shiro.web.servlet.AdviceFilter.doFilterInternal(AdviceFilter.java:137)
	at org.apache.shiro.web.servlet.OncePerRequestFilter.doFilter(OncePerRequestFilter.java:125)
	at org.apache.shiro.web.servlet.ProxiedFilterChain.doFilter(ProxiedFilterChain.java:66)
	at org.apache.shiro.web.servlet.AbstractShiroFilter.executeChain(AbstractShiroFilter.java:449)
	at org.apache.shiro.web.servlet.AbstractShiroFilter$1.call(AbstractShiroFilter.java:365)
	at org.apache.shiro.subject.support.SubjectCallable.doCall(SubjectCallable.java:90)
	at org.apache.shiro.subject.support.SubjectCallable.call(SubjectCallable.java:83)
	at org.apache.shiro.subject.support.DelegatingSubject.execute(DelegatingSubject.java:383)
	at org.apache.shiro.web.servlet.AbstractShiroFilter.doFilterInternal(AbstractShiroFilter.java:362)
	at org.apache.shiro.web.servlet.OncePerRequestFilter.doFilter(OncePerRequestFilter.java:125)
	at org.apache.catalina.core.ApplicationFilterChain.internalDoFilter(ApplicationFilterChain.java:193)
	at org.apache.catalina.core.ApplicationFilterChain.doFilter(ApplicationFilterChain.java:166)
	at com.alibaba.druid.support.http.WebStatFilter.doFilter(WebStatFilter.java:123)
	at org.apache.catalina.core.ApplicationFilterChain.internalDoFilter(ApplicationFilterChain.java:193)
	at org.apache.catalina.core.ApplicationFilterChain.doFilter(ApplicationFilterChain.java:166)
	at org.springframework.security.web.FilterChainProxy.doFilterInternal(FilterChainProxy.java:208)
	at org.springframework.security.web.FilterChainProxy.doFilter(FilterChainProxy.java:177)
	at org.springframework.web.filter.DelegatingFilterProxy.invokeDelegate(DelegatingFilterProxy.java:347)
	at org.springframework.web.filter.DelegatingFilterProxy.doFilter(DelegatingFilterProxy.java:263)
	at org.apache.catalina.core.ApplicationFilterChain.internalDoFilter(ApplicationFilterChain.java:193)
	at org.apache.catalina.core.ApplicationFilterChain.doFilter(ApplicationFilterChain.java:166)
	at org.springframework.web.filter.RequestContextFilter.doFilterInternal(RequestContextFilter.java:99)
	at org.springframework.web.filter.OncePerRequestFilter.doFilter(OncePerRequestFilter.java:107)
	at org.apache.catalina.core.ApplicationFilterChain.internalDoFilter(ApplicationFilterChain.java:193)
	at org.apache.catalina.core.ApplicationFilterChain.doFilter(ApplicationFilterChain.java:166)
	at org.springframework.web.filter.HttpPutFormContentFilter.doFilterInternal(HttpPutFormContentFilter.java:108)
	at org.springframework.web.filter.OncePerRequestFilter.doFilter(OncePerRequestFilter.java:107)
	at org.apache.catalina.core.ApplicationFilterChain.internalDoFilter(ApplicationFilterChain.java:193)
	at org.apache.catalina.core.ApplicationFilterChain.doFilter(ApplicationFilterChain.java:166)
	at org.springframework.web.filter.HiddenHttpMethodFilter.doFilterInternal(HiddenHttpMethodFilter.java:81)
	at org.springframework.web.filter.OncePerRequestFilter.doFilter(OncePerRequestFilter.java:107)
	at org.apache.catalina.core.ApplicationFilterChain.internalDoFilter(ApplicationFilterChain.java:193)
	at org.apache.catalina.core.ApplicationFilterChain.doFilter(ApplicationFilterChain.java:166)
	at org.springframework.web.filter.CharacterEncodingFilter.doFilterInternal(CharacterEncodingFilter.java:197)
	at org.springframework.web.filter.OncePerRequestFilter.doFilter(OncePerRequestFilter.java:107)
	at org.apache.catalina.core.ApplicationFilterChain.internalDoFilter(ApplicationFilterChain.java:193)
	at org.apache.catalina.core.ApplicationFilterChain.doFilter(ApplicationFilterChain.java:166)
	at org.apache.catalina.core.StandardWrapperValve.invoke(StandardWrapperValve.java:199)
	at org.apache.catalina.core.StandardContextValve.invoke(StandardContextValve.java:96)
	at org.apache.catalina.authenticator.AuthenticatorBase.invoke(AuthenticatorBase.java:478)
	at org.apache.catalina.core.StandardHostValve.invoke(StandardHostValve.java:140)
	at org.apache.catalina.valves.ErrorReportValve.invoke(ErrorReportValve.java:81)
	at org.apache.catalina.core.StandardEngineValve.invoke(StandardEngineValve.java:87)
	at org.apache.catalina.connector.CoyoteAdapter.service(CoyoteAdapter.java:342)
	at org.apache.coyote.http11.Http11Processor.service(Http11Processor.java:803)
	at org.apache.coyote.AbstractProcessorLight.process(AbstractProcessorLight.java:66)
	at org.apache.coyote.AbstractProtocol$ConnectionHandler.process(AbstractProtocol.java:868)
	at org.apache.tomcat.util.net.NioEndpoint$SocketProcessor.doRun(NioEndpoint.java:1459)
	at org.apache.tomcat.util.net.SocketProcessorBase.run(SocketProcessorBase.java:49)
	at java.util.concurrent.ThreadPoolExecutor.runWorker(ThreadPoolExecutor.java:1149)
	at java.util.concurrent.ThreadPoolExecutor$Worker.run(ThreadPoolExecutor.java:624)
	at org.apache.tomcat.util.threads.TaskThread$WrappingRunnable.run(TaskThread.java:61)
	at java.lang.Thread.run(Thread.java:748)
2020-12-31 15:57:40 -耗时 : 7597
2020-12-31 15:57:40 -返回值 : {msg=用户或密码错误, code=500}
2020-12-31 15:57:41 -==>  Preparing: insert into sys_log ( `user_id`, `username`, `operation`, `time`, `method`, `params`, `ip`, `gmt_create` ) values ( ?, ?, ?, ?, ?, ?, ?, ? ) 
2020-12-31 15:57:41 -==> Parameters: -1(Long), 获取用户信息为空(String), 登录(String), 7694(Integer), com.bootdo.system.controller.LoginController.ajaxLogin()(String), null, 127.0.0.1(String), 2020-12-31 15:57:40.613(Timestamp)
2020-12-31 15:57:42 -<==    Updates: 1
2020-12-31 15:57:46 -请求地址 : http://localhost:8066/login
2020-12-31 15:57:46 -HTTP METHOD : POST
2020-12-31 15:57:46 -CLASS_METHOD : com.bootdo.system.controller.LoginController.ajaxLogin
2020-12-31 15:57:46 -参数 : [admin, 111111]
2020-12-31 15:57:46 -==>  Preparing: select `user_id`,`username`,`name`,`password`,`dept_id`,`email`,`mobile`,`status`,`user_id_create`,`gmt_create`,`gmt_modified`,`sex`,`birth`,`pic_id`,`live_address`,`hobby`,`province`,`city`,`district` from sys_user WHERE username = ? order by user_id desc 
2020-12-31 15:57:46 -==> Parameters: admin(String)
2020-12-31 15:57:46 -<==      Total: 1
2020-12-31 15:57:46 -耗时 : 216
2020-12-31 15:57:46 -返回值 : {msg=操作成功, code=0}
2020-12-31 15:57:46 -==>  Preparing: insert into sys_log ( `user_id`, `username`, `operation`, `time`, `method`, `params`, `ip`, `gmt_create` ) values ( ?, ?, ?, ?, ?, ?, ?, ? ) 
2020-12-31 15:57:46 -==> Parameters: 1(Long), admin(String), 登录(String), 225(Integer), com.bootdo.system.controller.LoginController.ajaxLogin()(String), null, 127.0.0.1(String), 2020-12-31 15:57:46.659(Timestamp)
2020-12-31 15:57:46 -<==    Updates: 1
2020-12-31 15:57:47 -请求地址 : http://localhost:8066/index
2020-12-31 15:57:47 -HTTP METHOD : GET
2020-12-31 15:57:47 -CLASS_METHOD : com.bootdo.system.controller.LoginController.index
2020-12-31 15:57:47 -参数 : [{}]
2020-12-31 15:57:47 -==>  Preparing: select distinct m.menu_id , parent_id, name, url, perms,`type`,icon,order_num,gmt_create, gmt_modified from sys_menu m left join sys_role_menu rm on m.menu_id = rm.menu_id left join sys_user_role ur on rm.role_id =ur.role_id where ur.user_id = ? and m.type in(0,1) order by m.order_num 
2020-12-31 15:57:47 -==> Parameters: 1(Long)
2020-12-31 15:57:47 -<==      Total: 27
2020-12-31 15:57:48 -==>  Preparing: select `id`,`type`,`url`,`create_date` from sys_file where id = ? 
2020-12-31 15:57:48 -==> Parameters: 149(Long)
2020-12-31 15:57:48 -<==      Total: 1
2020-12-31 15:57:48 -耗时 : 1390
2020-12-31 15:57:48 -返回值 : index_v1
2020-12-31 15:57:48 -==>  Preparing: insert into sys_log ( `user_id`, `username`, `operation`, `time`, `method`, `params`, `ip`, `gmt_create` ) values ( ?, ?, ?, ?, ?, ?, ?, ? ) 
2020-12-31 15:57:48 -==> Parameters: 1(Long), admin(String), 请求访问主页(String), 1391(Integer), com.bootdo.system.controller.LoginController.index()(String), null, 127.0.0.1(String), 2020-12-31 15:57:48.591(Timestamp)
2020-12-31 15:57:49 -<==    Updates: 1
2020-12-31 15:57:49 -请求地址 : http://localhost:8066/login
2020-12-31 15:57:49 -HTTP METHOD : POST
2020-12-31 15:57:49 -CLASS_METHOD : com.bootdo.system.controller.LoginController.ajaxLogin
2020-12-31 15:57:49 -参数 : [admin, 111111]
2020-12-31 15:57:49 -==>  Preparing: select `user_id`,`username`,`name`,`password`,`dept_id`,`email`,`mobile`,`status`,`user_id_create`,`gmt_create`,`gmt_modified`,`sex`,`birth`,`pic_id`,`live_address`,`hobby`,`province`,`city`,`district` from sys_user WHERE username = ? order by user_id desc 
2020-12-31 15:57:49 -==> Parameters: admin(String)
2020-12-31 15:57:49 -<==      Total: 1
2020-12-31 15:57:49 -耗时 : 102
2020-12-31 15:57:49 -返回值 : {msg=操作成功, code=0}
2020-12-31 15:57:49 -==>  Preparing: insert into sys_log ( `user_id`, `username`, `operation`, `time`, `method`, `params`, `ip`, `gmt_create` ) values ( ?, ?, ?, ?, ?, ?, ?, ? ) 
2020-12-31 15:57:49 -==> Parameters: 1(Long), admin(String), 登录(String), 102(Integer), com.bootdo.system.controller.LoginController.ajaxLogin()(String), null, 127.0.0.1(String), 2020-12-31 15:57:49.581(Timestamp)
2020-12-31 15:57:49 -<==    Updates: 1
2020-12-31 15:57:49 -请求地址 : http://localhost:8066/index
2020-12-31 15:57:49 -HTTP METHOD : GET
2020-12-31 15:57:49 -CLASS_METHOD : com.bootdo.system.controller.LoginController.index
2020-12-31 15:57:49 -参数 : [{}]
2020-12-31 15:57:49 -==>  Preparing: select distinct m.menu_id , parent_id, name, url, perms,`type`,icon,order_num,gmt_create, gmt_modified from sys_menu m left join sys_role_menu rm on m.menu_id = rm.menu_id left join sys_user_role ur on rm.role_id =ur.role_id where ur.user_id = ? and m.type in(0,1) order by m.order_num 
2020-12-31 15:57:49 -==> Parameters: 1(Long)
2020-12-31 15:57:50 -<==      Total: 27
2020-12-31 15:57:50 -==>  Preparing: select `id`,`type`,`url`,`create_date` from sys_file where id = ? 
2020-12-31 15:57:50 -==> Parameters: 149(Long)
2020-12-31 15:57:50 -<==      Total: 1
2020-12-31 15:57:50 -耗时 : 99
2020-12-31 15:57:50 -返回值 : index_v1
2020-12-31 15:57:50 -==>  Preparing: insert into sys_log ( `user_id`, `username`, `operation`, `time`, `method`, `params`, `ip`, `gmt_create` ) values ( ?, ?, ?, ?, ?, ?, ?, ? ) 
2020-12-31 15:57:50 -==> Parameters: 1(Long), admin(String), 请求访问主页(String), 100(Integer), com.bootdo.system.controller.LoginController.index()(String), null, 127.0.0.1(String), 2020-12-31 15:57:50.058(Timestamp)
2020-12-31 15:57:51 -<==    Updates: 1
2020-12-31 15:57:51 -请求地址 : http://localhost:8066/login
2020-12-31 15:57:51 -HTTP METHOD : POST
2020-12-31 15:57:51 -CLASS_METHOD : com.bootdo.system.controller.LoginController.ajaxLogin
2020-12-31 15:57:51 -参数 : [admin, 111111]
2020-12-31 15:57:51 -==>  Preparing: select `user_id`,`username`,`name`,`password`,`dept_id`,`email`,`mobile`,`status`,`user_id_create`,`gmt_create`,`gmt_modified`,`sex`,`birth`,`pic_id`,`live_address`,`hobby`,`province`,`city`,`district` from sys_user WHERE username = ? order by user_id desc 
2020-12-31 15:57:51 -==> Parameters: admin(String)
2020-12-31 15:57:51 -<==      Total: 1
2020-12-31 15:57:51 -耗时 : 12
2020-12-31 15:57:51 -返回值 : {msg=操作成功, code=0}
2020-12-31 15:57:51 -==>  Preparing: insert into sys_log ( `user_id`, `username`, `operation`, `time`, `method`, `params`, `ip`, `gmt_create` ) values ( ?, ?, ?, ?, ?, ?, ?, ? ) 
2020-12-31 15:57:51 -==> Parameters: 1(Long), admin(String), 登录(String), 12(Integer), com.bootdo.system.controller.LoginController.ajaxLogin()(String), null, 127.0.0.1(String), 2020-12-31 15:57:51.112(Timestamp)
2020-12-31 15:57:51 -<==    Updates: 1
2020-12-31 15:57:51 -请求地址 : http://localhost:8066/index
2020-12-31 15:57:51 -HTTP METHOD : GET
2020-12-31 15:57:51 -CLASS_METHOD : com.bootdo.system.controller.LoginController.index
2020-12-31 15:57:51 -参数 : [{}]
2020-12-31 15:57:51 -==>  Preparing: select distinct m.menu_id , parent_id, name, url, perms,`type`,icon,order_num,gmt_create, gmt_modified from sys_menu m left join sys_role_menu rm on m.menu_id = rm.menu_id left join sys_user_role ur on rm.role_id =ur.role_id where ur.user_id = ? and m.type in(0,1) order by m.order_num 
2020-12-31 15:57:51 -==> Parameters: 1(Long)
2020-12-31 15:57:51 -<==      Total: 27
2020-12-31 15:57:51 -==>  Preparing: select `id`,`type`,`url`,`create_date` from sys_file where id = ? 
2020-12-31 15:57:51 -==> Parameters: 149(Long)
2020-12-31 15:57:51 -<==      Total: 1
2020-12-31 15:57:51 -耗时 : 229
2020-12-31 15:57:51 -返回值 : index_v1
2020-12-31 15:57:51 -请求地址 : http://localhost:8066/login
2020-12-31 15:57:51 -HTTP METHOD : POST
2020-12-31 15:57:51 -CLASS_METHOD : com.bootdo.system.controller.LoginController.ajaxLogin
2020-12-31 15:57:51 -参数 : [admin, 111111]
2020-12-31 15:57:51 -==>  Preparing: insert into sys_log ( `user_id`, `username`, `operation`, `time`, `method`, `params`, `ip`, `gmt_create` ) values ( ?, ?, ?, ?, ?, ?, ?, ? ) 
2020-12-31 15:57:51 -==> Parameters: 1(Long), admin(String), 请求访问主页(String), 229(Integer), com.bootdo.system.controller.LoginController.index()(String), null, 127.0.0.1(String), 2020-12-31 15:57:51.658(Timestamp)
2020-12-31 15:57:51 -==>  Preparing: select `user_id`,`username`,`name`,`password`,`dept_id`,`email`,`mobile`,`status`,`user_id_create`,`gmt_create`,`gmt_modified`,`sex`,`birth`,`pic_id`,`live_address`,`hobby`,`province`,`city`,`district` from sys_user WHERE username = ? order by user_id desc 
2020-12-31 15:57:51 -<==    Updates: 1
2020-12-31 15:57:51 -==> Parameters: admin(String)
2020-12-31 15:57:52 -<==      Total: 1
2020-12-31 15:57:52 -耗时 : 473
2020-12-31 15:57:52 -返回值 : {msg=操作成功, code=0}
2020-12-31 15:57:52 -==>  Preparing: insert into sys_log ( `user_id`, `username`, `operation`, `time`, `method`, `params`, `ip`, `gmt_create` ) values ( ?, ?, ?, ?, ?, ?, ?, ? ) 
2020-12-31 15:57:52 -==> Parameters: 1(Long), admin(String), 登录(String), 473(Integer), com.bootdo.system.controller.LoginController.ajaxLogin()(String), null, 127.0.0.1(String), 2020-12-31 15:57:52.152(Timestamp)
2020-12-31 15:57:52 -<==    Updates: 1
2020-12-31 15:57:52 -请求地址 : http://localhost:8066/index
2020-12-31 15:57:52 -HTTP METHOD : GET
2020-12-31 15:57:52 -CLASS_METHOD : com.bootdo.system.controller.LoginController.index
2020-12-31 15:57:52 -参数 : [{}]
2020-12-31 15:57:52 -==>  Preparing: select distinct m.menu_id , parent_id, name, url, perms,`type`,icon,order_num,gmt_create, gmt_modified from sys_menu m left join sys_role_menu rm on m.menu_id = rm.menu_id left join sys_user_role ur on rm.role_id =ur.role_id where ur.user_id = ? and m.type in(0,1) order by m.order_num 
2020-12-31 15:57:52 -==> Parameters: 1(Long)
2020-12-31 15:57:52 -<==      Total: 27
2020-12-31 15:57:52 -==>  Preparing: select `id`,`type`,`url`,`create_date` from sys_file where id = ? 
2020-12-31 15:57:52 -==> Parameters: 149(Long)
2020-12-31 15:57:52 -<==      Total: 1
2020-12-31 15:57:52 -耗时 : 241
2020-12-31 15:57:52 -返回值 : index_v1
2020-12-31 15:57:52 -==>  Preparing: insert into sys_log ( `user_id`, `username`, `operation`, `time`, `method`, `params`, `ip`, `gmt_create` ) values ( ?, ?, ?, ?, ?, ?, ?, ? ) 
2020-12-31 15:57:52 -==> Parameters: 1(Long), admin(String), 请求访问主页(String), 241(Integer), com.bootdo.system.controller.LoginController.index()(String), null, 127.0.0.1(String), 2020-12-31 15:57:52.795(Timestamp)
2020-12-31 15:57:52 -<==    Updates: 1
2020-12-31 15:57:54 -请求地址 : http://localhost:8066/main
2020-12-31 15:57:54 -HTTP METHOD : GET
2020-12-31 15:57:54 -CLASS_METHOD : com.bootdo.system.controller.LoginController.main
2020-12-31 15:57:54 -参数 : []
2020-12-31 15:57:54 -耗时 : 0
2020-12-31 15:57:54 -返回值 : main
2020-12-31 15:57:55 -请求地址 : http://localhost:8066/oa/notify/message
2020-12-31 15:57:55 -HTTP METHOD : GET
2020-12-31 15:57:55 -CLASS_METHOD : com.bootdo.oa.controller.NotifyController.message
2020-12-31 15:57:55 -参数 : []
2020-12-31 15:57:55 -请求地址 : http://localhost:8066/main
2020-12-31 15:57:55 -HTTP METHOD : GET
2020-12-31 15:57:55 -CLASS_METHOD : com.bootdo.system.controller.LoginController.main
2020-12-31 15:57:55 -参数 : []
2020-12-31 15:57:55 -耗时 : 0
2020-12-31 15:57:55 -返回值 : main
2020-12-31 15:57:55 -==>  Preparing: select DISTINCT n.id ,`type`,`title`,`content`,`files`,r.is_read,`status`,`create_by`,`create_date`,`update_by`,`update_date`,`remarks`,`del_flag` from oa_notify_record r right JOIN oa_notify n on r.notify_id = n.id WHERE r.is_read = ? and r.user_id = ? order by is_read ASC, update_date DESC limit ?, ? 
2020-12-31 15:57:55 -==> Parameters: 0(String), 1(Long), 0(Integer), 3(Integer)
2020-12-31 15:57:55 -<==      Total: 0
2020-12-31 15:57:55 -==>  Preparing: select count(*) from oa_notify_record r right JOIN oa_notify n on r.notify_id = n.id where r.user_id =? and r.is_read = ? 
2020-12-31 15:57:55 -==> Parameters: 1(Long), 0(String)
2020-12-31 15:57:55 -<==      Total: 1
2020-12-31 15:57:55 -耗时 : 438
2020-12-31 15:57:55 -返回值 : com.bootdo.common.utils.PageUtils@3ed930ed
2020-12-31 15:58:06 -==>  Preparing: select distinct m.perms from sys_menu m left join sys_role_menu rm on m.menu_id = rm.menu_id left join sys_user_role ur on rm.role_id = ur.role_id where ur.user_id = ? 
2020-12-31 15:58:06 -==> Parameters: 1(Long)
2020-12-31 15:58:06 -<==      Total: 47
2020-12-31 15:58:06 -请求地址 : http://localhost:8066/sys/user/
2020-12-31 15:58:06 -HTTP METHOD : GET
2020-12-31 15:58:06 -CLASS_METHOD : com.bootdo.system.controller.UserController.user
2020-12-31 15:58:06 -参数 : [{}]
2020-12-31 15:58:06 -耗时 : 4
2020-12-31 15:58:06 -返回值 : system/user/user
2020-12-31 15:58:10 -请求地址 : http://localhost:8066/system/sysDept/tree
2020-12-31 15:58:10 -HTTP METHOD : GET
2020-12-31 15:58:10 -CLASS_METHOD : com.bootdo.system.controller.DeptController.tree
2020-12-31 15:58:10 -参数 : []
2020-12-31 15:58:10 -请求地址 : http://localhost:8066/sys/user/list
2020-12-31 15:58:10 -HTTP METHOD : GET
2020-12-31 15:58:10 -CLASS_METHOD : com.bootdo.system.controller.UserController.list
2020-12-31 15:58:10 -参数 : [{limit=10, offset=0, name=, deptId=}]
2020-12-31 15:58:10 -==>  Preparing: select `user_id`,`username`,`name`,`password`,`dept_id`,`email`,`mobile`,`status`,`user_id_create`,`gmt_create`,`gmt_modified`,`sex`,`birth`,`pic_id`,`live_address`,`hobby`,`province`,`city`,`district` from sys_user order by user_id desc limit ?, ? 
2020-12-31 15:58:10 -==> Parameters: 0(Integer), 10(Integer)
2020-12-31 15:58:10 -<==      Total: 10
2020-12-31 15:58:10 -==>  Preparing: select count(*) from sys_user 
2020-12-31 15:58:10 -==> Parameters: 
2020-12-31 15:58:10 -<==      Total: 1
2020-12-31 15:58:10 -耗时 : 113
2020-12-31 15:58:10 -返回值 : com.bootdo.common.utils.PageUtils@11d67103
2020-12-31 15:58:11 -==>  Preparing: select `dept_id`,`parent_id`,`name`,`order_num`,`del_flag` from sys_dept order by dept_id desc 
2020-12-31 15:58:11 -==> Parameters: 
2020-12-31 15:58:11 -<==      Total: 10
2020-12-31 15:58:11 -耗时 : 745
2020-12-31 15:58:11 -返回值 : {"checked":true,"children":[{"checked":false,"children":[{"checked":false,"children":[],"hasChildren":false,"hasParent":true,"id":"15","parentId":"13","state":{"opened":true},"text":"测试二部"},{"checked":false,"children":[],"hasChildren":false,"hasParent":true,"id":"14","parentId":"13","state":{"opened":true},"text":"测试一部"}],"hasChildren":true,"hasParent":false,"id":"13","parentId":"0","state":{"opened":true},"text":"测试部"},{"checked":false,"children":[{"checked":false,"children":[],"hasChildren":false,"hasParent":true,"id":"12","parentId":"11","state":{"opened":true},"text":"产品一部"}],"hasChildren":true,"hasParent":false,"id":"11","parentId":"0","state":{"opened":true},"text":"产品部"},{"checked":false,"children":[{"checked":false,"children":[],"hasChildren":false,"hasParent":true,"id":"10","parentId":"9","state":{"opened":true},"text":"销售一部"}],"hasChildren":true,"hasParent":false,"id":"9","parentId":"0","state":{"opened":true},"text":"销售部"},{"checked":false,"children":[{"checked":false,"children":[],"hasChildren":false,"hasParent":true,"id":"8","parentId":"6","state":{"opened":true},"text":"研发二部"},{"checked":false,"children":[],"hasChildren":false,"hasParent":true,"id":"7","parentId":"6","state":{"opened":true},"text":"研發一部"}],"hasChildren":true,"hasParent":false,"id":"6","parentId":"0","state":{"opened":true},"text":"研发部"}],"hasChildren":true,"hasParent":false,"id":"-1","parentId":"","state":{"opened":true},"text":"顶级节点"}
2020-12-31 16:00:09 -WebSocketSession[1 current WS(1)-HttpStream(0)-HttpPoll(0), 5 total, 0 closed abnormally (0 connect failure, 0 send limit, 0 transport error)], stompSubProtocol[processed CONNECT(5)-CONNECTED(5)-DISCONNECT(0)], stompBrokerRelay[null], inboundChannel[pool size = 0, active threads = 0, queued tasks = 0, completed tasks = 57], outboundChannelpool size = 0, active threads = 0, queued tasks = 0, completed tasks = 9], sockJsScheduler[pool size = 4, active threads = 1, queued tasks = 2, completed tasks = 129652]
2020-12-31 16:13:40 -Validating all active sessions...
2020-12-31 16:13:40 -Finished session validation.  No sessions were stopped.
2020-12-31 16:30:09 -WebSocketSession[0 current WS(0)-HttpStream(0)-HttpPoll(0), 5 total, 0 closed abnormally (0 connect failure, 0 send limit, 0 transport error)], stompSubProtocol[processed CONNECT(5)-CONNECTED(5)-DISCONNECT(0)], stompBrokerRelay[null], inboundChannel[pool size = 0, active threads = 0, queued tasks = 0, completed tasks = 60], outboundChannelpool size = 0, active threads = 0, queued tasks = 0, completed tasks = 10], sockJsScheduler[pool size = 4, active threads = 1, queued tasks = 1, completed tasks = 130026]
2020-12-31 17:00:09 -WebSocketSession[0 current WS(0)-HttpStream(0)-HttpPoll(0), 5 total, 0 closed abnormally (0 connect failure, 0 send limit, 0 transport error)], stompSubProtocol[processed CONNECT(5)-CONNECTED(5)-DISCONNECT(0)], stompBrokerRelay[null], inboundChannel[pool size = 0, active threads = 0, queued tasks = 0, completed tasks = 60], outboundChannelpool size = 0, active threads = 0, queued tasks = 0, completed tasks = 10], sockJsScheduler[pool size = 4, active threads = 1, queued tasks = 1, completed tasks = 130387]
2020-12-31 17:13:40 -Validating all active sessions...
2020-12-31 17:13:40 -Finished session validation.  [1] sessions were stopped.
2020-12-31 17:30:09 -WebSocketSession[0 current WS(0)-HttpStream(0)-HttpPoll(0), 5 total, 0 closed abnormally (0 connect failure, 0 send limit, 0 transport error)], stompSubProtocol[processed CONNECT(5)-CONNECTED(5)-DISCONNECT(0)], stompBrokerRelay[null], inboundChannel[pool size = 0, active threads = 0, queued tasks = 0, completed tasks = 60], outboundChannelpool size = 0, active threads = 0, queued tasks = 0, completed tasks = 10], sockJsScheduler[pool size = 4, active threads = 1, queued tasks = 1, completed tasks = 130748]
2020-12-31 18:00:09 -WebSocketSession[0 current WS(0)-HttpStream(0)-HttpPoll(0), 5 total, 0 closed abnormally (0 connect failure, 0 send limit, 0 transport error)], stompSubProtocol[processed CONNECT(5)-CONNECTED(5)-DISCONNECT(0)], stompBrokerRelay[null], inboundChannel[pool size = 0, active threads = 0, queued tasks = 0, completed tasks = 60], outboundChannelpool size = 0, active threads = 0, queued tasks = 0, completed tasks = 10], sockJsScheduler[pool size = 4, active threads = 1, queued tasks = 1, completed tasks = 131109]
2020-12-31 18:13:40 -Validating all active sessions...
2020-12-31 18:13:40 -Finished session validation.  No sessions were stopped.
2020-12-31 18:30:09 -WebSocketSession[0 current WS(0)-HttpStream(0)-HttpPoll(0), 5 total, 0 closed abnormally (0 connect failure, 0 send limit, 0 transport error)], stompSubProtocol[processed CONNECT(5)-CONNECTED(5)-DISCONNECT(0)], stompBrokerRelay[null], inboundChannel[pool size = 0, active threads = 0, queued tasks = 0, completed tasks = 60], outboundChannelpool size = 0, active threads = 0, queued tasks = 0, completed tasks = 10], sockJsScheduler[pool size = 4, active threads = 1, queued tasks = 1, completed tasks = 131470]
2020-12-31 19:00:09 -WebSocketSession[0 current WS(0)-HttpStream(0)-HttpPoll(0), 5 total, 0 closed abnormally (0 connect failure, 0 send limit, 0 transport error)], stompSubProtocol[processed CONNECT(5)-CONNECTED(5)-DISCONNECT(0)], stompBrokerRelay[null], inboundChannel[pool size = 0, active threads = 0, queued tasks = 0, completed tasks = 60], outboundChannelpool size = 0, active threads = 0, queued tasks = 0, completed tasks = 10], sockJsScheduler[pool size = 4, active threads = 1, queued tasks = 1, completed tasks = 131831]
2020-12-31 19:13:40 -Validating all active sessions...
2020-12-31 19:13:40 -Finished session validation.  No sessions were stopped.
2020-12-31 19:30:09 -WebSocketSession[0 current WS(0)-HttpStream(0)-HttpPoll(0), 5 total, 0 closed abnormally (0 connect failure, 0 send limit, 0 transport error)], stompSubProtocol[processed CONNECT(5)-CONNECTED(5)-DISCONNECT(0)], stompBrokerRelay[null], inboundChannel[pool size = 0, active threads = 0, queued tasks = 0, completed tasks = 60], outboundChannelpool size = 0, active threads = 0, queued tasks = 0, completed tasks = 10], sockJsScheduler[pool size = 4, active threads = 1, queued tasks = 1, completed tasks = 132192]
2020-12-31 20:00:09 -WebSocketSession[0 current WS(0)-HttpStream(0)-HttpPoll(0), 5 total, 0 closed abnormally (0 connect failure, 0 send limit, 0 transport error)], stompSubProtocol[processed CONNECT(5)-CONNECTED(5)-DISCONNECT(0)], stompBrokerRelay[null], inboundChannel[pool size = 0, active threads = 0, queued tasks = 0, completed tasks = 60], outboundChannelpool size = 0, active threads = 0, queued tasks = 0, completed tasks = 10], sockJsScheduler[pool size = 4, active threads = 1, queued tasks = 1, completed tasks = 132553]
2020-12-31 20:13:40 -Validating all active sessions...
2020-12-31 20:13:40 -Finished session validation.  No sessions were stopped.
2020-12-31 20:30:09 -WebSocketSession[0 current WS(0)-HttpStream(0)-HttpPoll(0), 5 total, 0 closed abnormally (0 connect failure, 0 send limit, 0 transport error)], stompSubProtocol[processed CONNECT(5)-CONNECTED(5)-DISCONNECT(0)], stompBrokerRelay[null], inboundChannel[pool size = 0, active threads = 0, queued tasks = 0, completed tasks = 60], outboundChannelpool size = 0, active threads = 0, queued tasks = 0, completed tasks = 10], sockJsScheduler[pool size = 4, active threads = 1, queued tasks = 1, completed tasks = 132914]
2020-12-31 21:00:09 -WebSocketSession[0 current WS(0)-HttpStream(0)-HttpPoll(0), 5 total, 0 closed abnormally (0 connect failure, 0 send limit, 0 transport error)], stompSubProtocol[processed CONNECT(5)-CONNECTED(5)-DISCONNECT(0)], stompBrokerRelay[null], inboundChannel[pool size = 0, active threads = 0, queued tasks = 0, completed tasks = 60], outboundChannelpool size = 0, active threads = 0, queued tasks = 0, completed tasks = 10], sockJsScheduler[pool size = 4, active threads = 1, queued tasks = 1, completed tasks = 133275]
2020-12-31 21:13:40 -Validating all active sessions...
2020-12-31 21:13:40 -Finished session validation.  No sessions were stopped.
2020-12-31 21:30:09 -WebSocketSession[0 current WS(0)-HttpStream(0)-HttpPoll(0), 5 total, 0 closed abnormally (0 connect failure, 0 send limit, 0 transport error)], stompSubProtocol[processed CONNECT(5)-CONNECTED(5)-DISCONNECT(0)], stompBrokerRelay[null], inboundChannel[pool size = 0, active threads = 0, queued tasks = 0, completed tasks = 60], outboundChannelpool size = 0, active threads = 0, queued tasks = 0, completed tasks = 10], sockJsScheduler[pool size = 4, active threads = 1, queued tasks = 1, completed tasks = 133636]
2020-12-31 22:00:09 -WebSocketSession[0 current WS(0)-HttpStream(0)-HttpPoll(0), 5 total, 0 closed abnormally (0 connect failure, 0 send limit, 0 transport error)], stompSubProtocol[processed CONNECT(5)-CONNECTED(5)-DISCONNECT(0)], stompBrokerRelay[null], inboundChannel[pool size = 0, active threads = 0, queued tasks = 0, completed tasks = 60], outboundChannelpool size = 0, active threads = 0, queued tasks = 0, completed tasks = 10], sockJsScheduler[pool size = 4, active threads = 1, queued tasks = 1, completed tasks = 133997]
2020-12-31 22:13:40 -Validating all active sessions...
2020-12-31 22:13:40 -Finished session validation.  No sessions were stopped.
2020-12-31 22:30:09 -WebSocketSession[0 current WS(0)-HttpStream(0)-HttpPoll(0), 5 total, 0 closed abnormally (0 connect failure, 0 send limit, 0 transport error)], stompSubProtocol[processed CONNECT(5)-CONNECTED(5)-DISCONNECT(0)], stompBrokerRelay[null], inboundChannel[pool size = 0, active threads = 0, queued tasks = 0, completed tasks = 60], outboundChannelpool size = 0, active threads = 0, queued tasks = 0, completed tasks = 10], sockJsScheduler[pool size = 4, active threads = 1, queued tasks = 1, completed tasks = 134358]
2020-12-31 23:00:09 -WebSocketSession[0 current WS(0)-HttpStream(0)-HttpPoll(0), 5 total, 0 closed abnormally (0 connect failure, 0 send limit, 0 transport error)], stompSubProtocol[processed CONNECT(5)-CONNECTED(5)-DISCONNECT(0)], stompBrokerRelay[null], inboundChannel[pool size = 0, active threads = 0, queued tasks = 0, completed tasks = 60], outboundChannelpool size = 0, active threads = 0, queued tasks = 0, completed tasks = 10], sockJsScheduler[pool size = 4, active threads = 1, queued tasks = 1, completed tasks = 134719]
2020-12-31 23:13:40 -Validating all active sessions...
2020-12-31 23:13:40 -Finished session validation.  No sessions were stopped.
2020-12-31 23:30:09 -WebSocketSession[0 current WS(0)-HttpStream(0)-HttpPoll(0), 5 total, 0 closed abnormally (0 connect failure, 0 send limit, 0 transport error)], stompSubProtocol[processed CONNECT(5)-CONNECTED(5)-DISCONNECT(0)], stompBrokerRelay[null], inboundChannel[pool size = 0, active threads = 0, queued tasks = 0, completed tasks = 60], outboundChannelpool size = 0, active threads = 0, queued tasks = 0, completed tasks = 10], sockJsScheduler[pool size = 4, active threads = 1, queued tasks = 1, completed tasks = 135080]
