2020-12-28 00:00:07 -WebSocketSession[0 current WS(0)-HttpStream(0)-HttpPoll(0), 2 total, 0 closed abnormally (0 connect failure, 0 send limit, 0 transport error)], stompSubProtocol[processed CONNECT(2)-CONNECTED(2)-DISCONNECT(0)], stompBrokerRelay[null], inboundChannel[pool size = 0, active threads = 0, queued tasks = 0, completed tasks = 24], outboundChannelpool size = 0, active threads = 0, queued tasks = 0, completed tasks = 4], sockJsScheduler[pool size = 4, active threads = 1, queued tasks = 1, completed tasks = 62681]
2020-12-28 00:13:38 -Validating all active sessions...
2020-12-28 00:13:38 -Finished session validation.  No sessions were stopped.
2020-12-28 00:30:07 -WebSocketSession[0 current WS(0)-HttpStream(0)-HttpPoll(0), 2 total, 0 closed abnormally (0 connect failure, 0 send limit, 0 transport error)], stompSubProtocol[processed CONNECT(2)-CONNECTED(2)-DISCONNECT(0)], stompBrokerRelay[null], inboundChannel[pool size = 0, active threads = 0, queued tasks = 0, completed tasks = 24], outboundChannelpool size = 0, active threads = 0, queued tasks = 0, completed tasks = 4], sockJsScheduler[pool size = 4, active threads = 1, queued tasks = 1, completed tasks = 63042]
2020-12-28 01:00:07 -WebSocketSession[0 current WS(0)-HttpStream(0)-HttpPoll(0), 2 total, 0 closed abnormally (0 connect failure, 0 send limit, 0 transport error)], stompSubProtocol[processed CONNECT(2)-CONNECTED(2)-DISCONNECT(0)], stompBrokerRelay[null], inboundChannel[pool size = 0, active threads = 0, queued tasks = 0, completed tasks = 24], outboundChannelpool size = 0, active threads = 0, queued tasks = 0, completed tasks = 4], sockJsScheduler[pool size = 4, active threads = 1, queued tasks = 1, completed tasks = 63403]
2020-12-28 01:13:38 -Validating all active sessions...
2020-12-28 01:13:38 -Finished session validation.  No sessions were stopped.
2020-12-28 01:30:07 -WebSocketSession[0 current WS(0)-HttpStream(0)-HttpPoll(0), 2 total, 0 closed abnormally (0 connect failure, 0 send limit, 0 transport error)], stompSubProtocol[processed CONNECT(2)-CONNECTED(2)-DISCONNECT(0)], stompBrokerRelay[null], inboundChannel[pool size = 0, active threads = 0, queued tasks = 0, completed tasks = 24], outboundChannelpool size = 0, active threads = 0, queued tasks = 0, completed tasks = 4], sockJsScheduler[pool size = 4, active threads = 1, queued tasks = 1, completed tasks = 63764]
2020-12-28 02:00:07 -WebSocketSession[0 current WS(0)-HttpStream(0)-HttpPoll(0), 2 total, 0 closed abnormally (0 connect failure, 0 send limit, 0 transport error)], stompSubProtocol[processed CONNECT(2)-CONNECTED(2)-DISCONNECT(0)], stompBrokerRelay[null], inboundChannel[pool size = 0, active threads = 0, queued tasks = 0, completed tasks = 24], outboundChannelpool size = 0, active threads = 0, queued tasks = 0, completed tasks = 4], sockJsScheduler[pool size = 4, active threads = 1, queued tasks = 1, completed tasks = 64125]
2020-12-28 02:13:38 -Validating all active sessions...
2020-12-28 02:13:38 -Finished session validation.  No sessions were stopped.
2020-12-28 02:30:07 -WebSocketSession[0 current WS(0)-HttpStream(0)-HttpPoll(0), 2 total, 0 closed abnormally (0 connect failure, 0 send limit, 0 transport error)], stompSubProtocol[processed CONNECT(2)-CONNECTED(2)-DISCONNECT(0)], stompBrokerRelay[null], inboundChannel[pool size = 0, active threads = 0, queued tasks = 0, completed tasks = 24], outboundChannelpool size = 0, active threads = 0, queued tasks = 0, completed tasks = 4], sockJsScheduler[pool size = 4, active threads = 1, queued tasks = 1, completed tasks = 64486]
2020-12-28 03:00:07 -WebSocketSession[0 current WS(0)-HttpStream(0)-HttpPoll(0), 2 total, 0 closed abnormally (0 connect failure, 0 send limit, 0 transport error)], stompSubProtocol[processed CONNECT(2)-CONNECTED(2)-DISCONNECT(0)], stompBrokerRelay[null], inboundChannel[pool size = 0, active threads = 0, queued tasks = 0, completed tasks = 24], outboundChannelpool size = 0, active threads = 0, queued tasks = 0, completed tasks = 4], sockJsScheduler[pool size = 4, active threads = 1, queued tasks = 1, completed tasks = 64847]
2020-12-28 03:13:38 -Validating all active sessions...
2020-12-28 03:13:38 -Finished session validation.  No sessions were stopped.
2020-12-28 03:30:07 -WebSocketSession[0 current WS(0)-HttpStream(0)-HttpPoll(0), 2 total, 0 closed abnormally (0 connect failure, 0 send limit, 0 transport error)], stompSubProtocol[processed CONNECT(2)-CONNECTED(2)-DISCONNECT(0)], stompBrokerRelay[null], inboundChannel[pool size = 0, active threads = 0, queued tasks = 0, completed tasks = 24], outboundChannelpool size = 0, active threads = 0, queued tasks = 0, completed tasks = 4], sockJsScheduler[pool size = 4, active threads = 1, queued tasks = 1, completed tasks = 65208]
2020-12-28 04:00:07 -WebSocketSession[0 current WS(0)-HttpStream(0)-HttpPoll(0), 2 total, 0 closed abnormally (0 connect failure, 0 send limit, 0 transport error)], stompSubProtocol[processed CONNECT(2)-CONNECTED(2)-DISCONNECT(0)], stompBrokerRelay[null], inboundChannel[pool size = 0, active threads = 0, queued tasks = 0, completed tasks = 24], outboundChannelpool size = 0, active threads = 0, queued tasks = 0, completed tasks = 4], sockJsScheduler[pool size = 4, active threads = 1, queued tasks = 1, completed tasks = 65569]
2020-12-28 04:13:38 -Validating all active sessions...
2020-12-28 04:13:38 -Finished session validation.  No sessions were stopped.
2020-12-28 04:30:07 -WebSocketSession[0 current WS(0)-HttpStream(0)-HttpPoll(0), 2 total, 0 closed abnormally (0 connect failure, 0 send limit, 0 transport error)], stompSubProtocol[processed CONNECT(2)-CONNECTED(2)-DISCONNECT(0)], stompBrokerRelay[null], inboundChannel[pool size = 0, active threads = 0, queued tasks = 0, completed tasks = 24], outboundChannelpool size = 0, active threads = 0, queued tasks = 0, completed tasks = 4], sockJsScheduler[pool size = 4, active threads = 1, queued tasks = 1, completed tasks = 65930]
2020-12-28 05:00:07 -WebSocketSession[0 current WS(0)-HttpStream(0)-HttpPoll(0), 2 total, 0 closed abnormally (0 connect failure, 0 send limit, 0 transport error)], stompSubProtocol[processed CONNECT(2)-CONNECTED(2)-DISCONNECT(0)], stompBrokerRelay[null], inboundChannel[pool size = 0, active threads = 0, queued tasks = 0, completed tasks = 24], outboundChannelpool size = 0, active threads = 0, queued tasks = 0, completed tasks = 4], sockJsScheduler[pool size = 4, active threads = 1, queued tasks = 1, completed tasks = 66291]
2020-12-28 05:13:38 -Validating all active sessions...
2020-12-28 05:13:38 -Finished session validation.  No sessions were stopped.
2020-12-28 05:30:07 -WebSocketSession[0 current WS(0)-HttpStream(0)-HttpPoll(0), 2 total, 0 closed abnormally (0 connect failure, 0 send limit, 0 transport error)], stompSubProtocol[processed CONNECT(2)-CONNECTED(2)-DISCONNECT(0)], stompBrokerRelay[null], inboundChannel[pool size = 0, active threads = 0, queued tasks = 0, completed tasks = 24], outboundChannelpool size = 0, active threads = 0, queued tasks = 0, completed tasks = 4], sockJsScheduler[pool size = 4, active threads = 1, queued tasks = 1, completed tasks = 66652]
2020-12-28 06:00:07 -WebSocketSession[0 current WS(0)-HttpStream(0)-HttpPoll(0), 2 total, 0 closed abnormally (0 connect failure, 0 send limit, 0 transport error)], stompSubProtocol[processed CONNECT(2)-CONNECTED(2)-DISCONNECT(0)], stompBrokerRelay[null], inboundChannel[pool size = 0, active threads = 0, queued tasks = 0, completed tasks = 24], outboundChannelpool size = 0, active threads = 0, queued tasks = 0, completed tasks = 4], sockJsScheduler[pool size = 4, active threads = 1, queued tasks = 1, completed tasks = 67013]
2020-12-28 06:13:38 -Validating all active sessions...
2020-12-28 06:13:38 -Finished session validation.  No sessions were stopped.
2020-12-28 06:30:07 -WebSocketSession[0 current WS(0)-HttpStream(0)-HttpPoll(0), 2 total, 0 closed abnormally (0 connect failure, 0 send limit, 0 transport error)], stompSubProtocol[processed CONNECT(2)-CONNECTED(2)-DISCONNECT(0)], stompBrokerRelay[null], inboundChannel[pool size = 0, active threads = 0, queued tasks = 0, completed tasks = 24], outboundChannelpool size = 0, active threads = 0, queued tasks = 0, completed tasks = 4], sockJsScheduler[pool size = 4, active threads = 1, queued tasks = 1, completed tasks = 67374]
2020-12-28 07:00:07 -WebSocketSession[0 current WS(0)-HttpStream(0)-HttpPoll(0), 2 total, 0 closed abnormally (0 connect failure, 0 send limit, 0 transport error)], stompSubProtocol[processed CONNECT(2)-CONNECTED(2)-DISCONNECT(0)], stompBrokerRelay[null], inboundChannel[pool size = 0, active threads = 0, queued tasks = 0, completed tasks = 24], outboundChannelpool size = 0, active threads = 0, queued tasks = 0, completed tasks = 4], sockJsScheduler[pool size = 4, active threads = 1, queued tasks = 1, completed tasks = 67735]
2020-12-28 07:13:38 -Validating all active sessions...
2020-12-28 07:13:38 -Finished session validation.  No sessions were stopped.
2020-12-28 07:30:07 -WebSocketSession[0 current WS(0)-HttpStream(0)-HttpPoll(0), 2 total, 0 closed abnormally (0 connect failure, 0 send limit, 0 transport error)], stompSubProtocol[processed CONNECT(2)-CONNECTED(2)-DISCONNECT(0)], stompBrokerRelay[null], inboundChannel[pool size = 0, active threads = 0, queued tasks = 0, completed tasks = 24], outboundChannelpool size = 0, active threads = 0, queued tasks = 0, completed tasks = 4], sockJsScheduler[pool size = 4, active threads = 1, queued tasks = 1, completed tasks = 68096]
2020-12-28 08:00:07 -WebSocketSession[0 current WS(0)-HttpStream(0)-HttpPoll(0), 2 total, 0 closed abnormally (0 connect failure, 0 send limit, 0 transport error)], stompSubProtocol[processed CONNECT(2)-CONNECTED(2)-DISCONNECT(0)], stompBrokerRelay[null], inboundChannel[pool size = 0, active threads = 0, queued tasks = 0, completed tasks = 24], outboundChannelpool size = 0, active threads = 0, queued tasks = 0, completed tasks = 4], sockJsScheduler[pool size = 4, active threads = 1, queued tasks = 1, completed tasks = 68457]
2020-12-28 08:13:38 -Validating all active sessions...
2020-12-28 08:13:38 -Finished session validation.  No sessions were stopped.
2020-12-28 08:30:07 -WebSocketSession[0 current WS(0)-HttpStream(0)-HttpPoll(0), 2 total, 0 closed abnormally (0 connect failure, 0 send limit, 0 transport error)], stompSubProtocol[processed CONNECT(2)-CONNECTED(2)-DISCONNECT(0)], stompBrokerRelay[null], inboundChannel[pool size = 0, active threads = 0, queued tasks = 0, completed tasks = 24], outboundChannelpool size = 0, active threads = 0, queued tasks = 0, completed tasks = 4], sockJsScheduler[pool size = 4, active threads = 1, queued tasks = 1, completed tasks = 68818]
2020-12-28 09:00:07 -WebSocketSession[0 current WS(0)-HttpStream(0)-HttpPoll(0), 2 total, 0 closed abnormally (0 connect failure, 0 send limit, 0 transport error)], stompSubProtocol[processed CONNECT(2)-CONNECTED(2)-DISCONNECT(0)], stompBrokerRelay[null], inboundChannel[pool size = 0, active threads = 0, queued tasks = 0, completed tasks = 24], outboundChannelpool size = 0, active threads = 0, queued tasks = 0, completed tasks = 4], sockJsScheduler[pool size = 4, active threads = 1, queued tasks = 1, completed tasks = 69179]
2020-12-28 09:13:38 -Validating all active sessions...
2020-12-28 09:13:38 -Finished session validation.  No sessions were stopped.
2020-12-28 09:30:07 -WebSocketSession[0 current WS(0)-HttpStream(0)-HttpPoll(0), 2 total, 0 closed abnormally (0 connect failure, 0 send limit, 0 transport error)], stompSubProtocol[processed CONNECT(2)-CONNECTED(2)-DISCONNECT(0)], stompBrokerRelay[null], inboundChannel[pool size = 0, active threads = 0, queued tasks = 0, completed tasks = 24], outboundChannelpool size = 0, active threads = 0, queued tasks = 0, completed tasks = 4], sockJsScheduler[pool size = 4, active threads = 1, queued tasks = 1, completed tasks = 69540]
2020-12-28 10:00:07 -WebSocketSession[0 current WS(0)-HttpStream(0)-HttpPoll(0), 2 total, 0 closed abnormally (0 connect failure, 0 send limit, 0 transport error)], stompSubProtocol[processed CONNECT(2)-CONNECTED(2)-DISCONNECT(0)], stompBrokerRelay[null], inboundChannel[pool size = 0, active threads = 0, queued tasks = 0, completed tasks = 24], outboundChannelpool size = 0, active threads = 0, queued tasks = 0, completed tasks = 4], sockJsScheduler[pool size = 4, active threads = 1, queued tasks = 1, completed tasks = 69901]
2020-12-28 10:13:38 -Validating all active sessions...
2020-12-28 10:13:38 -Finished session validation.  No sessions were stopped.
2020-12-28 10:30:07 -WebSocketSession[0 current WS(0)-HttpStream(0)-HttpPoll(0), 2 total, 0 closed abnormally (0 connect failure, 0 send limit, 0 transport error)], stompSubProtocol[processed CONNECT(2)-CONNECTED(2)-DISCONNECT(0)], stompBrokerRelay[null], inboundChannel[pool size = 0, active threads = 0, queued tasks = 0, completed tasks = 24], outboundChannelpool size = 0, active threads = 0, queued tasks = 0, completed tasks = 4], sockJsScheduler[pool size = 4, active threads = 1, queued tasks = 1, completed tasks = 70262]
2020-12-28 11:00:07 -WebSocketSession[0 current WS(0)-HttpStream(0)-HttpPoll(0), 2 total, 0 closed abnormally (0 connect failure, 0 send limit, 0 transport error)], stompSubProtocol[processed CONNECT(2)-CONNECTED(2)-DISCONNECT(0)], stompBrokerRelay[null], inboundChannel[pool size = 0, active threads = 0, queued tasks = 0, completed tasks = 24], outboundChannelpool size = 0, active threads = 0, queued tasks = 0, completed tasks = 4], sockJsScheduler[pool size = 4, active threads = 1, queued tasks = 1, completed tasks = 70623]
2020-12-28 11:13:38 -Validating all active sessions...
2020-12-28 11:13:38 -Finished session validation.  No sessions were stopped.
2020-12-28 11:30:07 -WebSocketSession[0 current WS(0)-HttpStream(0)-HttpPoll(0), 2 total, 0 closed abnormally (0 connect failure, 0 send limit, 0 transport error)], stompSubProtocol[processed CONNECT(2)-CONNECTED(2)-DISCONNECT(0)], stompBrokerRelay[null], inboundChannel[pool size = 0, active threads = 0, queued tasks = 0, completed tasks = 24], outboundChannelpool size = 0, active threads = 0, queued tasks = 0, completed tasks = 4], sockJsScheduler[pool size = 4, active threads = 1, queued tasks = 1, completed tasks = 70984]
2020-12-28 11:36:03 -请求地址 : http://localhost:8066/login
2020-12-28 11:36:03 -HTTP METHOD : POST
2020-12-28 11:36:03 -CLASS_METHOD : com.bootdo.system.controller.LoginController.ajaxLogin
2020-12-28 11:36:03 -参数 : [admin, 111111]
2020-12-28 11:36:06 -==>  Preparing: select `user_id`,`username`,`name`,`password`,`dept_id`,`email`,`mobile`,`status`,`user_id_create`,`gmt_create`,`gmt_modified`,`sex`,`birth`,`pic_id`,`live_address`,`hobby`,`province`,`city`,`district` from sys_user WHERE username = ? order by user_id desc 
2020-12-28 11:36:06 -==> Parameters: admin(String)
2020-12-28 11:36:06 -<==      Total: 1
2020-12-28 11:36:06 -耗时 : 3018
2020-12-28 11:36:06 -返回值 : {msg=操作成功, code=0}
2020-12-28 11:36:08 -==>  Preparing: insert into sys_log ( `user_id`, `username`, `operation`, `time`, `method`, `params`, `ip`, `gmt_create` ) values ( ?, ?, ?, ?, ?, ?, ?, ? ) 
2020-12-28 11:36:08 -==> Parameters: 1(Long), admin(String), 登录(String), 3019(Integer), com.bootdo.system.controller.LoginController.ajaxLogin()(String), null, 127.0.0.1(String), 2020-12-28 11:36:06.908(Timestamp)
2020-12-28 11:36:08 -<==    Updates: 1
2020-12-28 11:36:09 -请求地址 : http://localhost:8066/index
2020-12-28 11:36:09 -HTTP METHOD : GET
2020-12-28 11:36:09 -CLASS_METHOD : com.bootdo.system.controller.LoginController.index
2020-12-28 11:36:09 -参数 : [{}]
2020-12-28 11:36:09 -==>  Preparing: select distinct m.menu_id , parent_id, name, url, perms,`type`,icon,order_num,gmt_create, gmt_modified from sys_menu m left join sys_role_menu rm on m.menu_id = rm.menu_id left join sys_user_role ur on rm.role_id =ur.role_id where ur.user_id = ? and m.type in(0,1) order by m.order_num 
2020-12-28 11:36:09 -==> Parameters: 1(Long)
2020-12-28 11:36:09 -<==      Total: 27
2020-12-28 11:36:09 -==>  Preparing: select `id`,`type`,`url`,`create_date` from sys_file where id = ? 
2020-12-28 11:36:09 -==> Parameters: 149(Long)
2020-12-28 11:36:09 -<==      Total: 1
2020-12-28 11:36:09 -耗时 : 513
2020-12-28 11:36:09 -返回值 : index_v1
2020-12-28 11:36:09 -==>  Preparing: insert into sys_log ( `user_id`, `username`, `operation`, `time`, `method`, `params`, `ip`, `gmt_create` ) values ( ?, ?, ?, ?, ?, ?, ?, ? ) 
2020-12-28 11:36:09 -==> Parameters: 1(Long), admin(String), 请求访问主页(String), 609(Integer), com.bootdo.system.controller.LoginController.index()(String), null, 127.0.0.1(String), 2020-12-28 11:36:09.733(Timestamp)
2020-12-28 11:36:09 -<==    Updates: 1
2020-12-28 11:36:12 -请求地址 : http://localhost:8066/main
2020-12-28 11:36:12 -HTTP METHOD : GET
2020-12-28 11:36:12 -CLASS_METHOD : com.bootdo.system.controller.LoginController.main
2020-12-28 11:36:12 -参数 : []
2020-12-28 11:36:12 -耗时 : 1
2020-12-28 11:36:12 -返回值 : main
2020-12-28 11:36:16 -请求地址 : http://localhost:8066/oa/notify/message
2020-12-28 11:36:16 -HTTP METHOD : GET
2020-12-28 11:36:16 -CLASS_METHOD : com.bootdo.oa.controller.NotifyController.message
2020-12-28 11:36:16 -参数 : []
2020-12-28 11:36:16 -==>  Preparing: select DISTINCT n.id ,`type`,`title`,`content`,`files`,r.is_read,`status`,`create_by`,`create_date`,`update_by`,`update_date`,`remarks`,`del_flag` from oa_notify_record r right JOIN oa_notify n on r.notify_id = n.id WHERE r.is_read = ? and r.user_id = ? order by is_read ASC, update_date DESC limit ?, ? 
2020-12-28 11:36:16 -==> Parameters: 0(String), 1(Long), 0(Integer), 3(Integer)
2020-12-28 11:36:16 -<==      Total: 0
2020-12-28 11:36:16 -==>  Preparing: select count(*) from oa_notify_record r right JOIN oa_notify n on r.notify_id = n.id where r.user_id =? and r.is_read = ? 
2020-12-28 11:36:16 -==> Parameters: 1(Long), 0(String)
2020-12-28 11:36:16 -<==      Total: 1
2020-12-28 11:36:16 -耗时 : 381
2020-12-28 11:36:16 -返回值 : com.bootdo.common.utils.PageUtils@4965a68b
2020-12-28 11:36:16 -请求地址 : http://localhost:8066/main
2020-12-28 11:36:16 -HTTP METHOD : GET
2020-12-28 11:36:16 -CLASS_METHOD : com.bootdo.system.controller.LoginController.main
2020-12-28 11:36:16 -参数 : []
2020-12-28 11:36:16 -耗时 : 1
2020-12-28 11:36:16 -返回值 : main
2020-12-28 12:00:07 -WebSocketSession[1 current WS(1)-HttpStream(0)-HttpPoll(0), 3 total, 0 closed abnormally (0 connect failure, 0 send limit, 0 transport error)], stompSubProtocol[processed CONNECT(3)-CONNECTED(3)-DISCONNECT(0)], stompBrokerRelay[null], inboundChannel[pool size = 0, active threads = 0, queued tasks = 0, completed tasks = 33], outboundChannelpool size = 0, active threads = 0, queued tasks = 0, completed tasks = 5], sockJsScheduler[pool size = 4, active threads = 1, queued tasks = 2, completed tasks = 71402]
2020-12-28 12:13:38 -Validating all active sessions...
2020-12-28 12:13:38 -Finished session validation.  [1] sessions were stopped.
2020-12-28 12:30:07 -WebSocketSession[1 current WS(1)-HttpStream(0)-HttpPoll(0), 3 total, 0 closed abnormally (0 connect failure, 0 send limit, 0 transport error)], stompSubProtocol[processed CONNECT(3)-CONNECTED(3)-DISCONNECT(0)], stompBrokerRelay[null], inboundChannel[pool size = 0, active threads = 0, queued tasks = 0, completed tasks = 33], outboundChannelpool size = 0, active threads = 0, queued tasks = 0, completed tasks = 5], sockJsScheduler[pool size = 4, active threads = 1, queued tasks = 2, completed tasks = 71835]
2020-12-28 13:00:07 -WebSocketSession[1 current WS(1)-HttpStream(0)-HttpPoll(0), 3 total, 0 closed abnormally (0 connect failure, 0 send limit, 0 transport error)], stompSubProtocol[processed CONNECT(3)-CONNECTED(3)-DISCONNECT(0)], stompBrokerRelay[null], inboundChannel[pool size = 0, active threads = 0, queued tasks = 0, completed tasks = 33], outboundChannelpool size = 0, active threads = 0, queued tasks = 0, completed tasks = 5], sockJsScheduler[pool size = 4, active threads = 1, queued tasks = 2, completed tasks = 72268]
2020-12-28 13:13:38 -Validating all active sessions...
2020-12-28 13:13:38 -Finished session validation.  No sessions were stopped.
2020-12-28 13:30:07 -WebSocketSession[1 current WS(1)-HttpStream(0)-HttpPoll(0), 3 total, 0 closed abnormally (0 connect failure, 0 send limit, 0 transport error)], stompSubProtocol[processed CONNECT(3)-CONNECTED(3)-DISCONNECT(0)], stompBrokerRelay[null], inboundChannel[pool size = 0, active threads = 0, queued tasks = 0, completed tasks = 33], outboundChannelpool size = 0, active threads = 0, queued tasks = 0, completed tasks = 5], sockJsScheduler[pool size = 4, active threads = 1, queued tasks = 2, completed tasks = 72701]
2020-12-28 14:00:07 -WebSocketSession[1 current WS(1)-HttpStream(0)-HttpPoll(0), 3 total, 0 closed abnormally (0 connect failure, 0 send limit, 0 transport error)], stompSubProtocol[processed CONNECT(3)-CONNECTED(3)-DISCONNECT(0)], stompBrokerRelay[null], inboundChannel[pool size = 0, active threads = 0, queued tasks = 0, completed tasks = 33], outboundChannelpool size = 0, active threads = 0, queued tasks = 0, completed tasks = 5], sockJsScheduler[pool size = 4, active threads = 1, queued tasks = 2, completed tasks = 73134]
2020-12-28 14:13:38 -Validating all active sessions...
2020-12-28 14:13:38 -Finished session validation.  No sessions were stopped.
2020-12-28 14:30:07 -WebSocketSession[1 current WS(1)-HttpStream(0)-HttpPoll(0), 3 total, 0 closed abnormally (0 connect failure, 0 send limit, 0 transport error)], stompSubProtocol[processed CONNECT(3)-CONNECTED(3)-DISCONNECT(0)], stompBrokerRelay[null], inboundChannel[pool size = 0, active threads = 0, queued tasks = 0, completed tasks = 33], outboundChannelpool size = 0, active threads = 0, queued tasks = 0, completed tasks = 5], sockJsScheduler[pool size = 4, active threads = 1, queued tasks = 2, completed tasks = 73567]
2020-12-28 15:00:07 -WebSocketSession[1 current WS(1)-HttpStream(0)-HttpPoll(0), 3 total, 0 closed abnormally (0 connect failure, 0 send limit, 0 transport error)], stompSubProtocol[processed CONNECT(3)-CONNECTED(3)-DISCONNECT(0)], stompBrokerRelay[null], inboundChannel[pool size = 0, active threads = 0, queued tasks = 0, completed tasks = 33], outboundChannelpool size = 0, active threads = 0, queued tasks = 0, completed tasks = 5], sockJsScheduler[pool size = 4, active threads = 1, queued tasks = 2, completed tasks = 74000]
2020-12-28 15:13:38 -Validating all active sessions...
2020-12-28 15:13:38 -Finished session validation.  No sessions were stopped.
2020-12-28 15:30:07 -WebSocketSession[1 current WS(1)-HttpStream(0)-HttpPoll(0), 3 total, 0 closed abnormally (0 connect failure, 0 send limit, 0 transport error)], stompSubProtocol[processed CONNECT(3)-CONNECTED(3)-DISCONNECT(0)], stompBrokerRelay[null], inboundChannel[pool size = 0, active threads = 0, queued tasks = 0, completed tasks = 33], outboundChannelpool size = 0, active threads = 0, queued tasks = 0, completed tasks = 5], sockJsScheduler[pool size = 4, active threads = 1, queued tasks = 2, completed tasks = 74433]
2020-12-28 16:00:07 -WebSocketSession[1 current WS(1)-HttpStream(0)-HttpPoll(0), 3 total, 0 closed abnormally (0 connect failure, 0 send limit, 0 transport error)], stompSubProtocol[processed CONNECT(3)-CONNECTED(3)-DISCONNECT(0)], stompBrokerRelay[null], inboundChannel[pool size = 0, active threads = 0, queued tasks = 0, completed tasks = 33], outboundChannelpool size = 0, active threads = 0, queued tasks = 0, completed tasks = 5], sockJsScheduler[pool size = 4, active threads = 1, queued tasks = 2, completed tasks = 74866]
2020-12-28 16:13:38 -Validating all active sessions...
2020-12-28 16:13:38 -Finished session validation.  No sessions were stopped.
2020-12-28 16:30:07 -WebSocketSession[1 current WS(1)-HttpStream(0)-HttpPoll(0), 3 total, 0 closed abnormally (0 connect failure, 0 send limit, 0 transport error)], stompSubProtocol[processed CONNECT(3)-CONNECTED(3)-DISCONNECT(0)], stompBrokerRelay[null], inboundChannel[pool size = 0, active threads = 0, queued tasks = 0, completed tasks = 33], outboundChannelpool size = 0, active threads = 0, queued tasks = 0, completed tasks = 5], sockJsScheduler[pool size = 4, active threads = 1, queued tasks = 2, completed tasks = 75299]
2020-12-28 17:00:07 -WebSocketSession[1 current WS(1)-HttpStream(0)-HttpPoll(0), 3 total, 0 closed abnormally (0 connect failure, 0 send limit, 0 transport error)], stompSubProtocol[processed CONNECT(3)-CONNECTED(3)-DISCONNECT(0)], stompBrokerRelay[null], inboundChannel[pool size = 0, active threads = 0, queued tasks = 0, completed tasks = 33], outboundChannelpool size = 0, active threads = 0, queued tasks = 0, completed tasks = 5], sockJsScheduler[pool size = 4, active threads = 1, queued tasks = 2, completed tasks = 75732]
2020-12-28 17:13:38 -Validating all active sessions...
2020-12-28 17:13:38 -Finished session validation.  No sessions were stopped.
2020-12-28 17:30:07 -WebSocketSession[1 current WS(1)-HttpStream(0)-HttpPoll(0), 3 total, 0 closed abnormally (0 connect failure, 0 send limit, 0 transport error)], stompSubProtocol[processed CONNECT(3)-CONNECTED(3)-DISCONNECT(0)], stompBrokerRelay[null], inboundChannel[pool size = 0, active threads = 0, queued tasks = 0, completed tasks = 33], outboundChannelpool size = 0, active threads = 0, queued tasks = 0, completed tasks = 5], sockJsScheduler[pool size = 4, active threads = 1, queued tasks = 2, completed tasks = 76165]
2020-12-28 18:00:07 -WebSocketSession[1 current WS(1)-HttpStream(0)-HttpPoll(0), 3 total, 0 closed abnormally (0 connect failure, 0 send limit, 0 transport error)], stompSubProtocol[processed CONNECT(3)-CONNECTED(3)-DISCONNECT(0)], stompBrokerRelay[null], inboundChannel[pool size = 0, active threads = 0, queued tasks = 0, completed tasks = 33], outboundChannelpool size = 0, active threads = 0, queued tasks = 0, completed tasks = 5], sockJsScheduler[pool size = 4, active threads = 1, queued tasks = 2, completed tasks = 76598]
2020-12-28 18:13:38 -Validating all active sessions...
2020-12-28 18:13:38 -Finished session validation.  No sessions were stopped.
2020-12-28 18:30:07 -WebSocketSession[1 current WS(1)-HttpStream(0)-HttpPoll(0), 3 total, 0 closed abnormally (0 connect failure, 0 send limit, 0 transport error)], stompSubProtocol[processed CONNECT(3)-CONNECTED(3)-DISCONNECT(0)], stompBrokerRelay[null], inboundChannel[pool size = 0, active threads = 0, queued tasks = 0, completed tasks = 33], outboundChannelpool size = 0, active threads = 0, queued tasks = 0, completed tasks = 5], sockJsScheduler[pool size = 4, active threads = 1, queued tasks = 2, completed tasks = 77031]
2020-12-28 19:00:07 -WebSocketSession[1 current WS(1)-HttpStream(0)-HttpPoll(0), 3 total, 0 closed abnormally (0 connect failure, 0 send limit, 0 transport error)], stompSubProtocol[processed CONNECT(3)-CONNECTED(3)-DISCONNECT(0)], stompBrokerRelay[null], inboundChannel[pool size = 0, active threads = 0, queued tasks = 0, completed tasks = 33], outboundChannelpool size = 0, active threads = 0, queued tasks = 0, completed tasks = 5], sockJsScheduler[pool size = 4, active threads = 1, queued tasks = 2, completed tasks = 77464]
2020-12-28 19:13:38 -Validating all active sessions...
2020-12-28 19:13:38 -Finished session validation.  No sessions were stopped.
2020-12-28 19:30:07 -WebSocketSession[1 current WS(1)-HttpStream(0)-HttpPoll(0), 3 total, 0 closed abnormally (0 connect failure, 0 send limit, 0 transport error)], stompSubProtocol[processed CONNECT(3)-CONNECTED(3)-DISCONNECT(0)], stompBrokerRelay[null], inboundChannel[pool size = 0, active threads = 0, queued tasks = 0, completed tasks = 33], outboundChannelpool size = 0, active threads = 0, queued tasks = 0, completed tasks = 5], sockJsScheduler[pool size = 4, active threads = 1, queued tasks = 2, completed tasks = 77897]
2020-12-28 20:00:07 -WebSocketSession[1 current WS(1)-HttpStream(0)-HttpPoll(0), 3 total, 0 closed abnormally (0 connect failure, 0 send limit, 0 transport error)], stompSubProtocol[processed CONNECT(3)-CONNECTED(3)-DISCONNECT(0)], stompBrokerRelay[null], inboundChannel[pool size = 0, active threads = 0, queued tasks = 0, completed tasks = 33], outboundChannelpool size = 0, active threads = 0, queued tasks = 0, completed tasks = 5], sockJsScheduler[pool size = 4, active threads = 1, queued tasks = 2, completed tasks = 78330]
2020-12-28 20:13:38 -Validating all active sessions...
2020-12-28 20:13:38 -Finished session validation.  No sessions were stopped.
2020-12-28 20:30:07 -WebSocketSession[1 current WS(1)-HttpStream(0)-HttpPoll(0), 3 total, 0 closed abnormally (0 connect failure, 0 send limit, 0 transport error)], stompSubProtocol[processed CONNECT(3)-CONNECTED(3)-DISCONNECT(0)], stompBrokerRelay[null], inboundChannel[pool size = 0, active threads = 0, queued tasks = 0, completed tasks = 33], outboundChannelpool size = 0, active threads = 0, queued tasks = 0, completed tasks = 5], sockJsScheduler[pool size = 4, active threads = 1, queued tasks = 2, completed tasks = 78763]
2020-12-28 21:00:07 -WebSocketSession[1 current WS(1)-HttpStream(0)-HttpPoll(0), 3 total, 0 closed abnormally (0 connect failure, 0 send limit, 0 transport error)], stompSubProtocol[processed CONNECT(3)-CONNECTED(3)-DISCONNECT(0)], stompBrokerRelay[null], inboundChannel[pool size = 0, active threads = 0, queued tasks = 0, completed tasks = 33], outboundChannelpool size = 0, active threads = 0, queued tasks = 0, completed tasks = 5], sockJsScheduler[pool size = 4, active threads = 1, queued tasks = 2, completed tasks = 79196]
2020-12-28 21:13:38 -Validating all active sessions...
2020-12-28 21:13:38 -Finished session validation.  No sessions were stopped.
2020-12-28 21:30:07 -WebSocketSession[1 current WS(1)-HttpStream(0)-HttpPoll(0), 3 total, 0 closed abnormally (0 connect failure, 0 send limit, 0 transport error)], stompSubProtocol[processed CONNECT(3)-CONNECTED(3)-DISCONNECT(0)], stompBrokerRelay[null], inboundChannel[pool size = 0, active threads = 0, queued tasks = 0, completed tasks = 33], outboundChannelpool size = 0, active threads = 0, queued tasks = 0, completed tasks = 5], sockJsScheduler[pool size = 4, active threads = 1, queued tasks = 2, completed tasks = 79629]
2020-12-28 22:00:07 -WebSocketSession[1 current WS(1)-HttpStream(0)-HttpPoll(0), 3 total, 0 closed abnormally (0 connect failure, 0 send limit, 0 transport error)], stompSubProtocol[processed CONNECT(3)-CONNECTED(3)-DISCONNECT(0)], stompBrokerRelay[null], inboundChannel[pool size = 0, active threads = 0, queued tasks = 0, completed tasks = 33], outboundChannelpool size = 0, active threads = 0, queued tasks = 0, completed tasks = 5], sockJsScheduler[pool size = 4, active threads = 1, queued tasks = 2, completed tasks = 80062]
2020-12-28 22:13:38 -Validating all active sessions...
2020-12-28 22:13:38 -Finished session validation.  No sessions were stopped.
2020-12-28 22:30:07 -WebSocketSession[1 current WS(1)-HttpStream(0)-HttpPoll(0), 3 total, 0 closed abnormally (0 connect failure, 0 send limit, 0 transport error)], stompSubProtocol[processed CONNECT(3)-CONNECTED(3)-DISCONNECT(0)], stompBrokerRelay[null], inboundChannel[pool size = 0, active threads = 0, queued tasks = 0, completed tasks = 33], outboundChannelpool size = 0, active threads = 0, queued tasks = 0, completed tasks = 5], sockJsScheduler[pool size = 4, active threads = 1, queued tasks = 2, completed tasks = 80495]
2020-12-28 23:00:07 -WebSocketSession[1 current WS(1)-HttpStream(0)-HttpPoll(0), 3 total, 0 closed abnormally (0 connect failure, 0 send limit, 0 transport error)], stompSubProtocol[processed CONNECT(3)-CONNECTED(3)-DISCONNECT(0)], stompBrokerRelay[null], inboundChannel[pool size = 0, active threads = 0, queued tasks = 0, completed tasks = 33], outboundChannelpool size = 0, active threads = 0, queued tasks = 0, completed tasks = 5], sockJsScheduler[pool size = 4, active threads = 1, queued tasks = 2, completed tasks = 80928]
2020-12-28 23:13:38 -Validating all active sessions...
2020-12-28 23:13:38 -Finished session validation.  No sessions were stopped.
2020-12-28 23:30:07 -WebSocketSession[1 current WS(1)-HttpStream(0)-HttpPoll(0), 3 total, 0 closed abnormally (0 connect failure, 0 send limit, 0 transport error)], stompSubProtocol[processed CONNECT(3)-CONNECTED(3)-DISCONNECT(0)], stompBrokerRelay[null], inboundChannel[pool size = 0, active threads = 0, queued tasks = 0, completed tasks = 33], outboundChannelpool size = 0, active threads = 0, queued tasks = 0, completed tasks = 5], sockJsScheduler[pool size = 4, active threads = 1, queued tasks = 2, completed tasks = 81361]
