2020-11-04 00:06:54 -Validating all active sessions...
2020-11-04 00:06:54 -Finished session validation.  No sessions were stopped.
2020-11-04 00:07:45 -WebSocketSession[0 current WS(0)-HttpStream(0)-HttpPoll(0), 5 total, 0 closed abnormally (0 connect failure, 0 send limit, 0 transport error)], stompSubProtocol[processed CONNECT(5)-CONNECTED(5)-DISCONNECT(0)], stompBrokerRelay[null], inboundChannel[pool size = 0, active threads = 0, queued tasks = 0, completed tasks = 60], outboundChannelpool size = 0, active threads = 0, queued tasks = 0, completed tasks = 10], sockJsScheduler[pool size = 4, active threads = 1, queued tasks = 1, completed tasks = 104638]
2020-11-04 00:37:45 -WebSocketSession[0 current WS(0)-HttpStream(0)-HttpPoll(0), 5 total, 0 closed abnormally (0 connect failure, 0 send limit, 0 transport error)], stompSubProtocol[processed CONNECT(5)-CONNECTED(5)-DISCONNECT(0)], stompBrokerRelay[null], inboundChannel[pool size = 0, active threads = 0, queued tasks = 0, completed tasks = 60], outboundChannelpool size = 0, active threads = 0, queued tasks = 0, completed tasks = 10], sockJsScheduler[pool size = 4, active threads = 1, queued tasks = 1, completed tasks = 104999]
2020-11-04 01:06:54 -Validating all active sessions...
2020-11-04 01:06:54 -Finished session validation.  No sessions were stopped.
2020-11-04 01:07:45 -WebSocketSession[0 current WS(0)-HttpStream(0)-HttpPoll(0), 5 total, 0 closed abnormally (0 connect failure, 0 send limit, 0 transport error)], stompSubProtocol[processed CONNECT(5)-CONNECTED(5)-DISCONNECT(0)], stompBrokerRelay[null], inboundChannel[pool size = 0, active threads = 0, queued tasks = 0, completed tasks = 60], outboundChannelpool size = 0, active threads = 0, queued tasks = 0, completed tasks = 10], sockJsScheduler[pool size = 4, active threads = 1, queued tasks = 1, completed tasks = 105360]
2020-11-04 01:37:45 -WebSocketSession[0 current WS(0)-HttpStream(0)-HttpPoll(0), 5 total, 0 closed abnormally (0 connect failure, 0 send limit, 0 transport error)], stompSubProtocol[processed CONNECT(5)-CONNECTED(5)-DISCONNECT(0)], stompBrokerRelay[null], inboundChannel[pool size = 0, active threads = 0, queued tasks = 0, completed tasks = 60], outboundChannelpool size = 0, active threads = 0, queued tasks = 0, completed tasks = 10], sockJsScheduler[pool size = 4, active threads = 1, queued tasks = 1, completed tasks = 105721]
2020-11-04 02:06:54 -Validating all active sessions...
2020-11-04 02:06:54 -Finished session validation.  No sessions were stopped.
2020-11-04 02:07:45 -WebSocketSession[0 current WS(0)-HttpStream(0)-HttpPoll(0), 5 total, 0 closed abnormally (0 connect failure, 0 send limit, 0 transport error)], stompSubProtocol[processed CONNECT(5)-CONNECTED(5)-DISCONNECT(0)], stompBrokerRelay[null], inboundChannel[pool size = 0, active threads = 0, queued tasks = 0, completed tasks = 60], outboundChannelpool size = 0, active threads = 0, queued tasks = 0, completed tasks = 10], sockJsScheduler[pool size = 4, active threads = 1, queued tasks = 1, completed tasks = 106082]
2020-11-04 02:37:45 -WebSocketSession[0 current WS(0)-HttpStream(0)-HttpPoll(0), 5 total, 0 closed abnormally (0 connect failure, 0 send limit, 0 transport error)], stompSubProtocol[processed CONNECT(5)-CONNECTED(5)-DISCONNECT(0)], stompBrokerRelay[null], inboundChannel[pool size = 0, active threads = 0, queued tasks = 0, completed tasks = 60], outboundChannelpool size = 0, active threads = 0, queued tasks = 0, completed tasks = 10], sockJsScheduler[pool size = 4, active threads = 1, queued tasks = 1, completed tasks = 106443]
2020-11-04 03:06:54 -Validating all active sessions...
2020-11-04 03:06:54 -Finished session validation.  No sessions were stopped.
2020-11-04 03:07:45 -WebSocketSession[0 current WS(0)-HttpStream(0)-HttpPoll(0), 5 total, 0 closed abnormally (0 connect failure, 0 send limit, 0 transport error)], stompSubProtocol[processed CONNECT(5)-CONNECTED(5)-DISCONNECT(0)], stompBrokerRelay[null], inboundChannel[pool size = 0, active threads = 0, queued tasks = 0, completed tasks = 60], outboundChannelpool size = 0, active threads = 0, queued tasks = 0, completed tasks = 10], sockJsScheduler[pool size = 4, active threads = 1, queued tasks = 1, completed tasks = 106804]
2020-11-04 03:37:45 -WebSocketSession[0 current WS(0)-HttpStream(0)-HttpPoll(0), 5 total, 0 closed abnormally (0 connect failure, 0 send limit, 0 transport error)], stompSubProtocol[processed CONNECT(5)-CONNECTED(5)-DISCONNECT(0)], stompBrokerRelay[null], inboundChannel[pool size = 0, active threads = 0, queued tasks = 0, completed tasks = 60], outboundChannelpool size = 0, active threads = 0, queued tasks = 0, completed tasks = 10], sockJsScheduler[pool size = 4, active threads = 1, queued tasks = 1, completed tasks = 107165]
2020-11-04 04:06:54 -Validating all active sessions...
2020-11-04 04:06:54 -Finished session validation.  No sessions were stopped.
2020-11-04 04:07:45 -WebSocketSession[0 current WS(0)-HttpStream(0)-HttpPoll(0), 5 total, 0 closed abnormally (0 connect failure, 0 send limit, 0 transport error)], stompSubProtocol[processed CONNECT(5)-CONNECTED(5)-DISCONNECT(0)], stompBrokerRelay[null], inboundChannel[pool size = 0, active threads = 0, queued tasks = 0, completed tasks = 60], outboundChannelpool size = 0, active threads = 0, queued tasks = 0, completed tasks = 10], sockJsScheduler[pool size = 4, active threads = 1, queued tasks = 1, completed tasks = 107526]
2020-11-04 04:37:45 -WebSocketSession[0 current WS(0)-HttpStream(0)-HttpPoll(0), 5 total, 0 closed abnormally (0 connect failure, 0 send limit, 0 transport error)], stompSubProtocol[processed CONNECT(5)-CONNECTED(5)-DISCONNECT(0)], stompBrokerRelay[null], inboundChannel[pool size = 0, active threads = 0, queued tasks = 0, completed tasks = 60], outboundChannelpool size = 0, active threads = 0, queued tasks = 0, completed tasks = 10], sockJsScheduler[pool size = 4, active threads = 1, queued tasks = 1, completed tasks = 107887]
2020-11-04 05:06:54 -Validating all active sessions...
2020-11-04 05:06:54 -Finished session validation.  No sessions were stopped.
2020-11-04 05:07:45 -WebSocketSession[0 current WS(0)-HttpStream(0)-HttpPoll(0), 5 total, 0 closed abnormally (0 connect failure, 0 send limit, 0 transport error)], stompSubProtocol[processed CONNECT(5)-CONNECTED(5)-DISCONNECT(0)], stompBrokerRelay[null], inboundChannel[pool size = 0, active threads = 0, queued tasks = 0, completed tasks = 60], outboundChannelpool size = 0, active threads = 0, queued tasks = 0, completed tasks = 10], sockJsScheduler[pool size = 4, active threads = 1, queued tasks = 1, completed tasks = 108248]
2020-11-04 05:37:45 -WebSocketSession[0 current WS(0)-HttpStream(0)-HttpPoll(0), 5 total, 0 closed abnormally (0 connect failure, 0 send limit, 0 transport error)], stompSubProtocol[processed CONNECT(5)-CONNECTED(5)-DISCONNECT(0)], stompBrokerRelay[null], inboundChannel[pool size = 0, active threads = 0, queued tasks = 0, completed tasks = 60], outboundChannelpool size = 0, active threads = 0, queued tasks = 0, completed tasks = 10], sockJsScheduler[pool size = 4, active threads = 1, queued tasks = 1, completed tasks = 108609]
2020-11-04 06:06:54 -Validating all active sessions...
2020-11-04 06:06:54 -Finished session validation.  No sessions were stopped.
2020-11-04 06:07:45 -WebSocketSession[0 current WS(0)-HttpStream(0)-HttpPoll(0), 5 total, 0 closed abnormally (0 connect failure, 0 send limit, 0 transport error)], stompSubProtocol[processed CONNECT(5)-CONNECTED(5)-DISCONNECT(0)], stompBrokerRelay[null], inboundChannel[pool size = 0, active threads = 0, queued tasks = 0, completed tasks = 60], outboundChannelpool size = 0, active threads = 0, queued tasks = 0, completed tasks = 10], sockJsScheduler[pool size = 4, active threads = 1, queued tasks = 1, completed tasks = 108970]
2020-11-04 06:37:45 -WebSocketSession[0 current WS(0)-HttpStream(0)-HttpPoll(0), 5 total, 0 closed abnormally (0 connect failure, 0 send limit, 0 transport error)], stompSubProtocol[processed CONNECT(5)-CONNECTED(5)-DISCONNECT(0)], stompBrokerRelay[null], inboundChannel[pool size = 0, active threads = 0, queued tasks = 0, completed tasks = 60], outboundChannelpool size = 0, active threads = 0, queued tasks = 0, completed tasks = 10], sockJsScheduler[pool size = 4, active threads = 1, queued tasks = 1, completed tasks = 109331]
2020-11-04 07:06:54 -Validating all active sessions...
2020-11-04 07:06:54 -Finished session validation.  No sessions were stopped.
2020-11-04 07:07:45 -WebSocketSession[0 current WS(0)-HttpStream(0)-HttpPoll(0), 5 total, 0 closed abnormally (0 connect failure, 0 send limit, 0 transport error)], stompSubProtocol[processed CONNECT(5)-CONNECTED(5)-DISCONNECT(0)], stompBrokerRelay[null], inboundChannel[pool size = 0, active threads = 0, queued tasks = 0, completed tasks = 60], outboundChannelpool size = 0, active threads = 0, queued tasks = 0, completed tasks = 10], sockJsScheduler[pool size = 4, active threads = 1, queued tasks = 1, completed tasks = 109692]
2020-11-04 07:37:45 -WebSocketSession[0 current WS(0)-HttpStream(0)-HttpPoll(0), 5 total, 0 closed abnormally (0 connect failure, 0 send limit, 0 transport error)], stompSubProtocol[processed CONNECT(5)-CONNECTED(5)-DISCONNECT(0)], stompBrokerRelay[null], inboundChannel[pool size = 0, active threads = 0, queued tasks = 0, completed tasks = 60], outboundChannelpool size = 0, active threads = 0, queued tasks = 0, completed tasks = 10], sockJsScheduler[pool size = 4, active threads = 1, queued tasks = 1, completed tasks = 110053]
2020-11-04 08:06:54 -Validating all active sessions...
2020-11-04 08:06:54 -Finished session validation.  No sessions were stopped.
2020-11-04 08:07:45 -WebSocketSession[0 current WS(0)-HttpStream(0)-HttpPoll(0), 5 total, 0 closed abnormally (0 connect failure, 0 send limit, 0 transport error)], stompSubProtocol[processed CONNECT(5)-CONNECTED(5)-DISCONNECT(0)], stompBrokerRelay[null], inboundChannel[pool size = 0, active threads = 0, queued tasks = 0, completed tasks = 60], outboundChannelpool size = 0, active threads = 0, queued tasks = 0, completed tasks = 10], sockJsScheduler[pool size = 4, active threads = 1, queued tasks = 1, completed tasks = 110414]
2020-11-04 08:37:45 -WebSocketSession[0 current WS(0)-HttpStream(0)-HttpPoll(0), 5 total, 0 closed abnormally (0 connect failure, 0 send limit, 0 transport error)], stompSubProtocol[processed CONNECT(5)-CONNECTED(5)-DISCONNECT(0)], stompBrokerRelay[null], inboundChannel[pool size = 0, active threads = 0, queued tasks = 0, completed tasks = 60], outboundChannelpool size = 0, active threads = 0, queued tasks = 0, completed tasks = 10], sockJsScheduler[pool size = 4, active threads = 1, queued tasks = 1, completed tasks = 110775]
2020-11-04 09:06:54 -Validating all active sessions...
2020-11-04 09:06:54 -Finished session validation.  No sessions were stopped.
2020-11-04 09:07:45 -WebSocketSession[0 current WS(0)-HttpStream(0)-HttpPoll(0), 5 total, 0 closed abnormally (0 connect failure, 0 send limit, 0 transport error)], stompSubProtocol[processed CONNECT(5)-CONNECTED(5)-DISCONNECT(0)], stompBrokerRelay[null], inboundChannel[pool size = 0, active threads = 0, queued tasks = 0, completed tasks = 60], outboundChannelpool size = 0, active threads = 0, queued tasks = 0, completed tasks = 10], sockJsScheduler[pool size = 4, active threads = 1, queued tasks = 1, completed tasks = 111136]
2020-11-04 09:37:45 -WebSocketSession[0 current WS(0)-HttpStream(0)-HttpPoll(0), 5 total, 0 closed abnormally (0 connect failure, 0 send limit, 0 transport error)], stompSubProtocol[processed CONNECT(5)-CONNECTED(5)-DISCONNECT(0)], stompBrokerRelay[null], inboundChannel[pool size = 0, active threads = 0, queued tasks = 0, completed tasks = 60], outboundChannelpool size = 0, active threads = 0, queued tasks = 0, completed tasks = 10], sockJsScheduler[pool size = 4, active threads = 1, queued tasks = 1, completed tasks = 111497]
2020-11-04 10:06:54 -Validating all active sessions...
2020-11-04 10:06:54 -Finished session validation.  No sessions were stopped.
2020-11-04 10:07:45 -WebSocketSession[0 current WS(0)-HttpStream(0)-HttpPoll(0), 5 total, 0 closed abnormally (0 connect failure, 0 send limit, 0 transport error)], stompSubProtocol[processed CONNECT(5)-CONNECTED(5)-DISCONNECT(0)], stompBrokerRelay[null], inboundChannel[pool size = 0, active threads = 0, queued tasks = 0, completed tasks = 60], outboundChannelpool size = 0, active threads = 0, queued tasks = 0, completed tasks = 10], sockJsScheduler[pool size = 4, active threads = 1, queued tasks = 1, completed tasks = 111858]
2020-11-04 10:37:45 -WebSocketSession[0 current WS(0)-HttpStream(0)-HttpPoll(0), 5 total, 0 closed abnormally (0 connect failure, 0 send limit, 0 transport error)], stompSubProtocol[processed CONNECT(5)-CONNECTED(5)-DISCONNECT(0)], stompBrokerRelay[null], inboundChannel[pool size = 0, active threads = 0, queued tasks = 0, completed tasks = 60], outboundChannelpool size = 0, active threads = 0, queued tasks = 0, completed tasks = 10], sockJsScheduler[pool size = 4, active threads = 1, queued tasks = 1, completed tasks = 112219]
2020-11-04 11:06:54 -Validating all active sessions...
2020-11-04 11:06:54 -Finished session validation.  No sessions were stopped.
2020-11-04 11:07:45 -WebSocketSession[0 current WS(0)-HttpStream(0)-HttpPoll(0), 5 total, 0 closed abnormally (0 connect failure, 0 send limit, 0 transport error)], stompSubProtocol[processed CONNECT(5)-CONNECTED(5)-DISCONNECT(0)], stompBrokerRelay[null], inboundChannel[pool size = 0, active threads = 0, queued tasks = 0, completed tasks = 60], outboundChannelpool size = 0, active threads = 0, queued tasks = 0, completed tasks = 10], sockJsScheduler[pool size = 4, active threads = 1, queued tasks = 1, completed tasks = 112580]
2020-11-04 11:37:45 -WebSocketSession[0 current WS(0)-HttpStream(0)-HttpPoll(0), 5 total, 0 closed abnormally (0 connect failure, 0 send limit, 0 transport error)], stompSubProtocol[processed CONNECT(5)-CONNECTED(5)-DISCONNECT(0)], stompBrokerRelay[null], inboundChannel[pool size = 0, active threads = 0, queued tasks = 0, completed tasks = 60], outboundChannelpool size = 0, active threads = 0, queued tasks = 0, completed tasks = 10], sockJsScheduler[pool size = 4, active threads = 1, queued tasks = 1, completed tasks = 112941]
2020-11-04 12:06:54 -Validating all active sessions...
2020-11-04 12:06:54 -Finished session validation.  No sessions were stopped.
2020-11-04 12:07:45 -WebSocketSession[0 current WS(0)-HttpStream(0)-HttpPoll(0), 5 total, 0 closed abnormally (0 connect failure, 0 send limit, 0 transport error)], stompSubProtocol[processed CONNECT(5)-CONNECTED(5)-DISCONNECT(0)], stompBrokerRelay[null], inboundChannel[pool size = 0, active threads = 0, queued tasks = 0, completed tasks = 60], outboundChannelpool size = 0, active threads = 0, queued tasks = 0, completed tasks = 10], sockJsScheduler[pool size = 4, active threads = 1, queued tasks = 1, completed tasks = 113302]
2020-11-04 12:37:46 -WebSocketSession[0 current WS(0)-HttpStream(0)-HttpPoll(0), 5 total, 0 closed abnormally (0 connect failure, 0 send limit, 0 transport error)], stompSubProtocol[processed CONNECT(5)-CONNECTED(5)-DISCONNECT(0)], stompBrokerRelay[null], inboundChannel[pool size = 0, active threads = 0, queued tasks = 0, completed tasks = 60], outboundChannelpool size = 0, active threads = 0, queued tasks = 0, completed tasks = 10], sockJsScheduler[pool size = 4, active threads = 1, queued tasks = 1, completed tasks = 113663]
2020-11-04 13:06:54 -Validating all active sessions...
2020-11-04 13:06:54 -Finished session validation.  No sessions were stopped.
2020-11-04 13:07:46 -WebSocketSession[0 current WS(0)-HttpStream(0)-HttpPoll(0), 5 total, 0 closed abnormally (0 connect failure, 0 send limit, 0 transport error)], stompSubProtocol[processed CONNECT(5)-CONNECTED(5)-DISCONNECT(0)], stompBrokerRelay[null], inboundChannel[pool size = 0, active threads = 0, queued tasks = 0, completed tasks = 60], outboundChannelpool size = 0, active threads = 0, queued tasks = 0, completed tasks = 10], sockJsScheduler[pool size = 4, active threads = 1, queued tasks = 1, completed tasks = 114024]
2020-11-04 13:37:46 -WebSocketSession[0 current WS(0)-HttpStream(0)-HttpPoll(0), 5 total, 0 closed abnormally (0 connect failure, 0 send limit, 0 transport error)], stompSubProtocol[processed CONNECT(5)-CONNECTED(5)-DISCONNECT(0)], stompBrokerRelay[null], inboundChannel[pool size = 0, active threads = 0, queued tasks = 0, completed tasks = 60], outboundChannelpool size = 0, active threads = 0, queued tasks = 0, completed tasks = 10], sockJsScheduler[pool size = 4, active threads = 1, queued tasks = 1, completed tasks = 114385]
2020-11-04 14:06:54 -Validating all active sessions...
2020-11-04 14:06:54 -Finished session validation.  No sessions were stopped.
2020-11-04 14:07:46 -WebSocketSession[0 current WS(0)-HttpStream(0)-HttpPoll(0), 5 total, 0 closed abnormally (0 connect failure, 0 send limit, 0 transport error)], stompSubProtocol[processed CONNECT(5)-CONNECTED(5)-DISCONNECT(0)], stompBrokerRelay[null], inboundChannel[pool size = 0, active threads = 0, queued tasks = 0, completed tasks = 60], outboundChannelpool size = 0, active threads = 0, queued tasks = 0, completed tasks = 10], sockJsScheduler[pool size = 4, active threads = 1, queued tasks = 1, completed tasks = 114746]
2020-11-04 14:22:27 -请求地址 : http://localhost:8066/login
2020-11-04 14:22:27 -HTTP METHOD : POST
2020-11-04 14:22:27 -CLASS_METHOD : com.bootdo.system.controller.LoginController.ajaxLogin
2020-11-04 14:22:27 -参数 : [admin, 111111]
2020-11-04 14:22:30 -==>  Preparing: select `user_id`,`username`,`name`,`password`,`dept_id`,`email`,`mobile`,`status`,`user_id_create`,`gmt_create`,`gmt_modified`,`sex`,`birth`,`pic_id`,`live_address`,`hobby`,`province`,`city`,`district` from sys_user WHERE username = ? order by user_id desc 
2020-11-04 14:22:30 -==> Parameters: admin(String)
2020-11-04 14:22:31 -<==      Total: 1
2020-11-04 14:22:31 -耗时 : 4024
2020-11-04 14:22:31 -返回值 : {msg=操作成功, code=0}
2020-11-04 14:22:32 -==>  Preparing: insert into sys_log ( `user_id`, `username`, `operation`, `time`, `method`, `params`, `ip`, `gmt_create` ) values ( ?, ?, ?, ?, ?, ?, ?, ? ) 
2020-11-04 14:22:32 -==> Parameters: 1(Long), admin(String), 登录(String), 4077(Integer), com.bootdo.system.controller.LoginController.ajaxLogin()(String), null, 127.0.0.1(String), 2020-11-04 14:22:31.727(Timestamp)
2020-11-04 14:22:33 -<==    Updates: 1
2020-11-04 14:22:35 -请求地址 : http://localhost:8066/index
2020-11-04 14:22:35 -HTTP METHOD : GET
2020-11-04 14:22:35 -CLASS_METHOD : com.bootdo.system.controller.LoginController.index
2020-11-04 14:22:35 -参数 : [{}]
2020-11-04 14:22:35 -==>  Preparing: select distinct m.menu_id , parent_id, name, url, perms,`type`,icon,order_num,gmt_create, gmt_modified from sys_menu m left join sys_role_menu rm on m.menu_id = rm.menu_id left join sys_user_role ur on rm.role_id =ur.role_id where ur.user_id = ? and m.type in(0,1) order by m.order_num 
2020-11-04 14:22:35 -==> Parameters: 1(Long)
2020-11-04 14:22:35 -<==      Total: 27
2020-11-04 14:22:35 -==>  Preparing: select `id`,`type`,`url`,`create_date` from sys_file where id = ? 
2020-11-04 14:22:35 -==> Parameters: 143(Long)
2020-11-04 14:22:35 -<==      Total: 1
2020-11-04 14:22:35 -耗时 : 820
2020-11-04 14:22:35 -返回值 : index_v1
2020-11-04 14:22:37 -==>  Preparing: insert into sys_log ( `user_id`, `username`, `operation`, `time`, `method`, `params`, `ip`, `gmt_create` ) values ( ?, ?, ?, ?, ?, ?, ?, ? ) 
2020-11-04 14:22:37 -==> Parameters: 1(Long), admin(String), 请求访问主页(String), 820(Integer), com.bootdo.system.controller.LoginController.index()(String), null, 127.0.0.1(String), 2020-11-04 14:22:36.172(Timestamp)
2020-11-04 14:22:37 -<==    Updates: 1
2020-11-04 14:22:41 -请求地址 : http://localhost:8066/main
2020-11-04 14:22:41 -HTTP METHOD : GET
2020-11-04 14:22:41 -CLASS_METHOD : com.bootdo.system.controller.LoginController.main
2020-11-04 14:22:41 -参数 : []
2020-11-04 14:22:41 -耗时 : 15
2020-11-04 14:22:41 -返回值 : main
2020-11-04 14:22:47 -请求地址 : http://localhost:8066/oa/notify/message
2020-11-04 14:22:47 -HTTP METHOD : GET
2020-11-04 14:22:47 -CLASS_METHOD : com.bootdo.oa.controller.NotifyController.message
2020-11-04 14:22:47 -参数 : []
2020-11-04 14:22:47 -==>  Preparing: select DISTINCT n.id ,`type`,`title`,`content`,`files`,r.is_read,`status`,`create_by`,`create_date`,`update_by`,`update_date`,`remarks`,`del_flag` from oa_notify_record r right JOIN oa_notify n on r.notify_id = n.id WHERE r.is_read = ? and r.user_id = ? order by is_read ASC, update_date DESC limit ?, ? 
2020-11-04 14:22:47 -==> Parameters: 0(String), 1(Long), 0(Integer), 3(Integer)
2020-11-04 14:22:47 -请求地址 : http://localhost:8066/main
2020-11-04 14:22:47 -HTTP METHOD : GET
2020-11-04 14:22:47 -CLASS_METHOD : com.bootdo.system.controller.LoginController.main
2020-11-04 14:22:47 -参数 : []
2020-11-04 14:22:47 -耗时 : 0
2020-11-04 14:22:47 -返回值 : main
2020-11-04 14:22:47 -<==      Total: 0
2020-11-04 14:22:47 -==>  Preparing: select count(*) from oa_notify_record r right JOIN oa_notify n on r.notify_id = n.id where r.user_id =? and r.is_read = ? 
2020-11-04 14:22:47 -==> Parameters: 1(Long), 0(String)
2020-11-04 14:22:47 -<==      Total: 1
2020-11-04 14:22:47 -耗时 : 579
2020-11-04 14:22:47 -返回值 : com.bootdo.common.utils.PageUtils@42ebc1bb
2020-11-04 14:37:46 -WebSocketSession[1 current WS(1)-HttpStream(0)-HttpPoll(0), 6 total, 0 closed abnormally (0 connect failure, 0 send limit, 0 transport error)], stompSubProtocol[processed CONNECT(6)-CONNECTED(6)-DISCONNECT(0)], stompBrokerRelay[null], inboundChannel[pool size = 0, active threads = 0, queued tasks = 0, completed tasks = 69], outboundChannelpool size = 0, active threads = 0, queued tasks = 0, completed tasks = 11], sockJsScheduler[pool size = 4, active threads = 1, queued tasks = 2, completed tasks = 115142]
2020-11-04 15:06:54 -Validating all active sessions...
2020-11-04 15:06:54 -Finished session validation.  [1] sessions were stopped.
2020-11-04 15:07:46 -WebSocketSession[1 current WS(1)-HttpStream(0)-HttpPoll(0), 6 total, 0 closed abnormally (0 connect failure, 0 send limit, 0 transport error)], stompSubProtocol[processed CONNECT(6)-CONNECTED(6)-DISCONNECT(0)], stompBrokerRelay[null], inboundChannel[pool size = 0, active threads = 0, queued tasks = 0, completed tasks = 69], outboundChannelpool size = 0, active threads = 0, queued tasks = 0, completed tasks = 11], sockJsScheduler[pool size = 4, active threads = 1, queued tasks = 2, completed tasks = 115575]
2020-11-04 15:37:46 -WebSocketSession[1 current WS(1)-HttpStream(0)-HttpPoll(0), 6 total, 0 closed abnormally (0 connect failure, 0 send limit, 0 transport error)], stompSubProtocol[processed CONNECT(6)-CONNECTED(6)-DISCONNECT(0)], stompBrokerRelay[null], inboundChannel[pool size = 0, active threads = 0, queued tasks = 0, completed tasks = 69], outboundChannelpool size = 0, active threads = 0, queued tasks = 0, completed tasks = 11], sockJsScheduler[pool size = 4, active threads = 1, queued tasks = 2, completed tasks = 116008]
2020-11-04 16:06:54 -Validating all active sessions...
2020-11-04 16:06:54 -Finished session validation.  No sessions were stopped.
2020-11-04 16:07:46 -WebSocketSession[1 current WS(1)-HttpStream(0)-HttpPoll(0), 6 total, 0 closed abnormally (0 connect failure, 0 send limit, 0 transport error)], stompSubProtocol[processed CONNECT(6)-CONNECTED(6)-DISCONNECT(0)], stompBrokerRelay[null], inboundChannel[pool size = 0, active threads = 0, queued tasks = 0, completed tasks = 69], outboundChannelpool size = 0, active threads = 0, queued tasks = 0, completed tasks = 11], sockJsScheduler[pool size = 4, active threads = 1, queued tasks = 2, completed tasks = 116441]
2020-11-04 16:37:46 -WebSocketSession[1 current WS(1)-HttpStream(0)-HttpPoll(0), 6 total, 0 closed abnormally (0 connect failure, 0 send limit, 0 transport error)], stompSubProtocol[processed CONNECT(6)-CONNECTED(6)-DISCONNECT(0)], stompBrokerRelay[null], inboundChannel[pool size = 0, active threads = 0, queued tasks = 0, completed tasks = 69], outboundChannelpool size = 0, active threads = 0, queued tasks = 0, completed tasks = 11], sockJsScheduler[pool size = 4, active threads = 1, queued tasks = 2, completed tasks = 116874]
2020-11-04 17:06:54 -Validating all active sessions...
2020-11-04 17:06:54 -Finished session validation.  No sessions were stopped.
2020-11-04 17:07:46 -WebSocketSession[1 current WS(1)-HttpStream(0)-HttpPoll(0), 6 total, 0 closed abnormally (0 connect failure, 0 send limit, 0 transport error)], stompSubProtocol[processed CONNECT(6)-CONNECTED(6)-DISCONNECT(0)], stompBrokerRelay[null], inboundChannel[pool size = 0, active threads = 0, queued tasks = 0, completed tasks = 69], outboundChannelpool size = 0, active threads = 0, queued tasks = 0, completed tasks = 11], sockJsScheduler[pool size = 4, active threads = 1, queued tasks = 2, completed tasks = 117307]
2020-11-04 17:37:46 -WebSocketSession[1 current WS(1)-HttpStream(0)-HttpPoll(0), 6 total, 0 closed abnormally (0 connect failure, 0 send limit, 0 transport error)], stompSubProtocol[processed CONNECT(6)-CONNECTED(6)-DISCONNECT(0)], stompBrokerRelay[null], inboundChannel[pool size = 0, active threads = 0, queued tasks = 0, completed tasks = 69], outboundChannelpool size = 0, active threads = 0, queued tasks = 0, completed tasks = 11], sockJsScheduler[pool size = 4, active threads = 1, queued tasks = 2, completed tasks = 117740]
2020-11-04 18:06:54 -Validating all active sessions...
2020-11-04 18:06:54 -Finished session validation.  No sessions were stopped.
2020-11-04 18:07:46 -WebSocketSession[1 current WS(1)-HttpStream(0)-HttpPoll(0), 6 total, 0 closed abnormally (0 connect failure, 0 send limit, 0 transport error)], stompSubProtocol[processed CONNECT(6)-CONNECTED(6)-DISCONNECT(0)], stompBrokerRelay[null], inboundChannel[pool size = 0, active threads = 0, queued tasks = 0, completed tasks = 69], outboundChannelpool size = 0, active threads = 0, queued tasks = 0, completed tasks = 11], sockJsScheduler[pool size = 4, active threads = 1, queued tasks = 2, completed tasks = 118173]
2020-11-04 18:37:46 -WebSocketSession[1 current WS(1)-HttpStream(0)-HttpPoll(0), 6 total, 0 closed abnormally (0 connect failure, 0 send limit, 0 transport error)], stompSubProtocol[processed CONNECT(6)-CONNECTED(6)-DISCONNECT(0)], stompBrokerRelay[null], inboundChannel[pool size = 0, active threads = 0, queued tasks = 0, completed tasks = 69], outboundChannelpool size = 0, active threads = 0, queued tasks = 0, completed tasks = 11], sockJsScheduler[pool size = 4, active threads = 1, queued tasks = 2, completed tasks = 118606]
2020-11-04 19:06:54 -Validating all active sessions...
2020-11-04 19:06:54 -Finished session validation.  No sessions were stopped.
2020-11-04 19:07:46 -WebSocketSession[1 current WS(1)-HttpStream(0)-HttpPoll(0), 6 total, 0 closed abnormally (0 connect failure, 0 send limit, 0 transport error)], stompSubProtocol[processed CONNECT(6)-CONNECTED(6)-DISCONNECT(0)], stompBrokerRelay[null], inboundChannel[pool size = 0, active threads = 0, queued tasks = 0, completed tasks = 69], outboundChannelpool size = 0, active threads = 0, queued tasks = 0, completed tasks = 11], sockJsScheduler[pool size = 4, active threads = 1, queued tasks = 2, completed tasks = 119039]
2020-11-04 19:37:46 -WebSocketSession[1 current WS(1)-HttpStream(0)-HttpPoll(0), 6 total, 0 closed abnormally (0 connect failure, 0 send limit, 0 transport error)], stompSubProtocol[processed CONNECT(6)-CONNECTED(6)-DISCONNECT(0)], stompBrokerRelay[null], inboundChannel[pool size = 0, active threads = 0, queued tasks = 0, completed tasks = 69], outboundChannelpool size = 0, active threads = 0, queued tasks = 0, completed tasks = 11], sockJsScheduler[pool size = 4, active threads = 1, queued tasks = 2, completed tasks = 119472]
2020-11-04 20:06:54 -Validating all active sessions...
2020-11-04 20:06:54 -Finished session validation.  No sessions were stopped.
2020-11-04 20:07:46 -WebSocketSession[1 current WS(1)-HttpStream(0)-HttpPoll(0), 6 total, 0 closed abnormally (0 connect failure, 0 send limit, 0 transport error)], stompSubProtocol[processed CONNECT(6)-CONNECTED(6)-DISCONNECT(0)], stompBrokerRelay[null], inboundChannel[pool size = 0, active threads = 0, queued tasks = 0, completed tasks = 69], outboundChannelpool size = 0, active threads = 0, queued tasks = 0, completed tasks = 11], sockJsScheduler[pool size = 4, active threads = 1, queued tasks = 2, completed tasks = 119905]
2020-11-04 20:37:46 -WebSocketSession[1 current WS(1)-HttpStream(0)-HttpPoll(0), 6 total, 0 closed abnormally (0 connect failure, 0 send limit, 0 transport error)], stompSubProtocol[processed CONNECT(6)-CONNECTED(6)-DISCONNECT(0)], stompBrokerRelay[null], inboundChannel[pool size = 0, active threads = 0, queued tasks = 0, completed tasks = 69], outboundChannelpool size = 0, active threads = 0, queued tasks = 0, completed tasks = 11], sockJsScheduler[pool size = 4, active threads = 1, queued tasks = 2, completed tasks = 120338]
2020-11-04 21:06:54 -Validating all active sessions...
2020-11-04 21:06:54 -Finished session validation.  No sessions were stopped.
2020-11-04 21:07:46 -WebSocketSession[1 current WS(1)-HttpStream(0)-HttpPoll(0), 6 total, 0 closed abnormally (0 connect failure, 0 send limit, 0 transport error)], stompSubProtocol[processed CONNECT(6)-CONNECTED(6)-DISCONNECT(0)], stompBrokerRelay[null], inboundChannel[pool size = 0, active threads = 0, queued tasks = 0, completed tasks = 69], outboundChannelpool size = 0, active threads = 0, queued tasks = 0, completed tasks = 11], sockJsScheduler[pool size = 4, active threads = 1, queued tasks = 2, completed tasks = 120771]
2020-11-04 21:37:46 -WebSocketSession[1 current WS(1)-HttpStream(0)-HttpPoll(0), 6 total, 0 closed abnormally (0 connect failure, 0 send limit, 0 transport error)], stompSubProtocol[processed CONNECT(6)-CONNECTED(6)-DISCONNECT(0)], stompBrokerRelay[null], inboundChannel[pool size = 0, active threads = 0, queued tasks = 0, completed tasks = 69], outboundChannelpool size = 0, active threads = 0, queued tasks = 0, completed tasks = 11], sockJsScheduler[pool size = 4, active threads = 1, queued tasks = 2, completed tasks = 121204]
2020-11-04 22:06:54 -Validating all active sessions...
2020-11-04 22:06:54 -Finished session validation.  No sessions were stopped.
2020-11-04 22:07:46 -WebSocketSession[1 current WS(1)-HttpStream(0)-HttpPoll(0), 6 total, 0 closed abnormally (0 connect failure, 0 send limit, 0 transport error)], stompSubProtocol[processed CONNECT(6)-CONNECTED(6)-DISCONNECT(0)], stompBrokerRelay[null], inboundChannel[pool size = 0, active threads = 0, queued tasks = 0, completed tasks = 69], outboundChannelpool size = 0, active threads = 0, queued tasks = 0, completed tasks = 11], sockJsScheduler[pool size = 4, active threads = 1, queued tasks = 2, completed tasks = 121637]
2020-11-04 22:37:46 -WebSocketSession[1 current WS(1)-HttpStream(0)-HttpPoll(0), 6 total, 0 closed abnormally (0 connect failure, 0 send limit, 0 transport error)], stompSubProtocol[processed CONNECT(6)-CONNECTED(6)-DISCONNECT(0)], stompBrokerRelay[null], inboundChannel[pool size = 0, active threads = 0, queued tasks = 0, completed tasks = 69], outboundChannelpool size = 0, active threads = 0, queued tasks = 0, completed tasks = 11], sockJsScheduler[pool size = 4, active threads = 1, queued tasks = 2, completed tasks = 122070]
2020-11-04 23:06:54 -Validating all active sessions...
2020-11-04 23:06:54 -Finished session validation.  No sessions were stopped.
2020-11-04 23:07:46 -WebSocketSession[1 current WS(1)-HttpStream(0)-HttpPoll(0), 6 total, 0 closed abnormally (0 connect failure, 0 send limit, 0 transport error)], stompSubProtocol[processed CONNECT(6)-CONNECTED(6)-DISCONNECT(0)], stompBrokerRelay[null], inboundChannel[pool size = 0, active threads = 0, queued tasks = 0, completed tasks = 69], outboundChannelpool size = 0, active threads = 0, queued tasks = 0, completed tasks = 11], sockJsScheduler[pool size = 4, active threads = 1, queued tasks = 2, completed tasks = 122503]
2020-11-04 23:37:46 -WebSocketSession[1 current WS(1)-HttpStream(0)-HttpPoll(0), 6 total, 0 closed abnormally (0 connect failure, 0 send limit, 0 transport error)], stompSubProtocol[processed CONNECT(6)-CONNECTED(6)-DISCONNECT(0)], stompBrokerRelay[null], inboundChannel[pool size = 0, active threads = 0, queued tasks = 0, completed tasks = 69], outboundChannelpool size = 0, active threads = 0, queued tasks = 0, completed tasks = 11], sockJsScheduler[pool size = 4, active threads = 1, queued tasks = 2, completed tasks = 122936]
