2020-08-12 00:24:24 -Validating all active sessions...
2020-08-12 00:24:24 -Finished session validation.  No sessions were stopped.
2020-08-12 00:24:53 -WebSocketSession[1 current WS(1)-HttpStream(0)-HttpPoll(0), 6 total, 0 closed abnormally (0 connect failure, 0 send limit, 4 transport error)], stompSubProtocol[processed CONNECT(4)-CONNECTED(4)-DISCONNECT(0)], stompBrokerRelay[null], inboundChannel[pool size = 0, active threads = 0, queued tasks = 0, completed tasks = 51], outboundChannelpool size = 0, active threads = 0, queued tasks = 0, completed tasks = 9], sockJsScheduler[pool size = 4, active threads = 1, queued tasks = 2, completed tasks = 25974]
2020-08-12 00:54:53 -WebSocketSession[1 current WS(1)-HttpStream(0)-HttpPoll(0), 6 total, 0 closed abnormally (0 connect failure, 0 send limit, 4 transport error)], stompSubProtocol[processed CONNECT(4)-CONNECTED(4)-DISCONNECT(0)], stompBrokerRelay[null], inboundChannel[pool size = 0, active threads = 0, queued tasks = 0, completed tasks = 51], outboundChannelpool size = 0, active threads = 0, queued tasks = 0, completed tasks = 9], sockJsScheduler[pool size = 4, active threads = 1, queued tasks = 2, completed tasks = 26407]
2020-08-12 01:24:24 -Validating all active sessions...
2020-08-12 01:24:24 -Finished session validation.  No sessions were stopped.
2020-08-12 01:24:53 -WebSocketSession[1 current WS(1)-HttpStream(0)-HttpPoll(0), 6 total, 0 closed abnormally (0 connect failure, 0 send limit, 4 transport error)], stompSubProtocol[processed CONNECT(4)-CONNECTED(4)-DISCONNECT(0)], stompBrokerRelay[null], inboundChannel[pool size = 0, active threads = 0, queued tasks = 0, completed tasks = 51], outboundChannelpool size = 0, active threads = 0, queued tasks = 0, completed tasks = 9], sockJsScheduler[pool size = 4, active threads = 1, queued tasks = 2, completed tasks = 26840]
2020-08-12 01:54:53 -WebSocketSession[1 current WS(1)-HttpStream(0)-HttpPoll(0), 6 total, 0 closed abnormally (0 connect failure, 0 send limit, 4 transport error)], stompSubProtocol[processed CONNECT(4)-CONNECTED(4)-DISCONNECT(0)], stompBrokerRelay[null], inboundChannel[pool size = 0, active threads = 0, queued tasks = 0, completed tasks = 51], outboundChannelpool size = 0, active threads = 0, queued tasks = 0, completed tasks = 9], sockJsScheduler[pool size = 4, active threads = 1, queued tasks = 2, completed tasks = 27273]
2020-08-12 02:24:24 -Validating all active sessions...
2020-08-12 02:24:24 -Finished session validation.  No sessions were stopped.
2020-08-12 02:24:53 -WebSocketSession[1 current WS(1)-HttpStream(0)-HttpPoll(0), 6 total, 0 closed abnormally (0 connect failure, 0 send limit, 4 transport error)], stompSubProtocol[processed CONNECT(4)-CONNECTED(4)-DISCONNECT(0)], stompBrokerRelay[null], inboundChannel[pool size = 0, active threads = 0, queued tasks = 0, completed tasks = 51], outboundChannelpool size = 0, active threads = 0, queued tasks = 0, completed tasks = 9], sockJsScheduler[pool size = 4, active threads = 1, queued tasks = 2, completed tasks = 27706]
2020-08-12 02:54:53 -WebSocketSession[1 current WS(1)-HttpStream(0)-HttpPoll(0), 6 total, 0 closed abnormally (0 connect failure, 0 send limit, 4 transport error)], stompSubProtocol[processed CONNECT(4)-CONNECTED(4)-DISCONNECT(0)], stompBrokerRelay[null], inboundChannel[pool size = 0, active threads = 0, queued tasks = 0, completed tasks = 51], outboundChannelpool size = 0, active threads = 0, queued tasks = 0, completed tasks = 9], sockJsScheduler[pool size = 4, active threads = 1, queued tasks = 2, completed tasks = 28139]
2020-08-12 03:24:24 -Validating all active sessions...
2020-08-12 03:24:24 -Finished session validation.  No sessions were stopped.
2020-08-12 03:24:53 -WebSocketSession[1 current WS(1)-HttpStream(0)-HttpPoll(0), 6 total, 0 closed abnormally (0 connect failure, 0 send limit, 4 transport error)], stompSubProtocol[processed CONNECT(4)-CONNECTED(4)-DISCONNECT(0)], stompBrokerRelay[null], inboundChannel[pool size = 0, active threads = 0, queued tasks = 0, completed tasks = 51], outboundChannelpool size = 0, active threads = 0, queued tasks = 0, completed tasks = 9], sockJsScheduler[pool size = 4, active threads = 1, queued tasks = 2, completed tasks = 28572]
2020-08-12 03:54:53 -WebSocketSession[1 current WS(1)-HttpStream(0)-HttpPoll(0), 6 total, 0 closed abnormally (0 connect failure, 0 send limit, 4 transport error)], stompSubProtocol[processed CONNECT(4)-CONNECTED(4)-DISCONNECT(0)], stompBrokerRelay[null], inboundChannel[pool size = 0, active threads = 0, queued tasks = 0, completed tasks = 51], outboundChannelpool size = 0, active threads = 0, queued tasks = 0, completed tasks = 9], sockJsScheduler[pool size = 4, active threads = 1, queued tasks = 2, completed tasks = 29005]
2020-08-12 04:24:24 -Validating all active sessions...
2020-08-12 04:24:24 -Finished session validation.  No sessions were stopped.
2020-08-12 04:24:53 -WebSocketSession[1 current WS(1)-HttpStream(0)-HttpPoll(0), 6 total, 0 closed abnormally (0 connect failure, 0 send limit, 4 transport error)], stompSubProtocol[processed CONNECT(4)-CONNECTED(4)-DISCONNECT(0)], stompBrokerRelay[null], inboundChannel[pool size = 0, active threads = 0, queued tasks = 0, completed tasks = 51], outboundChannelpool size = 0, active threads = 0, queued tasks = 0, completed tasks = 9], sockJsScheduler[pool size = 4, active threads = 1, queued tasks = 2, completed tasks = 29438]
2020-08-12 04:54:54 -WebSocketSession[1 current WS(1)-HttpStream(0)-HttpPoll(0), 6 total, 0 closed abnormally (0 connect failure, 0 send limit, 4 transport error)], stompSubProtocol[processed CONNECT(4)-CONNECTED(4)-DISCONNECT(0)], stompBrokerRelay[null], inboundChannel[pool size = 0, active threads = 0, queued tasks = 0, completed tasks = 51], outboundChannelpool size = 0, active threads = 0, queued tasks = 0, completed tasks = 9], sockJsScheduler[pool size = 4, active threads = 1, queued tasks = 2, completed tasks = 29871]
2020-08-12 05:24:24 -Validating all active sessions...
2020-08-12 05:24:24 -Finished session validation.  No sessions were stopped.
2020-08-12 05:24:54 -WebSocketSession[1 current WS(1)-HttpStream(0)-HttpPoll(0), 6 total, 0 closed abnormally (0 connect failure, 0 send limit, 4 transport error)], stompSubProtocol[processed CONNECT(4)-CONNECTED(4)-DISCONNECT(0)], stompBrokerRelay[null], inboundChannel[pool size = 0, active threads = 0, queued tasks = 0, completed tasks = 51], outboundChannelpool size = 0, active threads = 0, queued tasks = 0, completed tasks = 9], sockJsScheduler[pool size = 4, active threads = 1, queued tasks = 2, completed tasks = 30304]
2020-08-12 05:54:54 -WebSocketSession[1 current WS(1)-HttpStream(0)-HttpPoll(0), 6 total, 0 closed abnormally (0 connect failure, 0 send limit, 4 transport error)], stompSubProtocol[processed CONNECT(4)-CONNECTED(4)-DISCONNECT(0)], stompBrokerRelay[null], inboundChannel[pool size = 0, active threads = 0, queued tasks = 0, completed tasks = 51], outboundChannelpool size = 0, active threads = 0, queued tasks = 0, completed tasks = 9], sockJsScheduler[pool size = 4, active threads = 1, queued tasks = 2, completed tasks = 30737]
2020-08-12 06:24:24 -Validating all active sessions...
2020-08-12 06:24:24 -Finished session validation.  No sessions were stopped.
2020-08-12 06:24:54 -WebSocketSession[1 current WS(1)-HttpStream(0)-HttpPoll(0), 6 total, 0 closed abnormally (0 connect failure, 0 send limit, 4 transport error)], stompSubProtocol[processed CONNECT(4)-CONNECTED(4)-DISCONNECT(0)], stompBrokerRelay[null], inboundChannel[pool size = 0, active threads = 0, queued tasks = 0, completed tasks = 51], outboundChannelpool size = 0, active threads = 0, queued tasks = 0, completed tasks = 9], sockJsScheduler[pool size = 4, active threads = 1, queued tasks = 2, completed tasks = 31170]
2020-08-12 06:54:54 -WebSocketSession[1 current WS(1)-HttpStream(0)-HttpPoll(0), 6 total, 0 closed abnormally (0 connect failure, 0 send limit, 4 transport error)], stompSubProtocol[processed CONNECT(4)-CONNECTED(4)-DISCONNECT(0)], stompBrokerRelay[null], inboundChannel[pool size = 0, active threads = 0, queued tasks = 0, completed tasks = 51], outboundChannelpool size = 0, active threads = 0, queued tasks = 0, completed tasks = 9], sockJsScheduler[pool size = 4, active threads = 1, queued tasks = 2, completed tasks = 31603]
2020-08-12 07:24:24 -Validating all active sessions...
2020-08-12 07:24:24 -Finished session validation.  No sessions were stopped.
2020-08-12 07:24:54 -WebSocketSession[1 current WS(1)-HttpStream(0)-HttpPoll(0), 6 total, 0 closed abnormally (0 connect failure, 0 send limit, 4 transport error)], stompSubProtocol[processed CONNECT(4)-CONNECTED(4)-DISCONNECT(0)], stompBrokerRelay[null], inboundChannel[pool size = 0, active threads = 0, queued tasks = 0, completed tasks = 51], outboundChannelpool size = 0, active threads = 0, queued tasks = 0, completed tasks = 9], sockJsScheduler[pool size = 4, active threads = 1, queued tasks = 2, completed tasks = 32036]
2020-08-12 07:54:54 -WebSocketSession[1 current WS(1)-HttpStream(0)-HttpPoll(0), 6 total, 0 closed abnormally (0 connect failure, 0 send limit, 4 transport error)], stompSubProtocol[processed CONNECT(4)-CONNECTED(4)-DISCONNECT(0)], stompBrokerRelay[null], inboundChannel[pool size = 0, active threads = 0, queued tasks = 0, completed tasks = 51], outboundChannelpool size = 0, active threads = 0, queued tasks = 0, completed tasks = 9], sockJsScheduler[pool size = 4, active threads = 1, queued tasks = 2, completed tasks = 32469]
2020-08-12 08:24:24 -Validating all active sessions...
2020-08-12 08:24:24 -Finished session validation.  No sessions were stopped.
2020-08-12 08:24:54 -WebSocketSession[1 current WS(1)-HttpStream(0)-HttpPoll(0), 6 total, 0 closed abnormally (0 connect failure, 0 send limit, 4 transport error)], stompSubProtocol[processed CONNECT(4)-CONNECTED(4)-DISCONNECT(0)], stompBrokerRelay[null], inboundChannel[pool size = 0, active threads = 0, queued tasks = 0, completed tasks = 51], outboundChannelpool size = 0, active threads = 0, queued tasks = 0, completed tasks = 9], sockJsScheduler[pool size = 4, active threads = 1, queued tasks = 2, completed tasks = 32902]
2020-08-12 08:54:54 -WebSocketSession[1 current WS(1)-HttpStream(0)-HttpPoll(0), 6 total, 0 closed abnormally (0 connect failure, 0 send limit, 4 transport error)], stompSubProtocol[processed CONNECT(4)-CONNECTED(4)-DISCONNECT(0)], stompBrokerRelay[null], inboundChannel[pool size = 0, active threads = 0, queued tasks = 0, completed tasks = 51], outboundChannelpool size = 0, active threads = 0, queued tasks = 0, completed tasks = 9], sockJsScheduler[pool size = 4, active threads = 1, queued tasks = 2, completed tasks = 33335]
2020-08-12 09:18:07 -请求地址 : http://localhost:8066/login;JSESSIONID=3c9a750a-19bf-4e4e-bb6c-2772cf3d54a2
2020-08-12 09:18:07 -HTTP METHOD : GET
2020-08-12 09:18:07 -CLASS_METHOD : com.bootdo.system.controller.LoginController.login
2020-08-12 09:18:07 -参数 : []
2020-08-12 09:18:07 -耗时 : 3
2020-08-12 09:18:07 -返回值 : login
2020-08-12 09:18:09 -请求地址 : http://localhost:8066/login
2020-08-12 09:18:09 -HTTP METHOD : POST
2020-08-12 09:18:09 -CLASS_METHOD : com.bootdo.system.controller.LoginController.ajaxLogin
2020-08-12 09:18:09 -参数 : [admin, 111111]
2020-08-12 09:18:09 -==>  Preparing: select `user_id`,`username`,`name`,`password`,`dept_id`,`email`,`mobile`,`status`,`user_id_create`,`gmt_create`,`gmt_modified`,`sex`,`birth`,`pic_id`,`live_address`,`hobby`,`province`,`city`,`district` from sys_user WHERE username = ? order by user_id desc 
2020-08-12 09:18:09 -==> Parameters: admin(String)
2020-08-12 09:18:09 -<==      Total: 1
2020-08-12 09:18:09 -耗时 : 23
2020-08-12 09:18:09 -返回值 : {msg=操作成功, code=0}
2020-08-12 09:18:09 -==>  Preparing: insert into sys_log ( `user_id`, `username`, `operation`, `time`, `method`, `params`, `ip`, `gmt_create` ) values ( ?, ?, ?, ?, ?, ?, ?, ? ) 
2020-08-12 09:18:09 -==> Parameters: 1(Long), admin(String), 登录(String), 23(Integer), com.bootdo.system.controller.LoginController.ajaxLogin()(String), null, 127.0.0.1(String), 2020-08-12 09:18:09.041(Timestamp)
2020-08-12 09:18:09 -请求地址 : http://localhost:8066/index
2020-08-12 09:18:09 -HTTP METHOD : GET
2020-08-12 09:18:09 -CLASS_METHOD : com.bootdo.system.controller.LoginController.index
2020-08-12 09:18:09 -参数 : [{}]
2020-08-12 09:18:09 -==>  Preparing: select distinct m.menu_id , parent_id, name, url, perms,`type`,icon,order_num,gmt_create, gmt_modified from sys_menu m left join sys_role_menu rm on m.menu_id = rm.menu_id left join sys_user_role ur on rm.role_id =ur.role_id where ur.user_id = ? and m.type in(0,1) order by m.order_num 
2020-08-12 09:18:09 -<==    Updates: 1
2020-08-12 09:18:09 -==> Parameters: 1(Long)
2020-08-12 09:18:09 -<==      Total: 27
2020-08-12 09:18:09 -==>  Preparing: select `id`,`type`,`url`,`create_date` from sys_file where id = ? 
2020-08-12 09:18:09 -==> Parameters: 143(Long)
2020-08-12 09:18:09 -<==      Total: 1
2020-08-12 09:18:09 -耗时 : 50
2020-08-12 09:18:09 -返回值 : index_v1
2020-08-12 09:18:09 -==>  Preparing: insert into sys_log ( `user_id`, `username`, `operation`, `time`, `method`, `params`, `ip`, `gmt_create` ) values ( ?, ?, ?, ?, ?, ?, ?, ? ) 
2020-08-12 09:18:09 -==> Parameters: 1(Long), admin(String), 请求访问主页(String), 50(Integer), com.bootdo.system.controller.LoginController.index()(String), null, 127.0.0.1(String), 2020-08-12 09:18:09.105(Timestamp)
2020-08-12 09:18:09 -请求地址 : http://localhost:8066/main
2020-08-12 09:18:09 -HTTP METHOD : GET
2020-08-12 09:18:09 -CLASS_METHOD : com.bootdo.system.controller.LoginController.main
2020-08-12 09:18:09 -参数 : []
2020-08-12 09:18:09 -耗时 : 1
2020-08-12 09:18:09 -返回值 : main
2020-08-12 09:18:09 -<==    Updates: 1
2020-08-12 09:18:09 -请求地址 : http://localhost:8066/oa/notify/message
2020-08-12 09:18:09 -HTTP METHOD : GET
2020-08-12 09:18:09 -CLASS_METHOD : com.bootdo.oa.controller.NotifyController.message
2020-08-12 09:18:09 -参数 : []
2020-08-12 09:18:09 -==>  Preparing: select DISTINCT n.id ,`type`,`title`,`content`,`files`,r.is_read,`status`,`create_by`,`create_date`,`update_by`,`update_date`,`remarks`,`del_flag` from oa_notify_record r right JOIN oa_notify n on r.notify_id = n.id WHERE r.is_read = ? and r.user_id = ? order by is_read ASC, update_date DESC limit ?, ? 
2020-08-12 09:18:09 -==> Parameters: 0(String), 1(Long), 0(Integer), 3(Integer)
2020-08-12 09:18:09 -<==      Total: 0
2020-08-12 09:18:09 -==>  Preparing: select count(*) from oa_notify_record r right JOIN oa_notify n on r.notify_id = n.id where r.user_id =? and r.is_read = ? 
2020-08-12 09:18:09 -==> Parameters: 1(Long), 0(String)
2020-08-12 09:18:09 -<==      Total: 1
2020-08-12 09:18:09 -耗时 : 8
2020-08-12 09:18:09 -返回值 : com.bootdo.common.utils.PageUtils@7972c429
2020-08-12 09:18:09 -请求地址 : http://localhost:8066/main
2020-08-12 09:18:09 -HTTP METHOD : GET
2020-08-12 09:18:09 -CLASS_METHOD : com.bootdo.system.controller.LoginController.main
2020-08-12 09:18:09 -参数 : []
2020-08-12 09:18:09 -耗时 : 1
2020-08-12 09:18:09 -返回值 : main
2020-08-12 09:24:24 -Validating all active sessions...
2020-08-12 09:24:24 -Finished session validation.  No sessions were stopped.
2020-08-12 09:24:54 -WebSocketSession[1 current WS(1)-HttpStream(0)-HttpPoll(0), 7 total, 0 closed abnormally (0 connect failure, 0 send limit, 4 transport error)], stompSubProtocol[processed CONNECT(5)-CONNECTED(5)-DISCONNECT(0)], stompBrokerRelay[null], inboundChannel[pool size = 0, active threads = 0, queued tasks = 0, completed tasks = 63], outboundChannelpool size = 0, active threads = 0, queued tasks = 0, completed tasks = 11], sockJsScheduler[pool size = 4, active threads = 1, queued tasks = 2, completed tasks = 33768]
2020-08-12 09:54:54 -WebSocketSession[1 current WS(1)-HttpStream(0)-HttpPoll(0), 7 total, 0 closed abnormally (0 connect failure, 0 send limit, 4 transport error)], stompSubProtocol[processed CONNECT(5)-CONNECTED(5)-DISCONNECT(0)], stompBrokerRelay[null], inboundChannel[pool size = 0, active threads = 0, queued tasks = 0, completed tasks = 63], outboundChannelpool size = 0, active threads = 0, queued tasks = 0, completed tasks = 11], sockJsScheduler[pool size = 4, active threads = 1, queued tasks = 2, completed tasks = 34201]
2020-08-12 10:24:24 -Validating all active sessions...
2020-08-12 10:24:24 -Finished session validation.  [1] sessions were stopped.
2020-08-12 10:24:54 -WebSocketSession[1 current WS(1)-HttpStream(0)-HttpPoll(0), 7 total, 0 closed abnormally (0 connect failure, 0 send limit, 4 transport error)], stompSubProtocol[processed CONNECT(5)-CONNECTED(5)-DISCONNECT(0)], stompBrokerRelay[null], inboundChannel[pool size = 0, active threads = 0, queued tasks = 0, completed tasks = 63], outboundChannelpool size = 0, active threads = 0, queued tasks = 0, completed tasks = 11], sockJsScheduler[pool size = 4, active threads = 1, queued tasks = 2, completed tasks = 34634]
2020-08-12 10:54:54 -WebSocketSession[1 current WS(1)-HttpStream(0)-HttpPoll(0), 7 total, 0 closed abnormally (0 connect failure, 0 send limit, 4 transport error)], stompSubProtocol[processed CONNECT(5)-CONNECTED(5)-DISCONNECT(0)], stompBrokerRelay[null], inboundChannel[pool size = 0, active threads = 0, queued tasks = 0, completed tasks = 63], outboundChannelpool size = 0, active threads = 0, queued tasks = 0, completed tasks = 11], sockJsScheduler[pool size = 4, active threads = 1, queued tasks = 2, completed tasks = 35067]
2020-08-12 11:24:24 -Validating all active sessions...
2020-08-12 11:24:24 -Finished session validation.  No sessions were stopped.
2020-08-12 11:24:54 -WebSocketSession[1 current WS(1)-HttpStream(0)-HttpPoll(0), 7 total, 0 closed abnormally (0 connect failure, 0 send limit, 4 transport error)], stompSubProtocol[processed CONNECT(5)-CONNECTED(5)-DISCONNECT(0)], stompBrokerRelay[null], inboundChannel[pool size = 0, active threads = 0, queued tasks = 0, completed tasks = 63], outboundChannelpool size = 0, active threads = 0, queued tasks = 0, completed tasks = 11], sockJsScheduler[pool size = 4, active threads = 1, queued tasks = 2, completed tasks = 35500]
2020-08-12 11:54:54 -WebSocketSession[1 current WS(1)-HttpStream(0)-HttpPoll(0), 7 total, 0 closed abnormally (0 connect failure, 0 send limit, 4 transport error)], stompSubProtocol[processed CONNECT(5)-CONNECTED(5)-DISCONNECT(0)], stompBrokerRelay[null], inboundChannel[pool size = 0, active threads = 0, queued tasks = 0, completed tasks = 63], outboundChannelpool size = 0, active threads = 0, queued tasks = 0, completed tasks = 11], sockJsScheduler[pool size = 4, active threads = 1, queued tasks = 2, completed tasks = 35933]
2020-08-12 12:24:24 -Validating all active sessions...
2020-08-12 12:24:24 -Finished session validation.  No sessions were stopped.
2020-08-12 12:24:54 -WebSocketSession[1 current WS(1)-HttpStream(0)-HttpPoll(0), 7 total, 0 closed abnormally (0 connect failure, 0 send limit, 4 transport error)], stompSubProtocol[processed CONNECT(5)-CONNECTED(5)-DISCONNECT(0)], stompBrokerRelay[null], inboundChannel[pool size = 0, active threads = 0, queued tasks = 0, completed tasks = 63], outboundChannelpool size = 0, active threads = 0, queued tasks = 0, completed tasks = 11], sockJsScheduler[pool size = 4, active threads = 1, queued tasks = 2, completed tasks = 36366]
2020-08-12 12:54:54 -WebSocketSession[1 current WS(1)-HttpStream(0)-HttpPoll(0), 7 total, 0 closed abnormally (0 connect failure, 0 send limit, 4 transport error)], stompSubProtocol[processed CONNECT(5)-CONNECTED(5)-DISCONNECT(0)], stompBrokerRelay[null], inboundChannel[pool size = 0, active threads = 0, queued tasks = 0, completed tasks = 63], outboundChannelpool size = 0, active threads = 0, queued tasks = 0, completed tasks = 11], sockJsScheduler[pool size = 4, active threads = 1, queued tasks = 2, completed tasks = 36799]
2020-08-12 13:24:24 -Validating all active sessions...
2020-08-12 13:24:24 -Finished session validation.  No sessions were stopped.
2020-08-12 13:24:54 -WebSocketSession[1 current WS(1)-HttpStream(0)-HttpPoll(0), 7 total, 0 closed abnormally (0 connect failure, 0 send limit, 4 transport error)], stompSubProtocol[processed CONNECT(5)-CONNECTED(5)-DISCONNECT(0)], stompBrokerRelay[null], inboundChannel[pool size = 0, active threads = 0, queued tasks = 0, completed tasks = 63], outboundChannelpool size = 0, active threads = 0, queued tasks = 0, completed tasks = 11], sockJsScheduler[pool size = 4, active threads = 1, queued tasks = 2, completed tasks = 37232]
2020-08-12 13:54:54 -WebSocketSession[1 current WS(1)-HttpStream(0)-HttpPoll(0), 7 total, 0 closed abnormally (0 connect failure, 0 send limit, 4 transport error)], stompSubProtocol[processed CONNECT(5)-CONNECTED(5)-DISCONNECT(0)], stompBrokerRelay[null], inboundChannel[pool size = 0, active threads = 0, queued tasks = 0, completed tasks = 63], outboundChannelpool size = 0, active threads = 0, queued tasks = 0, completed tasks = 11], sockJsScheduler[pool size = 4, active threads = 1, queued tasks = 2, completed tasks = 37665]
2020-08-12 14:24:24 -Validating all active sessions...
2020-08-12 14:24:24 -Finished session validation.  No sessions were stopped.
2020-08-12 14:24:54 -WebSocketSession[1 current WS(1)-HttpStream(0)-HttpPoll(0), 7 total, 0 closed abnormally (0 connect failure, 0 send limit, 4 transport error)], stompSubProtocol[processed CONNECT(5)-CONNECTED(5)-DISCONNECT(0)], stompBrokerRelay[null], inboundChannel[pool size = 0, active threads = 0, queued tasks = 0, completed tasks = 63], outboundChannelpool size = 0, active threads = 0, queued tasks = 0, completed tasks = 11], sockJsScheduler[pool size = 4, active threads = 1, queued tasks = 2, completed tasks = 38098]
2020-08-12 14:54:54 -WebSocketSession[1 current WS(1)-HttpStream(0)-HttpPoll(0), 7 total, 0 closed abnormally (0 connect failure, 0 send limit, 4 transport error)], stompSubProtocol[processed CONNECT(5)-CONNECTED(5)-DISCONNECT(0)], stompBrokerRelay[null], inboundChannel[pool size = 0, active threads = 0, queued tasks = 0, completed tasks = 63], outboundChannelpool size = 0, active threads = 0, queued tasks = 0, completed tasks = 11], sockJsScheduler[pool size = 4, active threads = 1, queued tasks = 2, completed tasks = 38531]
2020-08-12 15:24:24 -Validating all active sessions...
2020-08-12 15:24:24 -Finished session validation.  No sessions were stopped.
2020-08-12 15:24:54 -WebSocketSession[1 current WS(1)-HttpStream(0)-HttpPoll(0), 7 total, 0 closed abnormally (0 connect failure, 0 send limit, 4 transport error)], stompSubProtocol[processed CONNECT(5)-CONNECTED(5)-DISCONNECT(0)], stompBrokerRelay[null], inboundChannel[pool size = 0, active threads = 0, queued tasks = 0, completed tasks = 63], outboundChannelpool size = 0, active threads = 0, queued tasks = 0, completed tasks = 11], sockJsScheduler[pool size = 4, active threads = 1, queued tasks = 2, completed tasks = 38964]
2020-08-12 15:54:54 -WebSocketSession[1 current WS(1)-HttpStream(0)-HttpPoll(0), 7 total, 0 closed abnormally (0 connect failure, 0 send limit, 4 transport error)], stompSubProtocol[processed CONNECT(5)-CONNECTED(5)-DISCONNECT(0)], stompBrokerRelay[null], inboundChannel[pool size = 0, active threads = 0, queued tasks = 0, completed tasks = 63], outboundChannelpool size = 0, active threads = 0, queued tasks = 0, completed tasks = 11], sockJsScheduler[pool size = 4, active threads = 1, queued tasks = 2, completed tasks = 39397]
2020-08-12 16:24:24 -Validating all active sessions...
2020-08-12 16:24:24 -Finished session validation.  No sessions were stopped.
2020-08-12 16:24:54 -WebSocketSession[1 current WS(1)-HttpStream(0)-HttpPoll(0), 7 total, 0 closed abnormally (0 connect failure, 0 send limit, 4 transport error)], stompSubProtocol[processed CONNECT(5)-CONNECTED(5)-DISCONNECT(0)], stompBrokerRelay[null], inboundChannel[pool size = 0, active threads = 0, queued tasks = 0, completed tasks = 63], outboundChannelpool size = 0, active threads = 0, queued tasks = 0, completed tasks = 11], sockJsScheduler[pool size = 4, active threads = 1, queued tasks = 2, completed tasks = 39830]
2020-08-12 16:54:54 -WebSocketSession[1 current WS(1)-HttpStream(0)-HttpPoll(0), 7 total, 0 closed abnormally (0 connect failure, 0 send limit, 4 transport error)], stompSubProtocol[processed CONNECT(5)-CONNECTED(5)-DISCONNECT(0)], stompBrokerRelay[null], inboundChannel[pool size = 0, active threads = 0, queued tasks = 0, completed tasks = 63], outboundChannelpool size = 0, active threads = 0, queued tasks = 0, completed tasks = 11], sockJsScheduler[pool size = 4, active threads = 1, queued tasks = 2, completed tasks = 40263]
2020-08-12 17:24:24 -Validating all active sessions...
2020-08-12 17:24:24 -Finished session validation.  No sessions were stopped.
2020-08-12 17:24:54 -WebSocketSession[1 current WS(1)-HttpStream(0)-HttpPoll(0), 7 total, 0 closed abnormally (0 connect failure, 0 send limit, 4 transport error)], stompSubProtocol[processed CONNECT(5)-CONNECTED(5)-DISCONNECT(0)], stompBrokerRelay[null], inboundChannel[pool size = 0, active threads = 0, queued tasks = 0, completed tasks = 63], outboundChannelpool size = 0, active threads = 0, queued tasks = 0, completed tasks = 11], sockJsScheduler[pool size = 4, active threads = 1, queued tasks = 2, completed tasks = 40696]
2020-08-12 17:54:54 -WebSocketSession[1 current WS(1)-HttpStream(0)-HttpPoll(0), 7 total, 0 closed abnormally (0 connect failure, 0 send limit, 4 transport error)], stompSubProtocol[processed CONNECT(5)-CONNECTED(5)-DISCONNECT(0)], stompBrokerRelay[null], inboundChannel[pool size = 0, active threads = 0, queued tasks = 0, completed tasks = 63], outboundChannelpool size = 0, active threads = 0, queued tasks = 0, completed tasks = 11], sockJsScheduler[pool size = 4, active threads = 1, queued tasks = 2, completed tasks = 41129]
2020-08-12 18:24:24 -Validating all active sessions...
2020-08-12 18:24:24 -Finished session validation.  No sessions were stopped.
2020-08-12 18:24:54 -WebSocketSession[1 current WS(1)-HttpStream(0)-HttpPoll(0), 7 total, 0 closed abnormally (0 connect failure, 0 send limit, 4 transport error)], stompSubProtocol[processed CONNECT(5)-CONNECTED(5)-DISCONNECT(0)], stompBrokerRelay[null], inboundChannel[pool size = 0, active threads = 0, queued tasks = 0, completed tasks = 63], outboundChannelpool size = 0, active threads = 0, queued tasks = 0, completed tasks = 11], sockJsScheduler[pool size = 4, active threads = 1, queued tasks = 2, completed tasks = 41562]
2020-08-12 18:54:54 -WebSocketSession[1 current WS(1)-HttpStream(0)-HttpPoll(0), 7 total, 0 closed abnormally (0 connect failure, 0 send limit, 4 transport error)], stompSubProtocol[processed CONNECT(5)-CONNECTED(5)-DISCONNECT(0)], stompBrokerRelay[null], inboundChannel[pool size = 0, active threads = 0, queued tasks = 0, completed tasks = 63], outboundChannelpool size = 0, active threads = 0, queued tasks = 0, completed tasks = 11], sockJsScheduler[pool size = 4, active threads = 1, queued tasks = 2, completed tasks = 41995]
2020-08-12 19:24:24 -Validating all active sessions...
2020-08-12 19:24:24 -Finished session validation.  No sessions were stopped.
2020-08-12 19:24:54 -WebSocketSession[1 current WS(1)-HttpStream(0)-HttpPoll(0), 7 total, 0 closed abnormally (0 connect failure, 0 send limit, 4 transport error)], stompSubProtocol[processed CONNECT(5)-CONNECTED(5)-DISCONNECT(0)], stompBrokerRelay[null], inboundChannel[pool size = 0, active threads = 0, queued tasks = 0, completed tasks = 63], outboundChannelpool size = 0, active threads = 0, queued tasks = 0, completed tasks = 11], sockJsScheduler[pool size = 4, active threads = 1, queued tasks = 2, completed tasks = 42428]
2020-08-12 19:54:54 -WebSocketSession[1 current WS(1)-HttpStream(0)-HttpPoll(0), 7 total, 0 closed abnormally (0 connect failure, 0 send limit, 4 transport error)], stompSubProtocol[processed CONNECT(5)-CONNECTED(5)-DISCONNECT(0)], stompBrokerRelay[null], inboundChannel[pool size = 0, active threads = 0, queued tasks = 0, completed tasks = 63], outboundChannelpool size = 0, active threads = 0, queued tasks = 0, completed tasks = 11], sockJsScheduler[pool size = 4, active threads = 1, queued tasks = 2, completed tasks = 42861]
2020-08-12 20:24:24 -Validating all active sessions...
2020-08-12 20:24:24 -Finished session validation.  No sessions were stopped.
2020-08-12 20:24:54 -WebSocketSession[1 current WS(1)-HttpStream(0)-HttpPoll(0), 7 total, 0 closed abnormally (0 connect failure, 0 send limit, 4 transport error)], stompSubProtocol[processed CONNECT(5)-CONNECTED(5)-DISCONNECT(0)], stompBrokerRelay[null], inboundChannel[pool size = 0, active threads = 0, queued tasks = 0, completed tasks = 63], outboundChannelpool size = 0, active threads = 0, queued tasks = 0, completed tasks = 11], sockJsScheduler[pool size = 4, active threads = 1, queued tasks = 2, completed tasks = 43294]
2020-08-12 20:54:54 -WebSocketSession[1 current WS(1)-HttpStream(0)-HttpPoll(0), 7 total, 0 closed abnormally (0 connect failure, 0 send limit, 4 transport error)], stompSubProtocol[processed CONNECT(5)-CONNECTED(5)-DISCONNECT(0)], stompBrokerRelay[null], inboundChannel[pool size = 0, active threads = 0, queued tasks = 0, completed tasks = 63], outboundChannelpool size = 0, active threads = 0, queued tasks = 0, completed tasks = 11], sockJsScheduler[pool size = 4, active threads = 1, queued tasks = 2, completed tasks = 43727]
2020-08-12 21:24:24 -Validating all active sessions...
2020-08-12 21:24:24 -Finished session validation.  No sessions were stopped.
2020-08-12 21:24:54 -WebSocketSession[1 current WS(1)-HttpStream(0)-HttpPoll(0), 7 total, 0 closed abnormally (0 connect failure, 0 send limit, 4 transport error)], stompSubProtocol[processed CONNECT(5)-CONNECTED(5)-DISCONNECT(0)], stompBrokerRelay[null], inboundChannel[pool size = 0, active threads = 0, queued tasks = 0, completed tasks = 63], outboundChannelpool size = 0, active threads = 0, queued tasks = 0, completed tasks = 11], sockJsScheduler[pool size = 4, active threads = 1, queued tasks = 2, completed tasks = 44160]
2020-08-12 21:54:54 -WebSocketSession[1 current WS(1)-HttpStream(0)-HttpPoll(0), 7 total, 0 closed abnormally (0 connect failure, 0 send limit, 4 transport error)], stompSubProtocol[processed CONNECT(5)-CONNECTED(5)-DISCONNECT(0)], stompBrokerRelay[null], inboundChannel[pool size = 0, active threads = 0, queued tasks = 0, completed tasks = 63], outboundChannelpool size = 0, active threads = 0, queued tasks = 0, completed tasks = 11], sockJsScheduler[pool size = 4, active threads = 1, queued tasks = 2, completed tasks = 44593]
2020-08-12 22:24:24 -Validating all active sessions...
2020-08-12 22:24:24 -Finished session validation.  No sessions were stopped.
2020-08-12 22:24:54 -WebSocketSession[1 current WS(1)-HttpStream(0)-HttpPoll(0), 7 total, 0 closed abnormally (0 connect failure, 0 send limit, 4 transport error)], stompSubProtocol[processed CONNECT(5)-CONNECTED(5)-DISCONNECT(0)], stompBrokerRelay[null], inboundChannel[pool size = 0, active threads = 0, queued tasks = 0, completed tasks = 63], outboundChannelpool size = 0, active threads = 0, queued tasks = 0, completed tasks = 11], sockJsScheduler[pool size = 4, active threads = 1, queued tasks = 2, completed tasks = 45026]
2020-08-12 22:54:54 -WebSocketSession[1 current WS(1)-HttpStream(0)-HttpPoll(0), 7 total, 0 closed abnormally (0 connect failure, 0 send limit, 4 transport error)], stompSubProtocol[processed CONNECT(5)-CONNECTED(5)-DISCONNECT(0)], stompBrokerRelay[null], inboundChannel[pool size = 0, active threads = 0, queued tasks = 0, completed tasks = 63], outboundChannelpool size = 0, active threads = 0, queued tasks = 0, completed tasks = 11], sockJsScheduler[pool size = 4, active threads = 1, queued tasks = 2, completed tasks = 45459]
2020-08-12 23:24:24 -Validating all active sessions...
2020-08-12 23:24:24 -Finished session validation.  No sessions were stopped.
2020-08-12 23:24:54 -WebSocketSession[1 current WS(1)-HttpStream(0)-HttpPoll(0), 7 total, 0 closed abnormally (0 connect failure, 0 send limit, 4 transport error)], stompSubProtocol[processed CONNECT(5)-CONNECTED(5)-DISCONNECT(0)], stompBrokerRelay[null], inboundChannel[pool size = 0, active threads = 0, queued tasks = 0, completed tasks = 63], outboundChannelpool size = 0, active threads = 0, queued tasks = 0, completed tasks = 11], sockJsScheduler[pool size = 4, active threads = 1, queued tasks = 2, completed tasks = 45892]
2020-08-12 23:54:54 -WebSocketSession[1 current WS(1)-HttpStream(0)-HttpPoll(0), 7 total, 0 closed abnormally (0 connect failure, 0 send limit, 4 transport error)], stompSubProtocol[processed CONNECT(5)-CONNECTED(5)-DISCONNECT(0)], stompBrokerRelay[null], inboundChannel[pool size = 0, active threads = 0, queued tasks = 0, completed tasks = 63], outboundChannelpool size = 0, active threads = 0, queued tasks = 0, completed tasks = 11], sockJsScheduler[pool size = 4, active threads = 1, queued tasks = 2, completed tasks = 46325]
