2020-11-18 00:10:06 -WebSocketSession[1 current WS(1)-HttpStream(0)-HttpPoll(0), 11 total, 0 closed abnormally (0 connect failure, 0 send limit, 0 transport error)], stompSubProtocol[processed CONNECT(11)-CONNECTED(11)-DISCONNECT(0)], stompBrokerRelay[null], inboundChannel[pool size = 0, active threads = 0, queued tasks = 0, completed tasks = 129], outboundChannelpool size = 0, active threads = 0, queued tasks = 0, completed tasks = 21], sockJsScheduler[pool size = 4, active threads = 1, queued tasks = 2, completed tasks = 12432]
2020-11-18 00:39:33 -Validating all active sessions...
2020-11-18 00:39:33 -Finished session validation.  No sessions were stopped.
2020-11-18 00:40:06 -WebSocketSession[1 current WS(1)-HttpStream(0)-HttpPoll(0), 11 total, 0 closed abnormally (0 connect failure, 0 send limit, 0 transport error)], stompSubProtocol[processed CONNECT(11)-CONNECTED(11)-DISCONNECT(0)], stompBrokerRelay[null], inboundChannel[pool size = 0, active threads = 0, queued tasks = 0, completed tasks = 129], outboundChannelpool size = 0, active threads = 0, queued tasks = 0, completed tasks = 21], sockJsScheduler[pool size = 4, active threads = 1, queued tasks = 2, completed tasks = 12865]
2020-11-18 01:10:06 -WebSocketSession[1 current WS(1)-HttpStream(0)-HttpPoll(0), 11 total, 0 closed abnormally (0 connect failure, 0 send limit, 0 transport error)], stompSubProtocol[processed CONNECT(11)-CONNECTED(11)-DISCONNECT(0)], stompBrokerRelay[null], inboundChannel[pool size = 0, active threads = 0, queued tasks = 0, completed tasks = 129], outboundChannelpool size = 0, active threads = 0, queued tasks = 0, completed tasks = 21], sockJsScheduler[pool size = 4, active threads = 1, queued tasks = 2, completed tasks = 13298]
2020-11-18 01:39:33 -Validating all active sessions...
2020-11-18 01:39:33 -Finished session validation.  No sessions were stopped.
2020-11-18 01:40:06 -WebSocketSession[1 current WS(1)-HttpStream(0)-HttpPoll(0), 11 total, 0 closed abnormally (0 connect failure, 0 send limit, 0 transport error)], stompSubProtocol[processed CONNECT(11)-CONNECTED(11)-DISCONNECT(0)], stompBrokerRelay[null], inboundChannel[pool size = 0, active threads = 0, queued tasks = 0, completed tasks = 129], outboundChannelpool size = 0, active threads = 0, queued tasks = 0, completed tasks = 21], sockJsScheduler[pool size = 4, active threads = 1, queued tasks = 2, completed tasks = 13731]
2020-11-18 02:10:06 -WebSocketSession[1 current WS(1)-HttpStream(0)-HttpPoll(0), 11 total, 0 closed abnormally (0 connect failure, 0 send limit, 0 transport error)], stompSubProtocol[processed CONNECT(11)-CONNECTED(11)-DISCONNECT(0)], stompBrokerRelay[null], inboundChannel[pool size = 0, active threads = 0, queued tasks = 0, completed tasks = 129], outboundChannelpool size = 0, active threads = 0, queued tasks = 0, completed tasks = 21], sockJsScheduler[pool size = 4, active threads = 1, queued tasks = 2, completed tasks = 14164]
2020-11-18 02:39:33 -Validating all active sessions...
2020-11-18 02:39:33 -Finished session validation.  No sessions were stopped.
2020-11-18 02:40:06 -WebSocketSession[1 current WS(1)-HttpStream(0)-HttpPoll(0), 11 total, 0 closed abnormally (0 connect failure, 0 send limit, 0 transport error)], stompSubProtocol[processed CONNECT(11)-CONNECTED(11)-DISCONNECT(0)], stompBrokerRelay[null], inboundChannel[pool size = 0, active threads = 0, queued tasks = 0, completed tasks = 129], outboundChannelpool size = 0, active threads = 0, queued tasks = 0, completed tasks = 21], sockJsScheduler[pool size = 4, active threads = 1, queued tasks = 2, completed tasks = 14597]
2020-11-18 03:10:06 -WebSocketSession[1 current WS(1)-HttpStream(0)-HttpPoll(0), 11 total, 0 closed abnormally (0 connect failure, 0 send limit, 0 transport error)], stompSubProtocol[processed CONNECT(11)-CONNECTED(11)-DISCONNECT(0)], stompBrokerRelay[null], inboundChannel[pool size = 0, active threads = 0, queued tasks = 0, completed tasks = 129], outboundChannelpool size = 0, active threads = 0, queued tasks = 0, completed tasks = 21], sockJsScheduler[pool size = 4, active threads = 1, queued tasks = 2, completed tasks = 15030]
2020-11-18 03:39:33 -Validating all active sessions...
2020-11-18 03:39:33 -Finished session validation.  No sessions were stopped.
2020-11-18 03:40:07 -WebSocketSession[1 current WS(1)-HttpStream(0)-HttpPoll(0), 11 total, 0 closed abnormally (0 connect failure, 0 send limit, 0 transport error)], stompSubProtocol[processed CONNECT(11)-CONNECTED(11)-DISCONNECT(0)], stompBrokerRelay[null], inboundChannel[pool size = 0, active threads = 0, queued tasks = 0, completed tasks = 129], outboundChannelpool size = 0, active threads = 0, queued tasks = 0, completed tasks = 21], sockJsScheduler[pool size = 4, active threads = 1, queued tasks = 2, completed tasks = 15463]
2020-11-18 04:10:07 -WebSocketSession[1 current WS(1)-HttpStream(0)-HttpPoll(0), 11 total, 0 closed abnormally (0 connect failure, 0 send limit, 0 transport error)], stompSubProtocol[processed CONNECT(11)-CONNECTED(11)-DISCONNECT(0)], stompBrokerRelay[null], inboundChannel[pool size = 0, active threads = 0, queued tasks = 0, completed tasks = 129], outboundChannelpool size = 0, active threads = 0, queued tasks = 0, completed tasks = 21], sockJsScheduler[pool size = 4, active threads = 1, queued tasks = 2, completed tasks = 15896]
2020-11-18 04:39:33 -Validating all active sessions...
2020-11-18 04:39:33 -Finished session validation.  No sessions were stopped.
2020-11-18 04:40:07 -WebSocketSession[1 current WS(1)-HttpStream(0)-HttpPoll(0), 11 total, 0 closed abnormally (0 connect failure, 0 send limit, 0 transport error)], stompSubProtocol[processed CONNECT(11)-CONNECTED(11)-DISCONNECT(0)], stompBrokerRelay[null], inboundChannel[pool size = 0, active threads = 0, queued tasks = 0, completed tasks = 129], outboundChannelpool size = 0, active threads = 0, queued tasks = 0, completed tasks = 21], sockJsScheduler[pool size = 4, active threads = 1, queued tasks = 2, completed tasks = 16329]
2020-11-18 05:10:07 -WebSocketSession[1 current WS(1)-HttpStream(0)-HttpPoll(0), 11 total, 0 closed abnormally (0 connect failure, 0 send limit, 0 transport error)], stompSubProtocol[processed CONNECT(11)-CONNECTED(11)-DISCONNECT(0)], stompBrokerRelay[null], inboundChannel[pool size = 0, active threads = 0, queued tasks = 0, completed tasks = 129], outboundChannelpool size = 0, active threads = 0, queued tasks = 0, completed tasks = 21], sockJsScheduler[pool size = 4, active threads = 1, queued tasks = 2, completed tasks = 16762]
2020-11-18 05:39:33 -Validating all active sessions...
2020-11-18 05:39:33 -Finished session validation.  No sessions were stopped.
2020-11-18 05:40:07 -WebSocketSession[1 current WS(1)-HttpStream(0)-HttpPoll(0), 11 total, 0 closed abnormally (0 connect failure, 0 send limit, 0 transport error)], stompSubProtocol[processed CONNECT(11)-CONNECTED(11)-DISCONNECT(0)], stompBrokerRelay[null], inboundChannel[pool size = 0, active threads = 0, queued tasks = 0, completed tasks = 129], outboundChannelpool size = 0, active threads = 0, queued tasks = 0, completed tasks = 21], sockJsScheduler[pool size = 4, active threads = 1, queued tasks = 2, completed tasks = 17195]
2020-11-18 06:10:07 -WebSocketSession[1 current WS(1)-HttpStream(0)-HttpPoll(0), 11 total, 0 closed abnormally (0 connect failure, 0 send limit, 0 transport error)], stompSubProtocol[processed CONNECT(11)-CONNECTED(11)-DISCONNECT(0)], stompBrokerRelay[null], inboundChannel[pool size = 0, active threads = 0, queued tasks = 0, completed tasks = 129], outboundChannelpool size = 0, active threads = 0, queued tasks = 0, completed tasks = 21], sockJsScheduler[pool size = 4, active threads = 1, queued tasks = 2, completed tasks = 17628]
2020-11-18 06:39:33 -Validating all active sessions...
2020-11-18 06:39:33 -Finished session validation.  No sessions were stopped.
2020-11-18 06:40:07 -WebSocketSession[1 current WS(1)-HttpStream(0)-HttpPoll(0), 11 total, 0 closed abnormally (0 connect failure, 0 send limit, 0 transport error)], stompSubProtocol[processed CONNECT(11)-CONNECTED(11)-DISCONNECT(0)], stompBrokerRelay[null], inboundChannel[pool size = 0, active threads = 0, queued tasks = 0, completed tasks = 129], outboundChannelpool size = 0, active threads = 0, queued tasks = 0, completed tasks = 21], sockJsScheduler[pool size = 4, active threads = 1, queued tasks = 2, completed tasks = 18061]
2020-11-18 07:10:07 -WebSocketSession[1 current WS(1)-HttpStream(0)-HttpPoll(0), 11 total, 0 closed abnormally (0 connect failure, 0 send limit, 0 transport error)], stompSubProtocol[processed CONNECT(11)-CONNECTED(11)-DISCONNECT(0)], stompBrokerRelay[null], inboundChannel[pool size = 0, active threads = 0, queued tasks = 0, completed tasks = 129], outboundChannelpool size = 0, active threads = 0, queued tasks = 0, completed tasks = 21], sockJsScheduler[pool size = 4, active threads = 1, queued tasks = 2, completed tasks = 18494]
2020-11-18 07:39:33 -Validating all active sessions...
2020-11-18 07:39:33 -Finished session validation.  No sessions were stopped.
2020-11-18 07:40:07 -WebSocketSession[1 current WS(1)-HttpStream(0)-HttpPoll(0), 11 total, 0 closed abnormally (0 connect failure, 0 send limit, 0 transport error)], stompSubProtocol[processed CONNECT(11)-CONNECTED(11)-DISCONNECT(0)], stompBrokerRelay[null], inboundChannel[pool size = 0, active threads = 0, queued tasks = 0, completed tasks = 129], outboundChannelpool size = 0, active threads = 0, queued tasks = 0, completed tasks = 21], sockJsScheduler[pool size = 4, active threads = 1, queued tasks = 2, completed tasks = 18927]
2020-11-18 08:10:07 -WebSocketSession[1 current WS(1)-HttpStream(0)-HttpPoll(0), 11 total, 0 closed abnormally (0 connect failure, 0 send limit, 0 transport error)], stompSubProtocol[processed CONNECT(11)-CONNECTED(11)-DISCONNECT(0)], stompBrokerRelay[null], inboundChannel[pool size = 0, active threads = 0, queued tasks = 0, completed tasks = 129], outboundChannelpool size = 0, active threads = 0, queued tasks = 0, completed tasks = 21], sockJsScheduler[pool size = 4, active threads = 1, queued tasks = 2, completed tasks = 19360]
2020-11-18 08:39:33 -Validating all active sessions...
2020-11-18 08:39:33 -Finished session validation.  No sessions were stopped.
2020-11-18 08:40:07 -WebSocketSession[1 current WS(1)-HttpStream(0)-HttpPoll(0), 11 total, 0 closed abnormally (0 connect failure, 0 send limit, 0 transport error)], stompSubProtocol[processed CONNECT(11)-CONNECTED(11)-DISCONNECT(0)], stompBrokerRelay[null], inboundChannel[pool size = 0, active threads = 0, queued tasks = 0, completed tasks = 129], outboundChannelpool size = 0, active threads = 0, queued tasks = 0, completed tasks = 21], sockJsScheduler[pool size = 4, active threads = 1, queued tasks = 2, completed tasks = 19793]
2020-11-18 09:10:07 -WebSocketSession[1 current WS(1)-HttpStream(0)-HttpPoll(0), 11 total, 0 closed abnormally (0 connect failure, 0 send limit, 0 transport error)], stompSubProtocol[processed CONNECT(11)-CONNECTED(11)-DISCONNECT(0)], stompBrokerRelay[null], inboundChannel[pool size = 0, active threads = 0, queued tasks = 0, completed tasks = 129], outboundChannelpool size = 0, active threads = 0, queued tasks = 0, completed tasks = 21], sockJsScheduler[pool size = 4, active threads = 1, queued tasks = 2, completed tasks = 20226]
2020-11-18 09:39:34 -Validating all active sessions...
2020-11-18 09:39:34 -Finished session validation.  No sessions were stopped.
2020-11-18 09:40:07 -WebSocketSession[1 current WS(1)-HttpStream(0)-HttpPoll(0), 11 total, 0 closed abnormally (0 connect failure, 0 send limit, 0 transport error)], stompSubProtocol[processed CONNECT(11)-CONNECTED(11)-DISCONNECT(0)], stompBrokerRelay[null], inboundChannel[pool size = 0, active threads = 0, queued tasks = 0, completed tasks = 129], outboundChannelpool size = 0, active threads = 0, queued tasks = 0, completed tasks = 21], sockJsScheduler[pool size = 4, active threads = 1, queued tasks = 2, completed tasks = 20659]
2020-11-18 10:10:07 -WebSocketSession[1 current WS(1)-HttpStream(0)-HttpPoll(0), 11 total, 0 closed abnormally (0 connect failure, 0 send limit, 0 transport error)], stompSubProtocol[processed CONNECT(11)-CONNECTED(11)-DISCONNECT(0)], stompBrokerRelay[null], inboundChannel[pool size = 0, active threads = 0, queued tasks = 0, completed tasks = 129], outboundChannelpool size = 0, active threads = 0, queued tasks = 0, completed tasks = 21], sockJsScheduler[pool size = 4, active threads = 1, queued tasks = 2, completed tasks = 21092]
2020-11-18 10:30:08 -请求地址 : http://localhost:8066/login;JSESSIONID=ee05d1fe-5d0a-4b6a-8d09-9774c8b543fb
2020-11-18 10:30:08 -HTTP METHOD : GET
2020-11-18 10:30:08 -CLASS_METHOD : com.bootdo.system.controller.LoginController.login
2020-11-18 10:30:08 -参数 : []
2020-11-18 10:30:08 -耗时 : 0
2020-11-18 10:30:08 -返回值 : login
2020-11-18 10:30:08 -请求地址 : http://localhost:8066/login;JSESSIONID=ee05d1fe-5d0a-4b6a-8d09-9774c8b543fb
2020-11-18 10:30:08 -HTTP METHOD : GET
2020-11-18 10:30:08 -CLASS_METHOD : com.bootdo.system.controller.LoginController.login
2020-11-18 10:30:08 -参数 : []
2020-11-18 10:30:08 -耗时 : 0
2020-11-18 10:30:08 -返回值 : login
2020-11-18 10:30:10 -请求地址 : http://localhost:8066/login
2020-11-18 10:30:10 -HTTP METHOD : POST
2020-11-18 10:30:10 -CLASS_METHOD : com.bootdo.system.controller.LoginController.ajaxLogin
2020-11-18 10:30:10 -参数 : [admin, 111111]
2020-11-18 10:30:10 -==>  Preparing: select `user_id`,`username`,`name`,`password`,`dept_id`,`email`,`mobile`,`status`,`user_id_create`,`gmt_create`,`gmt_modified`,`sex`,`birth`,`pic_id`,`live_address`,`hobby`,`province`,`city`,`district` from sys_user WHERE username = ? order by user_id desc 
2020-11-18 10:30:10 -==> Parameters: admin(String)
2020-11-18 10:30:10 -<==      Total: 1
2020-11-18 10:30:10 -耗时 : 9
2020-11-18 10:30:10 -返回值 : {msg=操作成功, code=0}
2020-11-18 10:30:10 -==>  Preparing: insert into sys_log ( `user_id`, `username`, `operation`, `time`, `method`, `params`, `ip`, `gmt_create` ) values ( ?, ?, ?, ?, ?, ?, ?, ? ) 
2020-11-18 10:30:10 -==> Parameters: 1(Long), admin(String), 登录(String), 9(Integer), com.bootdo.system.controller.LoginController.ajaxLogin()(String), null, 127.0.0.1(String), 2020-11-18 10:30:10.158(Timestamp)
2020-11-18 10:30:10 -请求地址 : http://localhost:8066/index
2020-11-18 10:30:10 -HTTP METHOD : GET
2020-11-18 10:30:10 -CLASS_METHOD : com.bootdo.system.controller.LoginController.index
2020-11-18 10:30:10 -参数 : [{}]
2020-11-18 10:30:10 -==>  Preparing: select distinct m.menu_id , parent_id, name, url, perms,`type`,icon,order_num,gmt_create, gmt_modified from sys_menu m left join sys_role_menu rm on m.menu_id = rm.menu_id left join sys_user_role ur on rm.role_id =ur.role_id where ur.user_id = ? and m.type in(0,1) order by m.order_num 
2020-11-18 10:30:10 -==> Parameters: 1(Long)
2020-11-18 10:30:10 -<==    Updates: 1
2020-11-18 10:30:10 -<==      Total: 27
2020-11-18 10:30:10 -==>  Preparing: select `id`,`type`,`url`,`create_date` from sys_file where id = ? 
2020-11-18 10:30:10 -==> Parameters: 147(Long)
2020-11-18 10:30:10 -<==      Total: 1
2020-11-18 10:30:10 -耗时 : 37
2020-11-18 10:30:10 -返回值 : index_v1
2020-11-18 10:30:10 -==>  Preparing: insert into sys_log ( `user_id`, `username`, `operation`, `time`, `method`, `params`, `ip`, `gmt_create` ) values ( ?, ?, ?, ?, ?, ?, ?, ? ) 
2020-11-18 10:30:10 -==> Parameters: 1(Long), admin(String), 请求访问主页(String), 37(Integer), com.bootdo.system.controller.LoginController.index()(String), null, 127.0.0.1(String), 2020-11-18 10:30:10.208(Timestamp)
2020-11-18 10:30:10 -<==    Updates: 1
2020-11-18 10:30:10 -请求地址 : http://localhost:8066/main
2020-11-18 10:30:10 -HTTP METHOD : GET
2020-11-18 10:30:10 -CLASS_METHOD : com.bootdo.system.controller.LoginController.main
2020-11-18 10:30:10 -参数 : []
2020-11-18 10:30:10 -耗时 : 0
2020-11-18 10:30:10 -返回值 : main
2020-11-18 10:30:10 -请求地址 : http://localhost:8066/oa/notify/message
2020-11-18 10:30:10 -HTTP METHOD : GET
2020-11-18 10:30:10 -CLASS_METHOD : com.bootdo.oa.controller.NotifyController.message
2020-11-18 10:30:10 -参数 : []
2020-11-18 10:30:10 -==>  Preparing: select DISTINCT n.id ,`type`,`title`,`content`,`files`,r.is_read,`status`,`create_by`,`create_date`,`update_by`,`update_date`,`remarks`,`del_flag` from oa_notify_record r right JOIN oa_notify n on r.notify_id = n.id WHERE r.is_read = ? and r.user_id = ? order by is_read ASC, update_date DESC limit ?, ? 
2020-11-18 10:30:10 -==> Parameters: 0(String), 1(Long), 0(Integer), 3(Integer)
2020-11-18 10:30:10 -<==      Total: 0
2020-11-18 10:30:10 -==>  Preparing: select count(*) from oa_notify_record r right JOIN oa_notify n on r.notify_id = n.id where r.user_id =? and r.is_read = ? 
2020-11-18 10:30:10 -==> Parameters: 1(Long), 0(String)
2020-11-18 10:30:10 -<==      Total: 1
2020-11-18 10:30:10 -耗时 : 14
2020-11-18 10:30:10 -返回值 : com.bootdo.common.utils.PageUtils@45169e8c
2020-11-18 10:30:10 -请求地址 : http://localhost:8066/main
2020-11-18 10:30:10 -HTTP METHOD : GET
2020-11-18 10:30:10 -CLASS_METHOD : com.bootdo.system.controller.LoginController.main
2020-11-18 10:30:10 -参数 : []
2020-11-18 10:30:10 -耗时 : 0
2020-11-18 10:30:10 -返回值 : main
2020-11-18 10:30:12 -请求地址 : http://localhost:8066/common/generator
2020-11-18 10:30:12 -HTTP METHOD : GET
2020-11-18 10:30:12 -CLASS_METHOD : com.bootdo.common.controller.GeneratorController.generator
2020-11-18 10:30:12 -参数 : []
2020-11-18 10:30:12 -耗时 : 1
2020-11-18 10:30:12 -返回值 : common/generator/list
2020-11-18 10:30:12 -请求地址 : http://localhost:8066/common/generator/list
2020-11-18 10:30:12 -HTTP METHOD : GET
2020-11-18 10:30:12 -CLASS_METHOD : com.bootdo.common.controller.GeneratorController.list
2020-11-18 10:30:12 -参数 : []
2020-11-18 10:30:12 -==>  Preparing: select table_name tableName, engine, table_comment tableComment, create_time createTime from information_schema.tables where table_schema = (select database()) 
2020-11-18 10:30:12 -==> Parameters: 
2020-11-18 10:30:12 -<==      Total: 40
2020-11-18 10:30:12 -耗时 : 62
2020-11-18 10:30:12 -返回值 : [{engine=InnoDB, createTime=2020-06-01 14:09:18.0, tableComment=, tableName=act_evt_log}, {engine=InnoDB, createTime=2020-06-01 14:09:17.0, tableComment=, tableName=act_ge_bytearray}, {engine=InnoDB, createTime=2020-06-01 14:09:17.0, tableComment=, tableName=act_ge_property}, {engine=InnoDB, createTime=2020-06-01 14:09:20.0, tableComment=, tableName=act_hi_actinst}, {engine=InnoDB, createTime=2020-06-01 14:09:20.0, tableComment=, tableName=act_hi_attachment}, {engine=InnoDB, createTime=2020-06-01 14:09:20.0, tableComment=, tableName=act_hi_comment}, {engine=InnoDB, createTime=2020-06-01 14:09:20.0, tableComment=, tableName=act_hi_detail}, {engine=InnoDB, createTime=2020-06-01 14:09:20.0, tableComment=, tableName=act_hi_identitylink}, {engine=InnoDB, createTime=2020-06-01 14:09:20.0, tableComment=, tableName=act_hi_procinst}, {engine=InnoDB, createTime=2020-06-01 14:09:20.0, tableComment=, tableName=act_hi_taskinst}, {engine=InnoDB, createTime=2020-06-01 14:09:20.0, tableComment=, tableName=act_hi_varinst}, {engine=InnoDB, createTime=2020-06-01 14:09:21.0, tableComment=, tableName=act_id_group}, {engine=InnoDB, createTime=2020-06-01 14:09:21.0, tableComment=, tableName=act_id_info}, {engine=InnoDB, createTime=2020-06-01 14:09:21.0, tableComment=, tableName=act_id_membership}, {engine=InnoDB, createTime=2020-06-01 14:09:21.0, tableComment=, tableName=act_id_user}, {engine=InnoDB, createTime=2020-06-01 14:09:18.0, tableComment=, tableName=act_procdef_info}, {engine=InnoDB, createTime=2020-06-01 14:09:18.0, tableComment=, tableName=act_re_deployment}, {engine=InnoDB, createTime=2020-06-01 14:09:18.0, tableComment=, tableName=act_re_model}, {engine=InnoDB, createTime=2020-06-01 14:09:18.0, tableComment=, tableName=act_re_procdef}, {engine=InnoDB, createTime=2020-06-01 14:09:18.0, tableComment=, tableName=act_ru_event_subscr}, {engine=InnoDB, createTime=2020-06-01 14:09:18.0, tableComment=, tableName=act_ru_execution}, {engine=InnoDB, createTime=2020-06-01 14:09:18.0, tableComment=, tableName=act_ru_identitylink}, {engine=InnoDB, createTime=2020-06-01 14:09:18.0, tableComment=, tableName=act_ru_job}, {engine=InnoDB, createTime=2020-06-01 14:09:18.0, tableComment=, tableName=act_ru_task}, {engine=InnoDB, createTime=2020-06-01 14:09:18.0, tableComment=, tableName=act_ru_variable}, {engine=InnoDB, createTime=2020-06-01 14:07:07.0, tableComment=文章内容, tableName=blog_content}, {engine=InnoDB, createTime=2020-06-01 14:07:08.0, tableComment=通知通告, tableName=oa_notify}, {engine=InnoDB, createTime=2020-06-01 14:07:08.0, tableComment=通知通告发送记录, tableName=oa_notify_record}, {engine=InnoDB, createTime=2020-06-01 14:07:08.0, tableComment=审批流程测试表, tableName=salary}, {engine=InnoDB, createTime=2020-06-01 14:07:08.0, tableComment=部门管理, tableName=sys_dept}, {engine=InnoDB, createTime=2020-06-01 14:07:08.0, tableComment=字典表, tableName=sys_dict}, {engine=InnoDB, createTime=2020-06-01 14:07:10.0, tableComment=文件上传, tableName=sys_file}, {engine=InnoDB, createTime=2020-06-01 14:07:10.0, tableComment=系统日志, tableName=sys_log}, {engine=InnoDB, createTime=2020-06-01 14:07:15.0, tableComment=菜单管理, tableName=sys_menu}, {engine=InnoDB, createTime=2020-06-01 14:07:16.0, tableComment=角色, tableName=sys_role}, {engine=InnoDB, createTime=2020-06-01 14:07:16.0, tableComment=角色与菜单对应关系, tableName=sys_role_menu}, {engine=MyISAM, createTime=2020-06-01 14:07:19.0, tableComment=, tableName=sys_task}, {engine=InnoDB, createTime=2020-06-01 14:07:19.0, tableComment=, tableName=sys_user}, {engine=InnoDB, createTime=2020-06-01 14:07:19.0, tableComment=, tableName=sys_user_plus}, {engine=InnoDB, createTime=2020-06-01 14:07:19.0, tableComment=用户与角色对应关系, tableName=sys_user_role}]
2020-11-18 10:30:15 -请求地址 : http://localhost:8066/sys/user/personal
2020-11-18 10:30:15 -HTTP METHOD : GET
2020-11-18 10:30:15 -CLASS_METHOD : com.bootdo.system.controller.UserController.personal
2020-11-18 10:30:15 -参数 : [{}]
2020-11-18 10:30:15 -==>  Preparing: select role_id from sys_user_role where user_id=? 
2020-11-18 10:30:15 -==> Parameters: 1(Long)
2020-11-18 10:30:15 -<==      Total: 1
2020-11-18 10:30:15 -==>  Preparing: select `user_id`,`username`,`name`,`password`,`dept_id`,`email`,`mobile`,`status`,`user_id_create`,`gmt_create`,`gmt_modified`,`sex`,`birth`,`pic_id`,`live_address`,`hobby`,`province`,`city`,`district` from sys_user where user_id = ? 
2020-11-18 10:30:15 -==> Parameters: 1(Long)
2020-11-18 10:30:15 -<==      Total: 1
2020-11-18 10:30:15 -==>  Preparing: select `dept_id`,`parent_id`,`name`,`order_num`,`del_flag` from sys_dept where dept_id = ? 
2020-11-18 10:30:15 -==> Parameters: 6(Long)
2020-11-18 10:30:15 -<==      Total: 1
2020-11-18 10:30:15 -==>  Preparing: select `id`,`name`,`value`,`type`,`description`,`sort`,`parent_id`,`create_by`,`create_date`,`update_by`,`update_date`,`remarks`,`del_flag` from sys_dict WHERE type = ? order by id desc 
2020-11-18 10:30:15 -==> Parameters: hobby(String)
2020-11-18 10:30:15 -<==      Total: 2
2020-11-18 10:30:15 -==>  Preparing: select `id`,`name`,`value`,`type`,`description`,`sort`,`parent_id`,`create_by`,`create_date`,`update_by`,`update_date`,`remarks`,`del_flag` from sys_dict WHERE type = ? order by id desc 
2020-11-18 10:30:15 -==> Parameters: sex(String)
2020-11-18 10:30:15 -<==      Total: 2
2020-11-18 10:30:15 -耗时 : 17
2020-11-18 10:30:15 -返回值 : system/user/personal
2020-11-18 10:31:45 -请求地址 : http://localhost:8066/sys/user/uploadImg
2020-11-18 10:31:45 -HTTP METHOD : POST
2020-11-18 10:31:45 -CLASS_METHOD : com.bootdo.system.controller.UserController.uploadImg
2020-11-18 10:31:45 -参数 : [org.springframework.web.multipart.support.StandardMultipartHttpServletRequest$StandardMultipartFile@4411f862, {"x":608.6774512192401,"y":712.5717240000112,"height":864.0000000000007,"width":864.0000000000007,"rotate":255}, org.springframework.web.multipart.support.StandardMultipartHttpServletRequest@1143401d]
2020-11-18 10:31:46 -==>  Preparing: insert into sys_file ( `type`, `url`, `create_date` ) values ( ?, ?, ? ) 
2020-11-18 10:31:46 -==> Parameters: 0(Integer), /files/4c2d4907-bbe6-452d-9c1c-2da234e2be1b.jpg(String), 2020-11-18 10:31:45.889(Timestamp)
2020-11-18 10:31:46 -<==    Updates: 1
2020-11-18 10:31:46 -==>  Preparing: update sys_user SET `pic_id` = ? where user_id = ? 
2020-11-18 10:31:46 -==> Parameters: 148(Long), 1(Long)
2020-11-18 10:31:46 -<==    Updates: 1
2020-11-18 10:31:46 -耗时 : 500
2020-11-18 10:31:46 -返回值 : {msg=操作成功, code=0, url=/files/4c2d4907-bbe6-452d-9c1c-2da234e2be1b.jpg}
2020-11-18 10:32:57 -请求地址 : http://localhost:8066/sys/user/uploadImg
2020-11-18 10:32:57 -HTTP METHOD : POST
2020-11-18 10:32:57 -CLASS_METHOD : com.bootdo.system.controller.UserController.uploadImg
2020-11-18 10:32:57 -参数 : [org.springframework.web.multipart.support.StandardMultipartHttpServletRequest$StandardMultipartFile@160a1f1a, {"x":9.418285518690848,"y":100.0314552831407,"height":271.1397871055908,"width":271.1397871055908,"rotate":0}, org.springframework.web.multipart.support.StandardMultipartHttpServletRequest@2c087e7e]
2020-11-18 10:32:57 -==>  Preparing: insert into sys_file ( `type`, `url`, `create_date` ) values ( ?, ?, ? ) 
2020-11-18 10:32:57 -==> Parameters: 0(Integer), /files/1639845e-a95e-41d4-87be-7db15ddc757a.PNG(String), 2020-11-18 10:32:57.094(Timestamp)
2020-11-18 10:32:57 -<==    Updates: 1
2020-11-18 10:32:57 -==>  Preparing: update sys_user SET `pic_id` = ? where user_id = ? 
2020-11-18 10:32:57 -==> Parameters: 149(Long), 1(Long)
2020-11-18 10:32:57 -<==    Updates: 1
2020-11-18 10:32:57 -耗时 : 103
2020-11-18 10:32:57 -返回值 : {msg=操作成功, code=0, url=/files/1639845e-a95e-41d4-87be-7db15ddc757a.PNG}
2020-11-18 10:33:05 -请求地址 : http://localhost:8066/
2020-11-18 10:33:05 -HTTP METHOD : GET
2020-11-18 10:33:05 -CLASS_METHOD : com.bootdo.system.controller.LoginController.welcome
2020-11-18 10:33:05 -参数 : [{}]
2020-11-18 10:33:05 -耗时 : 0
2020-11-18 10:33:05 -返回值 : login
2020-11-18 10:33:07 -请求地址 : http://localhost:8066/login
2020-11-18 10:33:07 -HTTP METHOD : POST
2020-11-18 10:33:07 -CLASS_METHOD : com.bootdo.system.controller.LoginController.ajaxLogin
2020-11-18 10:33:07 -参数 : [admin, 111111]
2020-11-18 10:33:07 -==>  Preparing: select `user_id`,`username`,`name`,`password`,`dept_id`,`email`,`mobile`,`status`,`user_id_create`,`gmt_create`,`gmt_modified`,`sex`,`birth`,`pic_id`,`live_address`,`hobby`,`province`,`city`,`district` from sys_user WHERE username = ? order by user_id desc 
2020-11-18 10:33:07 -==> Parameters: admin(String)
2020-11-18 10:33:07 -<==      Total: 1
2020-11-18 10:33:07 -耗时 : 3
2020-11-18 10:33:07 -返回值 : {msg=操作成功, code=0}
2020-11-18 10:33:07 -==>  Preparing: insert into sys_log ( `user_id`, `username`, `operation`, `time`, `method`, `params`, `ip`, `gmt_create` ) values ( ?, ?, ?, ?, ?, ?, ?, ? ) 
2020-11-18 10:33:07 -==> Parameters: 1(Long), admin(String), 登录(String), 4(Integer), com.bootdo.system.controller.LoginController.ajaxLogin()(String), null, 127.0.0.1(String), 2020-11-18 10:33:07.152(Timestamp)
2020-11-18 10:33:07 -请求地址 : http://localhost:8066/index
2020-11-18 10:33:07 -HTTP METHOD : GET
2020-11-18 10:33:07 -CLASS_METHOD : com.bootdo.system.controller.LoginController.index
2020-11-18 10:33:07 -参数 : [{}]
2020-11-18 10:33:07 -==>  Preparing: select distinct m.menu_id , parent_id, name, url, perms,`type`,icon,order_num,gmt_create, gmt_modified from sys_menu m left join sys_role_menu rm on m.menu_id = rm.menu_id left join sys_user_role ur on rm.role_id =ur.role_id where ur.user_id = ? and m.type in(0,1) order by m.order_num 
2020-11-18 10:33:07 -==> Parameters: 1(Long)
2020-11-18 10:33:07 -<==      Total: 27
2020-11-18 10:33:07 -==>  Preparing: select `id`,`type`,`url`,`create_date` from sys_file where id = ? 
2020-11-18 10:33:07 -==> Parameters: 149(Long)
2020-11-18 10:33:07 -<==      Total: 1
2020-11-18 10:33:07 -耗时 : 8
2020-11-18 10:33:07 -返回值 : index_v1
2020-11-18 10:33:07 -==>  Preparing: insert into sys_log ( `user_id`, `username`, `operation`, `time`, `method`, `params`, `ip`, `gmt_create` ) values ( ?, ?, ?, ?, ?, ?, ?, ? ) 
2020-11-18 10:33:07 -==> Parameters: 1(Long), admin(String), 请求访问主页(String), 8(Integer), com.bootdo.system.controller.LoginController.index()(String), null, 127.0.0.1(String), 2020-11-18 10:33:07.176(Timestamp)
2020-11-18 10:33:07 -<==    Updates: 1
2020-11-18 10:33:07 -<==    Updates: 1
2020-11-18 10:33:07 -请求地址 : http://localhost:8066/main
2020-11-18 10:33:07 -HTTP METHOD : GET
2020-11-18 10:33:07 -CLASS_METHOD : com.bootdo.system.controller.LoginController.main
2020-11-18 10:33:07 -参数 : []
2020-11-18 10:33:07 -耗时 : 1
2020-11-18 10:33:07 -返回值 : main
2020-11-18 10:33:07 -请求地址 : http://localhost:8066/oa/notify/message
2020-11-18 10:33:07 -HTTP METHOD : GET
2020-11-18 10:33:07 -CLASS_METHOD : com.bootdo.oa.controller.NotifyController.message
2020-11-18 10:33:07 -参数 : []
2020-11-18 10:33:07 -==>  Preparing: select DISTINCT n.id ,`type`,`title`,`content`,`files`,r.is_read,`status`,`create_by`,`create_date`,`update_by`,`update_date`,`remarks`,`del_flag` from oa_notify_record r right JOIN oa_notify n on r.notify_id = n.id WHERE r.is_read = ? and r.user_id = ? order by is_read ASC, update_date DESC limit ?, ? 
2020-11-18 10:33:07 -==> Parameters: 0(String), 1(Long), 0(Integer), 3(Integer)
2020-11-18 10:33:07 -<==      Total: 0
2020-11-18 10:33:07 -==>  Preparing: select count(*) from oa_notify_record r right JOIN oa_notify n on r.notify_id = n.id where r.user_id =? and r.is_read = ? 
2020-11-18 10:33:07 -==> Parameters: 1(Long), 0(String)
2020-11-18 10:33:07 -<==      Total: 1
2020-11-18 10:33:07 -耗时 : 4
2020-11-18 10:33:07 -返回值 : com.bootdo.common.utils.PageUtils@5667b749
2020-11-18 10:33:07 -请求地址 : http://localhost:8066/main
2020-11-18 10:33:07 -HTTP METHOD : GET
2020-11-18 10:33:07 -CLASS_METHOD : com.bootdo.system.controller.LoginController.main
2020-11-18 10:33:07 -参数 : []
2020-11-18 10:33:07 -耗时 : 0
2020-11-18 10:33:07 -返回值 : main
2020-11-18 10:39:34 -Validating all active sessions...
2020-11-18 10:39:34 -Finished session validation.  No sessions were stopped.
2020-11-18 10:40:07 -WebSocketSession[0 current WS(0)-HttpStream(0)-HttpPoll(0), 13 total, 0 closed abnormally (0 connect failure, 0 send limit, 0 transport error)], stompSubProtocol[processed CONNECT(13)-CONNECTED(13)-DISCONNECT(0)], stompBrokerRelay[null], inboundChannel[pool size = 0, active threads = 0, queued tasks = 0, completed tasks = 156], outboundChannelpool size = 0, active threads = 0, queued tasks = 0, completed tasks = 26], sockJsScheduler[pool size = 4, active threads = 1, queued tasks = 1, completed tasks = 21509]
2020-11-18 10:41:57 -请求地址 : http://localhost:8066/login;JSESSIONID=50505f08-6b1a-40d9-8f1a-cd79f995ad41
2020-11-18 10:41:57 -HTTP METHOD : GET
2020-11-18 10:41:57 -CLASS_METHOD : com.bootdo.system.controller.LoginController.login
2020-11-18 10:41:57 -参数 : []
2020-11-18 10:41:57 -耗时 : 0
2020-11-18 10:41:57 -返回值 : login
2020-11-18 10:41:59 -请求地址 : http://localhost:8066/login
2020-11-18 10:41:59 -HTTP METHOD : POST
2020-11-18 10:41:59 -CLASS_METHOD : com.bootdo.system.controller.LoginController.ajaxLogin
2020-11-18 10:41:59 -参数 : [admin, 111111]
2020-11-18 10:41:59 -==>  Preparing: select `user_id`,`username`,`name`,`password`,`dept_id`,`email`,`mobile`,`status`,`user_id_create`,`gmt_create`,`gmt_modified`,`sex`,`birth`,`pic_id`,`live_address`,`hobby`,`province`,`city`,`district` from sys_user WHERE username = ? order by user_id desc 
2020-11-18 10:41:59 -==> Parameters: admin(String)
2020-11-18 10:41:59 -<==      Total: 1
2020-11-18 10:41:59 -耗时 : 3
2020-11-18 10:41:59 -返回值 : {msg=操作成功, code=0}
2020-11-18 10:41:59 -==>  Preparing: insert into sys_log ( `user_id`, `username`, `operation`, `time`, `method`, `params`, `ip`, `gmt_create` ) values ( ?, ?, ?, ?, ?, ?, ?, ? ) 
2020-11-18 10:41:59 -==> Parameters: 1(Long), admin(String), 登录(String), 3(Integer), com.bootdo.system.controller.LoginController.ajaxLogin()(String), null, 127.0.0.1(String), 2020-11-18 10:41:59.046(Timestamp)
2020-11-18 10:41:59 -请求地址 : http://localhost:8066/index
2020-11-18 10:41:59 -HTTP METHOD : GET
2020-11-18 10:41:59 -CLASS_METHOD : com.bootdo.system.controller.LoginController.index
2020-11-18 10:41:59 -参数 : [{}]
2020-11-18 10:41:59 -==>  Preparing: select distinct m.menu_id , parent_id, name, url, perms,`type`,icon,order_num,gmt_create, gmt_modified from sys_menu m left join sys_role_menu rm on m.menu_id = rm.menu_id left join sys_user_role ur on rm.role_id =ur.role_id where ur.user_id = ? and m.type in(0,1) order by m.order_num 
2020-11-18 10:41:59 -==> Parameters: 1(Long)
2020-11-18 10:41:59 -<==      Total: 27
2020-11-18 10:41:59 -==>  Preparing: select `id`,`type`,`url`,`create_date` from sys_file where id = ? 
2020-11-18 10:41:59 -==> Parameters: 149(Long)
2020-11-18 10:41:59 -<==      Total: 1
2020-11-18 10:41:59 -耗时 : 7
2020-11-18 10:41:59 -返回值 : index_v1
2020-11-18 10:41:59 -==>  Preparing: insert into sys_log ( `user_id`, `username`, `operation`, `time`, `method`, `params`, `ip`, `gmt_create` ) values ( ?, ?, ?, ?, ?, ?, ?, ? ) 
2020-11-18 10:41:59 -==> Parameters: 1(Long), admin(String), 请求访问主页(String), 7(Integer), com.bootdo.system.controller.LoginController.index()(String), null, 127.0.0.1(String), 2020-11-18 10:41:59.066(Timestamp)
2020-11-18 10:41:59 -<==    Updates: 1
2020-11-18 10:41:59 -<==    Updates: 1
2020-11-18 10:41:59 -请求地址 : http://localhost:8066/main
2020-11-18 10:41:59 -HTTP METHOD : GET
2020-11-18 10:41:59 -CLASS_METHOD : com.bootdo.system.controller.LoginController.main
2020-11-18 10:41:59 -参数 : []
2020-11-18 10:41:59 -耗时 : 0
2020-11-18 10:41:59 -返回值 : main
2020-11-18 10:41:59 -请求地址 : http://localhost:8066/oa/notify/message
2020-11-18 10:41:59 -HTTP METHOD : GET
2020-11-18 10:41:59 -CLASS_METHOD : com.bootdo.oa.controller.NotifyController.message
2020-11-18 10:41:59 -参数 : []
2020-11-18 10:41:59 -==>  Preparing: select DISTINCT n.id ,`type`,`title`,`content`,`files`,r.is_read,`status`,`create_by`,`create_date`,`update_by`,`update_date`,`remarks`,`del_flag` from oa_notify_record r right JOIN oa_notify n on r.notify_id = n.id WHERE r.is_read = ? and r.user_id = ? order by is_read ASC, update_date DESC limit ?, ? 
2020-11-18 10:41:59 -==> Parameters: 0(String), 1(Long), 0(Integer), 3(Integer)
2020-11-18 10:41:59 -<==      Total: 0
2020-11-18 10:41:59 -==>  Preparing: select count(*) from oa_notify_record r right JOIN oa_notify n on r.notify_id = n.id where r.user_id =? and r.is_read = ? 
2020-11-18 10:41:59 -==> Parameters: 1(Long), 0(String)
2020-11-18 10:41:59 -<==      Total: 1
2020-11-18 10:41:59 -耗时 : 4
2020-11-18 10:41:59 -返回值 : com.bootdo.common.utils.PageUtils@621b7847
2020-11-18 10:41:59 -请求地址 : http://localhost:8066/main
2020-11-18 10:41:59 -HTTP METHOD : GET
2020-11-18 10:41:59 -CLASS_METHOD : com.bootdo.system.controller.LoginController.main
2020-11-18 10:41:59 -参数 : []
2020-11-18 10:41:59 -耗时 : 0
2020-11-18 10:41:59 -返回值 : main
2020-11-18 10:42:01 -==>  Preparing: select distinct m.perms from sys_menu m left join sys_role_menu rm on m.menu_id = rm.menu_id left join sys_user_role ur on rm.role_id = ur.role_id where ur.user_id = ? 
2020-11-18 10:42:01 -==> Parameters: 1(Long)
2020-11-18 10:42:01 -<==      Total: 47
2020-11-18 10:42:01 -请求地址 : http://localhost:8066/sys/user/
2020-11-18 10:42:01 -HTTP METHOD : GET
2020-11-18 10:42:01 -CLASS_METHOD : com.bootdo.system.controller.UserController.user
2020-11-18 10:42:01 -参数 : [{}]
2020-11-18 10:42:01 -耗时 : 0
2020-11-18 10:42:01 -返回值 : system/user/user
2020-11-18 10:42:01 -请求地址 : http://localhost:8066/system/sysDept/tree
2020-11-18 10:42:01 -HTTP METHOD : GET
2020-11-18 10:42:01 -CLASS_METHOD : com.bootdo.system.controller.DeptController.tree
2020-11-18 10:42:01 -参数 : []
2020-11-18 10:42:01 -==>  Preparing: select `dept_id`,`parent_id`,`name`,`order_num`,`del_flag` from sys_dept order by dept_id desc 
2020-11-18 10:42:01 -==> Parameters: 
2020-11-18 10:42:01 -<==      Total: 10
2020-11-18 10:42:01 -耗时 : 2
2020-11-18 10:42:01 -返回值 : {"checked":true,"children":[{"checked":false,"children":[{"checked":false,"children":[],"hasChildren":false,"hasParent":true,"id":"15","parentId":"13","state":{"opened":true},"text":"测试二部"},{"checked":false,"children":[],"hasChildren":false,"hasParent":true,"id":"14","parentId":"13","state":{"opened":true},"text":"测试一部"}],"hasChildren":true,"hasParent":false,"id":"13","parentId":"0","state":{"opened":true},"text":"测试部"},{"checked":false,"children":[{"checked":false,"children":[],"hasChildren":false,"hasParent":true,"id":"12","parentId":"11","state":{"opened":true},"text":"产品一部"}],"hasChildren":true,"hasParent":false,"id":"11","parentId":"0","state":{"opened":true},"text":"产品部"},{"checked":false,"children":[{"checked":false,"children":[],"hasChildren":false,"hasParent":true,"id":"10","parentId":"9","state":{"opened":true},"text":"销售一部"}],"hasChildren":true,"hasParent":false,"id":"9","parentId":"0","state":{"opened":true},"text":"销售部"},{"checked":false,"children":[{"checked":false,"children":[],"hasChildren":false,"hasParent":true,"id":"8","parentId":"6","state":{"opened":true},"text":"研发二部"},{"checked":false,"children":[],"hasChildren":false,"hasParent":true,"id":"7","parentId":"6","state":{"opened":true},"text":"研發一部"}],"hasChildren":true,"hasParent":false,"id":"6","parentId":"0","state":{"opened":true},"text":"研发部"}],"hasChildren":true,"hasParent":false,"id":"-1","parentId":"","state":{"opened":true},"text":"顶级节点"}
2020-11-18 10:42:01 -请求地址 : http://localhost:8066/sys/user/list
2020-11-18 10:42:01 -HTTP METHOD : GET
2020-11-18 10:42:01 -CLASS_METHOD : com.bootdo.system.controller.UserController.list
2020-11-18 10:42:01 -参数 : [{limit=10, offset=0, name=, deptId=}]
2020-11-18 10:42:01 -==>  Preparing: select `user_id`,`username`,`name`,`password`,`dept_id`,`email`,`mobile`,`status`,`user_id_create`,`gmt_create`,`gmt_modified`,`sex`,`birth`,`pic_id`,`live_address`,`hobby`,`province`,`city`,`district` from sys_user order by user_id desc limit ?, ? 
2020-11-18 10:42:01 -==> Parameters: 0(Integer), 10(Integer)
2020-11-18 10:42:01 -<==      Total: 10
2020-11-18 10:42:01 -==>  Preparing: select count(*) from sys_user 
2020-11-18 10:42:01 -==> Parameters: 
2020-11-18 10:42:01 -<==      Total: 1
2020-11-18 10:42:01 -耗时 : 4
2020-11-18 10:42:01 -返回值 : com.bootdo.common.utils.PageUtils@1641780a
2020-11-18 10:42:03 -请求地址 : http://localhost:8066/sys/role
2020-11-18 10:42:03 -HTTP METHOD : GET
2020-11-18 10:42:03 -CLASS_METHOD : com.bootdo.system.controller.RoleController.role
2020-11-18 10:42:03 -参数 : []
2020-11-18 10:42:03 -耗时 : 0
2020-11-18 10:42:03 -返回值 : system/role/role
2020-11-18 10:42:03 -请求地址 : http://localhost:8066/sys/role/list
2020-11-18 10:42:03 -HTTP METHOD : GET
2020-11-18 10:42:03 -CLASS_METHOD : com.bootdo.system.controller.RoleController.list
2020-11-18 10:42:03 -参数 : []
2020-11-18 10:42:03 -==>  Preparing: select `role_id`,`role_name`,`role_sign`,`remark`,`user_id_create`,`gmt_create`,`gmt_modified` from sys_role order by role_id desc 
2020-11-18 10:42:03 -==> Parameters: 
2020-11-18 10:42:03 -<==      Total: 1
2020-11-18 10:42:03 -耗时 : 2
2020-11-18 10:42:03 -返回值 : [RoleDO{roleId=1, roleName='超级用户角色', roleSign='admin', remark='拥有最高权限', userIdCreate=2, gmtCreate=2017-08-12 00:43:52.0, gmtModified=2017-08-12 19:14:59.0, menuIds=null}]
2020-11-18 10:42:05 -请求地址 : http://localhost:8066/sys/menu/
2020-11-18 10:42:05 -HTTP METHOD : GET
2020-11-18 10:42:05 -CLASS_METHOD : com.bootdo.system.controller.MenuController.menu
2020-11-18 10:42:05 -参数 : [{}]
2020-11-18 10:42:05 -耗时 : 0
2020-11-18 10:42:05 -返回值 : system/menu/menu
2020-11-18 10:42:05 -请求地址 : http://localhost:8066/sys/menu/list
2020-11-18 10:42:05 -HTTP METHOD : GET
2020-11-18 10:42:05 -CLASS_METHOD : com.bootdo.system.controller.MenuController.list
2020-11-18 10:42:05 -参数 : [{sort=order_num}]
2020-11-18 10:42:05 -==>  Preparing: select `menu_id`,`parent_id`,`name`,`url`,`perms`,`type`,`icon`,`order_num`,`gmt_create`,`gmt_modified` from sys_menu order by order_num 
2020-11-18 10:42:05 -==> Parameters: 
2020-11-18 10:42:05 -<==      Total: 61
2020-11-18 10:42:05 -耗时 : 5
2020-11-18 10:42:05 -返回值 : [MenuDO{menuId=51, parentId=50, name='新增', url='', perms='blog:bContent:add', type=2, icon='', orderNum=null, gmtCreate=null, gmtModified=null}, MenuDO{menuId=55, parentId=7, name='编辑', url='', perms='sys:role:edit', type=2, icon='', orderNum=null, gmtCreate=null, gmtModified=null}, MenuDO{menuId=56, parentId=7, name='删除', url='', perms='sys:role:remove', type=2, icon='null', orderNum=null, gmtCreate=null, gmtModified=null}, MenuDO{menuId=58, parentId=50, name='编辑', url='', perms='blog:bContent:edit', type=2, icon='null', orderNum=null, gmtCreate=null, gmtModified=null}, MenuDO{menuId=59, parentId=50, name='删除', url='', perms='blog:bContent:remove', type=2, icon='null', orderNum=null, gmtCreate=null, gmtModified=null}, MenuDO{menuId=60, parentId=50, name='批量删除', url='', perms='blog:bContent:batchRemove', type=2, icon='null', orderNum=null, gmtCreate=null, gmtModified=null}, MenuDO{menuId=61, parentId=2, name='批量删除', url='', perms='sys:menu:batchRemove', type=2, icon='null', orderNum=null, gmtCreate=null, gmtModified=null}, MenuDO{menuId=62, parentId=7, name='批量删除', url='', perms='sys:role:batchRemove', type=2, icon='null', orderNum=null, gmtCreate=null, gmtModified=null}, MenuDO{menuId=85, parentId=84, name='通知公告', url='oa/notify', perms='oa:notify:notify', type=1, icon='fa fa-pencil-square', orderNum=null, gmtCreate=null, gmtModified=null}, MenuDO{menuId=88, parentId=85, name='删除', url='oa/notify/remove', perms='oa:notify:remove', type=2, icon='fa fa-minus', orderNum=null, gmtCreate=null, gmtModified=null}, MenuDO{menuId=89, parentId=85, name='批量删除', url='oa/notify/batchRemove', perms='oa:notify:batchRemove', type=2, icon='', orderNum=null, gmtCreate=null, gmtModified=null}, MenuDO{menuId=90, parentId=84, name='我的通知', url='oa/notify/selfNotify', perms='', type=1, icon='fa fa-envelope-square', orderNum=null, gmtCreate=null, gmtModified=null}, MenuDO{menuId=92, parentId=91, name='在线用户', url='sys/online', perms='', type=1, icon='fa fa-user', orderNum=null, gmtCreate=null, gmtModified=null}, MenuDO{menuId=94, parentId=93, name='模型管理', url='activiti/model', perms='', type=1, icon='fa fa-sort-amount-as', orderNum=null, gmtCreate=null, gmtModified=null}, MenuDO{menuId=95, parentId=94, name='全部权限', url='', perms='activiti:model', type=2, icon='', orderNum=null, gmtCreate=null, gmtModified=null}, MenuDO{menuId=96, parentId=93, name='流程管理', url='activiti/process', perms='', type=1, icon='fa fa-flag', orderNum=null, gmtCreate=null, gmtModified=null}, MenuDO{menuId=98, parentId=97, name='百度chart', url='/chart/graph_echarts.html', perms='', type=1, icon='fa fa-area-chart', orderNum=null, gmtCreate=null, gmtModified=null}, MenuDO{menuId=99, parentId=96, name='所有权限', url='', perms='act:process', type=2, icon='', orderNum=null, gmtCreate=null, gmtModified=null}, MenuDO{menuId=101, parentId=93, name='待办任务', url='activiti/task/todo', perms='', type=1, icon='', orderNum=null, gmtCreate=null, gmtModified=null}, MenuDO{menuId=6, parentId=3, name='用户管理', url='sys/user/', perms='sys:user:user', type=1, icon='fa fa-user', orderNum=0, gmtCreate=Thu Aug 10 14:12:11 CST 2017, gmtModified=null}, MenuDO{menuId=12, parentId=6, name='新增', url='', perms='sys:user:add', type=2, icon='', orderNum=0, gmtCreate=Mon Aug 14 10:51:35 CST 2017, gmtModified=null}, MenuDO{menuId=13, parentId=6, name='编辑', url='', perms='sys:user:edit', type=2, icon='', orderNum=0, gmtCreate=Mon Aug 14 10:52:06 CST 2017, gmtModified=null}, MenuDO{menuId=14, parentId=6, name='删除', url='null', perms='sys:user:remove', type=2, icon='null', orderNum=0, gmtCreate=Mon Aug 14 10:52:24 CST 2017, gmtModified=null}, MenuDO{menuId=15, parentId=7, name='新增', url='', perms='sys:role:add', type=2, icon='', orderNum=0, gmtCreate=Mon Aug 14 10:56:37 CST 2017, gmtModified=null}, MenuDO{menuId=20, parentId=2, name='新增', url='', perms='sys:menu:add', type=2, icon='', orderNum=0, gmtCreate=Mon Aug 14 10:59:32 CST 2017, gmtModified=null}, MenuDO{menuId=21, parentId=2, name='编辑', url='', perms='sys:menu:edit', type=2, icon='', orderNum=0, gmtCreate=Mon Aug 14 10:59:56 CST 2017, gmtModified=null}, MenuDO{menuId=22, parentId=2, name='删除', url='', perms='sys:menu:remove', type=2, icon='', orderNum=0, gmtCreate=Mon Aug 14 11:00:26 CST 2017, gmtModified=null}, MenuDO{menuId=24, parentId=6, name='批量删除', url='', perms='sys:user:batchRemove', type=2, icon='', orderNum=0, gmtCreate=Mon Aug 14 17:27:18 CST 2017, gmtModified=null}, MenuDO{menuId=25, parentId=6, name='停用', url='null', perms='sys:user:disable', type=2, icon='null', orderNum=0, gmtCreate=Mon Aug 14 17:27:43 CST 2017, gmtModified=null}, MenuDO{menuId=26, parentId=6, name='重置密码', url='', perms='sys:user:resetPwd', type=2, icon='', orderNum=0, gmtCreate=Mon Aug 14 17:28:34 CST 2017, gmtModified=null}, MenuDO{menuId=27, parentId=91, name='系统日志', url='common/log', perms='common:log', type=1, icon='fa fa-warning', orderNum=0, gmtCreate=Mon Aug 14 22:11:53 CST 2017, gmtModified=null}, MenuDO{menuId=28, parentId=27, name='刷新', url='null', perms='sys:log:list', type=2, icon='null', orderNum=0, gmtCreate=Mon Aug 14 22:30:22 CST 2017, gmtModified=null}, MenuDO{menuId=29, parentId=27, name='删除', url='null', perms='sys:log:remove', type=2, icon='null', orderNum=0, gmtCreate=Mon Aug 14 22:30:43 CST 2017, gmtModified=null}, MenuDO{menuId=30, parentId=27, name='清空', url='null', perms='sys:log:clear', type=2, icon='null', orderNum=0, gmtCreate=Mon Aug 14 22:31:02 CST 2017, gmtModified=null}, MenuDO{menuId=68, parentId=49, name='发布文章', url='/blog/bContent/add', perms='blog:bContent:add', type=1, icon='fa fa-edit', orderNum=0, gmtCreate=null, gmtModified=null}, MenuDO{menuId=3, parentId=0, name='系统管理', url='null', perms='null', type=0, icon='fa fa-desktop', orderNum=1, gmtCreate=Wed Aug 09 23:06:55 CST 2017, gmtModified=Mon Aug 14 14:13:43 CST 2017}, MenuDO{menuId=7, parentId=3, name='角色管理', url='sys/role', perms='sys:role:role', type=1, icon='fa fa-paw', orderNum=1, gmtCreate=Thu Aug 10 14:13:19 CST 2017, gmtModified=null}, MenuDO{menuId=50, parentId=49, name='文章列表', url='blog/bContent', perms='blog:bContent:bContent', type=1, icon='fa fa-file-image-o', orderNum=1, gmtCreate=null, gmtModified=null}, MenuDO{menuId=57, parentId=91, name='运行监控', url='/druid/index.html', perms='', type=1, icon='fa fa-caret-square-o-right', orderNum=1, gmtCreate=null, gmtModified=null}, MenuDO{menuId=74, parentId=73, name='增加', url='/system/sysDept/add', perms='system:sysDept:add', type=2, icon='null', orderNum=1, gmtCreate=null, gmtModified=null}, MenuDO{menuId=78, parentId=1, name='数据字典', url='/common/dict', perms='common:dict:dict', type=1, icon='fa fa-book', orderNum=1, gmtCreate=null, gmtModified=null}, MenuDO{menuId=86, parentId=85, name='新增', url='oa/notify/add', perms='oa:notify:add', type=2, icon='fa fa-plus', orderNum=1, gmtCreate=null, gmtModified=null}, MenuDO{menuId=2, parentId=3, name='系统菜单', url='sys/menu/', perms='sys:menu:menu', type=1, icon='fa fa-th-list', orderNum=2, gmtCreate=Wed Aug 09 22:55:15 CST 2017, gmtModified=null}, MenuDO{menuId=71, parentId=1, name='文件管理', url='/common/sysFile', perms='common:sysFile:sysFile', type=1, icon='fa fa-folder-open', orderNum=2, gmtCreate=null, gmtModified=null}, MenuDO{menuId=75, parentId=73, name='刪除', url='system/sysDept/remove', perms='system:sysDept:remove', type=2, icon='null', orderNum=2, gmtCreate=null, gmtModified=null}, MenuDO{menuId=79, parentId=78, name='增加', url='/common/dict/add', perms='common:dict:add', type=2, icon='null', orderNum=2, gmtCreate=null, gmtModified=null}, MenuDO{menuId=80, parentId=78, name='编辑', url='/common/dict/edit', perms='common:dict:edit', type=2, icon='null', orderNum=2, gmtCreate=null, gmtModified=null}, MenuDO{menuId=87, parentId=85, name='编辑', url='oa/notify/edit', perms='oa:notify:edit', type=2, icon='fa fa-pencil-square-o', orderNum=2, gmtCreate=null, gmtModified=null}, MenuDO{menuId=48, parentId=77, name='代码生成', url='common/generator', perms='common:generator', type=1, icon='fa fa-code', orderNum=3, gmtCreate=null, gmtModified=null}, MenuDO{menuId=73, parentId=3, name='部门管理', url='/system/sysDept', perms='system:sysDept:sysDept', type=1, icon='fa fa-users', orderNum=3, gmtCreate=null, gmtModified=null}, MenuDO{menuId=76, parentId=73, name='编辑', url='/system/sysDept/edit', perms='system:sysDept:edit', type=2, icon='null', orderNum=3, gmtCreate=null, gmtModified=null}, MenuDO{menuId=81, parentId=78, name='删除', url='/common/dict/remove', perms='common:dict:remove', type=2, icon='', orderNum=3, gmtCreate=null, gmtModified=null}, MenuDO{menuId=72, parentId=77, name='计划任务', url='common/job', perms='common:taskScheduleJob', type=1, icon='fa fa-hourglass-1', orderNum=4, gmtCreate=null, gmtModified=null}, MenuDO{menuId=77, parentId=0, name='系统工具', url='', perms='', type=0, icon='fa fa-briefcase', orderNum=4, gmtCreate=null, gmtModified=null}, MenuDO{menuId=83, parentId=78, name='批量删除', url='/common/dict/batchRemove', perms='common:dict:batchRemove', type=2, icon='', orderNum=4, gmtCreate=null, gmtModified=null}, MenuDO{menuId=84, parentId=0, name='办公管理', url='', perms='', type=0, icon='fa fa-laptop', orderNum=5, gmtCreate=null, gmtModified=null}, MenuDO{menuId=91, parentId=0, name='系统监控', url='', perms='', type=0, icon='fa fa-video-camera', orderNum=5, gmtCreate=null, gmtModified=null}, MenuDO{menuId=49, parentId=0, name='博客管理', url='', perms='', type=0, icon='fa fa-rss', orderNum=6, gmtCreate=null, gmtModified=null}, MenuDO{menuId=93, parentId=0, name='工作流程', url='', perms='', type=0, icon='fa fa-print', orderNum=6, gmtCreate=null, gmtModified=null}, MenuDO{menuId=97, parentId=0, name='图表管理', url='', perms='', type=0, icon='fa fa-bar-chart', orderNum=7, gmtCreate=null, gmtModified=null}, MenuDO{menuId=1, parentId=0, name='基础管理', url='', perms='', type=0, icon='fa fa-battery-3', orderNum=12, gmtCreate=Wed Aug 09 22:49:47 CST 2017, gmtModified=null}]
2020-11-18 10:42:06 -请求地址 : http://localhost:8066/system/sysDept
2020-11-18 10:42:06 -HTTP METHOD : GET
2020-11-18 10:42:06 -CLASS_METHOD : com.bootdo.system.controller.DeptController.dept
2020-11-18 10:42:06 -参数 : []
2020-11-18 10:42:06 -耗时 : 0
2020-11-18 10:42:06 -返回值 : system/dept/dept
2020-11-18 10:42:06 -请求地址 : http://localhost:8066/system/sysDept/list
2020-11-18 10:42:06 -HTTP METHOD : GET
2020-11-18 10:42:06 -CLASS_METHOD : com.bootdo.system.controller.DeptController.list
2020-11-18 10:42:06 -参数 : []
2020-11-18 10:42:06 -==>  Preparing: select `dept_id`,`parent_id`,`name`,`order_num`,`del_flag` from sys_dept order by dept_id desc 
2020-11-18 10:42:06 -==> Parameters: 
2020-11-18 10:42:06 -<==      Total: 10
2020-11-18 10:42:06 -耗时 : 2
2020-11-18 10:42:06 -返回值 : [DeptDO{deptId=15, parentId=13, name='测试二部', orderNum=2, delFlag=1}, DeptDO{deptId=14, parentId=13, name='测试一部', orderNum=1, delFlag=1}, DeptDO{deptId=13, parentId=0, name='测试部', orderNum=5, delFlag=1}, DeptDO{deptId=12, parentId=11, name='产品一部', orderNum=1, delFlag=1}, DeptDO{deptId=11, parentId=0, name='产品部', orderNum=3, delFlag=1}, DeptDO{deptId=10, parentId=9, name='销售一部', orderNum=1, delFlag=1}, DeptDO{deptId=9, parentId=0, name='销售部', orderNum=2, delFlag=1}, DeptDO{deptId=8, parentId=6, name='研发二部', orderNum=2, delFlag=1}, DeptDO{deptId=7, parentId=6, name='研發一部', orderNum=1, delFlag=1}, DeptDO{deptId=6, parentId=0, name='研发部', orderNum=1, delFlag=1}]
2020-11-18 10:42:08 -请求地址 : http://localhost:8066/common/generator
2020-11-18 10:42:08 -HTTP METHOD : GET
2020-11-18 10:42:08 -CLASS_METHOD : com.bootdo.common.controller.GeneratorController.generator
2020-11-18 10:42:08 -参数 : []
2020-11-18 10:42:08 -耗时 : 0
2020-11-18 10:42:08 -返回值 : common/generator/list
2020-11-18 10:42:08 -请求地址 : http://localhost:8066/common/generator/list
2020-11-18 10:42:08 -HTTP METHOD : GET
2020-11-18 10:42:08 -CLASS_METHOD : com.bootdo.common.controller.GeneratorController.list
2020-11-18 10:42:08 -参数 : []
2020-11-18 10:42:08 -==>  Preparing: select table_name tableName, engine, table_comment tableComment, create_time createTime from information_schema.tables where table_schema = (select database()) 
2020-11-18 10:42:08 -==> Parameters: 
2020-11-18 10:42:08 -<==      Total: 40
2020-11-18 10:42:08 -耗时 : 12
2020-11-18 10:42:08 -返回值 : [{engine=InnoDB, createTime=2020-06-01 14:09:18.0, tableComment=, tableName=act_evt_log}, {engine=InnoDB, createTime=2020-06-01 14:09:17.0, tableComment=, tableName=act_ge_bytearray}, {engine=InnoDB, createTime=2020-06-01 14:09:17.0, tableComment=, tableName=act_ge_property}, {engine=InnoDB, createTime=2020-06-01 14:09:20.0, tableComment=, tableName=act_hi_actinst}, {engine=InnoDB, createTime=2020-06-01 14:09:20.0, tableComment=, tableName=act_hi_attachment}, {engine=InnoDB, createTime=2020-06-01 14:09:20.0, tableComment=, tableName=act_hi_comment}, {engine=InnoDB, createTime=2020-06-01 14:09:20.0, tableComment=, tableName=act_hi_detail}, {engine=InnoDB, createTime=2020-06-01 14:09:20.0, tableComment=, tableName=act_hi_identitylink}, {engine=InnoDB, createTime=2020-06-01 14:09:20.0, tableComment=, tableName=act_hi_procinst}, {engine=InnoDB, createTime=2020-06-01 14:09:20.0, tableComment=, tableName=act_hi_taskinst}, {engine=InnoDB, createTime=2020-06-01 14:09:20.0, tableComment=, tableName=act_hi_varinst}, {engine=InnoDB, createTime=2020-06-01 14:09:21.0, tableComment=, tableName=act_id_group}, {engine=InnoDB, createTime=2020-06-01 14:09:21.0, tableComment=, tableName=act_id_info}, {engine=InnoDB, createTime=2020-06-01 14:09:21.0, tableComment=, tableName=act_id_membership}, {engine=InnoDB, createTime=2020-06-01 14:09:21.0, tableComment=, tableName=act_id_user}, {engine=InnoDB, createTime=2020-06-01 14:09:18.0, tableComment=, tableName=act_procdef_info}, {engine=InnoDB, createTime=2020-06-01 14:09:18.0, tableComment=, tableName=act_re_deployment}, {engine=InnoDB, createTime=2020-06-01 14:09:18.0, tableComment=, tableName=act_re_model}, {engine=InnoDB, createTime=2020-06-01 14:09:18.0, tableComment=, tableName=act_re_procdef}, {engine=InnoDB, createTime=2020-06-01 14:09:18.0, tableComment=, tableName=act_ru_event_subscr}, {engine=InnoDB, createTime=2020-06-01 14:09:18.0, tableComment=, tableName=act_ru_execution}, {engine=InnoDB, createTime=2020-06-01 14:09:18.0, tableComment=, tableName=act_ru_identitylink}, {engine=InnoDB, createTime=2020-06-01 14:09:18.0, tableComment=, tableName=act_ru_job}, {engine=InnoDB, createTime=2020-06-01 14:09:18.0, tableComment=, tableName=act_ru_task}, {engine=InnoDB, createTime=2020-06-01 14:09:18.0, tableComment=, tableName=act_ru_variable}, {engine=InnoDB, createTime=2020-06-01 14:07:07.0, tableComment=文章内容, tableName=blog_content}, {engine=InnoDB, createTime=2020-06-01 14:07:08.0, tableComment=通知通告, tableName=oa_notify}, {engine=InnoDB, createTime=2020-06-01 14:07:08.0, tableComment=通知通告发送记录, tableName=oa_notify_record}, {engine=InnoDB, createTime=2020-06-01 14:07:08.0, tableComment=审批流程测试表, tableName=salary}, {engine=InnoDB, createTime=2020-06-01 14:07:08.0, tableComment=部门管理, tableName=sys_dept}, {engine=InnoDB, createTime=2020-06-01 14:07:08.0, tableComment=字典表, tableName=sys_dict}, {engine=InnoDB, createTime=2020-06-01 14:07:10.0, tableComment=文件上传, tableName=sys_file}, {engine=InnoDB, createTime=2020-06-01 14:07:10.0, tableComment=系统日志, tableName=sys_log}, {engine=InnoDB, createTime=2020-06-01 14:07:15.0, tableComment=菜单管理, tableName=sys_menu}, {engine=InnoDB, createTime=2020-06-01 14:07:16.0, tableComment=角色, tableName=sys_role}, {engine=InnoDB, createTime=2020-06-01 14:07:16.0, tableComment=角色与菜单对应关系, tableName=sys_role_menu}, {engine=MyISAM, createTime=2020-06-01 14:07:19.0, tableComment=, tableName=sys_task}, {engine=InnoDB, createTime=2020-06-01 14:07:19.0, tableComment=, tableName=sys_user}, {engine=InnoDB, createTime=2020-06-01 14:07:19.0, tableComment=, tableName=sys_user_plus}, {engine=InnoDB, createTime=2020-06-01 14:07:19.0, tableComment=用户与角色对应关系, tableName=sys_user_role}]
2020-11-18 11:10:07 -WebSocketSession[1 current WS(1)-HttpStream(0)-HttpPoll(0), 14 total, 0 closed abnormally (0 connect failure, 0 send limit, 0 transport error)], stompSubProtocol[processed CONNECT(14)-CONNECTED(14)-DISCONNECT(0)], stompBrokerRelay[null], inboundChannel[pool size = 0, active threads = 0, queued tasks = 0, completed tasks = 165], outboundChannelpool size = 0, active threads = 0, queued tasks = 0, completed tasks = 27], sockJsScheduler[pool size = 4, active threads = 1, queued tasks = 2, completed tasks = 21937]
2020-11-18 11:39:34 -Validating all active sessions...
2020-11-18 11:39:34 -Finished session validation.  [2] sessions were stopped.
2020-11-18 11:40:07 -WebSocketSession[1 current WS(1)-HttpStream(0)-HttpPoll(0), 14 total, 0 closed abnormally (0 connect failure, 0 send limit, 0 transport error)], stompSubProtocol[processed CONNECT(14)-CONNECTED(14)-DISCONNECT(0)], stompBrokerRelay[null], inboundChannel[pool size = 0, active threads = 0, queued tasks = 0, completed tasks = 165], outboundChannelpool size = 0, active threads = 0, queued tasks = 0, completed tasks = 27], sockJsScheduler[pool size = 4, active threads = 1, queued tasks = 2, completed tasks = 22370]
2020-11-18 11:46:51 -请求地址 : http://localhost:8066/login;JSESSIONID=d2aacbbd-7010-4038-822a-6e40b0c31d83
2020-11-18 11:46:51 -HTTP METHOD : GET
2020-11-18 11:46:51 -CLASS_METHOD : com.bootdo.system.controller.LoginController.login
2020-11-18 11:46:51 -参数 : []
2020-11-18 11:46:51 -耗时 : 0
2020-11-18 11:46:51 -返回值 : login
2020-11-18 11:46:51 -请求地址 : http://localhost:8066/login;JSESSIONID=d2aacbbd-7010-4038-822a-6e40b0c31d83
2020-11-18 11:46:51 -HTTP METHOD : GET
2020-11-18 11:46:51 -CLASS_METHOD : com.bootdo.system.controller.LoginController.login
2020-11-18 11:46:51 -参数 : []
2020-11-18 11:46:51 -耗时 : 0
2020-11-18 11:46:51 -返回值 : login
2020-11-18 11:46:52 -请求地址 : http://localhost:8066/login
2020-11-18 11:46:52 -HTTP METHOD : POST
2020-11-18 11:46:52 -CLASS_METHOD : com.bootdo.system.controller.LoginController.ajaxLogin
2020-11-18 11:46:52 -参数 : [admin, 111111]
2020-11-18 11:46:52 -==>  Preparing: select `user_id`,`username`,`name`,`password`,`dept_id`,`email`,`mobile`,`status`,`user_id_create`,`gmt_create`,`gmt_modified`,`sex`,`birth`,`pic_id`,`live_address`,`hobby`,`province`,`city`,`district` from sys_user WHERE username = ? order by user_id desc 
2020-11-18 11:46:52 -==> Parameters: admin(String)
2020-11-18 11:46:52 -<==      Total: 1
2020-11-18 11:46:52 -耗时 : 3
2020-11-18 11:46:52 -返回值 : {msg=操作成功, code=0}
2020-11-18 11:46:52 -==>  Preparing: insert into sys_log ( `user_id`, `username`, `operation`, `time`, `method`, `params`, `ip`, `gmt_create` ) values ( ?, ?, ?, ?, ?, ?, ?, ? ) 
2020-11-18 11:46:52 -==> Parameters: 1(Long), admin(String), 登录(String), 4(Integer), com.bootdo.system.controller.LoginController.ajaxLogin()(String), null, 127.0.0.1(String), 2020-11-18 11:46:52.729(Timestamp)
2020-11-18 11:46:52 -请求地址 : http://localhost:8066/index
2020-11-18 11:46:52 -HTTP METHOD : GET
2020-11-18 11:46:52 -CLASS_METHOD : com.bootdo.system.controller.LoginController.index
2020-11-18 11:46:52 -参数 : [{}]
2020-11-18 11:46:52 -==>  Preparing: select distinct m.menu_id , parent_id, name, url, perms,`type`,icon,order_num,gmt_create, gmt_modified from sys_menu m left join sys_role_menu rm on m.menu_id = rm.menu_id left join sys_user_role ur on rm.role_id =ur.role_id where ur.user_id = ? and m.type in(0,1) order by m.order_num 
2020-11-18 11:46:52 -==> Parameters: 1(Long)
2020-11-18 11:46:52 -<==      Total: 27
2020-11-18 11:46:52 -==>  Preparing: select `id`,`type`,`url`,`create_date` from sys_file where id = ? 
2020-11-18 11:46:52 -==> Parameters: 149(Long)
2020-11-18 11:46:52 -<==      Total: 1
2020-11-18 11:46:52 -耗时 : 7
2020-11-18 11:46:52 -返回值 : index_v1
2020-11-18 11:46:52 -==>  Preparing: insert into sys_log ( `user_id`, `username`, `operation`, `time`, `method`, `params`, `ip`, `gmt_create` ) values ( ?, ?, ?, ?, ?, ?, ?, ? ) 
2020-11-18 11:46:52 -==> Parameters: 1(Long), admin(String), 请求访问主页(String), 7(Integer), com.bootdo.system.controller.LoginController.index()(String), null, 127.0.0.1(String), 2020-11-18 11:46:52.751(Timestamp)
2020-11-18 11:46:52 -请求地址 : http://localhost:8066/main
2020-11-18 11:46:52 -HTTP METHOD : GET
2020-11-18 11:46:52 -CLASS_METHOD : com.bootdo.system.controller.LoginController.main
2020-11-18 11:46:52 -参数 : []
2020-11-18 11:46:52 -耗时 : 0
2020-11-18 11:46:52 -返回值 : main
2020-11-18 11:46:52 -请求地址 : http://localhost:8066/oa/notify/message
2020-11-18 11:46:52 -HTTP METHOD : GET
2020-11-18 11:46:52 -CLASS_METHOD : com.bootdo.oa.controller.NotifyController.message
2020-11-18 11:46:52 -参数 : []
2020-11-18 11:46:52 -==>  Preparing: select DISTINCT n.id ,`type`,`title`,`content`,`files`,r.is_read,`status`,`create_by`,`create_date`,`update_by`,`update_date`,`remarks`,`del_flag` from oa_notify_record r right JOIN oa_notify n on r.notify_id = n.id WHERE r.is_read = ? and r.user_id = ? order by is_read ASC, update_date DESC limit ?, ? 
2020-11-18 11:46:52 -==> Parameters: 0(String), 1(Long), 0(Integer), 3(Integer)
2020-11-18 11:46:52 -<==      Total: 0
2020-11-18 11:46:52 -==>  Preparing: select count(*) from oa_notify_record r right JOIN oa_notify n on r.notify_id = n.id where r.user_id =? and r.is_read = ? 
2020-11-18 11:46:52 -==> Parameters: 1(Long), 0(String)
2020-11-18 11:46:52 -<==      Total: 1
2020-11-18 11:46:52 -耗时 : 8
2020-11-18 11:46:52 -返回值 : com.bootdo.common.utils.PageUtils@11330acd
2020-11-18 11:46:52 -<==    Updates: 1
2020-11-18 11:46:52 -请求地址 : http://localhost:8066/main
2020-11-18 11:46:52 -HTTP METHOD : GET
2020-11-18 11:46:52 -CLASS_METHOD : com.bootdo.system.controller.LoginController.main
2020-11-18 11:46:52 -参数 : []
2020-11-18 11:46:52 -耗时 : 0
2020-11-18 11:46:52 -返回值 : main
2020-11-18 11:46:52 -<==    Updates: 1
2020-11-18 11:46:54 -请求地址 : http://localhost:8066/common/generator
2020-11-18 11:46:54 -HTTP METHOD : GET
2020-11-18 11:46:54 -CLASS_METHOD : com.bootdo.common.controller.GeneratorController.generator
2020-11-18 11:46:54 -参数 : []
2020-11-18 11:46:54 -耗时 : 1
2020-11-18 11:46:54 -返回值 : common/generator/list
2020-11-18 11:46:54 -请求地址 : http://localhost:8066/common/generator/list
2020-11-18 11:46:54 -HTTP METHOD : GET
2020-11-18 11:46:54 -CLASS_METHOD : com.bootdo.common.controller.GeneratorController.list
2020-11-18 11:46:54 -参数 : []
2020-11-18 11:46:54 -==>  Preparing: select table_name tableName, engine, table_comment tableComment, create_time createTime from information_schema.tables where table_schema = (select database()) 
2020-11-18 11:46:54 -==> Parameters: 
2020-11-18 11:46:54 -<==      Total: 40
2020-11-18 11:46:54 -耗时 : 49
2020-11-18 11:46:54 -返回值 : [{engine=InnoDB, createTime=2020-06-01 14:09:18.0, tableComment=, tableName=act_evt_log}, {engine=InnoDB, createTime=2020-06-01 14:09:17.0, tableComment=, tableName=act_ge_bytearray}, {engine=InnoDB, createTime=2020-06-01 14:09:17.0, tableComment=, tableName=act_ge_property}, {engine=InnoDB, createTime=2020-06-01 14:09:20.0, tableComment=, tableName=act_hi_actinst}, {engine=InnoDB, createTime=2020-06-01 14:09:20.0, tableComment=, tableName=act_hi_attachment}, {engine=InnoDB, createTime=2020-06-01 14:09:20.0, tableComment=, tableName=act_hi_comment}, {engine=InnoDB, createTime=2020-06-01 14:09:20.0, tableComment=, tableName=act_hi_detail}, {engine=InnoDB, createTime=2020-06-01 14:09:20.0, tableComment=, tableName=act_hi_identitylink}, {engine=InnoDB, createTime=2020-06-01 14:09:20.0, tableComment=, tableName=act_hi_procinst}, {engine=InnoDB, createTime=2020-06-01 14:09:20.0, tableComment=, tableName=act_hi_taskinst}, {engine=InnoDB, createTime=2020-06-01 14:09:20.0, tableComment=, tableName=act_hi_varinst}, {engine=InnoDB, createTime=2020-06-01 14:09:21.0, tableComment=, tableName=act_id_group}, {engine=InnoDB, createTime=2020-06-01 14:09:21.0, tableComment=, tableName=act_id_info}, {engine=InnoDB, createTime=2020-06-01 14:09:21.0, tableComment=, tableName=act_id_membership}, {engine=InnoDB, createTime=2020-06-01 14:09:21.0, tableComment=, tableName=act_id_user}, {engine=InnoDB, createTime=2020-06-01 14:09:18.0, tableComment=, tableName=act_procdef_info}, {engine=InnoDB, createTime=2020-06-01 14:09:18.0, tableComment=, tableName=act_re_deployment}, {engine=InnoDB, createTime=2020-06-01 14:09:18.0, tableComment=, tableName=act_re_model}, {engine=InnoDB, createTime=2020-06-01 14:09:18.0, tableComment=, tableName=act_re_procdef}, {engine=InnoDB, createTime=2020-06-01 14:09:18.0, tableComment=, tableName=act_ru_event_subscr}, {engine=InnoDB, createTime=2020-06-01 14:09:18.0, tableComment=, tableName=act_ru_execution}, {engine=InnoDB, createTime=2020-06-01 14:09:18.0, tableComment=, tableName=act_ru_identitylink}, {engine=InnoDB, createTime=2020-06-01 14:09:18.0, tableComment=, tableName=act_ru_job}, {engine=InnoDB, createTime=2020-06-01 14:09:18.0, tableComment=, tableName=act_ru_task}, {engine=InnoDB, createTime=2020-06-01 14:09:18.0, tableComment=, tableName=act_ru_variable}, {engine=InnoDB, createTime=2020-06-01 14:07:07.0, tableComment=文章内容, tableName=blog_content}, {engine=InnoDB, createTime=2020-06-01 14:07:08.0, tableComment=通知通告, tableName=oa_notify}, {engine=InnoDB, createTime=2020-06-01 14:07:08.0, tableComment=通知通告发送记录, tableName=oa_notify_record}, {engine=InnoDB, createTime=2020-06-01 14:07:08.0, tableComment=审批流程测试表, tableName=salary}, {engine=InnoDB, createTime=2020-06-01 14:07:08.0, tableComment=部门管理, tableName=sys_dept}, {engine=InnoDB, createTime=2020-06-01 14:07:08.0, tableComment=字典表, tableName=sys_dict}, {engine=InnoDB, createTime=2020-06-01 14:07:10.0, tableComment=文件上传, tableName=sys_file}, {engine=InnoDB, createTime=2020-06-01 14:07:10.0, tableComment=系统日志, tableName=sys_log}, {engine=InnoDB, createTime=2020-06-01 14:07:15.0, tableComment=菜单管理, tableName=sys_menu}, {engine=InnoDB, createTime=2020-06-01 14:07:16.0, tableComment=角色, tableName=sys_role}, {engine=InnoDB, createTime=2020-06-01 14:07:16.0, tableComment=角色与菜单对应关系, tableName=sys_role_menu}, {engine=MyISAM, createTime=2020-06-01 14:07:19.0, tableComment=, tableName=sys_task}, {engine=InnoDB, createTime=2020-06-01 14:07:19.0, tableComment=, tableName=sys_user}, {engine=InnoDB, createTime=2020-06-01 14:07:19.0, tableComment=, tableName=sys_user_plus}, {engine=InnoDB, createTime=2020-06-01 14:07:19.0, tableComment=用户与角色对应关系, tableName=sys_user_role}]
2020-11-18 12:10:07 -WebSocketSession[1 current WS(1)-HttpStream(0)-HttpPoll(0), 15 total, 0 closed abnormally (0 connect failure, 0 send limit, 0 transport error)], stompSubProtocol[processed CONNECT(15)-CONNECTED(15)-DISCONNECT(0)], stompBrokerRelay[null], inboundChannel[pool size = 0, active threads = 0, queued tasks = 0, completed tasks = 177], outboundChannelpool size = 0, active threads = 0, queued tasks = 0, completed tasks = 29], sockJsScheduler[pool size = 4, active threads = 1, queued tasks = 2, completed tasks = 22802]
2020-11-18 12:39:34 -Validating all active sessions...
2020-11-18 12:39:34 -Finished session validation.  [1] sessions were stopped.
2020-11-18 12:40:07 -WebSocketSession[1 current WS(1)-HttpStream(0)-HttpPoll(0), 15 total, 0 closed abnormally (0 connect failure, 0 send limit, 0 transport error)], stompSubProtocol[processed CONNECT(15)-CONNECTED(15)-DISCONNECT(0)], stompBrokerRelay[null], inboundChannel[pool size = 0, active threads = 0, queued tasks = 0, completed tasks = 177], outboundChannelpool size = 0, active threads = 0, queued tasks = 0, completed tasks = 29], sockJsScheduler[pool size = 4, active threads = 1, queued tasks = 2, completed tasks = 23235]
2020-11-18 13:10:07 -WebSocketSession[1 current WS(1)-HttpStream(0)-HttpPoll(0), 15 total, 0 closed abnormally (0 connect failure, 0 send limit, 0 transport error)], stompSubProtocol[processed CONNECT(15)-CONNECTED(15)-DISCONNECT(0)], stompBrokerRelay[null], inboundChannel[pool size = 0, active threads = 0, queued tasks = 0, completed tasks = 177], outboundChannelpool size = 0, active threads = 0, queued tasks = 0, completed tasks = 29], sockJsScheduler[pool size = 4, active threads = 1, queued tasks = 2, completed tasks = 23668]
2020-11-18 13:39:34 -Validating all active sessions...
2020-11-18 13:39:34 -Finished session validation.  No sessions were stopped.
2020-11-18 13:40:07 -WebSocketSession[1 current WS(1)-HttpStream(0)-HttpPoll(0), 15 total, 0 closed abnormally (0 connect failure, 0 send limit, 0 transport error)], stompSubProtocol[processed CONNECT(15)-CONNECTED(15)-DISCONNECT(0)], stompBrokerRelay[null], inboundChannel[pool size = 0, active threads = 0, queued tasks = 0, completed tasks = 177], outboundChannelpool size = 0, active threads = 0, queued tasks = 0, completed tasks = 29], sockJsScheduler[pool size = 4, active threads = 1, queued tasks = 2, completed tasks = 24101]
2020-11-18 14:10:07 -WebSocketSession[1 current WS(1)-HttpStream(0)-HttpPoll(0), 15 total, 0 closed abnormally (0 connect failure, 0 send limit, 0 transport error)], stompSubProtocol[processed CONNECT(15)-CONNECTED(15)-DISCONNECT(0)], stompBrokerRelay[null], inboundChannel[pool size = 0, active threads = 0, queued tasks = 0, completed tasks = 177], outboundChannelpool size = 0, active threads = 0, queued tasks = 0, completed tasks = 29], sockJsScheduler[pool size = 4, active threads = 1, queued tasks = 2, completed tasks = 24534]
2020-11-18 14:39:34 -Validating all active sessions...
2020-11-18 14:39:34 -Finished session validation.  No sessions were stopped.
2020-11-18 14:40:07 -WebSocketSession[1 current WS(1)-HttpStream(0)-HttpPoll(0), 15 total, 0 closed abnormally (0 connect failure, 0 send limit, 0 transport error)], stompSubProtocol[processed CONNECT(15)-CONNECTED(15)-DISCONNECT(0)], stompBrokerRelay[null], inboundChannel[pool size = 0, active threads = 0, queued tasks = 0, completed tasks = 177], outboundChannelpool size = 0, active threads = 0, queued tasks = 0, completed tasks = 29], sockJsScheduler[pool size = 4, active threads = 1, queued tasks = 2, completed tasks = 24967]
2020-11-18 15:10:07 -WebSocketSession[1 current WS(1)-HttpStream(0)-HttpPoll(0), 15 total, 0 closed abnormally (0 connect failure, 0 send limit, 0 transport error)], stompSubProtocol[processed CONNECT(15)-CONNECTED(15)-DISCONNECT(0)], stompBrokerRelay[null], inboundChannel[pool size = 0, active threads = 0, queued tasks = 0, completed tasks = 177], outboundChannelpool size = 0, active threads = 0, queued tasks = 0, completed tasks = 29], sockJsScheduler[pool size = 4, active threads = 1, queued tasks = 2, completed tasks = 25400]
2020-11-18 15:39:40 -Validating all active sessions...
2020-11-18 15:39:40 -Finished session validation.  No sessions were stopped.
2020-11-18 15:40:13 -WebSocketSession[1 current WS(1)-HttpStream(0)-HttpPoll(0), 15 total, 0 closed abnormally (0 connect failure, 0 send limit, 0 transport error)], stompSubProtocol[processed CONNECT(15)-CONNECTED(15)-DISCONNECT(0)], stompBrokerRelay[null], inboundChannel[pool size = 0, active threads = 0, queued tasks = 0, completed tasks = 177], outboundChannelpool size = 0, active threads = 0, queued tasks = 0, completed tasks = 29], sockJsScheduler[pool size = 4, active threads = 1, queued tasks = 2, completed tasks = 25833]
2020-11-18 16:10:13 -WebSocketSession[1 current WS(1)-HttpStream(0)-HttpPoll(0), 15 total, 0 closed abnormally (0 connect failure, 0 send limit, 0 transport error)], stompSubProtocol[processed CONNECT(15)-CONNECTED(15)-DISCONNECT(0)], stompBrokerRelay[null], inboundChannel[pool size = 0, active threads = 0, queued tasks = 0, completed tasks = 177], outboundChannelpool size = 0, active threads = 0, queued tasks = 0, completed tasks = 29], sockJsScheduler[pool size = 4, active threads = 1, queued tasks = 2, completed tasks = 26266]
2020-11-18 16:39:40 -Validating all active sessions...
2020-11-18 16:39:40 -Finished session validation.  No sessions were stopped.
2020-11-18 16:40:13 -WebSocketSession[1 current WS(1)-HttpStream(0)-HttpPoll(0), 15 total, 0 closed abnormally (0 connect failure, 0 send limit, 0 transport error)], stompSubProtocol[processed CONNECT(15)-CONNECTED(15)-DISCONNECT(0)], stompBrokerRelay[null], inboundChannel[pool size = 0, active threads = 0, queued tasks = 0, completed tasks = 177], outboundChannelpool size = 0, active threads = 0, queued tasks = 0, completed tasks = 29], sockJsScheduler[pool size = 4, active threads = 1, queued tasks = 2, completed tasks = 26699]
2020-11-18 17:10:13 -WebSocketSession[1 current WS(1)-HttpStream(0)-HttpPoll(0), 15 total, 0 closed abnormally (0 connect failure, 0 send limit, 0 transport error)], stompSubProtocol[processed CONNECT(15)-CONNECTED(15)-DISCONNECT(0)], stompBrokerRelay[null], inboundChannel[pool size = 0, active threads = 0, queued tasks = 0, completed tasks = 177], outboundChannelpool size = 0, active threads = 0, queued tasks = 0, completed tasks = 29], sockJsScheduler[pool size = 4, active threads = 1, queued tasks = 2, completed tasks = 27132]
2020-11-18 17:39:40 -Validating all active sessions...
2020-11-18 17:39:40 -Finished session validation.  No sessions were stopped.
2020-11-18 17:40:13 -WebSocketSession[1 current WS(1)-HttpStream(0)-HttpPoll(0), 15 total, 0 closed abnormally (0 connect failure, 0 send limit, 0 transport error)], stompSubProtocol[processed CONNECT(15)-CONNECTED(15)-DISCONNECT(0)], stompBrokerRelay[null], inboundChannel[pool size = 0, active threads = 0, queued tasks = 0, completed tasks = 177], outboundChannelpool size = 0, active threads = 0, queued tasks = 0, completed tasks = 29], sockJsScheduler[pool size = 4, active threads = 1, queued tasks = 2, completed tasks = 27565]
2020-11-18 18:10:13 -WebSocketSession[1 current WS(1)-HttpStream(0)-HttpPoll(0), 15 total, 0 closed abnormally (0 connect failure, 0 send limit, 0 transport error)], stompSubProtocol[processed CONNECT(15)-CONNECTED(15)-DISCONNECT(0)], stompBrokerRelay[null], inboundChannel[pool size = 0, active threads = 0, queued tasks = 0, completed tasks = 177], outboundChannelpool size = 0, active threads = 0, queued tasks = 0, completed tasks = 29], sockJsScheduler[pool size = 4, active threads = 1, queued tasks = 2, completed tasks = 27998]
2020-11-18 18:39:40 -Validating all active sessions...
2020-11-18 18:39:40 -Finished session validation.  No sessions were stopped.
2020-11-18 18:40:13 -WebSocketSession[1 current WS(1)-HttpStream(0)-HttpPoll(0), 15 total, 0 closed abnormally (0 connect failure, 0 send limit, 0 transport error)], stompSubProtocol[processed CONNECT(15)-CONNECTED(15)-DISCONNECT(0)], stompBrokerRelay[null], inboundChannel[pool size = 0, active threads = 0, queued tasks = 0, completed tasks = 177], outboundChannelpool size = 0, active threads = 0, queued tasks = 0, completed tasks = 29], sockJsScheduler[pool size = 4, active threads = 1, queued tasks = 2, completed tasks = 28431]
2020-11-18 19:10:13 -WebSocketSession[1 current WS(1)-HttpStream(0)-HttpPoll(0), 15 total, 0 closed abnormally (0 connect failure, 0 send limit, 0 transport error)], stompSubProtocol[processed CONNECT(15)-CONNECTED(15)-DISCONNECT(0)], stompBrokerRelay[null], inboundChannel[pool size = 0, active threads = 0, queued tasks = 0, completed tasks = 177], outboundChannelpool size = 0, active threads = 0, queued tasks = 0, completed tasks = 29], sockJsScheduler[pool size = 4, active threads = 1, queued tasks = 2, completed tasks = 28864]
2020-11-18 19:39:40 -Validating all active sessions...
2020-11-18 19:39:40 -Finished session validation.  No sessions were stopped.
2020-11-18 19:40:13 -WebSocketSession[1 current WS(1)-HttpStream(0)-HttpPoll(0), 15 total, 0 closed abnormally (0 connect failure, 0 send limit, 0 transport error)], stompSubProtocol[processed CONNECT(15)-CONNECTED(15)-DISCONNECT(0)], stompBrokerRelay[null], inboundChannel[pool size = 0, active threads = 0, queued tasks = 0, completed tasks = 177], outboundChannelpool size = 0, active threads = 0, queued tasks = 0, completed tasks = 29], sockJsScheduler[pool size = 4, active threads = 1, queued tasks = 2, completed tasks = 29297]
2020-11-18 20:10:13 -WebSocketSession[1 current WS(1)-HttpStream(0)-HttpPoll(0), 15 total, 0 closed abnormally (0 connect failure, 0 send limit, 0 transport error)], stompSubProtocol[processed CONNECT(15)-CONNECTED(15)-DISCONNECT(0)], stompBrokerRelay[null], inboundChannel[pool size = 0, active threads = 0, queued tasks = 0, completed tasks = 177], outboundChannelpool size = 0, active threads = 0, queued tasks = 0, completed tasks = 29], sockJsScheduler[pool size = 4, active threads = 1, queued tasks = 2, completed tasks = 29730]
2020-11-18 20:39:40 -Validating all active sessions...
2020-11-18 20:39:40 -Finished session validation.  No sessions were stopped.
2020-11-18 20:40:13 -WebSocketSession[1 current WS(1)-HttpStream(0)-HttpPoll(0), 15 total, 0 closed abnormally (0 connect failure, 0 send limit, 0 transport error)], stompSubProtocol[processed CONNECT(15)-CONNECTED(15)-DISCONNECT(0)], stompBrokerRelay[null], inboundChannel[pool size = 0, active threads = 0, queued tasks = 0, completed tasks = 177], outboundChannelpool size = 0, active threads = 0, queued tasks = 0, completed tasks = 29], sockJsScheduler[pool size = 4, active threads = 1, queued tasks = 2, completed tasks = 30163]
2020-11-18 21:10:13 -WebSocketSession[1 current WS(1)-HttpStream(0)-HttpPoll(0), 15 total, 0 closed abnormally (0 connect failure, 0 send limit, 0 transport error)], stompSubProtocol[processed CONNECT(15)-CONNECTED(15)-DISCONNECT(0)], stompBrokerRelay[null], inboundChannel[pool size = 0, active threads = 0, queued tasks = 0, completed tasks = 177], outboundChannelpool size = 0, active threads = 0, queued tasks = 0, completed tasks = 29], sockJsScheduler[pool size = 4, active threads = 1, queued tasks = 2, completed tasks = 30596]
2020-11-18 21:39:40 -Validating all active sessions...
2020-11-18 21:39:40 -Finished session validation.  No sessions were stopped.
2020-11-18 21:40:13 -WebSocketSession[1 current WS(1)-HttpStream(0)-HttpPoll(0), 15 total, 0 closed abnormally (0 connect failure, 0 send limit, 0 transport error)], stompSubProtocol[processed CONNECT(15)-CONNECTED(15)-DISCONNECT(0)], stompBrokerRelay[null], inboundChannel[pool size = 0, active threads = 0, queued tasks = 0, completed tasks = 177], outboundChannelpool size = 0, active threads = 0, queued tasks = 0, completed tasks = 29], sockJsScheduler[pool size = 4, active threads = 1, queued tasks = 2, completed tasks = 31029]
2020-11-18 22:10:13 -WebSocketSession[1 current WS(1)-HttpStream(0)-HttpPoll(0), 15 total, 0 closed abnormally (0 connect failure, 0 send limit, 0 transport error)], stompSubProtocol[processed CONNECT(15)-CONNECTED(15)-DISCONNECT(0)], stompBrokerRelay[null], inboundChannel[pool size = 0, active threads = 0, queued tasks = 0, completed tasks = 177], outboundChannelpool size = 0, active threads = 0, queued tasks = 0, completed tasks = 29], sockJsScheduler[pool size = 4, active threads = 1, queued tasks = 2, completed tasks = 31462]
2020-11-18 22:39:40 -Validating all active sessions...
2020-11-18 22:39:40 -Finished session validation.  No sessions were stopped.
2020-11-18 22:40:13 -WebSocketSession[1 current WS(1)-HttpStream(0)-HttpPoll(0), 15 total, 0 closed abnormally (0 connect failure, 0 send limit, 0 transport error)], stompSubProtocol[processed CONNECT(15)-CONNECTED(15)-DISCONNECT(0)], stompBrokerRelay[null], inboundChannel[pool size = 0, active threads = 0, queued tasks = 0, completed tasks = 177], outboundChannelpool size = 0, active threads = 0, queued tasks = 0, completed tasks = 29], sockJsScheduler[pool size = 4, active threads = 1, queued tasks = 2, completed tasks = 31895]
2020-11-18 23:10:13 -WebSocketSession[1 current WS(1)-HttpStream(0)-HttpPoll(0), 15 total, 0 closed abnormally (0 connect failure, 0 send limit, 0 transport error)], stompSubProtocol[processed CONNECT(15)-CONNECTED(15)-DISCONNECT(0)], stompBrokerRelay[null], inboundChannel[pool size = 0, active threads = 0, queued tasks = 0, completed tasks = 177], outboundChannelpool size = 0, active threads = 0, queued tasks = 0, completed tasks = 29], sockJsScheduler[pool size = 4, active threads = 1, queued tasks = 2, completed tasks = 32328]
2020-11-18 23:39:40 -Validating all active sessions...
2020-11-18 23:39:40 -Finished session validation.  No sessions were stopped.
2020-11-18 23:40:13 -WebSocketSession[1 current WS(1)-HttpStream(0)-HttpPoll(0), 15 total, 0 closed abnormally (0 connect failure, 0 send limit, 0 transport error)], stompSubProtocol[processed CONNECT(15)-CONNECTED(15)-DISCONNECT(0)], stompBrokerRelay[null], inboundChannel[pool size = 0, active threads = 0, queued tasks = 0, completed tasks = 177], outboundChannelpool size = 0, active threads = 0, queued tasks = 0, completed tasks = 29], sockJsScheduler[pool size = 4, active threads = 1, queued tasks = 2, completed tasks = 32761]
