2020-10-21 09:04:38 -Starting BootdoApplication on PC-20190419SWLO with PID 10584 (C:\Users\Administrator\Desktop\bootdo\bootdo\target\classes started by Administrator in C:\Users\Administrator\Desktop\bootdo\bootdo)
2020-10-21 09:04:38 -Running with Spring Boot v1.5.9.RELEASE, Spring v4.3.13.RELEASE
2020-10-21 09:04:38 -The following profiles are active: dev
2020-10-21 09:04:39 -HV000001: Hibernate Validator 5.3.6.Final
2020-10-21 09:04:39 -Refreshing org.springframework.boot.context.embedded.AnnotationConfigEmbeddedWebApplicationContext@60bd273d: startup date [Wed Oct 21 09:04:39 CST 2020]; root of context hierarchy
2020-10-21 09:04:46 -Multiple Spring Data modules found, entering strict repository configuration mode!
2020-10-21 09:04:46 -Multiple Spring Data modules found, entering strict repository configuration mode!
2020-10-21 09:04:48 -Bean 'org.springframework.cache.annotation.ProxyCachingConfiguration' of type [org.springframework.cache.annotation.ProxyCachingConfiguration$$EnhancerBySpringCGLIB$$433888ad] is not eligible for getting processed by all BeanPostProcessors (for example: not eligible for auto-proxying)
2020-10-21 09:04:48 -Bean 'org.springframework.boot.autoconfigure.cache.CacheAutoConfiguration' of type [org.springframework.boot.autoconfigure.cache.CacheAutoConfiguration$$EnhancerBySpringCGLIB$$37ac4d51] is not eligible for getting processed by all BeanPostProcessors (for example: not eligible for auto-proxying)
2020-10-21 09:04:48 -Bean 'spring.cache-org.springframework.boot.autoconfigure.cache.CacheProperties' of type [org.springframework.boot.autoconfigure.cache.CacheProperties] is not eligible for getting processed by all BeanPostProcessors (for example: not eligible for auto-proxying)
2020-10-21 09:04:48 -Bean 'cacheManagerCustomizers' of type [org.springframework.boot.autoconfigure.cache.CacheManagerCustomizers] is not eligible for getting processed by all BeanPostProcessors (for example: not eligible for auto-proxying)
2020-10-21 09:04:48 -Bean 'org.springframework.boot.autoconfigure.cache.EhCacheCacheConfiguration' of type [org.springframework.boot.autoconfigure.cache.EhCacheCacheConfiguration$$EnhancerBySpringCGLIB$$d24b1a4f] is not eligible for getting processed by all BeanPostProcessors (for example: not eligible for auto-proxying)
2020-10-21 09:04:48 -Bean 'ehCacheCacheManager' of type [net.sf.ehcache.CacheManager] is not eligible for getting processed by all BeanPostProcessors (for example: not eligible for auto-proxying)
2020-10-21 09:04:48 -Bean 'cacheManager' of type [org.springframework.cache.ehcache.EhCacheCacheManager] is not eligible for getting processed by all BeanPostProcessors (for example: not eligible for auto-proxying)
2020-10-21 09:04:48 -Bean 'cacheAutoConfigurationValidator' of type [org.springframework.boot.autoconfigure.cache.CacheAutoConfiguration$CacheManagerValidator] is not eligible for getting processed by all BeanPostProcessors (for example: not eligible for auto-proxying)
2020-10-21 09:04:48 -Bean 'org.springframework.transaction.annotation.ProxyTransactionManagementConfiguration' of type [org.springframework.transaction.annotation.ProxyTransactionManagementConfiguration$$EnhancerBySpringCGLIB$$fa26528f] is not eligible for getting processed by all BeanPostProcessors (for example: not eligible for auto-proxying)
2020-10-21 09:04:48 -Bean 'shiroConfig' of type [com.bootdo.system.config.ShiroConfig$$EnhancerBySpringCGLIB$$ec7f8136] is not eligible for getting processed by all BeanPostProcessors (for example: not eligible for auto-proxying)
2020-10-21 09:04:49 -Bean 'userRealm' of type [com.bootdo.system.shiro.UserRealm] is not eligible for getting processed by all BeanPostProcessors (for example: not eligible for auto-proxying)
2020-10-21 09:04:49 -No configuration found. Configuring ehcache from ehcache-failsafe.xml  found in the classpath: jar:file:/C:/Users/Administrator/.m2/repository/net/sf/ehcache/ehcache-core/2.5.3/ehcache-core-2.5.3.jar!/ehcache-failsafe.xml
2020-10-21 09:04:49 -Bean 'ehCacheManager' of type [org.apache.shiro.cache.ehcache.EhCacheManager] is not eligible for getting processed by all BeanPostProcessors (for example: not eligible for auto-proxying)
2020-10-21 09:04:49 -Cache with name 'com.bootdo.system.shiro.UserRealm.authorizationCache' does not yet exist.  Creating now.
2020-10-21 09:04:49 -Added EhCache named [com.bootdo.system.shiro.UserRealm.authorizationCache]
2020-10-21 09:04:49 -Bean 'sessionDAO' of type [org.apache.shiro.session.mgt.eis.MemorySessionDAO] is not eligible for getting processed by all BeanPostProcessors (for example: not eligible for auto-proxying)
2020-10-21 09:04:49 -Bean 'sessionManager' of type [org.apache.shiro.web.session.mgt.DefaultWebSessionManager] is not eligible for getting processed by all BeanPostProcessors (for example: not eligible for auto-proxying)
2020-10-21 09:04:49 -Bean 'securityManager' of type [org.apache.shiro.web.mgt.DefaultWebSecurityManager] is not eligible for getting processed by all BeanPostProcessors (for example: not eligible for auto-proxying)
2020-10-21 09:04:49 -Bean 'authorizationAttributeSourceAdvisor' of type [org.apache.shiro.spring.security.interceptor.AuthorizationAttributeSourceAdvisor] is not eligible for getting processed by all BeanPostProcessors (for example: not eligible for auto-proxying)
2020-10-21 09:04:50 -Tomcat initialized with port(s): 8066 (http)
2020-10-21 09:04:50 -Starting service [Tomcat]
2020-10-21 09:04:50 -Starting Servlet Engine: Apache Tomcat/8.5.23
2020-10-21 09:04:51 -Initializing Spring embedded WebApplicationContext
2020-10-21 09:04:51 -Root WebApplicationContext: initialization completed in 11696 ms
2020-10-21 09:04:51 -Mapping filter: 'characterEncodingFilter' to: [/*]
2020-10-21 09:04:51 -Mapping filter: 'hiddenHttpMethodFilter' to: [/*]
2020-10-21 09:04:51 -Mapping filter: 'httpPutFormContentFilter' to: [/*]
2020-10-21 09:04:51 -Mapping filter: 'requestContextFilter' to: [/*]
2020-10-21 09:04:51 -Mapping filter: 'springSecurityFilterChain' to: [/*]
2020-10-21 09:04:51 -Filter xssFilter was not registered (disabled)
2020-10-21 09:04:51 -Mapping filter: 'webStatFilter' to urls: [/*]
2020-10-21 09:04:51 -Mapping filter: 'shiroFilterFactoryBean' to: [/*]
2020-10-21 09:04:51 -Mapping servlet: 'statViewServlet' to [/druid/*]
2020-10-21 09:04:51 -Mapping servlet: 'dispatcherServlet' to [/]
2020-10-21 09:04:52 -{dataSource-1} inited
2020-10-21 09:04:55 -ProcessEngine default created
2020-10-21 09:04:56 -ApplicationContext registed-->org.springframework.boot.context.embedded.AnnotationConfigEmbeddedWebApplicationContext@60bd273d: startup date [Wed Oct 21 09:04:39 CST 2020]; root of context hierarchy
2020-10-21 09:04:57 -Using default implementation for ThreadExecutor
2020-10-21 09:04:57 -Initialized Scheduler Signaller of type: class org.quartz.core.SchedulerSignalerImpl
2020-10-21 09:04:57 -Quartz Scheduler v.2.2.1 created.
2020-10-21 09:04:57 -RAMJobStore initialized.
2020-10-21 09:04:57 -Scheduler meta-data: Quartz Scheduler (v2.2.1) 'schedulerFactoryBean' with instanceId 'NON_CLUSTERED'
  Scheduler class: 'org.quartz.core.QuartzScheduler' - running locally.
  NOT STARTED.
  Currently in standby mode.
  Number of jobs executed: 0
  Using thread pool 'org.quartz.simpl.SimpleThreadPool' - with 10 threads.
  Using job-store 'org.quartz.simpl.RAMJobStore' - which does not support persistence. and is not clustered.

2020-10-21 09:04:57 -Quartz scheduler 'schedulerFactoryBean' initialized from an externally provided properties instance.
2020-10-21 09:04:57 -Quartz scheduler version: 2.2.1
2020-10-21 09:04:57 -JobFactory set to: com.bootdo.common.quartz.factory.JobFactory@69d667a5
2020-10-21 09:04:57 -Initializing ExecutorService  'clientInboundChannelExecutor'
2020-10-21 09:04:57 -Initializing ExecutorService  'clientOutboundChannelExecutor'
2020-10-21 09:04:58 -Mapped "{[/activiti/model/{id}],methods=[DELETE]}" onto public com.bootdo.common.utils.R com.bootdo.activiti.controller.ModelController.remove(java.lang.String)
2020-10-21 09:04:58 -Mapped "{[/activiti/model/list],methods=[GET]}" onto com.bootdo.common.utils.PageUtils com.bootdo.activiti.controller.ModelController.list(int,int)
2020-10-21 09:04:58 -Mapped "{[/activiti/model/batchRemove],methods=[POST]}" onto public com.bootdo.common.utils.R com.bootdo.activiti.controller.ModelController.batchRemove(java.lang.String[])
2020-10-21 09:04:58 -Mapped "{[/activiti/model],methods=[GET]}" onto org.springframework.web.servlet.ModelAndView com.bootdo.activiti.controller.ModelController.model()
2020-10-21 09:04:58 -Mapped "{[/activiti/model/edit/{id}],methods=[GET]}" onto public void com.bootdo.activiti.controller.ModelController.edit(javax.servlet.http.HttpServletResponse,java.lang.String)
2020-10-21 09:04:58 -Mapped "{[/activiti/model/deploy/{id}],methods=[POST]}" onto public com.bootdo.common.utils.R com.bootdo.activiti.controller.ModelController.deploy(java.lang.String) throws java.lang.Exception
2020-10-21 09:04:58 -Mapped "{[/activiti/model/{modelId}/save],methods=[PUT]}" onto public void com.bootdo.activiti.controller.ModelController.saveModel(java.lang.String,java.lang.String,java.lang.String,java.lang.String,java.lang.String)
2020-10-21 09:04:58 -Mapped "{[/activiti/model/export/{id}],methods=[GET]}" onto public void com.bootdo.activiti.controller.ModelController.exportToXml(java.lang.String,javax.servlet.http.HttpServletResponse)
2020-10-21 09:04:58 -Mapped "{[/activiti/model/add]}" onto public void com.bootdo.activiti.controller.ModelController.newModel(javax.servlet.http.HttpServletResponse) throws java.io.UnsupportedEncodingException
2020-10-21 09:04:58 -Mapped "{[/activiti/model/{modelId}/json],methods=[GET]}" onto public com.fasterxml.jackson.databind.node.ObjectNode com.bootdo.activiti.controller.ModelController.getEditorJson(java.lang.String)
2020-10-21 09:04:58 -Mapped "{[/activiti/editor/stencilset],methods=[GET],produces=[application/json;charset=utf-8]}" onto public java.lang.String com.bootdo.activiti.controller.ModelController.getStencilset()
2020-10-21 09:04:58 -Mapped "{[/activiti/process/add],methods=[GET]}" onto public org.springframework.web.servlet.ModelAndView com.bootdo.activiti.controller.ProcessController.add()
2020-10-21 09:04:58 -Mapped "{[/activiti/process/remove],methods=[POST]}" onto public com.bootdo.common.utils.R com.bootdo.activiti.controller.ProcessController.remove(java.lang.String)
2020-10-21 09:04:58 -Mapped "{[/activiti/process/list],methods=[GET]}" onto com.bootdo.common.utils.PageUtils com.bootdo.activiti.controller.ProcessController.list(int,int)
2020-10-21 09:04:58 -Mapped "{[/activiti/process/batchRemove],methods=[POST]}" onto public com.bootdo.common.utils.R com.bootdo.activiti.controller.ProcessController.batchRemove(java.lang.String[])
2020-10-21 09:04:58 -Mapped "{[/activiti/process],methods=[GET]}" onto org.springframework.web.servlet.ModelAndView com.bootdo.activiti.controller.ProcessController.process()
2020-10-21 09:04:58 -Mapped "{[/activiti/process/save],methods=[POST]}" onto public com.bootdo.common.utils.R com.bootdo.activiti.controller.ProcessController.deploy(java.lang.String,java.lang.String,org.springframework.web.multipart.MultipartFile)
2020-10-21 09:04:58 -Mapped "{[/activiti/process/resource/read/{xml}/{id}]}" onto public void com.bootdo.activiti.controller.ProcessController.resourceRead(java.lang.String,java.lang.String,javax.servlet.http.HttpServletResponse) throws java.lang.Exception
2020-10-21 09:04:58 -Mapped "{[/activiti/process/convertToModel/{procDefId}]}" onto public com.bootdo.common.utils.R com.bootdo.activiti.controller.ProcessController.convertToModel(java.lang.String,org.springframework.web.servlet.mvc.support.RedirectAttributes) throws java.io.UnsupportedEncodingException,javax.xml.stream.XMLStreamException
2020-10-21 09:04:58 -Mapped "{[/act/salary/form],methods=[GET]}" onto java.lang.String com.bootdo.activiti.controller.SalaryController.add()
2020-10-21 09:04:58 -Mapped "{[/act/salary/remove],methods=[POST]}" onto public com.bootdo.common.utils.R com.bootdo.activiti.controller.SalaryController.remove(java.lang.String)
2020-10-21 09:04:58 -Mapped "{[/act/salary/batchRemove],methods=[POST]}" onto public com.bootdo.common.utils.R com.bootdo.activiti.controller.SalaryController.remove(java.lang.String[])
2020-10-21 09:04:58 -Mapped "{[/act/salary/update]}" onto public com.bootdo.common.utils.R com.bootdo.activiti.controller.SalaryController.update(com.bootdo.activiti.domain.SalaryDO)
2020-10-21 09:04:58 -Mapped "{[/act/salary/list],methods=[GET]}" onto public com.bootdo.common.utils.PageUtils com.bootdo.activiti.controller.SalaryController.list(java.util.Map<java.lang.String, java.lang.Object>)
2020-10-21 09:04:58 -Mapped "{[/act/salary/form/{taskId}],methods=[GET]}" onto java.lang.String com.bootdo.activiti.controller.SalaryController.edit(java.lang.String,org.springframework.ui.Model)
2020-10-21 09:04:58 -Mapped "{[/act/salary],methods=[GET]}" onto java.lang.String com.bootdo.activiti.controller.SalaryController.Salary()
2020-10-21 09:04:58 -Mapped "{[/act/salary/save],methods=[POST]}" onto public com.bootdo.common.utils.R com.bootdo.activiti.controller.SalaryController.saveOrUpdate(com.bootdo.activiti.domain.SalaryDO)
2020-10-21 09:04:58 -Mapped "{[/activiti/task/form/{procDefId}/{taskId}],methods=[GET]}" onto public void com.bootdo.activiti.controller.TaskController.form(java.lang.String,java.lang.String,javax.servlet.http.HttpServletResponse) throws java.io.IOException
2020-10-21 09:04:58 -Mapped "{[/activiti/task/gotoList],methods=[GET]}" onto com.bootdo.common.utils.PageUtils com.bootdo.activiti.controller.TaskController.list(int,int)
2020-10-21 09:04:58 -Mapped "{[/activiti/task/goto],methods=[GET]}" onto public org.springframework.web.servlet.ModelAndView com.bootdo.activiti.controller.TaskController.gotoTask()
2020-10-21 09:04:58 -Mapped "{[/activiti/task/form/{procDefId}],methods=[GET]}" onto public void com.bootdo.activiti.controller.TaskController.startForm(java.lang.String,javax.servlet.http.HttpServletResponse) throws java.io.IOException
2020-10-21 09:04:58 -Mapped "{[/activiti/task/todo],methods=[GET]}" onto org.springframework.web.servlet.ModelAndView com.bootdo.activiti.controller.TaskController.todo()
2020-10-21 09:04:58 -Mapped "{[/activiti/task/todoList],methods=[GET]}" onto java.util.List<com.bootdo.activiti.vo.TaskVO> com.bootdo.activiti.controller.TaskController.todoList()
2020-10-21 09:04:58 -Mapped "{[/activiti/task/trace/photo/{procDefId}/{execId}]}" onto public void com.bootdo.activiti.controller.TaskController.tracePhoto(java.lang.String,java.lang.String,javax.servlet.http.HttpServletResponse) throws java.lang.Exception
2020-10-21 09:04:58 -Mapped "{[/blog/open/post/{cid}],methods=[GET]}" onto java.lang.String com.bootdo.blog.controller.BlogController.post(java.lang.Long,org.springframework.ui.Model)
2020-10-21 09:04:58 -Mapped "{[/blog/open/list],methods=[GET]}" onto public com.bootdo.common.utils.PageUtils com.bootdo.blog.controller.BlogController.opentList(java.util.Map<java.lang.String, java.lang.Object>)
2020-10-21 09:04:58 -Mapped "{[/blog],methods=[GET]}" onto java.lang.String com.bootdo.blog.controller.BlogController.blog()
2020-10-21 09:04:58 -Mapped "{[/blog/open/page/{categories}],methods=[GET]}" onto java.lang.String com.bootdo.blog.controller.BlogController.about(java.lang.String,org.springframework.ui.Model)
2020-10-21 09:04:58 -Mapped "{[/blog/bContent/add],methods=[GET]}" onto java.lang.String com.bootdo.blog.controller.ContentController.add()
2020-10-21 09:04:58 -Mapped "{[/blog/bContent/remove],methods=[POST]}" onto public com.bootdo.common.utils.R com.bootdo.blog.controller.ContentController.remove(java.lang.Long)
2020-10-21 09:04:58 -Mapped "{[/blog/bContent/batchRemove],methods=[POST]}" onto public com.bootdo.common.utils.R com.bootdo.blog.controller.ContentController.remove(java.lang.Long[])
2020-10-21 09:04:58 -Mapped "{[/blog/bContent/update]}" onto public com.bootdo.common.utils.R com.bootdo.blog.controller.ContentController.update(com.bootdo.blog.domain.ContentDO)
2020-10-21 09:04:58 -Mapped "{[/blog/bContent/list],methods=[GET]}" onto public com.bootdo.common.utils.PageUtils com.bootdo.blog.controller.ContentController.list(java.util.Map<java.lang.String, java.lang.Object>)
2020-10-21 09:04:58 -Mapped "{[/blog/bContent/save],methods=[POST]}" onto public com.bootdo.common.utils.R com.bootdo.blog.controller.ContentController.save(com.bootdo.blog.domain.ContentDO)
2020-10-21 09:04:58 -Mapped "{[/blog/bContent/edit/{cid}],methods=[GET]}" onto java.lang.String com.bootdo.blog.controller.ContentController.edit(java.lang.Long,org.springframework.ui.Model)
2020-10-21 09:04:58 -Mapped "{[/blog/bContent],methods=[GET]}" onto java.lang.String com.bootdo.blog.controller.ContentController.bContent()
2020-10-21 09:04:58 -Mapped "{[/common/dict/add],methods=[GET]}" onto java.lang.String com.bootdo.common.controller.DictController.add()
2020-10-21 09:04:58 -Mapped "{[/common/dict/remove],methods=[POST]}" onto public com.bootdo.common.utils.R com.bootdo.common.controller.DictController.remove(java.lang.Long)
2020-10-21 09:04:58 -Mapped "{[/common/dict/batchRemove],methods=[POST]}" onto public com.bootdo.common.utils.R com.bootdo.common.controller.DictController.remove(java.lang.Long[])
2020-10-21 09:04:58 -Mapped "{[/common/dict/update]}" onto public com.bootdo.common.utils.R com.bootdo.common.controller.DictController.update(com.bootdo.common.domain.DictDO)
2020-10-21 09:04:58 -Mapped "{[/common/dict/list],methods=[GET]}" onto public com.bootdo.common.utils.PageUtils com.bootdo.common.controller.DictController.list(java.util.Map<java.lang.String, java.lang.Object>)
2020-10-21 09:04:58 -Mapped "{[/common/dict/save],methods=[POST]}" onto public com.bootdo.common.utils.R com.bootdo.common.controller.DictController.save(com.bootdo.common.domain.DictDO)
2020-10-21 09:04:58 -Mapped "{[/common/dict/type],methods=[GET]}" onto public java.util.List<com.bootdo.common.domain.DictDO> com.bootdo.common.controller.DictController.listType()
2020-10-21 09:04:58 -Mapped "{[/common/dict/edit/{id}],methods=[GET]}" onto java.lang.String com.bootdo.common.controller.DictController.edit(java.lang.Long,org.springframework.ui.Model)
2020-10-21 09:04:58 -Mapped "{[/common/dict],methods=[GET]}" onto java.lang.String com.bootdo.common.controller.DictController.dict()
2020-10-21 09:04:58 -Mapped "{[/common/dict/add/{type}/{description}],methods=[GET]}" onto java.lang.String com.bootdo.common.controller.DictController.addD(org.springframework.ui.Model,java.lang.String,java.lang.String)
2020-10-21 09:04:58 -Mapped "{[/common/dict/list/{type}],methods=[GET]}" onto public java.util.List<com.bootdo.common.domain.DictDO> com.bootdo.common.controller.DictController.listByType(java.lang.String)
2020-10-21 09:04:58 -Mapped "{[/common/sysFile/add],methods=[GET]}" onto java.lang.String com.bootdo.common.controller.FileController.add()
2020-10-21 09:04:58 -Mapped "{[/common/sysFile/remove],methods=[POST]}" onto public com.bootdo.common.utils.R com.bootdo.common.controller.FileController.remove(java.lang.Long,javax.servlet.http.HttpServletRequest)
2020-10-21 09:04:58 -Mapped "{[/common/sysFile/batchRemove],methods=[POST]}" onto public com.bootdo.common.utils.R com.bootdo.common.controller.FileController.remove(java.lang.Long[])
2020-10-21 09:04:58 -Mapped "{[/common/sysFile/update]}" onto public com.bootdo.common.utils.R com.bootdo.common.controller.FileController.update(com.bootdo.common.domain.FileDO)
2020-10-21 09:04:58 -Mapped "{[/common/sysFile/list],methods=[GET]}" onto public com.bootdo.common.utils.PageUtils com.bootdo.common.controller.FileController.list(java.util.Map<java.lang.String, java.lang.Object>)
2020-10-21 09:04:58 -Mapped "{[/common/sysFile/save],methods=[POST]}" onto public com.bootdo.common.utils.R com.bootdo.common.controller.FileController.save(com.bootdo.common.domain.FileDO)
2020-10-21 09:04:58 -Mapped "{[/common/sysFile/info/{id}]}" onto public com.bootdo.common.utils.R com.bootdo.common.controller.FileController.info(java.lang.Long)
2020-10-21 09:04:58 -Mapped "{[/common/sysFile/edit],methods=[GET]}" onto java.lang.String com.bootdo.common.controller.FileController.edit(java.lang.Long,org.springframework.ui.Model)
2020-10-21 09:04:58 -Mapped "{[/common/sysFile],methods=[GET]}" onto java.lang.String com.bootdo.common.controller.FileController.sysFile(org.springframework.ui.Model)
2020-10-21 09:04:58 -Mapped "{[/common/sysFile/upload],methods=[POST]}" onto com.bootdo.common.utils.R com.bootdo.common.controller.FileController.upload(org.springframework.web.multipart.MultipartFile,javax.servlet.http.HttpServletRequest)
2020-10-21 09:04:58 -Mapped "{[/common/generator/update],methods=[POST]}" onto com.bootdo.common.utils.R com.bootdo.common.controller.GeneratorController.update(java.util.Map<java.lang.String, java.lang.Object>)
2020-10-21 09:04:58 -Mapped "{[/common/generator/list],methods=[GET]}" onto java.util.List<java.util.Map<java.lang.String, java.lang.Object>> com.bootdo.common.controller.GeneratorController.list()
2020-10-21 09:04:58 -Mapped "{[/common/generator/code/{tableName}]}" onto public void com.bootdo.common.controller.GeneratorController.code(javax.servlet.http.HttpServletRequest,javax.servlet.http.HttpServletResponse,java.lang.String) throws java.io.IOException
2020-10-21 09:04:58 -Mapped "{[/common/generator],methods=[GET]}" onto java.lang.String com.bootdo.common.controller.GeneratorController.generator()
2020-10-21 09:04:58 -Mapped "{[/common/generator/edit],methods=[GET]}" onto public java.lang.String com.bootdo.common.controller.GeneratorController.edit(org.springframework.ui.Model)
2020-10-21 09:04:58 -Mapped "{[/common/generator/batchCode]}" onto public void com.bootdo.common.controller.GeneratorController.batchCode(javax.servlet.http.HttpServletRequest,javax.servlet.http.HttpServletResponse,java.lang.String) throws java.io.IOException
2020-10-21 09:04:58 -Mapped "{[/common/job/add],methods=[GET]}" onto java.lang.String com.bootdo.common.controller.JobController.add()
2020-10-21 09:04:58 -Mapped "{[/common/job/remove],methods=[POST]}" onto public com.bootdo.common.utils.R com.bootdo.common.controller.JobController.remove(java.lang.Long)
2020-10-21 09:04:58 -Mapped "{[/common/job/batchRemove],methods=[POST]}" onto public com.bootdo.common.utils.R com.bootdo.common.controller.JobController.remove(java.lang.Long[])
2020-10-21 09:04:58 -Mapped "{[/common/job/update],methods=[POST]}" onto public com.bootdo.common.utils.R com.bootdo.common.controller.JobController.update(com.bootdo.common.domain.TaskDO)
2020-10-21 09:04:58 -Mapped "{[/common/job/list],methods=[GET]}" onto public com.bootdo.common.utils.PageUtils com.bootdo.common.controller.JobController.list(java.util.Map<java.lang.String, java.lang.Object>)
2020-10-21 09:04:58 -Mapped "{[/common/job/save],methods=[POST]}" onto public com.bootdo.common.utils.R com.bootdo.common.controller.JobController.save(com.bootdo.common.domain.TaskDO)
2020-10-21 09:04:58 -Mapped "{[/common/job/info/{id}]}" onto public com.bootdo.common.utils.R com.bootdo.common.controller.JobController.info(java.lang.Long)
2020-10-21 09:04:58 -Mapped "{[/common/job/edit/{id}],methods=[GET]}" onto java.lang.String com.bootdo.common.controller.JobController.edit(java.lang.Long,org.springframework.ui.Model)
2020-10-21 09:04:58 -Mapped "{[/common/job/changeJobStatus],methods=[POST]}" onto public com.bootdo.common.utils.R com.bootdo.common.controller.JobController.changeJobStatus(java.lang.Long,java.lang.String)
2020-10-21 09:04:58 -Mapped "{[/common/job],methods=[GET]}" onto java.lang.String com.bootdo.common.controller.JobController.taskScheduleJob()
2020-10-21 09:04:58 -Mapped "{[/common/log/remove],methods=[POST]}" onto com.bootdo.common.utils.R com.bootdo.common.controller.LogController.remove(java.lang.Long)
2020-10-21 09:04:58 -Mapped "{[/common/log],methods=[GET]}" onto java.lang.String com.bootdo.common.controller.LogController.log()
2020-10-21 09:04:58 -Mapped "{[/common/log/list],methods=[GET]}" onto com.bootdo.common.domain.PageDO<com.bootdo.common.domain.LogDO> com.bootdo.common.controller.LogController.list(java.util.Map<java.lang.String, java.lang.Object>)
2020-10-21 09:04:58 -Mapped "{[/common/log/batchRemove],methods=[POST]}" onto com.bootdo.common.utils.R com.bootdo.common.controller.LogController.batchRemove(java.lang.Long[])
2020-10-21 09:04:58 -Mapped "{[/error]}" onto public com.bootdo.common.utils.R com.bootdo.common.exception.MainsiteErrorController.handleError(javax.servlet.http.HttpServletRequest,javax.servlet.http.HttpServletResponse)
2020-10-21 09:04:58 -Mapped "{[/error],produces=[text/html]}" onto public org.springframework.web.servlet.ModelAndView com.bootdo.common.exception.MainsiteErrorController.errorHtml(javax.servlet.http.HttpServletRequest,javax.servlet.http.HttpServletResponse)
2020-10-21 09:04:58 -Mapped "{[/oa/notify/add],methods=[GET]}" onto java.lang.String com.bootdo.oa.controller.NotifyController.add()
2020-10-21 09:04:58 -Mapped "{[/oa/notify/remove],methods=[POST]}" onto public com.bootdo.common.utils.R com.bootdo.oa.controller.NotifyController.remove(java.lang.Long)
2020-10-21 09:04:58 -Mapped "{[/oa/notify/batchRemove],methods=[POST]}" onto public com.bootdo.common.utils.R com.bootdo.oa.controller.NotifyController.remove(java.lang.Long[])
2020-10-21 09:04:58 -Mapped "{[/oa/notify/update]}" onto public com.bootdo.common.utils.R com.bootdo.oa.controller.NotifyController.update(com.bootdo.oa.domain.NotifyDO)
2020-10-21 09:04:58 -Mapped "{[/oa/notify/read/{id}],methods=[GET]}" onto java.lang.String com.bootdo.oa.controller.NotifyController.read(java.lang.Long,org.springframework.ui.Model)
2020-10-21 09:04:58 -Mapped "{[/oa/notify/list],methods=[GET]}" onto public com.bootdo.common.utils.PageUtils com.bootdo.oa.controller.NotifyController.list(java.util.Map<java.lang.String, java.lang.Object>)
2020-10-21 09:04:58 -Mapped "{[/oa/notify/save],methods=[POST]}" onto public com.bootdo.common.utils.R com.bootdo.oa.controller.NotifyController.save(com.bootdo.oa.domain.NotifyDO)
2020-10-21 09:04:58 -Mapped "{[/oa/notify/message],methods=[GET]}" onto com.bootdo.common.utils.PageUtils com.bootdo.oa.controller.NotifyController.message()
2020-10-21 09:04:58 -Mapped "{[/oa/notify/selfList],methods=[GET]}" onto com.bootdo.common.utils.PageUtils com.bootdo.oa.controller.NotifyController.selfList(java.util.Map<java.lang.String, java.lang.Object>)
2020-10-21 09:04:58 -Mapped "{[/oa/notify/edit/{id}],methods=[GET]}" onto java.lang.String com.bootdo.oa.controller.NotifyController.edit(java.lang.Long,org.springframework.ui.Model)
2020-10-21 09:04:58 -Mapped "{[/oa/notify],methods=[GET]}" onto java.lang.String com.bootdo.oa.controller.NotifyController.oaNotify()
2020-10-21 09:04:58 -Mapped "{[/oa/notify/selfNotify],methods=[GET]}" onto java.lang.String com.bootdo.oa.controller.NotifyController.selefNotify()
2020-10-21 09:04:58 -Mapped "{[/autotest],methods=[GET]}" onto java.lang.String com.bootdo.system.controller.AutoTestController.welcome(org.springframework.ui.Model)
2020-10-21 09:04:58 -Mapped "{[/system/sysDept/add/{pId}],methods=[GET]}" onto java.lang.String com.bootdo.system.controller.DeptController.add(java.lang.Long,org.springframework.ui.Model)
2020-10-21 09:04:58 -Mapped "{[/system/sysDept/remove],methods=[POST]}" onto public com.bootdo.common.utils.R com.bootdo.system.controller.DeptController.remove(java.lang.Long)
2020-10-21 09:04:58 -Mapped "{[/system/sysDept/batchRemove],methods=[POST]}" onto public com.bootdo.common.utils.R com.bootdo.system.controller.DeptController.remove(java.lang.Long[])
2020-10-21 09:04:58 -Mapped "{[/system/sysDept/update]}" onto public com.bootdo.common.utils.R com.bootdo.system.controller.DeptController.update(com.bootdo.system.domain.DeptDO)
2020-10-21 09:04:58 -Mapped "{[/system/sysDept/list],methods=[GET]}" onto public java.util.List<com.bootdo.system.domain.DeptDO> com.bootdo.system.controller.DeptController.list()
2020-10-21 09:04:58 -Mapped "{[/system/sysDept/save],methods=[POST]}" onto public com.bootdo.common.utils.R com.bootdo.system.controller.DeptController.save(com.bootdo.system.domain.DeptDO)
2020-10-21 09:04:58 -Mapped "{[/system/sysDept/tree],methods=[GET]}" onto public com.bootdo.common.domain.Tree<com.bootdo.system.domain.DeptDO> com.bootdo.system.controller.DeptController.tree()
2020-10-21 09:04:58 -Mapped "{[/system/sysDept/edit/{deptId}],methods=[GET]}" onto java.lang.String com.bootdo.system.controller.DeptController.edit(java.lang.Long,org.springframework.ui.Model)
2020-10-21 09:04:58 -Mapped "{[/system/sysDept],methods=[GET]}" onto java.lang.String com.bootdo.system.controller.DeptController.dept()
2020-10-21 09:04:58 -Mapped "{[/system/sysDept/treeView],methods=[GET]}" onto java.lang.String com.bootdo.system.controller.DeptController.treeView()
2020-10-21 09:04:58 -Mapped "{[/index],methods=[GET]}" onto java.lang.String com.bootdo.system.controller.LoginController.index(org.springframework.ui.Model)
2020-10-21 09:04:58 -Mapped "{[/main],methods=[GET]}" onto java.lang.String com.bootdo.system.controller.LoginController.main()
2020-10-21 09:04:58 -Mapped "{[/info],methods=[GET]}" onto public com.bootdo.common.utils.R com.bootdo.system.controller.LoginController.info()
2020-10-21 09:04:58 -Mapped "{[/login],methods=[GET]}" onto java.lang.String com.bootdo.system.controller.LoginController.login()
2020-10-21 09:04:58 -Mapped "{[/logout],methods=[GET]}" onto java.lang.String com.bootdo.system.controller.LoginController.logout()
2020-10-21 09:04:58 -Mapped "{[/ || ],methods=[GET]}" onto java.lang.String com.bootdo.system.controller.LoginController.welcome(org.springframework.ui.Model)
2020-10-21 09:04:58 -Mapped "{[/login],methods=[POST]}" onto com.bootdo.common.utils.R com.bootdo.system.controller.LoginController.ajaxLogin(java.lang.String,java.lang.String)
2020-10-21 09:04:58 -Mapped "{[/sys/menu/add/{pId}],methods=[GET]}" onto java.lang.String com.bootdo.system.controller.MenuController.add(org.springframework.ui.Model,java.lang.Long)
2020-10-21 09:04:58 -Mapped "{[/sys/menu/remove],methods=[POST]}" onto com.bootdo.common.utils.R com.bootdo.system.controller.MenuController.remove(java.lang.Long)
2020-10-21 09:04:58 -Mapped "{[/sys/menu/update],methods=[POST]}" onto com.bootdo.common.utils.R com.bootdo.system.controller.MenuController.update(com.bootdo.system.domain.MenuDO)
2020-10-21 09:04:58 -Mapped "{[/sys/menu/list]}" onto java.util.List<com.bootdo.system.domain.MenuDO> com.bootdo.system.controller.MenuController.list(java.util.Map<java.lang.String, java.lang.Object>)
2020-10-21 09:04:58 -Mapped "{[/sys/menu/save],methods=[POST]}" onto com.bootdo.common.utils.R com.bootdo.system.controller.MenuController.save(com.bootdo.system.domain.MenuDO)
2020-10-21 09:04:58 -Mapped "{[/sys/menu/tree/{roleId}],methods=[GET]}" onto com.bootdo.common.domain.Tree<com.bootdo.system.domain.MenuDO> com.bootdo.system.controller.MenuController.tree(java.lang.Long)
2020-10-21 09:04:58 -Mapped "{[/sys/menu/tree],methods=[GET]}" onto com.bootdo.common.domain.Tree<com.bootdo.system.domain.MenuDO> com.bootdo.system.controller.MenuController.tree()
2020-10-21 09:04:58 -Mapped "{[/sys/menu/edit/{id}],methods=[GET]}" onto java.lang.String com.bootdo.system.controller.MenuController.edit(org.springframework.ui.Model,java.lang.Long)
2020-10-21 09:04:58 -Mapped "{[/sys/menu],methods=[GET]}" onto java.lang.String com.bootdo.system.controller.MenuController.menu(org.springframework.ui.Model)
2020-10-21 09:04:58 -Mapped "{[/sys/role/add],methods=[GET]}" onto java.lang.String com.bootdo.system.controller.RoleController.add()
2020-10-21 09:04:58 -Mapped "{[/sys/role/update],methods=[POST]}" onto com.bootdo.common.utils.R com.bootdo.system.controller.RoleController.update(com.bootdo.system.domain.RoleDO)
2020-10-21 09:04:58 -Mapped "{[/sys/role/list],methods=[GET]}" onto java.util.List<com.bootdo.system.domain.RoleDO> com.bootdo.system.controller.RoleController.list()
2020-10-21 09:04:58 -Mapped "{[/sys/role/remove],methods=[POST]}" onto com.bootdo.common.utils.R com.bootdo.system.controller.RoleController.save(java.lang.Long)
2020-10-21 09:04:58 -Mapped "{[/sys/role/save],methods=[POST]}" onto com.bootdo.common.utils.R com.bootdo.system.controller.RoleController.save(com.bootdo.system.domain.RoleDO)
2020-10-21 09:04:58 -Mapped "{[/sys/role/batchRemove],methods=[POST]}" onto com.bootdo.common.utils.R com.bootdo.system.controller.RoleController.batchRemove(java.lang.Long[])
2020-10-21 09:04:58 -Mapped "{[/sys/role],methods=[GET]}" onto java.lang.String com.bootdo.system.controller.RoleController.role()
2020-10-21 09:04:58 -Mapped "{[/sys/role/edit/{id}],methods=[GET]}" onto java.lang.String com.bootdo.system.controller.RoleController.edit(java.lang.Long,org.springframework.ui.Model)
2020-10-21 09:04:58 -Mapped "{[/say/getUserName],methods=[GET]}" onto public java.lang.String com.bootdo.system.controller.SayController.getUserName(java.lang.Integer)
2020-10-21 09:04:58 -Mapped "{[/say/updatePassword]}" onto public java.lang.String com.bootdo.system.controller.SayController.updatePassword(java.lang.Integer,java.lang.String,java.lang.String)
2020-10-21 09:04:58 -Mapped "{[/sys/online/list]}" onto public java.util.List<com.bootdo.system.domain.UserOnline> com.bootdo.system.controller.SessionController.list()
2020-10-21 09:04:58 -Mapped "{[/sys/online/forceLogout/{sessionId}]}" onto public com.bootdo.common.utils.R com.bootdo.system.controller.SessionController.forceLogout(java.lang.String,org.springframework.web.servlet.mvc.support.RedirectAttributes)
2020-10-21 09:04:58 -Mapped "{[/sys/online/sessionList]}" onto public java.util.Collection<org.apache.shiro.session.Session> com.bootdo.system.controller.SessionController.sessionList()
2020-10-21 09:04:58 -Mapped "{[/sys/online],methods=[GET]}" onto public java.lang.String com.bootdo.system.controller.SessionController.online()
2020-10-21 09:04:58 -Mapped "{[/sys/user/exit],methods=[POST]}" onto boolean com.bootdo.system.controller.UserController.exit(java.util.Map<java.lang.String, java.lang.Object>)
2020-10-21 09:04:58 -Mapped "{[/sys/user/add],methods=[GET]}" onto java.lang.String com.bootdo.system.controller.UserController.add(org.springframework.ui.Model)
2020-10-21 09:04:58 -Mapped "{[/sys/user/remove],methods=[POST]}" onto com.bootdo.common.utils.R com.bootdo.system.controller.UserController.remove(java.lang.Long)
2020-10-21 09:04:58 -Mapped "{[/sys/user/update],methods=[POST]}" onto com.bootdo.common.utils.R com.bootdo.system.controller.UserController.update(com.bootdo.system.domain.UserDO)
2020-10-21 09:04:58 -Mapped "{[/sys/user/list],methods=[GET]}" onto com.bootdo.common.utils.PageUtils com.bootdo.system.controller.UserController.list(java.util.Map<java.lang.String, java.lang.Object>)
2020-10-21 09:04:58 -Mapped "{[/sys/user/save],methods=[POST]}" onto com.bootdo.common.utils.R com.bootdo.system.controller.UserController.save(com.bootdo.system.domain.UserDO)
2020-10-21 09:04:58 -Mapped "{[/sys/user/batchRemove],methods=[POST]}" onto com.bootdo.common.utils.R com.bootdo.system.controller.UserController.batchRemove(java.lang.Long[])
2020-10-21 09:04:58 -Mapped "{[/sys/user/tree],methods=[GET]}" onto public com.bootdo.common.domain.Tree<com.bootdo.system.domain.DeptDO> com.bootdo.system.controller.UserController.tree()
2020-10-21 09:04:58 -Mapped "{[/sys/user],methods=[GET]}" onto java.lang.String com.bootdo.system.controller.UserController.user(org.springframework.ui.Model)
2020-10-21 09:04:58 -Mapped "{[/sys/user/edit/{id}],methods=[GET]}" onto java.lang.String com.bootdo.system.controller.UserController.edit(org.springframework.ui.Model,java.lang.Long)
2020-10-21 09:04:58 -Mapped "{[/sys/user/treeView],methods=[GET]}" onto java.lang.String com.bootdo.system.controller.UserController.treeView()
2020-10-21 09:04:58 -Mapped "{[/sys/user/updatePeronal],methods=[POST]}" onto com.bootdo.common.utils.R com.bootdo.system.controller.UserController.updatePeronal(com.bootdo.system.domain.UserDO)
2020-10-21 09:04:58 -Mapped "{[/sys/user/resetPwd],methods=[POST]}" onto com.bootdo.common.utils.R com.bootdo.system.controller.UserController.resetPwd(com.bootdo.system.vo.UserVO)
2020-10-21 09:04:58 -Mapped "{[/sys/user/resetPwd/{id}],methods=[GET]}" onto java.lang.String com.bootdo.system.controller.UserController.resetPwd(java.lang.Long,org.springframework.ui.Model)
2020-10-21 09:04:58 -Mapped "{[/sys/user/adminResetPwd],methods=[POST]}" onto com.bootdo.common.utils.R com.bootdo.system.controller.UserController.adminResetPwd(com.bootdo.system.vo.UserVO)
2020-10-21 09:04:58 -Mapped "{[/sys/user/personal],methods=[GET]}" onto java.lang.String com.bootdo.system.controller.UserController.personal(org.springframework.ui.Model)
2020-10-21 09:04:58 -Mapped "{[/sys/user/uploadImg],methods=[POST]}" onto com.bootdo.common.utils.R com.bootdo.system.controller.UserController.uploadImg(org.springframework.web.multipart.MultipartFile,java.lang.String,javax.servlet.http.HttpServletRequest)
2020-10-21 09:04:58 -Mapped "{[/v2/api-docs],methods=[GET],produces=[application/json || application/hal+json]}" onto public org.springframework.http.ResponseEntity<springfox.documentation.spring.web.json.Json> springfox.documentation.swagger2.web.Swagger2Controller.getDocumentation(java.lang.String,javax.servlet.http.HttpServletRequest)
2020-10-21 09:04:58 -Mapped "{[/swagger-resources/configuration/security]}" onto org.springframework.http.ResponseEntity<springfox.documentation.swagger.web.SecurityConfiguration> springfox.documentation.swagger.web.ApiResourceController.securityConfiguration()
2020-10-21 09:04:58 -Mapped "{[/swagger-resources/configuration/ui]}" onto org.springframework.http.ResponseEntity<springfox.documentation.swagger.web.UiConfiguration> springfox.documentation.swagger.web.ApiResourceController.uiConfiguration()
2020-10-21 09:04:58 -Mapped "{[/swagger-resources]}" onto org.springframework.http.ResponseEntity<java.util.List<springfox.documentation.swagger.web.SwaggerResource>> springfox.documentation.swagger.web.ApiResourceController.swaggerResources()
2020-10-21 09:04:59 -Initializing ExecutorService  'messageBrokerTaskScheduler'
2020-10-21 09:04:59 -Mapped URL path [/endpointChat/**] onto handler of type [class org.springframework.web.socket.sockjs.support.SockJsHttpRequestHandler]
2020-10-21 09:04:59 -Initializing ExecutorService  'brokerChannelExecutor'
2020-10-21 09:04:59 -Looking for @ControllerAdvice: org.springframework.boot.context.embedded.AnnotationConfigEmbeddedWebApplicationContext@60bd273d: startup date [Wed Oct 21 09:04:39 CST 2020]; root of context hierarchy
2020-10-21 09:04:59 -Mapped URL path [/files/**] onto handler of type [class org.springframework.web.servlet.resource.ResourceHttpRequestHandler]
2020-10-21 09:04:59 -Mapped URL path [/webjars/**] onto handler of type [class org.springframework.web.servlet.resource.ResourceHttpRequestHandler]
2020-10-21 09:04:59 -Mapped URL path [/**] onto handler of type [class org.springframework.web.servlet.resource.ResourceHttpRequestHandler]
2020-10-21 09:04:59 -Detected @ExceptionHandler methods in BDExceptionHandler
2020-10-21 09:05:00 -Mapped URL path [/**/favicon.ico] onto handler of type [class org.springframework.web.servlet.resource.ResourceHttpRequestHandler]
2020-10-21 09:05:01 -Cluster created with settings {hosts=[127.0.0.1:27017], mode=MULTIPLE, requiredClusterType=UNKNOWN, serverSelectionTimeout='30000 ms', maxWaitQueueSize=500}
2020-10-21 09:05:01 -Adding discovered server 127.0.0.1:27017 to client view of cluster
2020-10-21 09:05:03 -Exception in monitor thread while connecting to server 127.0.0.1:27017
com.mongodb.MongoSocketOpenException: Exception opening socket
	at com.mongodb.connection.SocketStream.open(SocketStream.java:63)
	at com.mongodb.connection.InternalStreamConnection.open(InternalStreamConnection.java:115)
	at com.mongodb.connection.DefaultServerMonitor$ServerMonitorRunnable.run(DefaultServerMonitor.java:113)
	at java.lang.Thread.run(Thread.java:748)
Caused by: java.net.ConnectException: Connection refused: connect
	at java.net.DualStackPlainSocketImpl.waitForConnect(Native Method)
	at java.net.DualStackPlainSocketImpl.socketConnect(DualStackPlainSocketImpl.java:85)
	at java.net.AbstractPlainSocketImpl.doConnect(AbstractPlainSocketImpl.java:350)
	at java.net.AbstractPlainSocketImpl.connectToAddress(AbstractPlainSocketImpl.java:206)
	at java.net.AbstractPlainSocketImpl.connect(AbstractPlainSocketImpl.java:188)
	at java.net.PlainSocketImpl.connect(PlainSocketImpl.java:172)
	at java.net.SocksSocketImpl.connect(SocksSocketImpl.java:392)
	at java.net.Socket.connect(Socket.java:589)
	at com.mongodb.connection.SocketStreamHelper.initialize(SocketStreamHelper.java:57)
	at com.mongodb.connection.SocketStream.open(SocketStream.java:58)
	... 3 common frames omitted
2020-10-21 09:05:03 -

Using default security password: a0e47c57-a200-4fba-a5f8-ffd9df0ab3d2

2020-10-21 09:05:03 -Creating filter chain: OrRequestMatcher [requestMatchers=[Ant [pattern='/css/**'], Ant [pattern='/js/**'], Ant [pattern='/images/**'], Ant [pattern='/webjars/**'], Ant [pattern='/**/favicon.ico'], Ant [pattern='/error']]], []
2020-10-21 09:05:03 -Creating filter chain: org.springframework.boot.autoconfigure.security.SpringBootWebSecurityConfiguration$ApplicationNoWebSecurityConfigurerAdapter$1@232b3b4c, [org.springframework.security.web.context.request.async.WebAsyncManagerIntegrationFilter@261609a7, org.springframework.security.web.context.SecurityContextPersistenceFilter@5300694d, org.springframework.security.web.header.HeaderWriterFilter@627d5f99, org.springframework.security.web.csrf.CsrfFilter@7a85dc58, org.springframework.security.web.authentication.logout.LogoutFilter@4fea095b, org.springframework.security.web.savedrequest.RequestCacheAwareFilter@2570851e, org.springframework.security.web.servletapi.SecurityContextHolderAwareRequestFilter@58e7f930, org.springframework.security.web.authentication.AnonymousAuthenticationFilter@39296cef, org.springframework.security.web.session.SessionManagementFilter@9f52eb7, org.springframework.security.web.access.ExceptionTranslationFilter@6839d03b]
2020-10-21 09:05:04 -Registering beans for JMX exposure on startup
2020-10-21 09:05:04 -Bean with name 'dataSource' has been autodetected for JMX exposure
2020-10-21 09:05:04 -Located MBean 'dataSource': registering with JMX server as MBean [com.alibaba.druid.pool:name=dataSource,type=DruidDataSource]
2020-10-21 09:05:04 -Starting beans in phase 2147483647
2020-10-21 09:05:04 -Context refreshed
2020-10-21 09:05:04 -Found 1 custom documentation plugin(s)
2020-10-21 09:05:04 -Scanning for api listing references
2020-10-21 09:05:04 -Generating unique operation named: removeUsingPOST_1
2020-10-21 09:05:04 -Generating unique operation named: addUsingGET_1
2020-10-21 09:05:04 -Generating unique operation named: editUsingGET_1
2020-10-21 09:05:04 -Generating unique operation named: listUsingGET_1
2020-10-21 09:05:04 -Generating unique operation named: removeUsingPOST_2
2020-10-21 09:05:04 -Generating unique operation named: removeUsingPOST_3
2020-10-21 09:05:04 -Generating unique operation named: saveUsingPOST_1
2020-10-21 09:05:04 -Generating unique operation named: updateUsingGET_1
2020-10-21 09:05:04 -Generating unique operation named: updateUsingHEAD_1
2020-10-21 09:05:04 -Generating unique operation named: updateUsingPOST_1
2020-10-21 09:05:04 -Generating unique operation named: updateUsingPUT_1
2020-10-21 09:05:04 -Generating unique operation named: updateUsingPATCH_1
2020-10-21 09:05:04 -Generating unique operation named: updateUsingDELETE_1
2020-10-21 09:05:04 -Generating unique operation named: updateUsingOPTIONS_1
2020-10-21 09:05:04 -Generating unique operation named: updateUsingTRACE_1
2020-10-21 09:05:04 -Generating unique operation named: addUsingGET_2
2020-10-21 09:05:04 -Generating unique operation named: editUsingGET_2
2020-10-21 09:05:04 -Generating unique operation named: listUsingGET_2
2020-10-21 09:05:04 -Generating unique operation named: removeUsingPOST_4
2020-10-21 09:05:05 -Generating unique operation named: removeUsingPOST_5
2020-10-21 09:05:05 -Generating unique operation named: saveUsingPOST_2
2020-10-21 09:05:05 -Generating unique operation named: updateUsingGET_2
2020-10-21 09:05:05 -Generating unique operation named: updateUsingHEAD_2
2020-10-21 09:05:05 -Generating unique operation named: updateUsingPOST_2
2020-10-21 09:05:05 -Generating unique operation named: updateUsingPUT_2
2020-10-21 09:05:05 -Generating unique operation named: updateUsingPATCH_2
2020-10-21 09:05:05 -Generating unique operation named: updateUsingDELETE_2
2020-10-21 09:05:05 -Generating unique operation named: updateUsingOPTIONS_2
2020-10-21 09:05:05 -Generating unique operation named: updateUsingTRACE_2
2020-10-21 09:05:05 -Generating unique operation named: addUsingGET_3
2020-10-21 09:05:05 -Generating unique operation named: editUsingGET_3
2020-10-21 09:05:05 -Generating unique operation named: listUsingGET_3
2020-10-21 09:05:05 -Generating unique operation named: removeUsingPOST_6
2020-10-21 09:05:05 -Generating unique operation named: removeUsingPOST_7
2020-10-21 09:05:05 -Generating unique operation named: saveUsingPOST_3
2020-10-21 09:05:05 -Generating unique operation named: updateUsingGET_3
2020-10-21 09:05:05 -Generating unique operation named: updateUsingHEAD_3
2020-10-21 09:05:05 -Generating unique operation named: updateUsingPOST_3
2020-10-21 09:05:05 -Generating unique operation named: updateUsingPUT_3
2020-10-21 09:05:05 -Generating unique operation named: updateUsingPATCH_3
2020-10-21 09:05:05 -Generating unique operation named: updateUsingDELETE_3
2020-10-21 09:05:05 -Generating unique operation named: updateUsingOPTIONS_3
2020-10-21 09:05:05 -Generating unique operation named: updateUsingTRACE_3
2020-10-21 09:05:05 -Generating unique operation named: editUsingGET_4
2020-10-21 09:05:05 -Generating unique operation named: listUsingGET_4
2020-10-21 09:05:05 -Generating unique operation named: updateUsingPOST_4
2020-10-21 09:05:05 -Generating unique operation named: addUsingGET_4
2020-10-21 09:05:05 -Generating unique operation named: editUsingGET_5
2020-10-21 09:05:05 -Generating unique operation named: infoUsingGET_1
2020-10-21 09:05:05 -Generating unique operation named: infoUsingHEAD_1
2020-10-21 09:05:05 -Generating unique operation named: infoUsingPOST_1
2020-10-21 09:05:05 -Generating unique operation named: infoUsingPUT_1
2020-10-21 09:05:05 -Generating unique operation named: infoUsingPATCH_1
2020-10-21 09:05:05 -Generating unique operation named: infoUsingDELETE_1
2020-10-21 09:05:05 -Generating unique operation named: infoUsingOPTIONS_1
2020-10-21 09:05:05 -Generating unique operation named: infoUsingTRACE_1
2020-10-21 09:05:05 -Generating unique operation named: listUsingGET_5
2020-10-21 09:05:05 -Generating unique operation named: removeUsingPOST_8
2020-10-21 09:05:05 -Generating unique operation named: removeUsingPOST_9
2020-10-21 09:05:05 -Generating unique operation named: saveUsingPOST_4
2020-10-21 09:05:05 -Generating unique operation named: updateUsingPOST_5
2020-10-21 09:05:05 -Generating unique operation named: listUsingGET_6
2020-10-21 09:05:05 -Generating unique operation named: removeUsingPOST_10
2020-10-21 09:05:05 -Generating unique operation named: infoUsingGET_2
2020-10-21 09:05:05 -Generating unique operation named: welcomeUsingGET_1
2020-10-21 09:05:05 -Generating unique operation named: welcomeUsingGET_2
2020-10-21 09:05:05 -Generating unique operation named: addUsingGET_5
2020-10-21 09:05:05 -Generating unique operation named: editUsingGET_6
2020-10-21 09:05:05 -Generating unique operation named: listUsingGET_7
2020-10-21 09:05:05 -Generating unique operation named: removeUsingPOST_11
2020-10-21 09:05:05 -Generating unique operation named: saveUsingPOST_5
2020-10-21 09:05:05 -Generating unique operation named: treeUsingGET_1
2020-10-21 09:05:05 -Generating unique operation named: treeUsingGET_2
2020-10-21 09:05:05 -Generating unique operation named: updateUsingPOST_6
2020-10-21 09:05:05 -Generating unique operation named: batchRemoveUsingPOST_1
2020-10-21 09:05:05 -Generating unique operation named: editUsingGET_7
2020-10-21 09:05:05 -Generating unique operation named: listUsingGET_8
2020-10-21 09:05:05 -Generating unique operation named: addUsingGET_6
2020-10-21 09:05:05 -Generating unique operation named: editUsingGET_8
2020-10-21 09:05:05 -Generating unique operation named: listUsingGET_9
2020-10-21 09:05:05 -Generating unique operation named: removeUsingPOST_12
2020-10-21 09:05:05 -Generating unique operation named: removeUsingPOST_13
2020-10-21 09:05:05 -Generating unique operation named: saveUsingPOST_6
2020-10-21 09:05:05 -Generating unique operation named: updateUsingGET_4
2020-10-21 09:05:05 -Generating unique operation named: updateUsingHEAD_4
2020-10-21 09:05:05 -Generating unique operation named: updateUsingPOST_7
2020-10-21 09:05:05 -Generating unique operation named: updateUsingPUT_4
2020-10-21 09:05:05 -Generating unique operation named: updateUsingPATCH_4
2020-10-21 09:05:05 -Generating unique operation named: updateUsingDELETE_4
2020-10-21 09:05:05 -Generating unique operation named: updateUsingOPTIONS_4
2020-10-21 09:05:05 -Generating unique operation named: updateUsingTRACE_4
2020-10-21 09:05:05 -Generating unique operation named: addUsingGET_7
2020-10-21 09:05:05 -Generating unique operation named: batchRemoveUsingPOST_2
2020-10-21 09:05:05 -Generating unique operation named: deployUsingPOST_1
2020-10-21 09:05:05 -Generating unique operation named: listUsingGET_10
2020-10-21 09:05:05 -Generating unique operation named: removeUsingPOST_14
2020-10-21 09:05:05 -Generating unique operation named: addUsingGET_8
2020-10-21 09:05:05 -Generating unique operation named: batchRemoveUsingPOST_3
2020-10-21 09:05:05 -Generating unique operation named: editUsingGET_9
2020-10-21 09:05:05 -Generating unique operation named: listUsingGET_11
2020-10-21 09:05:05 -Generating unique operation named: saveUsingPOST_7
2020-10-21 09:05:05 -Generating unique operation named: saveUsingPOST_8
2020-10-21 09:05:05 -Generating unique operation named: updateUsingPOST_8
2020-10-21 09:05:05 -Generating unique operation named: addUsingGET_9
2020-10-21 09:05:05 -Generating unique operation named: editUsingGET_10
2020-10-21 09:05:05 -Generating unique operation named: listUsingGET_12
2020-10-21 09:05:05 -Generating unique operation named: removeUsingPOST_15
2020-10-21 09:05:05 -Generating unique operation named: removeUsingPOST_16
2020-10-21 09:05:05 -Generating unique operation named: updateUsingGET_5
2020-10-21 09:05:05 -Generating unique operation named: updateUsingHEAD_5
2020-10-21 09:05:05 -Generating unique operation named: updateUsingPOST_9
2020-10-21 09:05:05 -Generating unique operation named: updateUsingPUT_5
2020-10-21 09:05:05 -Generating unique operation named: updateUsingPATCH_5
2020-10-21 09:05:05 -Generating unique operation named: updateUsingDELETE_5
2020-10-21 09:05:05 -Generating unique operation named: updateUsingOPTIONS_5
2020-10-21 09:05:05 -Generating unique operation named: updateUsingTRACE_5
2020-10-21 09:05:05 -Generating unique operation named: listUsingGET_13
2020-10-21 09:05:05 -Generating unique operation named: listUsingHEAD_1
2020-10-21 09:05:05 -Generating unique operation named: listUsingPOST_1
2020-10-21 09:05:05 -Generating unique operation named: listUsingPUT_1
2020-10-21 09:05:05 -Generating unique operation named: listUsingPATCH_1
2020-10-21 09:05:05 -Generating unique operation named: listUsingDELETE_1
2020-10-21 09:05:05 -Generating unique operation named: listUsingOPTIONS_1
2020-10-21 09:05:05 -Generating unique operation named: listUsingTRACE_1
2020-10-21 09:05:05 -Generating unique operation named: listUsingGET_14
2020-10-21 09:05:06 -Generating unique operation named: addUsingGET_10
2020-10-21 09:05:06 -Generating unique operation named: batchRemoveUsingPOST_4
2020-10-21 09:05:06 -Generating unique operation named: editUsingGET_11
2020-10-21 09:05:06 -Generating unique operation named: listUsingGET_15
2020-10-21 09:05:06 -Generating unique operation named: removeUsingPOST_17
2020-10-21 09:05:06 -Generating unique operation named: saveUsingPOST_9
2020-10-21 09:05:06 -Generating unique operation named: treeUsingGET_3
2020-10-21 09:05:06 -Generating unique operation named: treeViewUsingGET_1
2020-10-21 09:05:06 -Generating unique operation named: updateUsingPOST_10
2020-10-21 09:05:06 -Starting Quartz Scheduler now
2020-10-21 09:05:06 -Scheduler schedulerFactoryBean_$_NON_CLUSTERED started.
2020-10-21 09:05:06 -Starting...
2020-10-21 09:05:06 -BrokerAvailabilityEvent[available=true, SimpleBrokerMessageHandler [DefaultSubscriptionRegistry[cache[0 destination(s)], registry[0 sessions]]]]
2020-10-21 09:05:06 -Started.
2020-10-21 09:05:06 -Initializing ProtocolHandler ["http-nio-8066"]
2020-10-21 09:05:06 -Starting ProtocolHandler ["http-nio-8066"]
2020-10-21 09:05:06 -Using a shared selector for servlet write/read
2020-10-21 09:05:06 -Tomcat started on port(s): 8066 (http)
2020-10-21 09:05:06 -==>  Preparing: select `id`,`cron_expression`,`method_name`,`is_concurrent`,`description`,`update_by`,`bean_class`,`create_date`,`job_status`,`job_group`,`update_date`,`create_by`,`spring_bean`,`job_name` from sys_task order by id desc 
2020-10-21 09:05:06 -==> Parameters: 
2020-10-21 09:05:06 -<==      Total: 1
2020-10-21 09:05:06 -Started BootdoApplication in 29.512 seconds (JVM running for 35.361)
2020-10-21 09:05:06 -Initializing Spring FrameworkServlet 'dispatcherServlet'
2020-10-21 09:05:06 -FrameworkServlet 'dispatcherServlet': initialization started
2020-10-21 09:05:06 -FrameworkServlet 'dispatcherServlet': initialization completed in 47 ms
2020-10-21 09:05:06 -Enabling session validation scheduler...
2020-10-21 09:05:06 -请求地址 : http://localhost:8066/
2020-10-21 09:05:06 -HTTP METHOD : GET
2020-10-21 09:05:06 -CLASS_METHOD : com.bootdo.system.controller.LoginController.welcome
2020-10-21 09:05:06 -参数 : [{}]
2020-10-21 09:05:06 -耗时 : 25
2020-10-21 09:05:06 -返回值 : login
2020-10-21 09:05:06 -[THYMELEAF] INITIALIZING TEMPLATE ENGINE
2020-10-21 09:05:06 -[THYMELEAF] INITIALIZING TEMPLATE RESOLVER: org.thymeleaf.spring4.templateresolver.SpringResourceTemplateResolver
2020-10-21 09:05:06 -[THYMELEAF] TEMPLATE RESOLVER INITIALIZED OK
2020-10-21 09:05:06 -[THYMELEAF] INITIALIZING MESSAGE RESOLVER: org.thymeleaf.spring4.messageresolver.SpringMessageResolver
2020-10-21 09:05:06 -[THYMELEAF] MESSAGE RESOLVER INITIALIZED OK
2020-10-21 09:05:06 -[THYMELEAF] TEMPLATE ENGINE CONFIGURATION:
[THYMELEAF] * Cache Factory implementation: org.thymeleaf.cache.StandardCacheManager
[THYMELEAF] * Template modes:
[THYMELEAF]     * VALIDXHTML
[THYMELEAF]     * HTML5
[THYMELEAF]     * LEGACYHTML5
[THYMELEAF]     * XML
[THYMELEAF]     * VALIDXML
[THYMELEAF]     * XHTML
[THYMELEAF] * Template resolvers (in order):
[THYMELEAF]     * org.thymeleaf.spring4.templateresolver.SpringResourceTemplateResolver
[THYMELEAF] * Message resolvers (in order):
[THYMELEAF]     * org.thymeleaf.spring4.messageresolver.SpringMessageResolver
[THYMELEAF] * Dialect [1 of 3]: org.thymeleaf.spring4.dialect.SpringStandardDialect
[THYMELEAF]     * Prefix: "th"
[THYMELEAF] * Dialect [2 of 3]: at.pollux.thymeleaf.shiro.dialect.ShiroDialect
[THYMELEAF]     * Prefix: "shiro"
[THYMELEAF] * Dialect [3 of 3]: nz.net.ultraq.thymeleaf.LayoutDialect
[THYMELEAF]     * Prefix: "layout"
[THYMELEAF] TEMPLATE ENGINE CONFIGURED OK
2020-10-21 09:05:06 -[THYMELEAF] TEMPLATE ENGINE INITIALIZED
2020-10-21 09:05:08 -请求地址 : http://localhost:8066/login;JSESSIONID=8e0c3760-942e-4fa1-9b21-8e83e1449b28
2020-10-21 09:05:08 -HTTP METHOD : GET
2020-10-21 09:05:08 -CLASS_METHOD : com.bootdo.system.controller.LoginController.login
2020-10-21 09:05:08 -参数 : []
2020-10-21 09:05:08 -耗时 : 1
2020-10-21 09:05:08 -返回值 : login
2020-10-21 09:05:09 -请求地址 : http://localhost:8066/
2020-10-21 09:05:09 -HTTP METHOD : GET
2020-10-21 09:05:09 -CLASS_METHOD : com.bootdo.system.controller.LoginController.welcome
2020-10-21 09:05:09 -参数 : [{}]
2020-10-21 09:05:09 -耗时 : 0
2020-10-21 09:05:09 -返回值 : login
2020-10-21 09:05:09 -请求地址 : http://localhost:8066/login
2020-10-21 09:05:09 -HTTP METHOD : GET
2020-10-21 09:05:09 -CLASS_METHOD : com.bootdo.system.controller.LoginController.login
2020-10-21 09:05:09 -参数 : []
2020-10-21 09:05:09 -耗时 : 0
2020-10-21 09:05:09 -返回值 : login
2020-10-21 09:05:15 -请求地址 : http://localhost:8066/login
2020-10-21 09:05:15 -HTTP METHOD : POST
2020-10-21 09:05:15 -CLASS_METHOD : com.bootdo.system.controller.LoginController.ajaxLogin
2020-10-21 09:05:15 -参数 : [admin, 111111]
2020-10-21 09:05:15 -==>  Preparing: select `user_id`,`username`,`name`,`password`,`dept_id`,`email`,`mobile`,`status`,`user_id_create`,`gmt_create`,`gmt_modified`,`sex`,`birth`,`pic_id`,`live_address`,`hobby`,`province`,`city`,`district` from sys_user WHERE username = ? order by user_id desc 
2020-10-21 09:05:15 -==> Parameters: admin(String)
2020-10-21 09:05:15 -<==      Total: 1
2020-10-21 09:05:15 -耗时 : 61
2020-10-21 09:05:15 -返回值 : {msg=操作成功, code=0}
2020-10-21 09:05:15 -More than one TaskExecutor bean found within the context, and none is named 'taskExecutor'. Mark one of them as primary or name it 'taskExecutor' (possibly as an alias) in order to use it for async processing: [clientInboundChannelExecutor, clientOutboundChannelExecutor, brokerChannelExecutor, messageBrokerTaskScheduler]
2020-10-21 09:05:15 -==>  Preparing: insert into sys_log ( `user_id`, `username`, `operation`, `time`, `method`, `params`, `ip`, `gmt_create` ) values ( ?, ?, ?, ?, ?, ?, ?, ? ) 
2020-10-21 09:05:15 -==> Parameters: 1(Long), admin(String), 登录(String), 61(Integer), com.bootdo.system.controller.LoginController.ajaxLogin()(String), null, 127.0.0.1(String), 2020-10-21 09:05:15.781(Timestamp)
2020-10-21 09:05:15 -<==    Updates: 1
2020-10-21 09:05:18 -请求地址 : http://localhost:8066/index
2020-10-21 09:05:18 -HTTP METHOD : GET
2020-10-21 09:05:18 -CLASS_METHOD : com.bootdo.system.controller.LoginController.index
2020-10-21 09:05:18 -参数 : [{}]
2020-10-21 09:05:18 -==>  Preparing: select distinct m.menu_id , parent_id, name, url, perms,`type`,icon,order_num,gmt_create, gmt_modified from sys_menu m left join sys_role_menu rm on m.menu_id = rm.menu_id left join sys_user_role ur on rm.role_id =ur.role_id where ur.user_id = ? and m.type in(0,1) order by m.order_num 
2020-10-21 09:05:18 -==> Parameters: 1(Long)
2020-10-21 09:05:18 -<==      Total: 27
2020-10-21 09:05:18 -==>  Preparing: select `id`,`type`,`url`,`create_date` from sys_file where id = ? 
2020-10-21 09:05:18 -==> Parameters: 143(Long)
2020-10-21 09:05:18 -<==      Total: 1
2020-10-21 09:05:18 -耗时 : 149
2020-10-21 09:05:18 -返回值 : index_v1
2020-10-21 09:05:18 -==>  Preparing: insert into sys_log ( `user_id`, `username`, `operation`, `time`, `method`, `params`, `ip`, `gmt_create` ) values ( ?, ?, ?, ?, ?, ?, ?, ? ) 
2020-10-21 09:05:18 -==> Parameters: 1(Long), admin(String), 请求访问主页(String), 149(Integer), com.bootdo.system.controller.LoginController.index()(String), null, 127.0.0.1(String), 2020-10-21 09:05:18.406(Timestamp)
2020-10-21 09:05:18 -<==    Updates: 1
2020-10-21 09:05:18 -请求地址 : http://localhost:8066/main
2020-10-21 09:05:18 -HTTP METHOD : GET
2020-10-21 09:05:18 -CLASS_METHOD : com.bootdo.system.controller.LoginController.main
2020-10-21 09:05:18 -参数 : []
2020-10-21 09:05:18 -耗时 : 0
2020-10-21 09:05:18 -返回值 : main
2020-10-21 09:05:19 -请求地址 : http://localhost:8066/oa/notify/message
2020-10-21 09:05:19 -HTTP METHOD : GET
2020-10-21 09:05:19 -CLASS_METHOD : com.bootdo.oa.controller.NotifyController.message
2020-10-21 09:05:19 -参数 : []
2020-10-21 09:05:19 -==>  Preparing: select DISTINCT n.id ,`type`,`title`,`content`,`files`,r.is_read,`status`,`create_by`,`create_date`,`update_by`,`update_date`,`remarks`,`del_flag` from oa_notify_record r right JOIN oa_notify n on r.notify_id = n.id WHERE r.is_read = ? and r.user_id = ? order by is_read ASC, update_date DESC limit ?, ? 
2020-10-21 09:05:19 -==> Parameters: 0(String), 1(Long), 0(Integer), 3(Integer)
2020-10-21 09:05:19 -请求地址 : http://localhost:8066/main
2020-10-21 09:05:19 -HTTP METHOD : GET
2020-10-21 09:05:19 -CLASS_METHOD : com.bootdo.system.controller.LoginController.main
2020-10-21 09:05:19 -参数 : []
2020-10-21 09:05:19 -耗时 : 1
2020-10-21 09:05:19 -返回值 : main
2020-10-21 09:05:19 -<==      Total: 0
2020-10-21 09:05:19 -==>  Preparing: select count(*) from oa_notify_record r right JOIN oa_notify n on r.notify_id = n.id where r.user_id =? and r.is_read = ? 
2020-10-21 09:05:19 -==> Parameters: 1(Long), 0(String)
2020-10-21 09:05:19 -<==      Total: 1
2020-10-21 09:05:19 -耗时 : 153
2020-10-21 09:05:19 -返回值 : com.bootdo.common.utils.PageUtils@390274ed
2020-10-21 09:05:59 -WebSocketSession[0 current WS(0)-HttpStream(0)-HttpPoll(0), 1 total, 0 closed abnormally (0 connect failure, 0 send limit, 0 transport error)], stompSubProtocol[processed CONNECT(1)-CONNECTED(1)-DISCONNECT(0)], stompBrokerRelay[null], inboundChannel[pool size = 8, active threads = 0, queued tasks = 0, completed tasks = 12], outboundChannelpool size = 2, active threads = 0, queued tasks = 0, completed tasks = 2], sockJsScheduler[pool size = 4, active threads = 1, queued tasks = 1, completed tasks = 8]
2020-10-21 09:35:59 -WebSocketSession[0 current WS(0)-HttpStream(0)-HttpPoll(0), 1 total, 0 closed abnormally (0 connect failure, 0 send limit, 0 transport error)], stompSubProtocol[processed CONNECT(1)-CONNECTED(1)-DISCONNECT(0)], stompBrokerRelay[null], inboundChannel[pool size = 0, active threads = 0, queued tasks = 0, completed tasks = 12], outboundChannelpool size = 0, active threads = 0, queued tasks = 0, completed tasks = 2], sockJsScheduler[pool size = 4, active threads = 1, queued tasks = 1, completed tasks = 369]
2020-10-21 10:05:06 -Validating all active sessions...
2020-10-21 10:05:06 -Finished session validation.  [1] sessions were stopped.
2020-10-21 10:05:59 -WebSocketSession[0 current WS(0)-HttpStream(0)-HttpPoll(0), 1 total, 0 closed abnormally (0 connect failure, 0 send limit, 0 transport error)], stompSubProtocol[processed CONNECT(1)-CONNECTED(1)-DISCONNECT(0)], stompBrokerRelay[null], inboundChannel[pool size = 0, active threads = 0, queued tasks = 0, completed tasks = 12], outboundChannelpool size = 0, active threads = 0, queued tasks = 0, completed tasks = 2], sockJsScheduler[pool size = 4, active threads = 1, queued tasks = 1, completed tasks = 730]
2020-10-21 10:35:59 -WebSocketSession[0 current WS(0)-HttpStream(0)-HttpPoll(0), 1 total, 0 closed abnormally (0 connect failure, 0 send limit, 0 transport error)], stompSubProtocol[processed CONNECT(1)-CONNECTED(1)-DISCONNECT(0)], stompBrokerRelay[null], inboundChannel[pool size = 0, active threads = 0, queued tasks = 0, completed tasks = 12], outboundChannelpool size = 0, active threads = 0, queued tasks = 0, completed tasks = 2], sockJsScheduler[pool size = 4, active threads = 1, queued tasks = 1, completed tasks = 1091]
2020-10-21 11:05:06 -Validating all active sessions...
2020-10-21 11:05:06 -Finished session validation.  No sessions were stopped.
2020-10-21 11:05:59 -WebSocketSession[0 current WS(0)-HttpStream(0)-HttpPoll(0), 1 total, 0 closed abnormally (0 connect failure, 0 send limit, 0 transport error)], stompSubProtocol[processed CONNECT(1)-CONNECTED(1)-DISCONNECT(0)], stompBrokerRelay[null], inboundChannel[pool size = 0, active threads = 0, queued tasks = 0, completed tasks = 12], outboundChannelpool size = 0, active threads = 0, queued tasks = 0, completed tasks = 2], sockJsScheduler[pool size = 4, active threads = 1, queued tasks = 1, completed tasks = 1452]
2020-10-21 11:35:59 -WebSocketSession[0 current WS(0)-HttpStream(0)-HttpPoll(0), 1 total, 0 closed abnormally (0 connect failure, 0 send limit, 0 transport error)], stompSubProtocol[processed CONNECT(1)-CONNECTED(1)-DISCONNECT(0)], stompBrokerRelay[null], inboundChannel[pool size = 0, active threads = 0, queued tasks = 0, completed tasks = 12], outboundChannelpool size = 0, active threads = 0, queued tasks = 0, completed tasks = 2], sockJsScheduler[pool size = 4, active threads = 1, queued tasks = 1, completed tasks = 1813]
2020-10-21 11:40:52 -请求地址 : http://localhost:8066/
2020-10-21 11:40:52 -HTTP METHOD : GET
2020-10-21 11:40:52 -CLASS_METHOD : com.bootdo.system.controller.LoginController.welcome
2020-10-21 11:40:52 -参数 : [{}]
2020-10-21 11:40:52 -耗时 : 1
2020-10-21 11:40:52 -返回值 : login
2020-10-21 11:45:00 -请求地址 : http://localhost:8066/login
2020-10-21 11:45:00 -HTTP METHOD : POST
2020-10-21 11:45:00 -CLASS_METHOD : com.bootdo.system.controller.LoginController.ajaxLogin
2020-10-21 11:45:00 -参数 : [admin, 111111]
2020-10-21 11:45:00 -==>  Preparing: select `user_id`,`username`,`name`,`password`,`dept_id`,`email`,`mobile`,`status`,`user_id_create`,`gmt_create`,`gmt_modified`,`sex`,`birth`,`pic_id`,`live_address`,`hobby`,`province`,`city`,`district` from sys_user WHERE username = ? order by user_id desc 
2020-10-21 11:45:00 -==> Parameters: admin(String)
2020-10-21 11:45:00 -<==      Total: 1
2020-10-21 11:45:00 -耗时 : 7
2020-10-21 11:45:00 -返回值 : {msg=操作成功, code=0}
2020-10-21 11:45:00 -==>  Preparing: insert into sys_log ( `user_id`, `username`, `operation`, `time`, `method`, `params`, `ip`, `gmt_create` ) values ( ?, ?, ?, ?, ?, ?, ?, ? ) 
2020-10-21 11:45:01 -==> Parameters: 1(Long), admin(String), 登录(String), 7(Integer), com.bootdo.system.controller.LoginController.ajaxLogin()(String), null, 127.0.0.1(String), 2020-10-21 11:45:00.999(Timestamp)
2020-10-21 11:45:01 -<==    Updates: 1
2020-10-21 11:45:09 -请求地址 : http://localhost:8066/login
2020-10-21 11:45:09 -HTTP METHOD : GET
2020-10-21 11:45:09 -CLASS_METHOD : com.bootdo.system.controller.LoginController.login
2020-10-21 11:45:09 -参数 : []
2020-10-21 11:45:09 -耗时 : 1
2020-10-21 11:45:09 -返回值 : login
2020-10-21 11:45:10 -请求地址 : http://localhost:8066/login;JSESSIONID=bb35ffe1-4870-47ed-b417-69b7d451b976
2020-10-21 11:45:10 -HTTP METHOD : GET
2020-10-21 11:45:10 -CLASS_METHOD : com.bootdo.system.controller.LoginController.login
2020-10-21 11:45:10 -参数 : []
2020-10-21 11:45:10 -耗时 : 0
2020-10-21 11:45:10 -返回值 : login
2020-10-21 11:45:15 -请求地址 : http://localhost:8066/index
2020-10-21 11:45:15 -HTTP METHOD : GET
2020-10-21 11:45:15 -CLASS_METHOD : com.bootdo.system.controller.LoginController.index
2020-10-21 11:45:15 -参数 : [{}]
2020-10-21 11:45:15 -==>  Preparing: select distinct m.menu_id , parent_id, name, url, perms,`type`,icon,order_num,gmt_create, gmt_modified from sys_menu m left join sys_role_menu rm on m.menu_id = rm.menu_id left join sys_user_role ur on rm.role_id =ur.role_id where ur.user_id = ? and m.type in(0,1) order by m.order_num 
2020-10-21 11:45:15 -==> Parameters: 1(Long)
2020-10-21 11:45:15 -<==      Total: 27
2020-10-21 11:45:15 -==>  Preparing: select `id`,`type`,`url`,`create_date` from sys_file where id = ? 
2020-10-21 11:45:15 -==> Parameters: 143(Long)
2020-10-21 11:45:15 -<==      Total: 1
2020-10-21 11:45:15 -耗时 : 15
2020-10-21 11:45:15 -返回值 : index_v1
2020-10-21 11:45:15 -==>  Preparing: insert into sys_log ( `user_id`, `username`, `operation`, `time`, `method`, `params`, `ip`, `gmt_create` ) values ( ?, ?, ?, ?, ?, ?, ?, ? ) 
2020-10-21 11:45:15 -==> Parameters: 1(Long), admin(String), 请求访问主页(String), 16(Integer), com.bootdo.system.controller.LoginController.index()(String), null, 127.0.0.1(String), 2020-10-21 11:45:15.887(Timestamp)
2020-10-21 11:45:15 -<==    Updates: 1
2020-10-21 11:45:15 -请求地址 : http://localhost:8066/main
2020-10-21 11:45:15 -HTTP METHOD : GET
2020-10-21 11:45:15 -CLASS_METHOD : com.bootdo.system.controller.LoginController.main
2020-10-21 11:45:15 -参数 : []
2020-10-21 11:45:15 -耗时 : 1
2020-10-21 11:45:15 -返回值 : main
2020-10-21 11:45:16 -请求地址 : http://localhost:8066/main
2020-10-21 11:45:16 -HTTP METHOD : GET
2020-10-21 11:45:16 -CLASS_METHOD : com.bootdo.system.controller.LoginController.main
2020-10-21 11:45:16 -参数 : []
2020-10-21 11:45:16 -请求地址 : http://localhost:8066/oa/notify/message
2020-10-21 11:45:16 -耗时 : 0
2020-10-21 11:45:16 -HTTP METHOD : GET
2020-10-21 11:45:16 -CLASS_METHOD : com.bootdo.oa.controller.NotifyController.message
2020-10-21 11:45:16 -参数 : []
2020-10-21 11:45:16 -返回值 : main
2020-10-21 11:45:16 -==>  Preparing: select DISTINCT n.id ,`type`,`title`,`content`,`files`,r.is_read,`status`,`create_by`,`create_date`,`update_by`,`update_date`,`remarks`,`del_flag` from oa_notify_record r right JOIN oa_notify n on r.notify_id = n.id WHERE r.is_read = ? and r.user_id = ? order by is_read ASC, update_date DESC limit ?, ? 
2020-10-21 11:45:16 -==> Parameters: 0(String), 1(Long), 0(Integer), 3(Integer)
2020-10-21 11:45:16 -<==      Total: 0
2020-10-21 11:45:16 -==>  Preparing: select count(*) from oa_notify_record r right JOIN oa_notify n on r.notify_id = n.id where r.user_id =? and r.is_read = ? 
2020-10-21 11:45:16 -==> Parameters: 1(Long), 0(String)
2020-10-21 11:45:16 -<==      Total: 1
2020-10-21 11:45:16 -耗时 : 5
2020-10-21 11:45:16 -返回值 : com.bootdo.common.utils.PageUtils@6a0db88f
2020-10-21 11:45:20 -请求地址 : http://localhost:8066/index
2020-10-21 11:45:20 -HTTP METHOD : GET
2020-10-21 11:45:20 -CLASS_METHOD : com.bootdo.system.controller.LoginController.index
2020-10-21 11:45:20 -参数 : [{}]
2020-10-21 11:45:20 -==>  Preparing: select distinct m.menu_id , parent_id, name, url, perms,`type`,icon,order_num,gmt_create, gmt_modified from sys_menu m left join sys_role_menu rm on m.menu_id = rm.menu_id left join sys_user_role ur on rm.role_id =ur.role_id where ur.user_id = ? and m.type in(0,1) order by m.order_num 
2020-10-21 11:45:20 -==> Parameters: 1(Long)
2020-10-21 11:45:20 -<==      Total: 27
2020-10-21 11:45:20 -==>  Preparing: select `id`,`type`,`url`,`create_date` from sys_file where id = ? 
2020-10-21 11:45:20 -==> Parameters: 143(Long)
2020-10-21 11:45:20 -<==      Total: 1
2020-10-21 11:45:20 -耗时 : 18
2020-10-21 11:45:20 -返回值 : index_v1
2020-10-21 11:45:20 -==>  Preparing: insert into sys_log ( `user_id`, `username`, `operation`, `time`, `method`, `params`, `ip`, `gmt_create` ) values ( ?, ?, ?, ?, ?, ?, ?, ? ) 
2020-10-21 11:45:20 -==> Parameters: 1(Long), admin(String), 请求访问主页(String), 18(Integer), com.bootdo.system.controller.LoginController.index()(String), null, 127.0.0.1(String), 2020-10-21 11:45:20.243(Timestamp)
2020-10-21 11:45:20 -<==    Updates: 1
2020-10-21 11:45:20 -请求地址 : http://localhost:8066/main
2020-10-21 11:45:20 -HTTP METHOD : GET
2020-10-21 11:45:20 -CLASS_METHOD : com.bootdo.system.controller.LoginController.main
2020-10-21 11:45:20 -参数 : []
2020-10-21 11:45:20 -耗时 : 1
2020-10-21 11:45:20 -返回值 : main
2020-10-21 11:45:20 -请求地址 : http://localhost:8066/oa/notify/message
2020-10-21 11:45:20 -HTTP METHOD : GET
2020-10-21 11:45:20 -CLASS_METHOD : com.bootdo.oa.controller.NotifyController.message
2020-10-21 11:45:20 -参数 : []
2020-10-21 11:45:20 -==>  Preparing: select DISTINCT n.id ,`type`,`title`,`content`,`files`,r.is_read,`status`,`create_by`,`create_date`,`update_by`,`update_date`,`remarks`,`del_flag` from oa_notify_record r right JOIN oa_notify n on r.notify_id = n.id WHERE r.is_read = ? and r.user_id = ? order by is_read ASC, update_date DESC limit ?, ? 
2020-10-21 11:45:20 -==> Parameters: 0(String), 1(Long), 0(Integer), 3(Integer)
2020-10-21 11:45:20 -<==      Total: 0
2020-10-21 11:45:20 -==>  Preparing: select count(*) from oa_notify_record r right JOIN oa_notify n on r.notify_id = n.id where r.user_id =? and r.is_read = ? 
2020-10-21 11:45:20 -==> Parameters: 1(Long), 0(String)
2020-10-21 11:45:20 -<==      Total: 1
2020-10-21 11:45:20 -耗时 : 6
2020-10-21 11:45:20 -返回值 : com.bootdo.common.utils.PageUtils@49b56fc3
2020-10-21 11:45:20 -请求地址 : http://localhost:8066/main
2020-10-21 11:45:20 -HTTP METHOD : GET
2020-10-21 11:45:20 -CLASS_METHOD : com.bootdo.system.controller.LoginController.main
2020-10-21 11:45:20 -参数 : []
2020-10-21 11:45:20 -耗时 : 0
2020-10-21 11:45:20 -返回值 : main
2020-10-21 11:45:23 -请求地址 : http://localhost:8066/
2020-10-21 11:45:23 -HTTP METHOD : GET
2020-10-21 11:45:23 -CLASS_METHOD : com.bootdo.system.controller.LoginController.welcome
2020-10-21 11:45:23 -参数 : [{}]
2020-10-21 11:45:23 -耗时 : 0
2020-10-21 11:45:23 -返回值 : login
2020-10-21 11:45:27 -请求地址 : http://localhost:8066/
2020-10-21 11:45:27 -HTTP METHOD : GET
2020-10-21 11:45:27 -CLASS_METHOD : com.bootdo.system.controller.LoginController.welcome
2020-10-21 11:45:27 -参数 : [{}]
2020-10-21 11:45:27 -耗时 : 0
2020-10-21 11:45:27 -返回值 : login
2020-10-21 12:05:06 -Validating all active sessions...
2020-10-21 12:05:06 -Finished session validation.  No sessions were stopped.
2020-10-21 12:05:59 -WebSocketSession[0 current WS(0)-HttpStream(0)-HttpPoll(0), 3 total, 0 closed abnormally (0 connect failure, 0 send limit, 0 transport error)], stompSubProtocol[processed CONNECT(3)-CONNECTED(3)-DISCONNECT(0)], stompBrokerRelay[null], inboundChannel[pool size = 0, active threads = 0, queued tasks = 0, completed tasks = 36], outboundChannelpool size = 0, active threads = 0, queued tasks = 0, completed tasks = 6], sockJsScheduler[pool size = 4, active threads = 1, queued tasks = 1, completed tasks = 2174]
2020-10-21 12:35:59 -WebSocketSession[0 current WS(0)-HttpStream(0)-HttpPoll(0), 3 total, 0 closed abnormally (0 connect failure, 0 send limit, 0 transport error)], stompSubProtocol[processed CONNECT(3)-CONNECTED(3)-DISCONNECT(0)], stompBrokerRelay[null], inboundChannel[pool size = 0, active threads = 0, queued tasks = 0, completed tasks = 36], outboundChannelpool size = 0, active threads = 0, queued tasks = 0, completed tasks = 6], sockJsScheduler[pool size = 4, active threads = 1, queued tasks = 1, completed tasks = 2535]
2020-10-21 13:05:06 -Validating all active sessions...
2020-10-21 13:05:06 -Finished session validation.  [2] sessions were stopped.
2020-10-21 13:05:59 -WebSocketSession[0 current WS(0)-HttpStream(0)-HttpPoll(0), 3 total, 0 closed abnormally (0 connect failure, 0 send limit, 0 transport error)], stompSubProtocol[processed CONNECT(3)-CONNECTED(3)-DISCONNECT(0)], stompBrokerRelay[null], inboundChannel[pool size = 0, active threads = 0, queued tasks = 0, completed tasks = 36], outboundChannelpool size = 0, active threads = 0, queued tasks = 0, completed tasks = 6], sockJsScheduler[pool size = 4, active threads = 1, queued tasks = 1, completed tasks = 2896]
2020-10-21 13:35:59 -WebSocketSession[0 current WS(0)-HttpStream(0)-HttpPoll(0), 3 total, 0 closed abnormally (0 connect failure, 0 send limit, 0 transport error)], stompSubProtocol[processed CONNECT(3)-CONNECTED(3)-DISCONNECT(0)], stompBrokerRelay[null], inboundChannel[pool size = 0, active threads = 0, queued tasks = 0, completed tasks = 36], outboundChannelpool size = 0, active threads = 0, queued tasks = 0, completed tasks = 6], sockJsScheduler[pool size = 4, active threads = 1, queued tasks = 1, completed tasks = 3257]
2020-10-21 14:05:06 -Validating all active sessions...
2020-10-21 14:05:06 -Finished session validation.  No sessions were stopped.
2020-10-21 14:05:59 -WebSocketSession[0 current WS(0)-HttpStream(0)-HttpPoll(0), 3 total, 0 closed abnormally (0 connect failure, 0 send limit, 0 transport error)], stompSubProtocol[processed CONNECT(3)-CONNECTED(3)-DISCONNECT(0)], stompBrokerRelay[null], inboundChannel[pool size = 0, active threads = 0, queued tasks = 0, completed tasks = 36], outboundChannelpool size = 0, active threads = 0, queued tasks = 0, completed tasks = 6], sockJsScheduler[pool size = 4, active threads = 1, queued tasks = 1, completed tasks = 3618]
2020-10-21 14:35:59 -WebSocketSession[0 current WS(0)-HttpStream(0)-HttpPoll(0), 3 total, 0 closed abnormally (0 connect failure, 0 send limit, 0 transport error)], stompSubProtocol[processed CONNECT(3)-CONNECTED(3)-DISCONNECT(0)], stompBrokerRelay[null], inboundChannel[pool size = 0, active threads = 0, queued tasks = 0, completed tasks = 36], outboundChannelpool size = 0, active threads = 0, queued tasks = 0, completed tasks = 6], sockJsScheduler[pool size = 4, active threads = 1, queued tasks = 1, completed tasks = 3979]
2020-10-21 15:05:06 -Validating all active sessions...
2020-10-21 15:05:06 -Finished session validation.  No sessions were stopped.
2020-10-21 15:05:59 -WebSocketSession[0 current WS(0)-HttpStream(0)-HttpPoll(0), 3 total, 0 closed abnormally (0 connect failure, 0 send limit, 0 transport error)], stompSubProtocol[processed CONNECT(3)-CONNECTED(3)-DISCONNECT(0)], stompBrokerRelay[null], inboundChannel[pool size = 0, active threads = 0, queued tasks = 0, completed tasks = 36], outboundChannelpool size = 0, active threads = 0, queued tasks = 0, completed tasks = 6], sockJsScheduler[pool size = 4, active threads = 1, queued tasks = 1, completed tasks = 4340]
2020-10-21 15:35:59 -WebSocketSession[0 current WS(0)-HttpStream(0)-HttpPoll(0), 3 total, 0 closed abnormally (0 connect failure, 0 send limit, 0 transport error)], stompSubProtocol[processed CONNECT(3)-CONNECTED(3)-DISCONNECT(0)], stompBrokerRelay[null], inboundChannel[pool size = 0, active threads = 0, queued tasks = 0, completed tasks = 36], outboundChannelpool size = 0, active threads = 0, queued tasks = 0, completed tasks = 6], sockJsScheduler[pool size = 4, active threads = 1, queued tasks = 1, completed tasks = 4701]
2020-10-21 16:05:06 -Validating all active sessions...
2020-10-21 16:05:06 -Finished session validation.  No sessions were stopped.
2020-10-21 16:05:59 -WebSocketSession[0 current WS(0)-HttpStream(0)-HttpPoll(0), 3 total, 0 closed abnormally (0 connect failure, 0 send limit, 0 transport error)], stompSubProtocol[processed CONNECT(3)-CONNECTED(3)-DISCONNECT(0)], stompBrokerRelay[null], inboundChannel[pool size = 0, active threads = 0, queued tasks = 0, completed tasks = 36], outboundChannelpool size = 0, active threads = 0, queued tasks = 0, completed tasks = 6], sockJsScheduler[pool size = 4, active threads = 1, queued tasks = 1, completed tasks = 5062]
2020-10-21 16:35:59 -WebSocketSession[0 current WS(0)-HttpStream(0)-HttpPoll(0), 3 total, 0 closed abnormally (0 connect failure, 0 send limit, 0 transport error)], stompSubProtocol[processed CONNECT(3)-CONNECTED(3)-DISCONNECT(0)], stompBrokerRelay[null], inboundChannel[pool size = 0, active threads = 0, queued tasks = 0, completed tasks = 36], outboundChannelpool size = 0, active threads = 0, queued tasks = 0, completed tasks = 6], sockJsScheduler[pool size = 4, active threads = 1, queued tasks = 1, completed tasks = 5423]
2020-10-21 17:05:07 -Validating all active sessions...
2020-10-21 17:05:07 -Finished session validation.  No sessions were stopped.
2020-10-21 17:05:59 -WebSocketSession[0 current WS(0)-HttpStream(0)-HttpPoll(0), 3 total, 0 closed abnormally (0 connect failure, 0 send limit, 0 transport error)], stompSubProtocol[processed CONNECT(3)-CONNECTED(3)-DISCONNECT(0)], stompBrokerRelay[null], inboundChannel[pool size = 0, active threads = 0, queued tasks = 0, completed tasks = 36], outboundChannelpool size = 0, active threads = 0, queued tasks = 0, completed tasks = 6], sockJsScheduler[pool size = 4, active threads = 1, queued tasks = 1, completed tasks = 5784]
2020-10-21 17:35:59 -WebSocketSession[0 current WS(0)-HttpStream(0)-HttpPoll(0), 3 total, 0 closed abnormally (0 connect failure, 0 send limit, 0 transport error)], stompSubProtocol[processed CONNECT(3)-CONNECTED(3)-DISCONNECT(0)], stompBrokerRelay[null], inboundChannel[pool size = 0, active threads = 0, queued tasks = 0, completed tasks = 36], outboundChannelpool size = 0, active threads = 0, queued tasks = 0, completed tasks = 6], sockJsScheduler[pool size = 4, active threads = 1, queued tasks = 1, completed tasks = 6145]
2020-10-21 18:05:07 -Validating all active sessions...
2020-10-21 18:05:07 -Finished session validation.  No sessions were stopped.
2020-10-21 18:05:59 -WebSocketSession[0 current WS(0)-HttpStream(0)-HttpPoll(0), 3 total, 0 closed abnormally (0 connect failure, 0 send limit, 0 transport error)], stompSubProtocol[processed CONNECT(3)-CONNECTED(3)-DISCONNECT(0)], stompBrokerRelay[null], inboundChannel[pool size = 0, active threads = 0, queued tasks = 0, completed tasks = 36], outboundChannelpool size = 0, active threads = 0, queued tasks = 0, completed tasks = 6], sockJsScheduler[pool size = 4, active threads = 1, queued tasks = 1, completed tasks = 6506]
2020-10-21 18:35:59 -WebSocketSession[0 current WS(0)-HttpStream(0)-HttpPoll(0), 3 total, 0 closed abnormally (0 connect failure, 0 send limit, 0 transport error)], stompSubProtocol[processed CONNECT(3)-CONNECTED(3)-DISCONNECT(0)], stompBrokerRelay[null], inboundChannel[pool size = 0, active threads = 0, queued tasks = 0, completed tasks = 36], outboundChannelpool size = 0, active threads = 0, queued tasks = 0, completed tasks = 6], sockJsScheduler[pool size = 4, active threads = 1, queued tasks = 1, completed tasks = 6867]
2020-10-21 19:05:07 -Validating all active sessions...
2020-10-21 19:05:07 -Finished session validation.  No sessions were stopped.
2020-10-21 19:05:59 -WebSocketSession[0 current WS(0)-HttpStream(0)-HttpPoll(0), 3 total, 0 closed abnormally (0 connect failure, 0 send limit, 0 transport error)], stompSubProtocol[processed CONNECT(3)-CONNECTED(3)-DISCONNECT(0)], stompBrokerRelay[null], inboundChannel[pool size = 0, active threads = 0, queued tasks = 0, completed tasks = 36], outboundChannelpool size = 0, active threads = 0, queued tasks = 0, completed tasks = 6], sockJsScheduler[pool size = 4, active threads = 1, queued tasks = 1, completed tasks = 7228]
2020-10-21 19:35:59 -WebSocketSession[0 current WS(0)-HttpStream(0)-HttpPoll(0), 3 total, 0 closed abnormally (0 connect failure, 0 send limit, 0 transport error)], stompSubProtocol[processed CONNECT(3)-CONNECTED(3)-DISCONNECT(0)], stompBrokerRelay[null], inboundChannel[pool size = 0, active threads = 0, queued tasks = 0, completed tasks = 36], outboundChannelpool size = 0, active threads = 0, queued tasks = 0, completed tasks = 6], sockJsScheduler[pool size = 4, active threads = 1, queued tasks = 1, completed tasks = 7589]
2020-10-21 20:05:07 -Validating all active sessions...
2020-10-21 20:05:07 -Finished session validation.  No sessions were stopped.
2020-10-21 20:05:59 -WebSocketSession[0 current WS(0)-HttpStream(0)-HttpPoll(0), 3 total, 0 closed abnormally (0 connect failure, 0 send limit, 0 transport error)], stompSubProtocol[processed CONNECT(3)-CONNECTED(3)-DISCONNECT(0)], stompBrokerRelay[null], inboundChannel[pool size = 0, active threads = 0, queued tasks = 0, completed tasks = 36], outboundChannelpool size = 0, active threads = 0, queued tasks = 0, completed tasks = 6], sockJsScheduler[pool size = 4, active threads = 1, queued tasks = 1, completed tasks = 7950]
2020-10-21 20:35:59 -WebSocketSession[0 current WS(0)-HttpStream(0)-HttpPoll(0), 3 total, 0 closed abnormally (0 connect failure, 0 send limit, 0 transport error)], stompSubProtocol[processed CONNECT(3)-CONNECTED(3)-DISCONNECT(0)], stompBrokerRelay[null], inboundChannel[pool size = 0, active threads = 0, queued tasks = 0, completed tasks = 36], outboundChannelpool size = 0, active threads = 0, queued tasks = 0, completed tasks = 6], sockJsScheduler[pool size = 4, active threads = 1, queued tasks = 1, completed tasks = 8311]
2020-10-21 21:05:07 -Validating all active sessions...
2020-10-21 21:05:07 -Finished session validation.  No sessions were stopped.
2020-10-21 21:05:59 -WebSocketSession[0 current WS(0)-HttpStream(0)-HttpPoll(0), 3 total, 0 closed abnormally (0 connect failure, 0 send limit, 0 transport error)], stompSubProtocol[processed CONNECT(3)-CONNECTED(3)-DISCONNECT(0)], stompBrokerRelay[null], inboundChannel[pool size = 0, active threads = 0, queued tasks = 0, completed tasks = 36], outboundChannelpool size = 0, active threads = 0, queued tasks = 0, completed tasks = 6], sockJsScheduler[pool size = 4, active threads = 1, queued tasks = 1, completed tasks = 8672]
2020-10-21 21:35:59 -WebSocketSession[0 current WS(0)-HttpStream(0)-HttpPoll(0), 3 total, 0 closed abnormally (0 connect failure, 0 send limit, 0 transport error)], stompSubProtocol[processed CONNECT(3)-CONNECTED(3)-DISCONNECT(0)], stompBrokerRelay[null], inboundChannel[pool size = 0, active threads = 0, queued tasks = 0, completed tasks = 36], outboundChannelpool size = 0, active threads = 0, queued tasks = 0, completed tasks = 6], sockJsScheduler[pool size = 4, active threads = 1, queued tasks = 1, completed tasks = 9033]
2020-10-21 22:05:07 -Validating all active sessions...
2020-10-21 22:05:07 -Finished session validation.  No sessions were stopped.
2020-10-21 22:05:59 -WebSocketSession[0 current WS(0)-HttpStream(0)-HttpPoll(0), 3 total, 0 closed abnormally (0 connect failure, 0 send limit, 0 transport error)], stompSubProtocol[processed CONNECT(3)-CONNECTED(3)-DISCONNECT(0)], stompBrokerRelay[null], inboundChannel[pool size = 0, active threads = 0, queued tasks = 0, completed tasks = 36], outboundChannelpool size = 0, active threads = 0, queued tasks = 0, completed tasks = 6], sockJsScheduler[pool size = 4, active threads = 1, queued tasks = 1, completed tasks = 9394]
2020-10-21 22:35:59 -WebSocketSession[0 current WS(0)-HttpStream(0)-HttpPoll(0), 3 total, 0 closed abnormally (0 connect failure, 0 send limit, 0 transport error)], stompSubProtocol[processed CONNECT(3)-CONNECTED(3)-DISCONNECT(0)], stompBrokerRelay[null], inboundChannel[pool size = 0, active threads = 0, queued tasks = 0, completed tasks = 36], outboundChannelpool size = 0, active threads = 0, queued tasks = 0, completed tasks = 6], sockJsScheduler[pool size = 4, active threads = 1, queued tasks = 1, completed tasks = 9755]
2020-10-21 23:05:07 -Validating all active sessions...
2020-10-21 23:05:07 -Finished session validation.  No sessions were stopped.
2020-10-21 23:05:59 -WebSocketSession[0 current WS(0)-HttpStream(0)-HttpPoll(0), 3 total, 0 closed abnormally (0 connect failure, 0 send limit, 0 transport error)], stompSubProtocol[processed CONNECT(3)-CONNECTED(3)-DISCONNECT(0)], stompBrokerRelay[null], inboundChannel[pool size = 0, active threads = 0, queued tasks = 0, completed tasks = 36], outboundChannelpool size = 0, active threads = 0, queued tasks = 0, completed tasks = 6], sockJsScheduler[pool size = 4, active threads = 1, queued tasks = 1, completed tasks = 10116]
2020-10-21 23:35:59 -WebSocketSession[0 current WS(0)-HttpStream(0)-HttpPoll(0), 3 total, 0 closed abnormally (0 connect failure, 0 send limit, 0 transport error)], stompSubProtocol[processed CONNECT(3)-CONNECTED(3)-DISCONNECT(0)], stompBrokerRelay[null], inboundChannel[pool size = 0, active threads = 0, queued tasks = 0, completed tasks = 36], outboundChannelpool size = 0, active threads = 0, queued tasks = 0, completed tasks = 6], sockJsScheduler[pool size = 4, active threads = 1, queued tasks = 1, completed tasks = 10477]
