2020-10-14 00:17:54 -WebSocketSession[0 current WS(0)-HttpStream(0)-HttpPoll(0), 15 total, 0 closed abnormally (0 connect failure, 0 send limit, 0 transport error)], stompSubProtocol[processed CONNECT(15)-CONNECTED(15)-DISCONNECT(0)], stompBrokerRelay[null], inboundChannel[pool size = 0, active threads = 0, queued tasks = 0, completed tasks = 180], outboundChannelpool size = 0, active threads = 0, queued tasks = 0, completed tasks = 30], sockJsScheduler[pool size = 4, active threads = 1, queued tasks = 1, completed tasks = 63570]
2020-10-14 00:47:54 -WebSocketSession[0 current WS(0)-HttpStream(0)-HttpPoll(0), 15 total, 0 closed abnormally (0 connect failure, 0 send limit, 0 transport error)], stompSubProtocol[processed CONNECT(15)-CONNECTED(15)-DISCONNECT(0)], stompBrokerRelay[null], inboundChannel[pool size = 0, active threads = 0, queued tasks = 0, completed tasks = 180], outboundChannelpool size = 0, active threads = 0, queued tasks = 0, completed tasks = 30], sockJsScheduler[pool size = 4, active threads = 1, queued tasks = 1, completed tasks = 63931]
2020-10-14 00:47:55 -Validating all active sessions...
2020-10-14 00:47:55 -Finished session validation.  No sessions were stopped.
2020-10-14 01:17:54 -WebSocketSession[0 current WS(0)-HttpStream(0)-HttpPoll(0), 15 total, 0 closed abnormally (0 connect failure, 0 send limit, 0 transport error)], stompSubProtocol[processed CONNECT(15)-CONNECTED(15)-DISCONNECT(0)], stompBrokerRelay[null], inboundChannel[pool size = 0, active threads = 0, queued tasks = 0, completed tasks = 180], outboundChannelpool size = 0, active threads = 0, queued tasks = 0, completed tasks = 30], sockJsScheduler[pool size = 4, active threads = 1, queued tasks = 1, completed tasks = 64292]
2020-10-14 01:47:54 -WebSocketSession[0 current WS(0)-HttpStream(0)-HttpPoll(0), 15 total, 0 closed abnormally (0 connect failure, 0 send limit, 0 transport error)], stompSubProtocol[processed CONNECT(15)-CONNECTED(15)-DISCONNECT(0)], stompBrokerRelay[null], inboundChannel[pool size = 0, active threads = 0, queued tasks = 0, completed tasks = 180], outboundChannelpool size = 0, active threads = 0, queued tasks = 0, completed tasks = 30], sockJsScheduler[pool size = 4, active threads = 1, queued tasks = 1, completed tasks = 64653]
2020-10-14 01:47:56 -Validating all active sessions...
2020-10-14 01:47:56 -Finished session validation.  No sessions were stopped.
2020-10-14 02:17:54 -WebSocketSession[0 current WS(0)-HttpStream(0)-HttpPoll(0), 15 total, 0 closed abnormally (0 connect failure, 0 send limit, 0 transport error)], stompSubProtocol[processed CONNECT(15)-CONNECTED(15)-DISCONNECT(0)], stompBrokerRelay[null], inboundChannel[pool size = 0, active threads = 0, queued tasks = 0, completed tasks = 180], outboundChannelpool size = 0, active threads = 0, queued tasks = 0, completed tasks = 30], sockJsScheduler[pool size = 4, active threads = 1, queued tasks = 1, completed tasks = 65014]
2020-10-14 02:47:54 -WebSocketSession[0 current WS(0)-HttpStream(0)-HttpPoll(0), 15 total, 0 closed abnormally (0 connect failure, 0 send limit, 0 transport error)], stompSubProtocol[processed CONNECT(15)-CONNECTED(15)-DISCONNECT(0)], stompBrokerRelay[null], inboundChannel[pool size = 0, active threads = 0, queued tasks = 0, completed tasks = 180], outboundChannelpool size = 0, active threads = 0, queued tasks = 0, completed tasks = 30], sockJsScheduler[pool size = 4, active threads = 1, queued tasks = 1, completed tasks = 65375]
2020-10-14 02:47:56 -Validating all active sessions...
2020-10-14 02:47:56 -Finished session validation.  No sessions were stopped.
2020-10-14 03:17:54 -WebSocketSession[0 current WS(0)-HttpStream(0)-HttpPoll(0), 15 total, 0 closed abnormally (0 connect failure, 0 send limit, 0 transport error)], stompSubProtocol[processed CONNECT(15)-CONNECTED(15)-DISCONNECT(0)], stompBrokerRelay[null], inboundChannel[pool size = 0, active threads = 0, queued tasks = 0, completed tasks = 180], outboundChannelpool size = 0, active threads = 0, queued tasks = 0, completed tasks = 30], sockJsScheduler[pool size = 4, active threads = 1, queued tasks = 1, completed tasks = 65736]
2020-10-14 03:47:54 -WebSocketSession[0 current WS(0)-HttpStream(0)-HttpPoll(0), 15 total, 0 closed abnormally (0 connect failure, 0 send limit, 0 transport error)], stompSubProtocol[processed CONNECT(15)-CONNECTED(15)-DISCONNECT(0)], stompBrokerRelay[null], inboundChannel[pool size = 0, active threads = 0, queued tasks = 0, completed tasks = 180], outboundChannelpool size = 0, active threads = 0, queued tasks = 0, completed tasks = 30], sockJsScheduler[pool size = 4, active threads = 1, queued tasks = 1, completed tasks = 66097]
2020-10-14 03:47:56 -Validating all active sessions...
2020-10-14 03:47:56 -Finished session validation.  No sessions were stopped.
2020-10-14 04:17:54 -WebSocketSession[0 current WS(0)-HttpStream(0)-HttpPoll(0), 15 total, 0 closed abnormally (0 connect failure, 0 send limit, 0 transport error)], stompSubProtocol[processed CONNECT(15)-CONNECTED(15)-DISCONNECT(0)], stompBrokerRelay[null], inboundChannel[pool size = 0, active threads = 0, queued tasks = 0, completed tasks = 180], outboundChannelpool size = 0, active threads = 0, queued tasks = 0, completed tasks = 30], sockJsScheduler[pool size = 4, active threads = 1, queued tasks = 1, completed tasks = 66458]
2020-10-14 04:47:54 -WebSocketSession[0 current WS(0)-HttpStream(0)-HttpPoll(0), 15 total, 0 closed abnormally (0 connect failure, 0 send limit, 0 transport error)], stompSubProtocol[processed CONNECT(15)-CONNECTED(15)-DISCONNECT(0)], stompBrokerRelay[null], inboundChannel[pool size = 0, active threads = 0, queued tasks = 0, completed tasks = 180], outboundChannelpool size = 0, active threads = 0, queued tasks = 0, completed tasks = 30], sockJsScheduler[pool size = 4, active threads = 1, queued tasks = 1, completed tasks = 66819]
2020-10-14 04:47:56 -Validating all active sessions...
2020-10-14 04:47:56 -Finished session validation.  No sessions were stopped.
2020-10-14 05:17:54 -WebSocketSession[0 current WS(0)-HttpStream(0)-HttpPoll(0), 15 total, 0 closed abnormally (0 connect failure, 0 send limit, 0 transport error)], stompSubProtocol[processed CONNECT(15)-CONNECTED(15)-DISCONNECT(0)], stompBrokerRelay[null], inboundChannel[pool size = 0, active threads = 0, queued tasks = 0, completed tasks = 180], outboundChannelpool size = 0, active threads = 0, queued tasks = 0, completed tasks = 30], sockJsScheduler[pool size = 4, active threads = 1, queued tasks = 1, completed tasks = 67180]
2020-10-14 05:47:54 -WebSocketSession[0 current WS(0)-HttpStream(0)-HttpPoll(0), 15 total, 0 closed abnormally (0 connect failure, 0 send limit, 0 transport error)], stompSubProtocol[processed CONNECT(15)-CONNECTED(15)-DISCONNECT(0)], stompBrokerRelay[null], inboundChannel[pool size = 0, active threads = 0, queued tasks = 0, completed tasks = 180], outboundChannelpool size = 0, active threads = 0, queued tasks = 0, completed tasks = 30], sockJsScheduler[pool size = 4, active threads = 1, queued tasks = 1, completed tasks = 67541]
2020-10-14 05:47:56 -Validating all active sessions...
2020-10-14 05:47:56 -Finished session validation.  No sessions were stopped.
2020-10-14 06:17:54 -WebSocketSession[0 current WS(0)-HttpStream(0)-HttpPoll(0), 15 total, 0 closed abnormally (0 connect failure, 0 send limit, 0 transport error)], stompSubProtocol[processed CONNECT(15)-CONNECTED(15)-DISCONNECT(0)], stompBrokerRelay[null], inboundChannel[pool size = 0, active threads = 0, queued tasks = 0, completed tasks = 180], outboundChannelpool size = 0, active threads = 0, queued tasks = 0, completed tasks = 30], sockJsScheduler[pool size = 4, active threads = 1, queued tasks = 1, completed tasks = 67902]
2020-10-14 06:47:54 -WebSocketSession[0 current WS(0)-HttpStream(0)-HttpPoll(0), 15 total, 0 closed abnormally (0 connect failure, 0 send limit, 0 transport error)], stompSubProtocol[processed CONNECT(15)-CONNECTED(15)-DISCONNECT(0)], stompBrokerRelay[null], inboundChannel[pool size = 0, active threads = 0, queued tasks = 0, completed tasks = 180], outboundChannelpool size = 0, active threads = 0, queued tasks = 0, completed tasks = 30], sockJsScheduler[pool size = 4, active threads = 1, queued tasks = 1, completed tasks = 68263]
2020-10-14 06:47:56 -Validating all active sessions...
2020-10-14 06:47:56 -Finished session validation.  No sessions were stopped.
2020-10-14 07:17:54 -WebSocketSession[0 current WS(0)-HttpStream(0)-HttpPoll(0), 15 total, 0 closed abnormally (0 connect failure, 0 send limit, 0 transport error)], stompSubProtocol[processed CONNECT(15)-CONNECTED(15)-DISCONNECT(0)], stompBrokerRelay[null], inboundChannel[pool size = 0, active threads = 0, queued tasks = 0, completed tasks = 180], outboundChannelpool size = 0, active threads = 0, queued tasks = 0, completed tasks = 30], sockJsScheduler[pool size = 4, active threads = 1, queued tasks = 1, completed tasks = 68624]
2020-10-14 07:47:54 -WebSocketSession[0 current WS(0)-HttpStream(0)-HttpPoll(0), 15 total, 0 closed abnormally (0 connect failure, 0 send limit, 0 transport error)], stompSubProtocol[processed CONNECT(15)-CONNECTED(15)-DISCONNECT(0)], stompBrokerRelay[null], inboundChannel[pool size = 0, active threads = 0, queued tasks = 0, completed tasks = 180], outboundChannelpool size = 0, active threads = 0, queued tasks = 0, completed tasks = 30], sockJsScheduler[pool size = 4, active threads = 1, queued tasks = 1, completed tasks = 68985]
2020-10-14 07:47:56 -Validating all active sessions...
2020-10-14 07:47:56 -Finished session validation.  No sessions were stopped.
2020-10-14 08:17:55 -WebSocketSession[0 current WS(0)-HttpStream(0)-HttpPoll(0), 15 total, 0 closed abnormally (0 connect failure, 0 send limit, 0 transport error)], stompSubProtocol[processed CONNECT(15)-CONNECTED(15)-DISCONNECT(0)], stompBrokerRelay[null], inboundChannel[pool size = 0, active threads = 0, queued tasks = 0, completed tasks = 180], outboundChannelpool size = 0, active threads = 0, queued tasks = 0, completed tasks = 30], sockJsScheduler[pool size = 4, active threads = 1, queued tasks = 1, completed tasks = 69346]
2020-10-14 08:47:55 -WebSocketSession[0 current WS(0)-HttpStream(0)-HttpPoll(0), 15 total, 0 closed abnormally (0 connect failure, 0 send limit, 0 transport error)], stompSubProtocol[processed CONNECT(15)-CONNECTED(15)-DISCONNECT(0)], stompBrokerRelay[null], inboundChannel[pool size = 0, active threads = 0, queued tasks = 0, completed tasks = 180], outboundChannelpool size = 0, active threads = 0, queued tasks = 0, completed tasks = 30], sockJsScheduler[pool size = 4, active threads = 1, queued tasks = 1, completed tasks = 69707]
2020-10-14 08:47:56 -Validating all active sessions...
2020-10-14 08:47:56 -Finished session validation.  No sessions were stopped.
2020-10-14 09:18:07 -WebSocketSession[0 current WS(0)-HttpStream(0)-HttpPoll(0), 15 total, 0 closed abnormally (0 connect failure, 0 send limit, 0 transport error)], stompSubProtocol[processed CONNECT(15)-CONNECTED(15)-DISCONNECT(0)], stompBrokerRelay[null], inboundChannel[pool size = 0, active threads = 0, queued tasks = 0, completed tasks = 180], outboundChannelpool size = 0, active threads = 0, queued tasks = 0, completed tasks = 30], sockJsScheduler[pool size = 4, active threads = 1, queued tasks = 1, completed tasks = 70068]
2020-10-14 09:48:07 -WebSocketSession[0 current WS(0)-HttpStream(0)-HttpPoll(0), 15 total, 0 closed abnormally (0 connect failure, 0 send limit, 0 transport error)], stompSubProtocol[processed CONNECT(15)-CONNECTED(15)-DISCONNECT(0)], stompBrokerRelay[null], inboundChannel[pool size = 0, active threads = 0, queued tasks = 0, completed tasks = 180], outboundChannelpool size = 0, active threads = 0, queued tasks = 0, completed tasks = 30], sockJsScheduler[pool size = 4, active threads = 1, queued tasks = 1, completed tasks = 70429]
2020-10-14 09:48:08 -Validating all active sessions...
2020-10-14 09:48:08 -Finished session validation.  No sessions were stopped.
2020-10-14 10:18:07 -WebSocketSession[0 current WS(0)-HttpStream(0)-HttpPoll(0), 15 total, 0 closed abnormally (0 connect failure, 0 send limit, 0 transport error)], stompSubProtocol[processed CONNECT(15)-CONNECTED(15)-DISCONNECT(0)], stompBrokerRelay[null], inboundChannel[pool size = 0, active threads = 0, queued tasks = 0, completed tasks = 180], outboundChannelpool size = 0, active threads = 0, queued tasks = 0, completed tasks = 30], sockJsScheduler[pool size = 4, active threads = 1, queued tasks = 1, completed tasks = 70790]
2020-10-14 10:48:07 -WebSocketSession[0 current WS(0)-HttpStream(0)-HttpPoll(0), 15 total, 0 closed abnormally (0 connect failure, 0 send limit, 0 transport error)], stompSubProtocol[processed CONNECT(15)-CONNECTED(15)-DISCONNECT(0)], stompBrokerRelay[null], inboundChannel[pool size = 0, active threads = 0, queued tasks = 0, completed tasks = 180], outboundChannelpool size = 0, active threads = 0, queued tasks = 0, completed tasks = 30], sockJsScheduler[pool size = 4, active threads = 1, queued tasks = 1, completed tasks = 71151]
2020-10-14 10:48:08 -Validating all active sessions...
2020-10-14 10:48:08 -Finished session validation.  No sessions were stopped.
2020-10-14 11:18:07 -WebSocketSession[0 current WS(0)-HttpStream(0)-HttpPoll(0), 15 total, 0 closed abnormally (0 connect failure, 0 send limit, 0 transport error)], stompSubProtocol[processed CONNECT(15)-CONNECTED(15)-DISCONNECT(0)], stompBrokerRelay[null], inboundChannel[pool size = 0, active threads = 0, queued tasks = 0, completed tasks = 180], outboundChannelpool size = 0, active threads = 0, queued tasks = 0, completed tasks = 30], sockJsScheduler[pool size = 4, active threads = 1, queued tasks = 1, completed tasks = 71512]
2020-10-14 11:48:07 -WebSocketSession[0 current WS(0)-HttpStream(0)-HttpPoll(0), 15 total, 0 closed abnormally (0 connect failure, 0 send limit, 0 transport error)], stompSubProtocol[processed CONNECT(15)-CONNECTED(15)-DISCONNECT(0)], stompBrokerRelay[null], inboundChannel[pool size = 0, active threads = 0, queued tasks = 0, completed tasks = 180], outboundChannelpool size = 0, active threads = 0, queued tasks = 0, completed tasks = 30], sockJsScheduler[pool size = 4, active threads = 1, queued tasks = 1, completed tasks = 71873]
2020-10-14 11:48:08 -Validating all active sessions...
2020-10-14 11:48:08 -Finished session validation.  No sessions were stopped.
2020-10-14 12:18:07 -WebSocketSession[0 current WS(0)-HttpStream(0)-HttpPoll(0), 15 total, 0 closed abnormally (0 connect failure, 0 send limit, 0 transport error)], stompSubProtocol[processed CONNECT(15)-CONNECTED(15)-DISCONNECT(0)], stompBrokerRelay[null], inboundChannel[pool size = 0, active threads = 0, queued tasks = 0, completed tasks = 180], outboundChannelpool size = 0, active threads = 0, queued tasks = 0, completed tasks = 30], sockJsScheduler[pool size = 4, active threads = 1, queued tasks = 1, completed tasks = 72234]
2020-10-14 12:48:07 -WebSocketSession[0 current WS(0)-HttpStream(0)-HttpPoll(0), 15 total, 0 closed abnormally (0 connect failure, 0 send limit, 0 transport error)], stompSubProtocol[processed CONNECT(15)-CONNECTED(15)-DISCONNECT(0)], stompBrokerRelay[null], inboundChannel[pool size = 0, active threads = 0, queued tasks = 0, completed tasks = 180], outboundChannelpool size = 0, active threads = 0, queued tasks = 0, completed tasks = 30], sockJsScheduler[pool size = 4, active threads = 1, queued tasks = 1, completed tasks = 72595]
2020-10-14 12:48:08 -Validating all active sessions...
2020-10-14 12:48:08 -Finished session validation.  No sessions were stopped.
2020-10-14 13:18:07 -WebSocketSession[0 current WS(0)-HttpStream(0)-HttpPoll(0), 15 total, 0 closed abnormally (0 connect failure, 0 send limit, 0 transport error)], stompSubProtocol[processed CONNECT(15)-CONNECTED(15)-DISCONNECT(0)], stompBrokerRelay[null], inboundChannel[pool size = 0, active threads = 0, queued tasks = 0, completed tasks = 180], outboundChannelpool size = 0, active threads = 0, queued tasks = 0, completed tasks = 30], sockJsScheduler[pool size = 4, active threads = 1, queued tasks = 1, completed tasks = 72956]
2020-10-14 13:48:07 -WebSocketSession[0 current WS(0)-HttpStream(0)-HttpPoll(0), 15 total, 0 closed abnormally (0 connect failure, 0 send limit, 0 transport error)], stompSubProtocol[processed CONNECT(15)-CONNECTED(15)-DISCONNECT(0)], stompBrokerRelay[null], inboundChannel[pool size = 0, active threads = 0, queued tasks = 0, completed tasks = 180], outboundChannelpool size = 0, active threads = 0, queued tasks = 0, completed tasks = 30], sockJsScheduler[pool size = 4, active threads = 1, queued tasks = 1, completed tasks = 73317]
2020-10-14 13:48:08 -Validating all active sessions...
2020-10-14 13:48:08 -Finished session validation.  No sessions were stopped.
2020-10-14 14:18:07 -WebSocketSession[0 current WS(0)-HttpStream(0)-HttpPoll(0), 15 total, 0 closed abnormally (0 connect failure, 0 send limit, 0 transport error)], stompSubProtocol[processed CONNECT(15)-CONNECTED(15)-DISCONNECT(0)], stompBrokerRelay[null], inboundChannel[pool size = 0, active threads = 0, queued tasks = 0, completed tasks = 180], outboundChannelpool size = 0, active threads = 0, queued tasks = 0, completed tasks = 30], sockJsScheduler[pool size = 4, active threads = 1, queued tasks = 1, completed tasks = 73678]
2020-10-14 14:48:07 -WebSocketSession[0 current WS(0)-HttpStream(0)-HttpPoll(0), 15 total, 0 closed abnormally (0 connect failure, 0 send limit, 0 transport error)], stompSubProtocol[processed CONNECT(15)-CONNECTED(15)-DISCONNECT(0)], stompBrokerRelay[null], inboundChannel[pool size = 0, active threads = 0, queued tasks = 0, completed tasks = 180], outboundChannelpool size = 0, active threads = 0, queued tasks = 0, completed tasks = 30], sockJsScheduler[pool size = 4, active threads = 1, queued tasks = 1, completed tasks = 74039]
2020-10-14 14:48:08 -Validating all active sessions...
2020-10-14 14:48:08 -Finished session validation.  No sessions were stopped.
2020-10-14 15:18:07 -WebSocketSession[0 current WS(0)-HttpStream(0)-HttpPoll(0), 15 total, 0 closed abnormally (0 connect failure, 0 send limit, 0 transport error)], stompSubProtocol[processed CONNECT(15)-CONNECTED(15)-DISCONNECT(0)], stompBrokerRelay[null], inboundChannel[pool size = 0, active threads = 0, queued tasks = 0, completed tasks = 180], outboundChannelpool size = 0, active threads = 0, queued tasks = 0, completed tasks = 30], sockJsScheduler[pool size = 4, active threads = 1, queued tasks = 1, completed tasks = 74400]
2020-10-14 15:48:07 -WebSocketSession[0 current WS(0)-HttpStream(0)-HttpPoll(0), 15 total, 0 closed abnormally (0 connect failure, 0 send limit, 0 transport error)], stompSubProtocol[processed CONNECT(15)-CONNECTED(15)-DISCONNECT(0)], stompBrokerRelay[null], inboundChannel[pool size = 0, active threads = 0, queued tasks = 0, completed tasks = 180], outboundChannelpool size = 0, active threads = 0, queued tasks = 0, completed tasks = 30], sockJsScheduler[pool size = 4, active threads = 1, queued tasks = 1, completed tasks = 74761]
2020-10-14 15:48:08 -Validating all active sessions...
2020-10-14 15:48:08 -Finished session validation.  No sessions were stopped.
2020-10-14 16:18:07 -WebSocketSession[0 current WS(0)-HttpStream(0)-HttpPoll(0), 15 total, 0 closed abnormally (0 connect failure, 0 send limit, 0 transport error)], stompSubProtocol[processed CONNECT(15)-CONNECTED(15)-DISCONNECT(0)], stompBrokerRelay[null], inboundChannel[pool size = 0, active threads = 0, queued tasks = 0, completed tasks = 180], outboundChannelpool size = 0, active threads = 0, queued tasks = 0, completed tasks = 30], sockJsScheduler[pool size = 4, active threads = 1, queued tasks = 1, completed tasks = 75122]
2020-10-14 16:43:12 -请求地址 : http://localhost:8066/
2020-10-14 16:43:12 -HTTP METHOD : GET
2020-10-14 16:43:12 -CLASS_METHOD : com.bootdo.system.controller.LoginController.welcome
2020-10-14 16:43:12 -参数 : [{}]
2020-10-14 16:43:12 -耗时 : 1
2020-10-14 16:43:12 -返回值 : login
2020-10-14 16:43:13 -请求地址 : http://localhost:8066/login
2020-10-14 16:43:13 -HTTP METHOD : POST
2020-10-14 16:43:13 -CLASS_METHOD : com.bootdo.system.controller.LoginController.ajaxLogin
2020-10-14 16:43:13 -参数 : [admin, 111111]
2020-10-14 16:43:14 -==>  Preparing: select `user_id`,`username`,`name`,`password`,`dept_id`,`email`,`mobile`,`status`,`user_id_create`,`gmt_create`,`gmt_modified`,`sex`,`birth`,`pic_id`,`live_address`,`hobby`,`province`,`city`,`district` from sys_user WHERE username = ? order by user_id desc 
2020-10-14 16:43:14 -==> Parameters: admin(String)
2020-10-14 16:43:14 -<==      Total: 1
2020-10-14 16:43:14 -耗时 : 523
2020-10-14 16:43:14 -返回值 : {msg=操作成功, code=0}
2020-10-14 16:43:14 -==>  Preparing: insert into sys_log ( `user_id`, `username`, `operation`, `time`, `method`, `params`, `ip`, `gmt_create` ) values ( ?, ?, ?, ?, ?, ?, ?, ? ) 
2020-10-14 16:43:14 -==> Parameters: 1(Long), admin(String), 登录(String), 523(Integer), com.bootdo.system.controller.LoginController.ajaxLogin()(String), null, 127.0.0.1(String), 2020-10-14 16:43:14.518(Timestamp)
2020-10-14 16:43:15 -<==    Updates: 1
2020-10-14 16:43:19 -请求地址 : http://localhost:8066/login
2020-10-14 16:43:19 -HTTP METHOD : POST
2020-10-14 16:43:19 -CLASS_METHOD : com.bootdo.system.controller.LoginController.ajaxLogin
2020-10-14 16:43:19 -参数 : [admin, 111111]
2020-10-14 16:43:19 -==>  Preparing: select `user_id`,`username`,`name`,`password`,`dept_id`,`email`,`mobile`,`status`,`user_id_create`,`gmt_create`,`gmt_modified`,`sex`,`birth`,`pic_id`,`live_address`,`hobby`,`province`,`city`,`district` from sys_user WHERE username = ? order by user_id desc 
2020-10-14 16:43:19 -==> Parameters: admin(String)
2020-10-14 16:43:19 -<==      Total: 1
2020-10-14 16:43:19 -耗时 : 11
2020-10-14 16:43:19 -返回值 : {msg=操作成功, code=0}
2020-10-14 16:43:19 -==>  Preparing: insert into sys_log ( `user_id`, `username`, `operation`, `time`, `method`, `params`, `ip`, `gmt_create` ) values ( ?, ?, ?, ?, ?, ?, ?, ? ) 
2020-10-14 16:43:19 -==> Parameters: 1(Long), admin(String), 登录(String), 12(Integer), com.bootdo.system.controller.LoginController.ajaxLogin()(String), null, 127.0.0.1(String), 2020-10-14 16:43:19.213(Timestamp)
2020-10-14 16:43:19 -<==    Updates: 1
2020-10-14 16:43:21 -请求地址 : http://localhost:8066/index
2020-10-14 16:43:21 -HTTP METHOD : GET
2020-10-14 16:43:21 -CLASS_METHOD : com.bootdo.system.controller.LoginController.index
2020-10-14 16:43:21 -参数 : [{}]
2020-10-14 16:43:21 -==>  Preparing: select distinct m.menu_id , parent_id, name, url, perms,`type`,icon,order_num,gmt_create, gmt_modified from sys_menu m left join sys_role_menu rm on m.menu_id = rm.menu_id left join sys_user_role ur on rm.role_id =ur.role_id where ur.user_id = ? and m.type in(0,1) order by m.order_num 
2020-10-14 16:43:21 -==> Parameters: 1(Long)
2020-10-14 16:43:21 -<==      Total: 27
2020-10-14 16:43:21 -==>  Preparing: select `id`,`type`,`url`,`create_date` from sys_file where id = ? 
2020-10-14 16:43:21 -==> Parameters: 143(Long)
2020-10-14 16:43:22 -<==      Total: 1
2020-10-14 16:43:22 -耗时 : 908
2020-10-14 16:43:22 -返回值 : index_v1
2020-10-14 16:43:22 -==>  Preparing: insert into sys_log ( `user_id`, `username`, `operation`, `time`, `method`, `params`, `ip`, `gmt_create` ) values ( ?, ?, ?, ?, ?, ?, ?, ? ) 
2020-10-14 16:43:22 -==> Parameters: 1(Long), admin(String), 请求访问主页(String), 908(Integer), com.bootdo.system.controller.LoginController.index()(String), null, 127.0.0.1(String), 2020-10-14 16:43:22.171(Timestamp)
2020-10-14 16:43:22 -<==    Updates: 1
2020-10-14 16:43:23 -请求地址 : http://localhost:8066/main
2020-10-14 16:43:23 -HTTP METHOD : GET
2020-10-14 16:43:23 -CLASS_METHOD : com.bootdo.system.controller.LoginController.main
2020-10-14 16:43:23 -参数 : []
2020-10-14 16:43:23 -耗时 : 1
2020-10-14 16:43:23 -返回值 : main
2020-10-14 16:43:23 -请求地址 : http://localhost:8066/oa/notify/message
2020-10-14 16:43:23 -HTTP METHOD : GET
2020-10-14 16:43:23 -CLASS_METHOD : com.bootdo.oa.controller.NotifyController.message
2020-10-14 16:43:23 -参数 : []
2020-10-14 16:43:24 -==>  Preparing: select DISTINCT n.id ,`type`,`title`,`content`,`files`,r.is_read,`status`,`create_by`,`create_date`,`update_by`,`update_date`,`remarks`,`del_flag` from oa_notify_record r right JOIN oa_notify n on r.notify_id = n.id WHERE r.is_read = ? and r.user_id = ? order by is_read ASC, update_date DESC limit ?, ? 
2020-10-14 16:43:24 -==> Parameters: 0(String), 1(Long), 0(Integer), 3(Integer)
2020-10-14 16:43:24 -请求地址 : http://localhost:8066/main
2020-10-14 16:43:24 -HTTP METHOD : GET
2020-10-14 16:43:24 -CLASS_METHOD : com.bootdo.system.controller.LoginController.main
2020-10-14 16:43:24 -参数 : []
2020-10-14 16:43:24 -耗时 : 1
2020-10-14 16:43:24 -返回值 : main
2020-10-14 16:43:24 -<==      Total: 0
2020-10-14 16:43:24 -==>  Preparing: select count(*) from oa_notify_record r right JOIN oa_notify n on r.notify_id = n.id where r.user_id =? and r.is_read = ? 
2020-10-14 16:43:24 -==> Parameters: 1(Long), 0(String)
2020-10-14 16:43:24 -<==      Total: 1
2020-10-14 16:43:24 -耗时 : 674
2020-10-14 16:43:24 -返回值 : com.bootdo.common.utils.PageUtils@297f0f12
2020-10-14 16:48:07 -WebSocketSession[0 current WS(0)-HttpStream(0)-HttpPoll(0), 16 total, 0 closed abnormally (0 connect failure, 0 send limit, 0 transport error)], stompSubProtocol[processed CONNECT(16)-CONNECTED(16)-DISCONNECT(0)], stompBrokerRelay[null], inboundChannel[pool size = 0, active threads = 0, queued tasks = 0, completed tasks = 192], outboundChannelpool size = 0, active threads = 0, queued tasks = 0, completed tasks = 32], sockJsScheduler[pool size = 4, active threads = 1, queued tasks = 1, completed tasks = 75483]
2020-10-14 16:48:08 -Validating all active sessions...
2020-10-14 16:48:08 -Finished session validation.  No sessions were stopped.
2020-10-14 17:18:07 -WebSocketSession[0 current WS(0)-HttpStream(0)-HttpPoll(0), 16 total, 0 closed abnormally (0 connect failure, 0 send limit, 0 transport error)], stompSubProtocol[processed CONNECT(16)-CONNECTED(16)-DISCONNECT(0)], stompBrokerRelay[null], inboundChannel[pool size = 0, active threads = 0, queued tasks = 0, completed tasks = 192], outboundChannelpool size = 0, active threads = 0, queued tasks = 0, completed tasks = 32], sockJsScheduler[pool size = 4, active threads = 1, queued tasks = 1, completed tasks = 75844]
2020-10-14 17:48:07 -WebSocketSession[0 current WS(0)-HttpStream(0)-HttpPoll(0), 16 total, 0 closed abnormally (0 connect failure, 0 send limit, 0 transport error)], stompSubProtocol[processed CONNECT(16)-CONNECTED(16)-DISCONNECT(0)], stompBrokerRelay[null], inboundChannel[pool size = 0, active threads = 0, queued tasks = 0, completed tasks = 192], outboundChannelpool size = 0, active threads = 0, queued tasks = 0, completed tasks = 32], sockJsScheduler[pool size = 4, active threads = 1, queued tasks = 1, completed tasks = 76205]
2020-10-14 17:48:08 -Validating all active sessions...
2020-10-14 17:48:09 -Finished session validation.  [1] sessions were stopped.
2020-10-14 18:18:07 -WebSocketSession[0 current WS(0)-HttpStream(0)-HttpPoll(0), 16 total, 0 closed abnormally (0 connect failure, 0 send limit, 0 transport error)], stompSubProtocol[processed CONNECT(16)-CONNECTED(16)-DISCONNECT(0)], stompBrokerRelay[null], inboundChannel[pool size = 0, active threads = 0, queued tasks = 0, completed tasks = 192], outboundChannelpool size = 0, active threads = 0, queued tasks = 0, completed tasks = 32], sockJsScheduler[pool size = 4, active threads = 1, queued tasks = 1, completed tasks = 76566]
2020-10-14 18:48:07 -WebSocketSession[0 current WS(0)-HttpStream(0)-HttpPoll(0), 16 total, 0 closed abnormally (0 connect failure, 0 send limit, 0 transport error)], stompSubProtocol[processed CONNECT(16)-CONNECTED(16)-DISCONNECT(0)], stompBrokerRelay[null], inboundChannel[pool size = 0, active threads = 0, queued tasks = 0, completed tasks = 192], outboundChannelpool size = 0, active threads = 0, queued tasks = 0, completed tasks = 32], sockJsScheduler[pool size = 4, active threads = 1, queued tasks = 1, completed tasks = 76927]
2020-10-14 18:48:09 -Validating all active sessions...
2020-10-14 18:48:09 -Finished session validation.  No sessions were stopped.
2020-10-14 19:18:07 -WebSocketSession[0 current WS(0)-HttpStream(0)-HttpPoll(0), 16 total, 0 closed abnormally (0 connect failure, 0 send limit, 0 transport error)], stompSubProtocol[processed CONNECT(16)-CONNECTED(16)-DISCONNECT(0)], stompBrokerRelay[null], inboundChannel[pool size = 0, active threads = 0, queued tasks = 0, completed tasks = 192], outboundChannelpool size = 0, active threads = 0, queued tasks = 0, completed tasks = 32], sockJsScheduler[pool size = 4, active threads = 1, queued tasks = 1, completed tasks = 77288]
2020-10-14 19:48:07 -WebSocketSession[0 current WS(0)-HttpStream(0)-HttpPoll(0), 16 total, 0 closed abnormally (0 connect failure, 0 send limit, 0 transport error)], stompSubProtocol[processed CONNECT(16)-CONNECTED(16)-DISCONNECT(0)], stompBrokerRelay[null], inboundChannel[pool size = 0, active threads = 0, queued tasks = 0, completed tasks = 192], outboundChannelpool size = 0, active threads = 0, queued tasks = 0, completed tasks = 32], sockJsScheduler[pool size = 4, active threads = 1, queued tasks = 1, completed tasks = 77649]
2020-10-14 19:48:09 -Validating all active sessions...
2020-10-14 19:48:09 -Finished session validation.  No sessions were stopped.
2020-10-14 20:18:07 -WebSocketSession[0 current WS(0)-HttpStream(0)-HttpPoll(0), 16 total, 0 closed abnormally (0 connect failure, 0 send limit, 0 transport error)], stompSubProtocol[processed CONNECT(16)-CONNECTED(16)-DISCONNECT(0)], stompBrokerRelay[null], inboundChannel[pool size = 0, active threads = 0, queued tasks = 0, completed tasks = 192], outboundChannelpool size = 0, active threads = 0, queued tasks = 0, completed tasks = 32], sockJsScheduler[pool size = 4, active threads = 1, queued tasks = 1, completed tasks = 78010]
2020-10-14 20:48:07 -WebSocketSession[0 current WS(0)-HttpStream(0)-HttpPoll(0), 16 total, 0 closed abnormally (0 connect failure, 0 send limit, 0 transport error)], stompSubProtocol[processed CONNECT(16)-CONNECTED(16)-DISCONNECT(0)], stompBrokerRelay[null], inboundChannel[pool size = 0, active threads = 0, queued tasks = 0, completed tasks = 192], outboundChannelpool size = 0, active threads = 0, queued tasks = 0, completed tasks = 32], sockJsScheduler[pool size = 4, active threads = 1, queued tasks = 1, completed tasks = 78371]
2020-10-14 20:48:09 -Validating all active sessions...
2020-10-14 20:48:09 -Finished session validation.  No sessions were stopped.
2020-10-14 21:18:07 -WebSocketSession[0 current WS(0)-HttpStream(0)-HttpPoll(0), 16 total, 0 closed abnormally (0 connect failure, 0 send limit, 0 transport error)], stompSubProtocol[processed CONNECT(16)-CONNECTED(16)-DISCONNECT(0)], stompBrokerRelay[null], inboundChannel[pool size = 0, active threads = 0, queued tasks = 0, completed tasks = 192], outboundChannelpool size = 0, active threads = 0, queued tasks = 0, completed tasks = 32], sockJsScheduler[pool size = 4, active threads = 1, queued tasks = 1, completed tasks = 78732]
2020-10-14 21:48:07 -WebSocketSession[0 current WS(0)-HttpStream(0)-HttpPoll(0), 16 total, 0 closed abnormally (0 connect failure, 0 send limit, 0 transport error)], stompSubProtocol[processed CONNECT(16)-CONNECTED(16)-DISCONNECT(0)], stompBrokerRelay[null], inboundChannel[pool size = 0, active threads = 0, queued tasks = 0, completed tasks = 192], outboundChannelpool size = 0, active threads = 0, queued tasks = 0, completed tasks = 32], sockJsScheduler[pool size = 4, active threads = 1, queued tasks = 1, completed tasks = 79093]
2020-10-14 21:48:09 -Validating all active sessions...
2020-10-14 21:48:09 -Finished session validation.  No sessions were stopped.
2020-10-14 22:18:07 -WebSocketSession[0 current WS(0)-HttpStream(0)-HttpPoll(0), 16 total, 0 closed abnormally (0 connect failure, 0 send limit, 0 transport error)], stompSubProtocol[processed CONNECT(16)-CONNECTED(16)-DISCONNECT(0)], stompBrokerRelay[null], inboundChannel[pool size = 0, active threads = 0, queued tasks = 0, completed tasks = 192], outboundChannelpool size = 0, active threads = 0, queued tasks = 0, completed tasks = 32], sockJsScheduler[pool size = 4, active threads = 1, queued tasks = 1, completed tasks = 79454]
2020-10-14 22:48:07 -WebSocketSession[0 current WS(0)-HttpStream(0)-HttpPoll(0), 16 total, 0 closed abnormally (0 connect failure, 0 send limit, 0 transport error)], stompSubProtocol[processed CONNECT(16)-CONNECTED(16)-DISCONNECT(0)], stompBrokerRelay[null], inboundChannel[pool size = 0, active threads = 0, queued tasks = 0, completed tasks = 192], outboundChannelpool size = 0, active threads = 0, queued tasks = 0, completed tasks = 32], sockJsScheduler[pool size = 4, active threads = 1, queued tasks = 1, completed tasks = 79815]
2020-10-14 22:48:09 -Validating all active sessions...
2020-10-14 22:48:09 -Finished session validation.  No sessions were stopped.
2020-10-14 23:18:07 -WebSocketSession[0 current WS(0)-HttpStream(0)-HttpPoll(0), 16 total, 0 closed abnormally (0 connect failure, 0 send limit, 0 transport error)], stompSubProtocol[processed CONNECT(16)-CONNECTED(16)-DISCONNECT(0)], stompBrokerRelay[null], inboundChannel[pool size = 0, active threads = 0, queued tasks = 0, completed tasks = 192], outboundChannelpool size = 0, active threads = 0, queued tasks = 0, completed tasks = 32], sockJsScheduler[pool size = 4, active threads = 1, queued tasks = 1, completed tasks = 80176]
2020-10-14 23:48:07 -WebSocketSession[0 current WS(0)-HttpStream(0)-HttpPoll(0), 16 total, 0 closed abnormally (0 connect failure, 0 send limit, 0 transport error)], stompSubProtocol[processed CONNECT(16)-CONNECTED(16)-DISCONNECT(0)], stompBrokerRelay[null], inboundChannel[pool size = 0, active threads = 0, queued tasks = 0, completed tasks = 192], outboundChannelpool size = 0, active threads = 0, queued tasks = 0, completed tasks = 32], sockJsScheduler[pool size = 4, active threads = 1, queued tasks = 1, completed tasks = 80537]
2020-10-14 23:48:09 -Validating all active sessions...
2020-10-14 23:48:09 -Finished session validation.  No sessions were stopped.
