2020-11-16 00:07:03 -WebSocketSession[1 current WS(1)-HttpStream(0)-HttpPoll(0), 6 total, 0 closed abnormally (0 connect failure, 0 send limit, 0 transport error)], stompSubProtocol[processed CONNECT(6)-CONNECTED(6)-DISCONNECT(0)], stompBrokerRelay[null], inboundChannel[pool size = 0, active threads = 0, queued tasks = 0, completed tasks = 69], outboundChannelpool size = 0, active threads = 0, queued tasks = 0, completed tasks = 11], sockJsScheduler[pool size = 4, active threads = 1, queued tasks = 2, completed tasks = 135536]
2020-11-16 00:36:12 -Validating all active sessions...
2020-11-16 00:36:12 -Finished session validation.  No sessions were stopped.
2020-11-16 00:37:03 -WebSocketSession[1 current WS(1)-HttpStream(0)-HttpPoll(0), 6 total, 0 closed abnormally (0 connect failure, 0 send limit, 0 transport error)], stompSubProtocol[processed CONNECT(6)-CONNECTED(6)-DISCONNECT(0)], stompBrokerRelay[null], inboundChannel[pool size = 0, active threads = 0, queued tasks = 0, completed tasks = 69], outboundChannelpool size = 0, active threads = 0, queued tasks = 0, completed tasks = 11], sockJsScheduler[pool size = 4, active threads = 1, queued tasks = 2, completed tasks = 135969]
2020-11-16 01:07:03 -WebSocketSession[1 current WS(1)-HttpStream(0)-HttpPoll(0), 6 total, 0 closed abnormally (0 connect failure, 0 send limit, 0 transport error)], stompSubProtocol[processed CONNECT(6)-CONNECTED(6)-DISCONNECT(0)], stompBrokerRelay[null], inboundChannel[pool size = 0, active threads = 0, queued tasks = 0, completed tasks = 69], outboundChannelpool size = 0, active threads = 0, queued tasks = 0, completed tasks = 11], sockJsScheduler[pool size = 4, active threads = 1, queued tasks = 2, completed tasks = 136402]
2020-11-16 01:36:12 -Validating all active sessions...
2020-11-16 01:36:12 -Finished session validation.  No sessions were stopped.
2020-11-16 01:37:03 -WebSocketSession[1 current WS(1)-HttpStream(0)-HttpPoll(0), 6 total, 0 closed abnormally (0 connect failure, 0 send limit, 0 transport error)], stompSubProtocol[processed CONNECT(6)-CONNECTED(6)-DISCONNECT(0)], stompBrokerRelay[null], inboundChannel[pool size = 0, active threads = 0, queued tasks = 0, completed tasks = 69], outboundChannelpool size = 0, active threads = 0, queued tasks = 0, completed tasks = 11], sockJsScheduler[pool size = 4, active threads = 1, queued tasks = 2, completed tasks = 136835]
2020-11-16 02:07:03 -WebSocketSession[1 current WS(1)-HttpStream(0)-HttpPoll(0), 6 total, 0 closed abnormally (0 connect failure, 0 send limit, 0 transport error)], stompSubProtocol[processed CONNECT(6)-CONNECTED(6)-DISCONNECT(0)], stompBrokerRelay[null], inboundChannel[pool size = 0, active threads = 0, queued tasks = 0, completed tasks = 69], outboundChannelpool size = 0, active threads = 0, queued tasks = 0, completed tasks = 11], sockJsScheduler[pool size = 4, active threads = 1, queued tasks = 2, completed tasks = 137268]
2020-11-16 02:36:12 -Validating all active sessions...
2020-11-16 02:36:12 -Finished session validation.  No sessions were stopped.
2020-11-16 02:37:03 -WebSocketSession[1 current WS(1)-HttpStream(0)-HttpPoll(0), 6 total, 0 closed abnormally (0 connect failure, 0 send limit, 0 transport error)], stompSubProtocol[processed CONNECT(6)-CONNECTED(6)-DISCONNECT(0)], stompBrokerRelay[null], inboundChannel[pool size = 0, active threads = 0, queued tasks = 0, completed tasks = 69], outboundChannelpool size = 0, active threads = 0, queued tasks = 0, completed tasks = 11], sockJsScheduler[pool size = 4, active threads = 1, queued tasks = 2, completed tasks = 137701]
2020-11-16 03:07:03 -WebSocketSession[1 current WS(1)-HttpStream(0)-HttpPoll(0), 6 total, 0 closed abnormally (0 connect failure, 0 send limit, 0 transport error)], stompSubProtocol[processed CONNECT(6)-CONNECTED(6)-DISCONNECT(0)], stompBrokerRelay[null], inboundChannel[pool size = 0, active threads = 0, queued tasks = 0, completed tasks = 69], outboundChannelpool size = 0, active threads = 0, queued tasks = 0, completed tasks = 11], sockJsScheduler[pool size = 4, active threads = 1, queued tasks = 2, completed tasks = 138134]
2020-11-16 03:36:12 -Validating all active sessions...
2020-11-16 03:36:12 -Finished session validation.  No sessions were stopped.
2020-11-16 03:37:03 -WebSocketSession[1 current WS(1)-HttpStream(0)-HttpPoll(0), 6 total, 0 closed abnormally (0 connect failure, 0 send limit, 0 transport error)], stompSubProtocol[processed CONNECT(6)-CONNECTED(6)-DISCONNECT(0)], stompBrokerRelay[null], inboundChannel[pool size = 0, active threads = 0, queued tasks = 0, completed tasks = 69], outboundChannelpool size = 0, active threads = 0, queued tasks = 0, completed tasks = 11], sockJsScheduler[pool size = 4, active threads = 1, queued tasks = 2, completed tasks = 138567]
2020-11-16 04:07:03 -WebSocketSession[1 current WS(1)-HttpStream(0)-HttpPoll(0), 6 total, 0 closed abnormally (0 connect failure, 0 send limit, 0 transport error)], stompSubProtocol[processed CONNECT(6)-CONNECTED(6)-DISCONNECT(0)], stompBrokerRelay[null], inboundChannel[pool size = 0, active threads = 0, queued tasks = 0, completed tasks = 69], outboundChannelpool size = 0, active threads = 0, queued tasks = 0, completed tasks = 11], sockJsScheduler[pool size = 4, active threads = 1, queued tasks = 2, completed tasks = 139000]
2020-11-16 04:36:12 -Validating all active sessions...
2020-11-16 04:36:12 -Finished session validation.  No sessions were stopped.
2020-11-16 04:37:03 -WebSocketSession[1 current WS(1)-HttpStream(0)-HttpPoll(0), 6 total, 0 closed abnormally (0 connect failure, 0 send limit, 0 transport error)], stompSubProtocol[processed CONNECT(6)-CONNECTED(6)-DISCONNECT(0)], stompBrokerRelay[null], inboundChannel[pool size = 0, active threads = 0, queued tasks = 0, completed tasks = 69], outboundChannelpool size = 0, active threads = 0, queued tasks = 0, completed tasks = 11], sockJsScheduler[pool size = 4, active threads = 1, queued tasks = 2, completed tasks = 139433]
2020-11-16 05:07:03 -WebSocketSession[1 current WS(1)-HttpStream(0)-HttpPoll(0), 6 total, 0 closed abnormally (0 connect failure, 0 send limit, 0 transport error)], stompSubProtocol[processed CONNECT(6)-CONNECTED(6)-DISCONNECT(0)], stompBrokerRelay[null], inboundChannel[pool size = 0, active threads = 0, queued tasks = 0, completed tasks = 69], outboundChannelpool size = 0, active threads = 0, queued tasks = 0, completed tasks = 11], sockJsScheduler[pool size = 4, active threads = 1, queued tasks = 2, completed tasks = 139866]
2020-11-16 05:36:12 -Validating all active sessions...
2020-11-16 05:36:12 -Finished session validation.  No sessions were stopped.
2020-11-16 05:37:03 -WebSocketSession[1 current WS(1)-HttpStream(0)-HttpPoll(0), 6 total, 0 closed abnormally (0 connect failure, 0 send limit, 0 transport error)], stompSubProtocol[processed CONNECT(6)-CONNECTED(6)-DISCONNECT(0)], stompBrokerRelay[null], inboundChannel[pool size = 0, active threads = 0, queued tasks = 0, completed tasks = 69], outboundChannelpool size = 0, active threads = 0, queued tasks = 0, completed tasks = 11], sockJsScheduler[pool size = 4, active threads = 1, queued tasks = 2, completed tasks = 140299]
2020-11-16 06:07:03 -WebSocketSession[1 current WS(1)-HttpStream(0)-HttpPoll(0), 6 total, 0 closed abnormally (0 connect failure, 0 send limit, 0 transport error)], stompSubProtocol[processed CONNECT(6)-CONNECTED(6)-DISCONNECT(0)], stompBrokerRelay[null], inboundChannel[pool size = 0, active threads = 0, queued tasks = 0, completed tasks = 69], outboundChannelpool size = 0, active threads = 0, queued tasks = 0, completed tasks = 11], sockJsScheduler[pool size = 4, active threads = 1, queued tasks = 2, completed tasks = 140732]
2020-11-16 06:36:13 -Validating all active sessions...
2020-11-16 06:36:13 -Finished session validation.  No sessions were stopped.
2020-11-16 06:37:03 -WebSocketSession[1 current WS(1)-HttpStream(0)-HttpPoll(0), 6 total, 0 closed abnormally (0 connect failure, 0 send limit, 0 transport error)], stompSubProtocol[processed CONNECT(6)-CONNECTED(6)-DISCONNECT(0)], stompBrokerRelay[null], inboundChannel[pool size = 0, active threads = 0, queued tasks = 0, completed tasks = 69], outboundChannelpool size = 0, active threads = 0, queued tasks = 0, completed tasks = 11], sockJsScheduler[pool size = 4, active threads = 1, queued tasks = 2, completed tasks = 141165]
2020-11-16 07:07:03 -WebSocketSession[1 current WS(1)-HttpStream(0)-HttpPoll(0), 6 total, 0 closed abnormally (0 connect failure, 0 send limit, 0 transport error)], stompSubProtocol[processed CONNECT(6)-CONNECTED(6)-DISCONNECT(0)], stompBrokerRelay[null], inboundChannel[pool size = 0, active threads = 0, queued tasks = 0, completed tasks = 69], outboundChannelpool size = 0, active threads = 0, queued tasks = 0, completed tasks = 11], sockJsScheduler[pool size = 4, active threads = 1, queued tasks = 2, completed tasks = 141598]
2020-11-16 07:36:13 -Validating all active sessions...
2020-11-16 07:36:13 -Finished session validation.  No sessions were stopped.
2020-11-16 07:37:03 -WebSocketSession[1 current WS(1)-HttpStream(0)-HttpPoll(0), 6 total, 0 closed abnormally (0 connect failure, 0 send limit, 0 transport error)], stompSubProtocol[processed CONNECT(6)-CONNECTED(6)-DISCONNECT(0)], stompBrokerRelay[null], inboundChannel[pool size = 0, active threads = 0, queued tasks = 0, completed tasks = 69], outboundChannelpool size = 0, active threads = 0, queued tasks = 0, completed tasks = 11], sockJsScheduler[pool size = 4, active threads = 1, queued tasks = 2, completed tasks = 142031]
2020-11-16 08:07:03 -WebSocketSession[1 current WS(1)-HttpStream(0)-HttpPoll(0), 6 total, 0 closed abnormally (0 connect failure, 0 send limit, 0 transport error)], stompSubProtocol[processed CONNECT(6)-CONNECTED(6)-DISCONNECT(0)], stompBrokerRelay[null], inboundChannel[pool size = 0, active threads = 0, queued tasks = 0, completed tasks = 69], outboundChannelpool size = 0, active threads = 0, queued tasks = 0, completed tasks = 11], sockJsScheduler[pool size = 4, active threads = 1, queued tasks = 2, completed tasks = 142464]
2020-11-16 08:36:13 -Validating all active sessions...
2020-11-16 08:36:13 -Finished session validation.  No sessions were stopped.
2020-11-16 08:37:03 -WebSocketSession[1 current WS(1)-HttpStream(0)-HttpPoll(0), 6 total, 0 closed abnormally (0 connect failure, 0 send limit, 0 transport error)], stompSubProtocol[processed CONNECT(6)-CONNECTED(6)-DISCONNECT(0)], stompBrokerRelay[null], inboundChannel[pool size = 0, active threads = 0, queued tasks = 0, completed tasks = 69], outboundChannelpool size = 0, active threads = 0, queued tasks = 0, completed tasks = 11], sockJsScheduler[pool size = 4, active threads = 1, queued tasks = 2, completed tasks = 142897]
2020-11-16 09:07:03 -WebSocketSession[1 current WS(1)-HttpStream(0)-HttpPoll(0), 6 total, 0 closed abnormally (0 connect failure, 0 send limit, 0 transport error)], stompSubProtocol[processed CONNECT(6)-CONNECTED(6)-DISCONNECT(0)], stompBrokerRelay[null], inboundChannel[pool size = 0, active threads = 0, queued tasks = 0, completed tasks = 69], outboundChannelpool size = 0, active threads = 0, queued tasks = 0, completed tasks = 11], sockJsScheduler[pool size = 4, active threads = 1, queued tasks = 2, completed tasks = 143330]
2020-11-16 09:36:13 -Validating all active sessions...
2020-11-16 09:36:13 -Finished session validation.  No sessions were stopped.
2020-11-16 09:37:03 -WebSocketSession[1 current WS(1)-HttpStream(0)-HttpPoll(0), 6 total, 0 closed abnormally (0 connect failure, 0 send limit, 0 transport error)], stompSubProtocol[processed CONNECT(6)-CONNECTED(6)-DISCONNECT(0)], stompBrokerRelay[null], inboundChannel[pool size = 0, active threads = 0, queued tasks = 0, completed tasks = 69], outboundChannelpool size = 0, active threads = 0, queued tasks = 0, completed tasks = 11], sockJsScheduler[pool size = 4, active threads = 1, queued tasks = 2, completed tasks = 143763]
2020-11-16 10:07:03 -WebSocketSession[1 current WS(1)-HttpStream(0)-HttpPoll(0), 6 total, 0 closed abnormally (0 connect failure, 0 send limit, 0 transport error)], stompSubProtocol[processed CONNECT(6)-CONNECTED(6)-DISCONNECT(0)], stompBrokerRelay[null], inboundChannel[pool size = 0, active threads = 0, queued tasks = 0, completed tasks = 69], outboundChannelpool size = 0, active threads = 0, queued tasks = 0, completed tasks = 11], sockJsScheduler[pool size = 4, active threads = 1, queued tasks = 2, completed tasks = 144196]
2020-11-16 10:36:13 -Validating all active sessions...
2020-11-16 10:36:13 -Finished session validation.  No sessions were stopped.
2020-11-16 10:37:03 -WebSocketSession[1 current WS(1)-HttpStream(0)-HttpPoll(0), 6 total, 0 closed abnormally (0 connect failure, 0 send limit, 0 transport error)], stompSubProtocol[processed CONNECT(6)-CONNECTED(6)-DISCONNECT(0)], stompBrokerRelay[null], inboundChannel[pool size = 0, active threads = 0, queued tasks = 0, completed tasks = 69], outboundChannelpool size = 0, active threads = 0, queued tasks = 0, completed tasks = 11], sockJsScheduler[pool size = 4, active threads = 1, queued tasks = 2, completed tasks = 144629]
2020-11-16 11:07:03 -WebSocketSession[1 current WS(1)-HttpStream(0)-HttpPoll(0), 6 total, 0 closed abnormally (0 connect failure, 0 send limit, 0 transport error)], stompSubProtocol[processed CONNECT(6)-CONNECTED(6)-DISCONNECT(0)], stompBrokerRelay[null], inboundChannel[pool size = 0, active threads = 0, queued tasks = 0, completed tasks = 69], outboundChannelpool size = 0, active threads = 0, queued tasks = 0, completed tasks = 11], sockJsScheduler[pool size = 4, active threads = 1, queued tasks = 2, completed tasks = 145062]
2020-11-16 11:36:13 -Validating all active sessions...
2020-11-16 11:36:13 -Finished session validation.  No sessions were stopped.
2020-11-16 11:37:03 -WebSocketSession[1 current WS(1)-HttpStream(0)-HttpPoll(0), 6 total, 0 closed abnormally (0 connect failure, 0 send limit, 0 transport error)], stompSubProtocol[processed CONNECT(6)-CONNECTED(6)-DISCONNECT(0)], stompBrokerRelay[null], inboundChannel[pool size = 0, active threads = 0, queued tasks = 0, completed tasks = 69], outboundChannelpool size = 0, active threads = 0, queued tasks = 0, completed tasks = 11], sockJsScheduler[pool size = 4, active threads = 1, queued tasks = 2, completed tasks = 145495]
2020-11-16 12:07:03 -WebSocketSession[1 current WS(1)-HttpStream(0)-HttpPoll(0), 6 total, 0 closed abnormally (0 connect failure, 0 send limit, 0 transport error)], stompSubProtocol[processed CONNECT(6)-CONNECTED(6)-DISCONNECT(0)], stompBrokerRelay[null], inboundChannel[pool size = 0, active threads = 0, queued tasks = 0, completed tasks = 69], outboundChannelpool size = 0, active threads = 0, queued tasks = 0, completed tasks = 11], sockJsScheduler[pool size = 4, active threads = 1, queued tasks = 2, completed tasks = 145928]
2020-11-16 12:36:13 -Validating all active sessions...
2020-11-16 12:36:13 -Finished session validation.  No sessions were stopped.
2020-11-16 12:37:03 -WebSocketSession[1 current WS(1)-HttpStream(0)-HttpPoll(0), 6 total, 0 closed abnormally (0 connect failure, 0 send limit, 0 transport error)], stompSubProtocol[processed CONNECT(6)-CONNECTED(6)-DISCONNECT(0)], stompBrokerRelay[null], inboundChannel[pool size = 0, active threads = 0, queued tasks = 0, completed tasks = 69], outboundChannelpool size = 0, active threads = 0, queued tasks = 0, completed tasks = 11], sockJsScheduler[pool size = 4, active threads = 1, queued tasks = 2, completed tasks = 146361]
2020-11-16 13:07:03 -WebSocketSession[1 current WS(1)-HttpStream(0)-HttpPoll(0), 6 total, 0 closed abnormally (0 connect failure, 0 send limit, 0 transport error)], stompSubProtocol[processed CONNECT(6)-CONNECTED(6)-DISCONNECT(0)], stompBrokerRelay[null], inboundChannel[pool size = 0, active threads = 0, queued tasks = 0, completed tasks = 69], outboundChannelpool size = 0, active threads = 0, queued tasks = 0, completed tasks = 11], sockJsScheduler[pool size = 4, active threads = 1, queued tasks = 2, completed tasks = 146794]
2020-11-16 13:36:13 -Validating all active sessions...
2020-11-16 13:36:13 -Finished session validation.  No sessions were stopped.
2020-11-16 13:37:03 -WebSocketSession[1 current WS(1)-HttpStream(0)-HttpPoll(0), 6 total, 0 closed abnormally (0 connect failure, 0 send limit, 0 transport error)], stompSubProtocol[processed CONNECT(6)-CONNECTED(6)-DISCONNECT(0)], stompBrokerRelay[null], inboundChannel[pool size = 0, active threads = 0, queued tasks = 0, completed tasks = 69], outboundChannelpool size = 0, active threads = 0, queued tasks = 0, completed tasks = 11], sockJsScheduler[pool size = 4, active threads = 1, queued tasks = 2, completed tasks = 147227]
2020-11-16 14:07:03 -WebSocketSession[1 current WS(1)-HttpStream(0)-HttpPoll(0), 6 total, 0 closed abnormally (0 connect failure, 0 send limit, 0 transport error)], stompSubProtocol[processed CONNECT(6)-CONNECTED(6)-DISCONNECT(0)], stompBrokerRelay[null], inboundChannel[pool size = 0, active threads = 0, queued tasks = 0, completed tasks = 69], outboundChannelpool size = 0, active threads = 0, queued tasks = 0, completed tasks = 11], sockJsScheduler[pool size = 4, active threads = 1, queued tasks = 2, completed tasks = 147660]
2020-11-16 14:34:56 -请求地址 : http://localhost:8066/login;JSESSIONID=dca00d5c-7af4-4d38-a949-6711ace5bacc
2020-11-16 14:34:56 -HTTP METHOD : GET
2020-11-16 14:34:56 -CLASS_METHOD : com.bootdo.system.controller.LoginController.login
2020-11-16 14:34:56 -参数 : []
2020-11-16 14:34:56 -耗时 : 0
2020-11-16 14:34:56 -返回值 : login
2020-11-16 14:34:57 -请求地址 : http://localhost:8066/login
2020-11-16 14:34:57 -HTTP METHOD : POST
2020-11-16 14:34:57 -CLASS_METHOD : com.bootdo.system.controller.LoginController.ajaxLogin
2020-11-16 14:34:57 -参数 : [admin, 111111]
2020-11-16 14:34:57 -==>  Preparing: select `user_id`,`username`,`name`,`password`,`dept_id`,`email`,`mobile`,`status`,`user_id_create`,`gmt_create`,`gmt_modified`,`sex`,`birth`,`pic_id`,`live_address`,`hobby`,`province`,`city`,`district` from sys_user WHERE username = ? order by user_id desc 
2020-11-16 14:34:57 -==> Parameters: admin(String)
2020-11-16 14:34:57 -<==      Total: 1
2020-11-16 14:34:57 -耗时 : 73
2020-11-16 14:34:57 -返回值 : {msg=操作成功, code=0}
2020-11-16 14:34:57 -==>  Preparing: insert into sys_log ( `user_id`, `username`, `operation`, `time`, `method`, `params`, `ip`, `gmt_create` ) values ( ?, ?, ?, ?, ?, ?, ?, ? ) 
2020-11-16 14:34:57 -==> Parameters: 1(Long), admin(String), 登录(String), 74(Integer), com.bootdo.system.controller.LoginController.ajaxLogin()(String), null, 127.0.0.1(String), 2020-11-16 14:34:57.616(Timestamp)
2020-11-16 14:34:57 -请求地址 : http://localhost:8066/index
2020-11-16 14:34:57 -HTTP METHOD : GET
2020-11-16 14:34:57 -CLASS_METHOD : com.bootdo.system.controller.LoginController.index
2020-11-16 14:34:57 -参数 : [{}]
2020-11-16 14:34:57 -<==    Updates: 1
2020-11-16 14:34:57 -==>  Preparing: select distinct m.menu_id , parent_id, name, url, perms,`type`,icon,order_num,gmt_create, gmt_modified from sys_menu m left join sys_role_menu rm on m.menu_id = rm.menu_id left join sys_user_role ur on rm.role_id =ur.role_id where ur.user_id = ? and m.type in(0,1) order by m.order_num 
2020-11-16 14:34:57 -==> Parameters: 1(Long)
2020-11-16 14:34:57 -<==      Total: 27
2020-11-16 14:34:57 -==>  Preparing: select `id`,`type`,`url`,`create_date` from sys_file where id = ? 
2020-11-16 14:34:57 -==> Parameters: 143(Long)
2020-11-16 14:34:57 -<==      Total: 1
2020-11-16 14:34:57 -耗时 : 90
2020-11-16 14:34:57 -返回值 : index_v1
2020-11-16 14:34:57 -==>  Preparing: insert into sys_log ( `user_id`, `username`, `operation`, `time`, `method`, `params`, `ip`, `gmt_create` ) values ( ?, ?, ?, ?, ?, ?, ?, ? ) 
2020-11-16 14:34:57 -==> Parameters: 1(Long), admin(String), 请求访问主页(String), 90(Integer), com.bootdo.system.controller.LoginController.index()(String), null, 127.0.0.1(String), 2020-11-16 14:34:57.726(Timestamp)
2020-11-16 14:34:57 -<==    Updates: 1
2020-11-16 14:34:57 -请求地址 : http://localhost:8066/main
2020-11-16 14:34:57 -HTTP METHOD : GET
2020-11-16 14:34:57 -CLASS_METHOD : com.bootdo.system.controller.LoginController.main
2020-11-16 14:34:57 -参数 : []
2020-11-16 14:34:57 -耗时 : 0
2020-11-16 14:34:57 -返回值 : main
2020-11-16 14:34:57 -请求地址 : http://localhost:8066/oa/notify/message
2020-11-16 14:34:57 -HTTP METHOD : GET
2020-11-16 14:34:57 -CLASS_METHOD : com.bootdo.oa.controller.NotifyController.message
2020-11-16 14:34:57 -参数 : []
2020-11-16 14:34:57 -==>  Preparing: select DISTINCT n.id ,`type`,`title`,`content`,`files`,r.is_read,`status`,`create_by`,`create_date`,`update_by`,`update_date`,`remarks`,`del_flag` from oa_notify_record r right JOIN oa_notify n on r.notify_id = n.id WHERE r.is_read = ? and r.user_id = ? order by is_read ASC, update_date DESC limit ?, ? 
2020-11-16 14:34:58 -==> Parameters: 0(String), 1(Long), 0(Integer), 3(Integer)
2020-11-16 14:34:58 -<==      Total: 0
2020-11-16 14:34:58 -==>  Preparing: select count(*) from oa_notify_record r right JOIN oa_notify n on r.notify_id = n.id where r.user_id =? and r.is_read = ? 
2020-11-16 14:34:58 -==> Parameters: 1(Long), 0(String)
2020-11-16 14:34:58 -<==      Total: 1
2020-11-16 14:34:58 -耗时 : 23
2020-11-16 14:34:58 -返回值 : com.bootdo.common.utils.PageUtils@5b9faeb5
2020-11-16 14:34:58 -请求地址 : http://localhost:8066/main
2020-11-16 14:34:58 -HTTP METHOD : GET
2020-11-16 14:34:58 -CLASS_METHOD : com.bootdo.system.controller.LoginController.main
2020-11-16 14:34:58 -参数 : []
2020-11-16 14:34:58 -耗时 : 0
2020-11-16 14:34:58 -返回值 : main
2020-11-16 14:34:59 -==>  Preparing: select distinct m.perms from sys_menu m left join sys_role_menu rm on m.menu_id = rm.menu_id left join sys_user_role ur on rm.role_id = ur.role_id where ur.user_id = ? 
2020-11-16 14:34:59 -==> Parameters: 1(Long)
2020-11-16 14:34:59 -<==      Total: 47
2020-11-16 14:34:59 -请求地址 : http://localhost:8066/sys/user/
2020-11-16 14:34:59 -HTTP METHOD : GET
2020-11-16 14:34:59 -CLASS_METHOD : com.bootdo.system.controller.UserController.user
2020-11-16 14:34:59 -参数 : [{}]
2020-11-16 14:34:59 -耗时 : 0
2020-11-16 14:34:59 -返回值 : system/user/user
2020-11-16 14:34:59 -请求地址 : http://localhost:8066/system/sysDept/tree
2020-11-16 14:34:59 -HTTP METHOD : GET
2020-11-16 14:34:59 -CLASS_METHOD : com.bootdo.system.controller.DeptController.tree
2020-11-16 14:34:59 -参数 : []
2020-11-16 14:34:59 -==>  Preparing: select `dept_id`,`parent_id`,`name`,`order_num`,`del_flag` from sys_dept order by dept_id desc 
2020-11-16 14:34:59 -==> Parameters: 
2020-11-16 14:34:59 -<==      Total: 10
2020-11-16 14:34:59 -耗时 : 3
2020-11-16 14:34:59 -返回值 : {"checked":true,"children":[{"checked":false,"children":[{"checked":false,"children":[],"hasChildren":false,"hasParent":true,"id":"15","parentId":"13","state":{"opened":true},"text":"测试二部"},{"checked":false,"children":[],"hasChildren":false,"hasParent":true,"id":"14","parentId":"13","state":{"opened":true},"text":"测试一部"}],"hasChildren":true,"hasParent":false,"id":"13","parentId":"0","state":{"opened":true},"text":"测试部"},{"checked":false,"children":[{"checked":false,"children":[],"hasChildren":false,"hasParent":true,"id":"12","parentId":"11","state":{"opened":true},"text":"产品一部"}],"hasChildren":true,"hasParent":false,"id":"11","parentId":"0","state":{"opened":true},"text":"产品部"},{"checked":false,"children":[{"checked":false,"children":[],"hasChildren":false,"hasParent":true,"id":"10","parentId":"9","state":{"opened":true},"text":"销售一部"}],"hasChildren":true,"hasParent":false,"id":"9","parentId":"0","state":{"opened":true},"text":"销售部"},{"checked":false,"children":[{"checked":false,"children":[],"hasChildren":false,"hasParent":true,"id":"8","parentId":"6","state":{"opened":true},"text":"研发二部"},{"checked":false,"children":[],"hasChildren":false,"hasParent":true,"id":"7","parentId":"6","state":{"opened":true},"text":"研發一部"}],"hasChildren":true,"hasParent":false,"id":"6","parentId":"0","state":{"opened":true},"text":"研发部"}],"hasChildren":true,"hasParent":false,"id":"-1","parentId":"","state":{"opened":true},"text":"顶级节点"}
2020-11-16 14:35:00 -请求地址 : http://localhost:8066/sys/user/list
2020-11-16 14:35:00 -HTTP METHOD : GET
2020-11-16 14:35:00 -CLASS_METHOD : com.bootdo.system.controller.UserController.list
2020-11-16 14:35:00 -参数 : [{limit=10, offset=0, name=, deptId=}]
2020-11-16 14:35:00 -==>  Preparing: select `user_id`,`username`,`name`,`password`,`dept_id`,`email`,`mobile`,`status`,`user_id_create`,`gmt_create`,`gmt_modified`,`sex`,`birth`,`pic_id`,`live_address`,`hobby`,`province`,`city`,`district` from sys_user order by user_id desc limit ?, ? 
2020-11-16 14:35:00 -==> Parameters: 0(Integer), 10(Integer)
2020-11-16 14:35:00 -<==      Total: 10
2020-11-16 14:35:00 -==>  Preparing: select count(*) from sys_user 
2020-11-16 14:35:00 -==> Parameters: 
2020-11-16 14:35:00 -<==      Total: 1
2020-11-16 14:35:00 -耗时 : 18
2020-11-16 14:35:00 -返回值 : com.bootdo.common.utils.PageUtils@3e18eed
2020-11-16 14:35:01 -请求地址 : http://localhost:8066/sys/role
2020-11-16 14:35:01 -HTTP METHOD : GET
2020-11-16 14:35:01 -CLASS_METHOD : com.bootdo.system.controller.RoleController.role
2020-11-16 14:35:01 -参数 : []
2020-11-16 14:35:01 -耗时 : 1
2020-11-16 14:35:01 -返回值 : system/role/role
2020-11-16 14:35:02 -请求地址 : http://localhost:8066/sys/role/list
2020-11-16 14:35:02 -HTTP METHOD : GET
2020-11-16 14:35:02 -CLASS_METHOD : com.bootdo.system.controller.RoleController.list
2020-11-16 14:35:02 -参数 : []
2020-11-16 14:35:02 -==>  Preparing: select `role_id`,`role_name`,`role_sign`,`remark`,`user_id_create`,`gmt_create`,`gmt_modified` from sys_role order by role_id desc 
2020-11-16 14:35:02 -==> Parameters: 
2020-11-16 14:35:02 -<==      Total: 1
2020-11-16 14:35:02 -耗时 : 18
2020-11-16 14:35:02 -返回值 : [RoleDO{roleId=1, roleName='超级用户角色', roleSign='admin', remark='拥有最高权限', userIdCreate=2, gmtCreate=2017-08-12 00:43:52.0, gmtModified=2017-08-12 19:14:59.0, menuIds=null}]
2020-11-16 14:35:04 -请求地址 : http://localhost:8066/sys/menu/
2020-11-16 14:35:04 -HTTP METHOD : GET
2020-11-16 14:35:04 -CLASS_METHOD : com.bootdo.system.controller.MenuController.menu
2020-11-16 14:35:04 -参数 : [{}]
2020-11-16 14:35:04 -耗时 : 0
2020-11-16 14:35:04 -返回值 : system/menu/menu
2020-11-16 14:35:04 -请求地址 : http://localhost:8066/sys/menu/list
2020-11-16 14:35:04 -HTTP METHOD : GET
2020-11-16 14:35:04 -CLASS_METHOD : com.bootdo.system.controller.MenuController.list
2020-11-16 14:35:04 -参数 : [{sort=order_num}]
2020-11-16 14:35:04 -==>  Preparing: select `menu_id`,`parent_id`,`name`,`url`,`perms`,`type`,`icon`,`order_num`,`gmt_create`,`gmt_modified` from sys_menu order by order_num 
2020-11-16 14:35:04 -==> Parameters: 
2020-11-16 14:35:04 -<==      Total: 61
2020-11-16 14:35:04 -耗时 : 35
2020-11-16 14:35:04 -返回值 : [MenuDO{menuId=51, parentId=50, name='新增', url='', perms='blog:bContent:add', type=2, icon='', orderNum=null, gmtCreate=null, gmtModified=null}, MenuDO{menuId=55, parentId=7, name='编辑', url='', perms='sys:role:edit', type=2, icon='', orderNum=null, gmtCreate=null, gmtModified=null}, MenuDO{menuId=56, parentId=7, name='删除', url='', perms='sys:role:remove', type=2, icon='null', orderNum=null, gmtCreate=null, gmtModified=null}, MenuDO{menuId=58, parentId=50, name='编辑', url='', perms='blog:bContent:edit', type=2, icon='null', orderNum=null, gmtCreate=null, gmtModified=null}, MenuDO{menuId=59, parentId=50, name='删除', url='', perms='blog:bContent:remove', type=2, icon='null', orderNum=null, gmtCreate=null, gmtModified=null}, MenuDO{menuId=60, parentId=50, name='批量删除', url='', perms='blog:bContent:batchRemove', type=2, icon='null', orderNum=null, gmtCreate=null, gmtModified=null}, MenuDO{menuId=61, parentId=2, name='批量删除', url='', perms='sys:menu:batchRemove', type=2, icon='null', orderNum=null, gmtCreate=null, gmtModified=null}, MenuDO{menuId=62, parentId=7, name='批量删除', url='', perms='sys:role:batchRemove', type=2, icon='null', orderNum=null, gmtCreate=null, gmtModified=null}, MenuDO{menuId=85, parentId=84, name='通知公告', url='oa/notify', perms='oa:notify:notify', type=1, icon='fa fa-pencil-square', orderNum=null, gmtCreate=null, gmtModified=null}, MenuDO{menuId=88, parentId=85, name='删除', url='oa/notify/remove', perms='oa:notify:remove', type=2, icon='fa fa-minus', orderNum=null, gmtCreate=null, gmtModified=null}, MenuDO{menuId=89, parentId=85, name='批量删除', url='oa/notify/batchRemove', perms='oa:notify:batchRemove', type=2, icon='', orderNum=null, gmtCreate=null, gmtModified=null}, MenuDO{menuId=90, parentId=84, name='我的通知', url='oa/notify/selfNotify', perms='', type=1, icon='fa fa-envelope-square', orderNum=null, gmtCreate=null, gmtModified=null}, MenuDO{menuId=92, parentId=91, name='在线用户', url='sys/online', perms='', type=1, icon='fa fa-user', orderNum=null, gmtCreate=null, gmtModified=null}, MenuDO{menuId=94, parentId=93, name='模型管理', url='activiti/model', perms='', type=1, icon='fa fa-sort-amount-asc', orderNum=null, gmtCreate=null, gmtModified=null}, MenuDO{menuId=95, parentId=94, name='全部权限', url='', perms='activiti:model', type=2, icon='', orderNum=null, gmtCreate=null, gmtModified=null}, MenuDO{menuId=96, parentId=93, name='流程管理', url='activiti/process', perms='', type=1, icon='fa fa-flag', orderNum=null, gmtCreate=null, gmtModified=null}, MenuDO{menuId=98, parentId=97, name='百度chart', url='/chart/graph_echarts.html', perms='', type=1, icon='fa fa-area-chart', orderNum=null, gmtCreate=null, gmtModified=null}, MenuDO{menuId=99, parentId=96, name='所有权限', url='', perms='act:process', type=2, icon='', orderNum=null, gmtCreate=null, gmtModified=null}, MenuDO{menuId=101, parentId=93, name='待办任务', url='activiti/task/todo', perms='', type=1, icon='', orderNum=null, gmtCreate=null, gmtModified=null}, MenuDO{menuId=6, parentId=3, name='用户管理', url='sys/user/', perms='sys:user:user', type=1, icon='fa fa-user', orderNum=0, gmtCreate=Thu Aug 10 14:12:11 CST 2017, gmtModified=null}, MenuDO{menuId=12, parentId=6, name='新增', url='', perms='sys:user:add', type=2, icon='', orderNum=0, gmtCreate=Mon Aug 14 10:51:35 CST 2017, gmtModified=null}, MenuDO{menuId=13, parentId=6, name='编辑', url='', perms='sys:user:edit', type=2, icon='', orderNum=0, gmtCreate=Mon Aug 14 10:52:06 CST 2017, gmtModified=null}, MenuDO{menuId=14, parentId=6, name='删除', url='null', perms='sys:user:remove', type=2, icon='null', orderNum=0, gmtCreate=Mon Aug 14 10:52:24 CST 2017, gmtModified=null}, MenuDO{menuId=15, parentId=7, name='新增', url='', perms='sys:role:add', type=2, icon='', orderNum=0, gmtCreate=Mon Aug 14 10:56:37 CST 2017, gmtModified=null}, MenuDO{menuId=20, parentId=2, name='新增', url='', perms='sys:menu:add', type=2, icon='', orderNum=0, gmtCreate=Mon Aug 14 10:59:32 CST 2017, gmtModified=null}, MenuDO{menuId=21, parentId=2, name='编辑', url='', perms='sys:menu:edit', type=2, icon='', orderNum=0, gmtCreate=Mon Aug 14 10:59:56 CST 2017, gmtModified=null}, MenuDO{menuId=22, parentId=2, name='删除', url='', perms='sys:menu:remove', type=2, icon='', orderNum=0, gmtCreate=Mon Aug 14 11:00:26 CST 2017, gmtModified=null}, MenuDO{menuId=24, parentId=6, name='批量删除', url='', perms='sys:user:batchRemove', type=2, icon='', orderNum=0, gmtCreate=Mon Aug 14 17:27:18 CST 2017, gmtModified=null}, MenuDO{menuId=25, parentId=6, name='停用', url='null', perms='sys:user:disable', type=2, icon='null', orderNum=0, gmtCreate=Mon Aug 14 17:27:43 CST 2017, gmtModified=null}, MenuDO{menuId=26, parentId=6, name='重置密码', url='', perms='sys:user:resetPwd', type=2, icon='', orderNum=0, gmtCreate=Mon Aug 14 17:28:34 CST 2017, gmtModified=null}, MenuDO{menuId=27, parentId=91, name='系统日志', url='common/log', perms='common:log', type=1, icon='fa fa-warning', orderNum=0, gmtCreate=Mon Aug 14 22:11:53 CST 2017, gmtModified=null}, MenuDO{menuId=28, parentId=27, name='刷新', url='null', perms='sys:log:list', type=2, icon='null', orderNum=0, gmtCreate=Mon Aug 14 22:30:22 CST 2017, gmtModified=null}, MenuDO{menuId=29, parentId=27, name='删除', url='null', perms='sys:log:remove', type=2, icon='null', orderNum=0, gmtCreate=Mon Aug 14 22:30:43 CST 2017, gmtModified=null}, MenuDO{menuId=30, parentId=27, name='清空', url='null', perms='sys:log:clear', type=2, icon='null', orderNum=0, gmtCreate=Mon Aug 14 22:31:02 CST 2017, gmtModified=null}, MenuDO{menuId=68, parentId=49, name='发布文章', url='/blog/bContent/add', perms='blog:bContent:add', type=1, icon='fa fa-edit', orderNum=0, gmtCreate=null, gmtModified=null}, MenuDO{menuId=3, parentId=0, name='系统管理', url='null', perms='null', type=0, icon='fa fa-desktop', orderNum=1, gmtCreate=Wed Aug 09 23:06:55 CST 2017, gmtModified=Mon Aug 14 14:13:43 CST 2017}, MenuDO{menuId=7, parentId=3, name='角色管理', url='sys/role', perms='sys:role:role', type=1, icon='fa fa-paw', orderNum=1, gmtCreate=Thu Aug 10 14:13:19 CST 2017, gmtModified=null}, MenuDO{menuId=50, parentId=49, name='文章列表', url='blog/bContent', perms='blog:bContent:bContent', type=1, icon='fa fa-file-image-o', orderNum=1, gmtCreate=null, gmtModified=null}, MenuDO{menuId=57, parentId=91, name='运行监控', url='/druid/index.html', perms='', type=1, icon='fa fa-caret-square-o-right', orderNum=1, gmtCreate=null, gmtModified=null}, MenuDO{menuId=74, parentId=73, name='增加', url='/system/sysDept/add', perms='system:sysDept:add', type=2, icon='null', orderNum=1, gmtCreate=null, gmtModified=null}, MenuDO{menuId=78, parentId=1, name='数据字典', url='/common/dict', perms='common:dict:dict', type=1, icon='fa fa-book', orderNum=1, gmtCreate=null, gmtModified=null}, MenuDO{menuId=86, parentId=85, name='新增', url='oa/notify/add', perms='oa:notify:add', type=2, icon='fa fa-plus', orderNum=1, gmtCreate=null, gmtModified=null}, MenuDO{menuId=2, parentId=3, name='系统菜单', url='sys/menu/', perms='sys:menu:menu', type=1, icon='fa fa-th-list', orderNum=2, gmtCreate=Wed Aug 09 22:55:15 CST 2017, gmtModified=null}, MenuDO{menuId=71, parentId=1, name='文件管理', url='/common/sysFile', perms='common:sysFile:sysFile', type=1, icon='fa fa-folder-open', orderNum=2, gmtCreate=null, gmtModified=null}, MenuDO{menuId=75, parentId=73, name='刪除', url='system/sysDept/remove', perms='system:sysDept:remove', type=2, icon='null', orderNum=2, gmtCreate=null, gmtModified=null}, MenuDO{menuId=79, parentId=78, name='增加', url='/common/dict/add', perms='common:dict:add', type=2, icon='null', orderNum=2, gmtCreate=null, gmtModified=null}, MenuDO{menuId=80, parentId=78, name='编辑', url='/common/dict/edit', perms='common:dict:edit', type=2, icon='null', orderNum=2, gmtCreate=null, gmtModified=null}, MenuDO{menuId=87, parentId=85, name='编辑', url='oa/notify/edit', perms='oa:notify:edit', type=2, icon='fa fa-pencil-square-o', orderNum=2, gmtCreate=null, gmtModified=null}, MenuDO{menuId=48, parentId=77, name='代码生成', url='common/generator', perms='common:generator', type=1, icon='fa fa-code', orderNum=3, gmtCreate=null, gmtModified=null}, MenuDO{menuId=73, parentId=3, name='部门管理', url='/system/sysDept', perms='system:sysDept:sysDept', type=1, icon='fa fa-users', orderNum=3, gmtCreate=null, gmtModified=null}, MenuDO{menuId=76, parentId=73, name='编辑', url='/system/sysDept/edit', perms='system:sysDept:edit', type=2, icon='null', orderNum=3, gmtCreate=null, gmtModified=null}, MenuDO{menuId=81, parentId=78, name='删除', url='/common/dict/remove', perms='common:dict:remove', type=2, icon='', orderNum=3, gmtCreate=null, gmtModified=null}, MenuDO{menuId=72, parentId=77, name='计划任务', url='common/job', perms='common:taskScheduleJob', type=1, icon='fa fa-hourglass-1', orderNum=4, gmtCreate=null, gmtModified=null}, MenuDO{menuId=77, parentId=0, name='系统工具', url='', perms='', type=0, icon='fa fa-briefcase', orderNum=4, gmtCreate=null, gmtModified=null}, MenuDO{menuId=83, parentId=78, name='批量删除', url='/common/dict/batchRemove', perms='common:dict:batchRemove', type=2, icon='', orderNum=4, gmtCreate=null, gmtModified=null}, MenuDO{menuId=84, parentId=0, name='办公管理', url='', perms='', type=0, icon='fa fa-laptop', orderNum=5, gmtCreate=null, gmtModified=null}, MenuDO{menuId=91, parentId=0, name='系统监控', url='', perms='', type=0, icon='fa fa-video-camera', orderNum=5, gmtCreate=null, gmtModified=null}, MenuDO{menuId=49, parentId=0, name='博客管理', url='', perms='', type=0, icon='fa fa-rss', orderNum=6, gmtCreate=null, gmtModified=null}, MenuDO{menuId=93, parentId=0, name='工作流程', url='', perms='', type=0, icon='fa fa-print', orderNum=6, gmtCreate=null, gmtModified=null}, MenuDO{menuId=97, parentId=0, name='图表管理', url='', perms='', type=0, icon='fa fa-bar-chart', orderNum=7, gmtCreate=null, gmtModified=null}, MenuDO{menuId=1, parentId=0, name='基础管理', url='', perms='', type=0, icon='fa fa-battery-3', orderNum=12, gmtCreate=Wed Aug 09 22:49:47 CST 2017, gmtModified=null}]
2020-11-16 14:35:08 -请求地址 : http://localhost:8066/system/sysDept
2020-11-16 14:35:08 -HTTP METHOD : GET
2020-11-16 14:35:08 -CLASS_METHOD : com.bootdo.system.controller.DeptController.dept
2020-11-16 14:35:08 -参数 : []
2020-11-16 14:35:08 -耗时 : 0
2020-11-16 14:35:08 -返回值 : system/dept/dept
2020-11-16 14:35:08 -请求地址 : http://localhost:8066/system/sysDept/list
2020-11-16 14:35:08 -HTTP METHOD : GET
2020-11-16 14:35:08 -CLASS_METHOD : com.bootdo.system.controller.DeptController.list
2020-11-16 14:35:08 -参数 : []
2020-11-16 14:35:08 -==>  Preparing: select `dept_id`,`parent_id`,`name`,`order_num`,`del_flag` from sys_dept order by dept_id desc 
2020-11-16 14:35:08 -==> Parameters: 
2020-11-16 14:35:08 -<==      Total: 10
2020-11-16 14:35:08 -耗时 : 2
2020-11-16 14:35:08 -返回值 : [DeptDO{deptId=15, parentId=13, name='测试二部', orderNum=2, delFlag=1}, DeptDO{deptId=14, parentId=13, name='测试一部', orderNum=1, delFlag=1}, DeptDO{deptId=13, parentId=0, name='测试部', orderNum=5, delFlag=1}, DeptDO{deptId=12, parentId=11, name='产品一部', orderNum=1, delFlag=1}, DeptDO{deptId=11, parentId=0, name='产品部', orderNum=3, delFlag=1}, DeptDO{deptId=10, parentId=9, name='销售一部', orderNum=1, delFlag=1}, DeptDO{deptId=9, parentId=0, name='销售部', orderNum=2, delFlag=1}, DeptDO{deptId=8, parentId=6, name='研发二部', orderNum=2, delFlag=1}, DeptDO{deptId=7, parentId=6, name='研發一部', orderNum=1, delFlag=1}, DeptDO{deptId=6, parentId=0, name='研发部', orderNum=1, delFlag=1}]
2020-11-16 14:35:12 -请求地址 : http://localhost:8066/main
2020-11-16 14:35:12 -HTTP METHOD : GET
2020-11-16 14:35:12 -CLASS_METHOD : com.bootdo.system.controller.LoginController.main
2020-11-16 14:35:12 -参数 : []
2020-11-16 14:35:12 -耗时 : 1
2020-11-16 14:35:12 -返回值 : main
2020-11-16 14:35:24 -请求地址 : http://localhost:8066/sys/menu/edit/48
2020-11-16 14:35:24 -HTTP METHOD : GET
2020-11-16 14:35:24 -CLASS_METHOD : com.bootdo.system.controller.MenuController.edit
2020-11-16 14:35:24 -参数 : [{}, 48]
2020-11-16 14:35:24 -==>  Preparing: select `menu_id`,`parent_id`,`name`,`url`,`perms`,`type`,`icon`,`order_num`,`gmt_create`,`gmt_modified` from sys_menu where menu_id = ? 
2020-11-16 14:35:24 -==> Parameters: 48(Long)
2020-11-16 14:35:24 -<==      Total: 1
2020-11-16 14:35:24 -==>  Preparing: select `menu_id`,`parent_id`,`name`,`url`,`perms`,`type`,`icon`,`order_num`,`gmt_create`,`gmt_modified` from sys_menu where menu_id = ? 
2020-11-16 14:35:24 -==> Parameters: 77(Long)
2020-11-16 14:35:24 -<==      Total: 1
2020-11-16 14:35:24 -耗时 : 7
2020-11-16 14:35:24 -返回值 : system/menu/edit
2020-11-16 14:35:24 -==>  Preparing: insert into sys_log ( `user_id`, `username`, `operation`, `time`, `method`, `params`, `ip`, `gmt_create` ) values ( ?, ?, ?, ?, ?, ?, ?, ? ) 
2020-11-16 14:35:24 -==> Parameters: 1(Long), admin(String), 编辑菜单(String), 7(Integer), com.bootdo.system.controller.MenuController.edit()(String), null, 127.0.0.1(String), 2020-11-16 14:35:24.133(Timestamp)
2020-11-16 14:35:24 -<==    Updates: 1
2020-11-16 14:35:28 -请求地址 : http://localhost:8066/sys/menu/edit/72
2020-11-16 14:35:28 -HTTP METHOD : GET
2020-11-16 14:35:28 -CLASS_METHOD : com.bootdo.system.controller.MenuController.edit
2020-11-16 14:35:28 -参数 : [{}, 72]
2020-11-16 14:35:28 -==>  Preparing: select `menu_id`,`parent_id`,`name`,`url`,`perms`,`type`,`icon`,`order_num`,`gmt_create`,`gmt_modified` from sys_menu where menu_id = ? 
2020-11-16 14:35:28 -==> Parameters: 72(Long)
2020-11-16 14:35:28 -<==      Total: 1
2020-11-16 14:35:28 -==>  Preparing: select `menu_id`,`parent_id`,`name`,`url`,`perms`,`type`,`icon`,`order_num`,`gmt_create`,`gmt_modified` from sys_menu where menu_id = ? 
2020-11-16 14:35:28 -==> Parameters: 77(Long)
2020-11-16 14:35:28 -<==      Total: 1
2020-11-16 14:35:28 -耗时 : 7
2020-11-16 14:35:28 -返回值 : system/menu/edit
2020-11-16 14:35:28 -==>  Preparing: insert into sys_log ( `user_id`, `username`, `operation`, `time`, `method`, `params`, `ip`, `gmt_create` ) values ( ?, ?, ?, ?, ?, ?, ?, ? ) 
2020-11-16 14:35:28 -==> Parameters: 1(Long), admin(String), 编辑菜单(String), 7(Integer), com.bootdo.system.controller.MenuController.edit()(String), null, 127.0.0.1(String), 2020-11-16 14:35:28.649(Timestamp)
2020-11-16 14:35:28 -<==    Updates: 1
2020-11-16 14:35:33 -请求地址 : http://localhost:8066/sys/menu/update
2020-11-16 14:35:33 -HTTP METHOD : POST
2020-11-16 14:35:33 -CLASS_METHOD : com.bootdo.system.controller.MenuController.update
2020-11-16 14:35:33 -参数 : [MenuDO{menuId=72, parentId=77, name='计划任务', url='common/job', perms='common:taskScheduleJob', type=1, icon='fa fa-hourglass-1', orderNum=4, gmtCreate=null, gmtModified=null}]
2020-11-16 14:35:33 -==>  Preparing: update sys_menu SET `parent_id` = ?, `name` = ?, `url` = ?, `perms` = ?, `type` = ?, `icon` = ?, `order_num` = ? where menu_id = ? 
2020-11-16 14:35:33 -==> Parameters: 77(Long), 计划任务(String), common/job(String), common:taskScheduleJob(String), 1(Integer), fa fa-hourglass-1(String), 4(Integer), 72(Long)
2020-11-16 14:35:33 -<==    Updates: 1
2020-11-16 14:35:33 -耗时 : 161
2020-11-16 14:35:33 -返回值 : {msg=操作成功, code=0}
2020-11-16 14:35:33 -==>  Preparing: insert into sys_log ( `user_id`, `username`, `operation`, `time`, `method`, `params`, `ip`, `gmt_create` ) values ( ?, ?, ?, ?, ?, ?, ?, ? ) 
2020-11-16 14:35:33 -==> Parameters: 1(Long), admin(String), 更新菜单(String), 162(Integer), com.bootdo.system.controller.MenuController.update()(String), null, 127.0.0.1(String), 2020-11-16 14:35:33.35(Timestamp)
2020-11-16 14:35:33 -<==    Updates: 1
2020-11-16 14:35:33 -请求地址 : http://localhost:8066/sys/menu/list
2020-11-16 14:35:33 -HTTP METHOD : GET
2020-11-16 14:35:33 -CLASS_METHOD : com.bootdo.system.controller.MenuController.list
2020-11-16 14:35:33 -参数 : [{sort=order_num}]
2020-11-16 14:35:33 -==>  Preparing: select `menu_id`,`parent_id`,`name`,`url`,`perms`,`type`,`icon`,`order_num`,`gmt_create`,`gmt_modified` from sys_menu order by order_num 
2020-11-16 14:35:33 -==> Parameters: 
2020-11-16 14:35:33 -<==      Total: 61
2020-11-16 14:35:33 -耗时 : 38
2020-11-16 14:35:33 -返回值 : [MenuDO{menuId=51, parentId=50, name='新增', url='', perms='blog:bContent:add', type=2, icon='', orderNum=null, gmtCreate=null, gmtModified=null}, MenuDO{menuId=55, parentId=7, name='编辑', url='', perms='sys:role:edit', type=2, icon='', orderNum=null, gmtCreate=null, gmtModified=null}, MenuDO{menuId=56, parentId=7, name='删除', url='', perms='sys:role:remove', type=2, icon='null', orderNum=null, gmtCreate=null, gmtModified=null}, MenuDO{menuId=58, parentId=50, name='编辑', url='', perms='blog:bContent:edit', type=2, icon='null', orderNum=null, gmtCreate=null, gmtModified=null}, MenuDO{menuId=59, parentId=50, name='删除', url='', perms='blog:bContent:remove', type=2, icon='null', orderNum=null, gmtCreate=null, gmtModified=null}, MenuDO{menuId=60, parentId=50, name='批量删除', url='', perms='blog:bContent:batchRemove', type=2, icon='null', orderNum=null, gmtCreate=null, gmtModified=null}, MenuDO{menuId=61, parentId=2, name='批量删除', url='', perms='sys:menu:batchRemove', type=2, icon='null', orderNum=null, gmtCreate=null, gmtModified=null}, MenuDO{menuId=62, parentId=7, name='批量删除', url='', perms='sys:role:batchRemove', type=2, icon='null', orderNum=null, gmtCreate=null, gmtModified=null}, MenuDO{menuId=85, parentId=84, name='通知公告', url='oa/notify', perms='oa:notify:notify', type=1, icon='fa fa-pencil-square', orderNum=null, gmtCreate=null, gmtModified=null}, MenuDO{menuId=88, parentId=85, name='删除', url='oa/notify/remove', perms='oa:notify:remove', type=2, icon='fa fa-minus', orderNum=null, gmtCreate=null, gmtModified=null}, MenuDO{menuId=89, parentId=85, name='批量删除', url='oa/notify/batchRemove', perms='oa:notify:batchRemove', type=2, icon='', orderNum=null, gmtCreate=null, gmtModified=null}, MenuDO{menuId=90, parentId=84, name='我的通知', url='oa/notify/selfNotify', perms='', type=1, icon='fa fa-envelope-square', orderNum=null, gmtCreate=null, gmtModified=null}, MenuDO{menuId=92, parentId=91, name='在线用户', url='sys/online', perms='', type=1, icon='fa fa-user', orderNum=null, gmtCreate=null, gmtModified=null}, MenuDO{menuId=94, parentId=93, name='模型管理', url='activiti/model', perms='', type=1, icon='fa fa-sort-amount-asc', orderNum=null, gmtCreate=null, gmtModified=null}, MenuDO{menuId=95, parentId=94, name='全部权限', url='', perms='activiti:model', type=2, icon='', orderNum=null, gmtCreate=null, gmtModified=null}, MenuDO{menuId=96, parentId=93, name='流程管理', url='activiti/process', perms='', type=1, icon='fa fa-flag', orderNum=null, gmtCreate=null, gmtModified=null}, MenuDO{menuId=98, parentId=97, name='百度chart', url='/chart/graph_echarts.html', perms='', type=1, icon='fa fa-area-chart', orderNum=null, gmtCreate=null, gmtModified=null}, MenuDO{menuId=99, parentId=96, name='所有权限', url='', perms='act:process', type=2, icon='', orderNum=null, gmtCreate=null, gmtModified=null}, MenuDO{menuId=101, parentId=93, name='待办任务', url='activiti/task/todo', perms='', type=1, icon='', orderNum=null, gmtCreate=null, gmtModified=null}, MenuDO{menuId=6, parentId=3, name='用户管理', url='sys/user/', perms='sys:user:user', type=1, icon='fa fa-user', orderNum=0, gmtCreate=Thu Aug 10 14:12:11 CST 2017, gmtModified=null}, MenuDO{menuId=12, parentId=6, name='新增', url='', perms='sys:user:add', type=2, icon='', orderNum=0, gmtCreate=Mon Aug 14 10:51:35 CST 2017, gmtModified=null}, MenuDO{menuId=13, parentId=6, name='编辑', url='', perms='sys:user:edit', type=2, icon='', orderNum=0, gmtCreate=Mon Aug 14 10:52:06 CST 2017, gmtModified=null}, MenuDO{menuId=14, parentId=6, name='删除', url='null', perms='sys:user:remove', type=2, icon='null', orderNum=0, gmtCreate=Mon Aug 14 10:52:24 CST 2017, gmtModified=null}, MenuDO{menuId=15, parentId=7, name='新增', url='', perms='sys:role:add', type=2, icon='', orderNum=0, gmtCreate=Mon Aug 14 10:56:37 CST 2017, gmtModified=null}, MenuDO{menuId=20, parentId=2, name='新增', url='', perms='sys:menu:add', type=2, icon='', orderNum=0, gmtCreate=Mon Aug 14 10:59:32 CST 2017, gmtModified=null}, MenuDO{menuId=21, parentId=2, name='编辑', url='', perms='sys:menu:edit', type=2, icon='', orderNum=0, gmtCreate=Mon Aug 14 10:59:56 CST 2017, gmtModified=null}, MenuDO{menuId=22, parentId=2, name='删除', url='', perms='sys:menu:remove', type=2, icon='', orderNum=0, gmtCreate=Mon Aug 14 11:00:26 CST 2017, gmtModified=null}, MenuDO{menuId=24, parentId=6, name='批量删除', url='', perms='sys:user:batchRemove', type=2, icon='', orderNum=0, gmtCreate=Mon Aug 14 17:27:18 CST 2017, gmtModified=null}, MenuDO{menuId=25, parentId=6, name='停用', url='null', perms='sys:user:disable', type=2, icon='null', orderNum=0, gmtCreate=Mon Aug 14 17:27:43 CST 2017, gmtModified=null}, MenuDO{menuId=26, parentId=6, name='重置密码', url='', perms='sys:user:resetPwd', type=2, icon='', orderNum=0, gmtCreate=Mon Aug 14 17:28:34 CST 2017, gmtModified=null}, MenuDO{menuId=27, parentId=91, name='系统日志', url='common/log', perms='common:log', type=1, icon='fa fa-warning', orderNum=0, gmtCreate=Mon Aug 14 22:11:53 CST 2017, gmtModified=null}, MenuDO{menuId=28, parentId=27, name='刷新', url='null', perms='sys:log:list', type=2, icon='null', orderNum=0, gmtCreate=Mon Aug 14 22:30:22 CST 2017, gmtModified=null}, MenuDO{menuId=29, parentId=27, name='删除', url='null', perms='sys:log:remove', type=2, icon='null', orderNum=0, gmtCreate=Mon Aug 14 22:30:43 CST 2017, gmtModified=null}, MenuDO{menuId=30, parentId=27, name='清空', url='null', perms='sys:log:clear', type=2, icon='null', orderNum=0, gmtCreate=Mon Aug 14 22:31:02 CST 2017, gmtModified=null}, MenuDO{menuId=68, parentId=49, name='发布文章', url='/blog/bContent/add', perms='blog:bContent:add', type=1, icon='fa fa-edit', orderNum=0, gmtCreate=null, gmtModified=null}, MenuDO{menuId=3, parentId=0, name='系统管理', url='null', perms='null', type=0, icon='fa fa-desktop', orderNum=1, gmtCreate=Wed Aug 09 23:06:55 CST 2017, gmtModified=Mon Aug 14 14:13:43 CST 2017}, MenuDO{menuId=7, parentId=3, name='角色管理', url='sys/role', perms='sys:role:role', type=1, icon='fa fa-paw', orderNum=1, gmtCreate=Thu Aug 10 14:13:19 CST 2017, gmtModified=null}, MenuDO{menuId=50, parentId=49, name='文章列表', url='blog/bContent', perms='blog:bContent:bContent', type=1, icon='fa fa-file-image-o', orderNum=1, gmtCreate=null, gmtModified=null}, MenuDO{menuId=57, parentId=91, name='运行监控', url='/druid/index.html', perms='', type=1, icon='fa fa-caret-square-o-right', orderNum=1, gmtCreate=null, gmtModified=null}, MenuDO{menuId=74, parentId=73, name='增加', url='/system/sysDept/add', perms='system:sysDept:add', type=2, icon='null', orderNum=1, gmtCreate=null, gmtModified=null}, MenuDO{menuId=78, parentId=1, name='数据字典', url='/common/dict', perms='common:dict:dict', type=1, icon='fa fa-book', orderNum=1, gmtCreate=null, gmtModified=null}, MenuDO{menuId=86, parentId=85, name='新增', url='oa/notify/add', perms='oa:notify:add', type=2, icon='fa fa-plus', orderNum=1, gmtCreate=null, gmtModified=null}, MenuDO{menuId=2, parentId=3, name='系统菜单', url='sys/menu/', perms='sys:menu:menu', type=1, icon='fa fa-th-list', orderNum=2, gmtCreate=Wed Aug 09 22:55:15 CST 2017, gmtModified=null}, MenuDO{menuId=71, parentId=1, name='文件管理', url='/common/sysFile', perms='common:sysFile:sysFile', type=1, icon='fa fa-folder-open', orderNum=2, gmtCreate=null, gmtModified=null}, MenuDO{menuId=75, parentId=73, name='刪除', url='system/sysDept/remove', perms='system:sysDept:remove', type=2, icon='null', orderNum=2, gmtCreate=null, gmtModified=null}, MenuDO{menuId=79, parentId=78, name='增加', url='/common/dict/add', perms='common:dict:add', type=2, icon='null', orderNum=2, gmtCreate=null, gmtModified=null}, MenuDO{menuId=80, parentId=78, name='编辑', url='/common/dict/edit', perms='common:dict:edit', type=2, icon='null', orderNum=2, gmtCreate=null, gmtModified=null}, MenuDO{menuId=87, parentId=85, name='编辑', url='oa/notify/edit', perms='oa:notify:edit', type=2, icon='fa fa-pencil-square-o', orderNum=2, gmtCreate=null, gmtModified=null}, MenuDO{menuId=48, parentId=77, name='代码生成', url='common/generator', perms='common:generator', type=1, icon='fa fa-code', orderNum=3, gmtCreate=null, gmtModified=null}, MenuDO{menuId=73, parentId=3, name='部门管理', url='/system/sysDept', perms='system:sysDept:sysDept', type=1, icon='fa fa-users', orderNum=3, gmtCreate=null, gmtModified=null}, MenuDO{menuId=76, parentId=73, name='编辑', url='/system/sysDept/edit', perms='system:sysDept:edit', type=2, icon='null', orderNum=3, gmtCreate=null, gmtModified=null}, MenuDO{menuId=81, parentId=78, name='删除', url='/common/dict/remove', perms='common:dict:remove', type=2, icon='', orderNum=3, gmtCreate=null, gmtModified=null}, MenuDO{menuId=72, parentId=77, name='计划任务', url='common/job', perms='common:taskScheduleJob', type=1, icon='fa fa-hourglass-1', orderNum=4, gmtCreate=null, gmtModified=null}, MenuDO{menuId=77, parentId=0, name='系统工具', url='', perms='', type=0, icon='fa fa-briefcase', orderNum=4, gmtCreate=null, gmtModified=null}, MenuDO{menuId=83, parentId=78, name='批量删除', url='/common/dict/batchRemove', perms='common:dict:batchRemove', type=2, icon='', orderNum=4, gmtCreate=null, gmtModified=null}, MenuDO{menuId=84, parentId=0, name='办公管理', url='', perms='', type=0, icon='fa fa-laptop', orderNum=5, gmtCreate=null, gmtModified=null}, MenuDO{menuId=91, parentId=0, name='系统监控', url='', perms='', type=0, icon='fa fa-video-camera', orderNum=5, gmtCreate=null, gmtModified=null}, MenuDO{menuId=49, parentId=0, name='博客管理', url='', perms='', type=0, icon='fa fa-rss', orderNum=6, gmtCreate=null, gmtModified=null}, MenuDO{menuId=93, parentId=0, name='工作流程', url='', perms='', type=0, icon='fa fa-print', orderNum=6, gmtCreate=null, gmtModified=null}, MenuDO{menuId=97, parentId=0, name='图表管理', url='', perms='', type=0, icon='fa fa-bar-chart', orderNum=7, gmtCreate=null, gmtModified=null}, MenuDO{menuId=1, parentId=0, name='基础管理', url='', perms='', type=0, icon='fa fa-battery-3', orderNum=12, gmtCreate=Wed Aug 09 22:49:47 CST 2017, gmtModified=null}]
2020-11-16 14:35:38 -请求地址 : http://localhost:8066/sys/menu/edit/94
2020-11-16 14:35:38 -HTTP METHOD : GET
2020-11-16 14:35:38 -CLASS_METHOD : com.bootdo.system.controller.MenuController.edit
2020-11-16 14:35:38 -参数 : [{}, 94]
2020-11-16 14:35:38 -==>  Preparing: select `menu_id`,`parent_id`,`name`,`url`,`perms`,`type`,`icon`,`order_num`,`gmt_create`,`gmt_modified` from sys_menu where menu_id = ? 
2020-11-16 14:35:38 -==> Parameters: 94(Long)
2020-11-16 14:35:38 -<==      Total: 1
2020-11-16 14:35:38 -==>  Preparing: select `menu_id`,`parent_id`,`name`,`url`,`perms`,`type`,`icon`,`order_num`,`gmt_create`,`gmt_modified` from sys_menu where menu_id = ? 
2020-11-16 14:35:38 -==> Parameters: 93(Long)
2020-11-16 14:35:38 -<==      Total: 1
2020-11-16 14:35:38 -耗时 : 5
2020-11-16 14:35:38 -返回值 : system/menu/edit
2020-11-16 14:35:38 -==>  Preparing: insert into sys_log ( `user_id`, `username`, `operation`, `time`, `method`, `params`, `ip`, `gmt_create` ) values ( ?, ?, ?, ?, ?, ?, ?, ? ) 
2020-11-16 14:35:38 -==> Parameters: 1(Long), admin(String), 编辑菜单(String), 5(Integer), com.bootdo.system.controller.MenuController.edit()(String), null, 127.0.0.1(String), 2020-11-16 14:35:38.088(Timestamp)
2020-11-16 14:35:38 -<==    Updates: 1
2020-11-16 14:35:46 -请求地址 : http://localhost:8066/sys/menu/update
2020-11-16 14:35:46 -HTTP METHOD : POST
2020-11-16 14:35:46 -CLASS_METHOD : com.bootdo.system.controller.MenuController.update
2020-11-16 14:35:46 -参数 : [MenuDO{menuId=94, parentId=93, name='模型管理', url='activiti/model', perms='', type=1, icon='fa fa-sort-amount-as', orderNum=null, gmtCreate=null, gmtModified=null}]
2020-11-16 14:35:46 -==>  Preparing: update sys_menu SET `parent_id` = ?, `name` = ?, `url` = ?, `perms` = ?, `type` = ?, `icon` = ? where menu_id = ? 
2020-11-16 14:35:46 -==> Parameters: 93(Long), 模型管理(String), activiti/model(String), (String), 1(Integer), fa fa-sort-amount-as(String), 94(Long)
2020-11-16 14:35:46 -<==    Updates: 1
2020-11-16 14:35:46 -耗时 : 74
2020-11-16 14:35:46 -返回值 : {msg=操作成功, code=0}
2020-11-16 14:35:46 -==>  Preparing: insert into sys_log ( `user_id`, `username`, `operation`, `time`, `method`, `params`, `ip`, `gmt_create` ) values ( ?, ?, ?, ?, ?, ?, ?, ? ) 
2020-11-16 14:35:46 -==> Parameters: 1(Long), admin(String), 更新菜单(String), 75(Integer), com.bootdo.system.controller.MenuController.update()(String), null, 127.0.0.1(String), 2020-11-16 14:35:46.463(Timestamp)
2020-11-16 14:35:46 -<==    Updates: 1
2020-11-16 14:35:46 -请求地址 : http://localhost:8066/sys/menu/list
2020-11-16 14:35:46 -HTTP METHOD : GET
2020-11-16 14:35:46 -CLASS_METHOD : com.bootdo.system.controller.MenuController.list
2020-11-16 14:35:46 -参数 : [{sort=order_num}]
2020-11-16 14:35:46 -==>  Preparing: select `menu_id`,`parent_id`,`name`,`url`,`perms`,`type`,`icon`,`order_num`,`gmt_create`,`gmt_modified` from sys_menu order by order_num 
2020-11-16 14:35:46 -==> Parameters: 
2020-11-16 14:35:46 -<==      Total: 61
2020-11-16 14:35:46 -耗时 : 7
2020-11-16 14:35:46 -返回值 : [MenuDO{menuId=51, parentId=50, name='新增', url='', perms='blog:bContent:add', type=2, icon='', orderNum=null, gmtCreate=null, gmtModified=null}, MenuDO{menuId=55, parentId=7, name='编辑', url='', perms='sys:role:edit', type=2, icon='', orderNum=null, gmtCreate=null, gmtModified=null}, MenuDO{menuId=56, parentId=7, name='删除', url='', perms='sys:role:remove', type=2, icon='null', orderNum=null, gmtCreate=null, gmtModified=null}, MenuDO{menuId=58, parentId=50, name='编辑', url='', perms='blog:bContent:edit', type=2, icon='null', orderNum=null, gmtCreate=null, gmtModified=null}, MenuDO{menuId=59, parentId=50, name='删除', url='', perms='blog:bContent:remove', type=2, icon='null', orderNum=null, gmtCreate=null, gmtModified=null}, MenuDO{menuId=60, parentId=50, name='批量删除', url='', perms='blog:bContent:batchRemove', type=2, icon='null', orderNum=null, gmtCreate=null, gmtModified=null}, MenuDO{menuId=61, parentId=2, name='批量删除', url='', perms='sys:menu:batchRemove', type=2, icon='null', orderNum=null, gmtCreate=null, gmtModified=null}, MenuDO{menuId=62, parentId=7, name='批量删除', url='', perms='sys:role:batchRemove', type=2, icon='null', orderNum=null, gmtCreate=null, gmtModified=null}, MenuDO{menuId=85, parentId=84, name='通知公告', url='oa/notify', perms='oa:notify:notify', type=1, icon='fa fa-pencil-square', orderNum=null, gmtCreate=null, gmtModified=null}, MenuDO{menuId=88, parentId=85, name='删除', url='oa/notify/remove', perms='oa:notify:remove', type=2, icon='fa fa-minus', orderNum=null, gmtCreate=null, gmtModified=null}, MenuDO{menuId=89, parentId=85, name='批量删除', url='oa/notify/batchRemove', perms='oa:notify:batchRemove', type=2, icon='', orderNum=null, gmtCreate=null, gmtModified=null}, MenuDO{menuId=90, parentId=84, name='我的通知', url='oa/notify/selfNotify', perms='', type=1, icon='fa fa-envelope-square', orderNum=null, gmtCreate=null, gmtModified=null}, MenuDO{menuId=92, parentId=91, name='在线用户', url='sys/online', perms='', type=1, icon='fa fa-user', orderNum=null, gmtCreate=null, gmtModified=null}, MenuDO{menuId=94, parentId=93, name='模型管理', url='activiti/model', perms='', type=1, icon='fa fa-sort-amount-as', orderNum=null, gmtCreate=null, gmtModified=null}, MenuDO{menuId=95, parentId=94, name='全部权限', url='', perms='activiti:model', type=2, icon='', orderNum=null, gmtCreate=null, gmtModified=null}, MenuDO{menuId=96, parentId=93, name='流程管理', url='activiti/process', perms='', type=1, icon='fa fa-flag', orderNum=null, gmtCreate=null, gmtModified=null}, MenuDO{menuId=98, parentId=97, name='百度chart', url='/chart/graph_echarts.html', perms='', type=1, icon='fa fa-area-chart', orderNum=null, gmtCreate=null, gmtModified=null}, MenuDO{menuId=99, parentId=96, name='所有权限', url='', perms='act:process', type=2, icon='', orderNum=null, gmtCreate=null, gmtModified=null}, MenuDO{menuId=101, parentId=93, name='待办任务', url='activiti/task/todo', perms='', type=1, icon='', orderNum=null, gmtCreate=null, gmtModified=null}, MenuDO{menuId=6, parentId=3, name='用户管理', url='sys/user/', perms='sys:user:user', type=1, icon='fa fa-user', orderNum=0, gmtCreate=Thu Aug 10 14:12:11 CST 2017, gmtModified=null}, MenuDO{menuId=12, parentId=6, name='新增', url='', perms='sys:user:add', type=2, icon='', orderNum=0, gmtCreate=Mon Aug 14 10:51:35 CST 2017, gmtModified=null}, MenuDO{menuId=13, parentId=6, name='编辑', url='', perms='sys:user:edit', type=2, icon='', orderNum=0, gmtCreate=Mon Aug 14 10:52:06 CST 2017, gmtModified=null}, MenuDO{menuId=14, parentId=6, name='删除', url='null', perms='sys:user:remove', type=2, icon='null', orderNum=0, gmtCreate=Mon Aug 14 10:52:24 CST 2017, gmtModified=null}, MenuDO{menuId=15, parentId=7, name='新增', url='', perms='sys:role:add', type=2, icon='', orderNum=0, gmtCreate=Mon Aug 14 10:56:37 CST 2017, gmtModified=null}, MenuDO{menuId=20, parentId=2, name='新增', url='', perms='sys:menu:add', type=2, icon='', orderNum=0, gmtCreate=Mon Aug 14 10:59:32 CST 2017, gmtModified=null}, MenuDO{menuId=21, parentId=2, name='编辑', url='', perms='sys:menu:edit', type=2, icon='', orderNum=0, gmtCreate=Mon Aug 14 10:59:56 CST 2017, gmtModified=null}, MenuDO{menuId=22, parentId=2, name='删除', url='', perms='sys:menu:remove', type=2, icon='', orderNum=0, gmtCreate=Mon Aug 14 11:00:26 CST 2017, gmtModified=null}, MenuDO{menuId=24, parentId=6, name='批量删除', url='', perms='sys:user:batchRemove', type=2, icon='', orderNum=0, gmtCreate=Mon Aug 14 17:27:18 CST 2017, gmtModified=null}, MenuDO{menuId=25, parentId=6, name='停用', url='null', perms='sys:user:disable', type=2, icon='null', orderNum=0, gmtCreate=Mon Aug 14 17:27:43 CST 2017, gmtModified=null}, MenuDO{menuId=26, parentId=6, name='重置密码', url='', perms='sys:user:resetPwd', type=2, icon='', orderNum=0, gmtCreate=Mon Aug 14 17:28:34 CST 2017, gmtModified=null}, MenuDO{menuId=27, parentId=91, name='系统日志', url='common/log', perms='common:log', type=1, icon='fa fa-warning', orderNum=0, gmtCreate=Mon Aug 14 22:11:53 CST 2017, gmtModified=null}, MenuDO{menuId=28, parentId=27, name='刷新', url='null', perms='sys:log:list', type=2, icon='null', orderNum=0, gmtCreate=Mon Aug 14 22:30:22 CST 2017, gmtModified=null}, MenuDO{menuId=29, parentId=27, name='删除', url='null', perms='sys:log:remove', type=2, icon='null', orderNum=0, gmtCreate=Mon Aug 14 22:30:43 CST 2017, gmtModified=null}, MenuDO{menuId=30, parentId=27, name='清空', url='null', perms='sys:log:clear', type=2, icon='null', orderNum=0, gmtCreate=Mon Aug 14 22:31:02 CST 2017, gmtModified=null}, MenuDO{menuId=68, parentId=49, name='发布文章', url='/blog/bContent/add', perms='blog:bContent:add', type=1, icon='fa fa-edit', orderNum=0, gmtCreate=null, gmtModified=null}, MenuDO{menuId=3, parentId=0, name='系统管理', url='null', perms='null', type=0, icon='fa fa-desktop', orderNum=1, gmtCreate=Wed Aug 09 23:06:55 CST 2017, gmtModified=Mon Aug 14 14:13:43 CST 2017}, MenuDO{menuId=7, parentId=3, name='角色管理', url='sys/role', perms='sys:role:role', type=1, icon='fa fa-paw', orderNum=1, gmtCreate=Thu Aug 10 14:13:19 CST 2017, gmtModified=null}, MenuDO{menuId=50, parentId=49, name='文章列表', url='blog/bContent', perms='blog:bContent:bContent', type=1, icon='fa fa-file-image-o', orderNum=1, gmtCreate=null, gmtModified=null}, MenuDO{menuId=57, parentId=91, name='运行监控', url='/druid/index.html', perms='', type=1, icon='fa fa-caret-square-o-right', orderNum=1, gmtCreate=null, gmtModified=null}, MenuDO{menuId=74, parentId=73, name='增加', url='/system/sysDept/add', perms='system:sysDept:add', type=2, icon='null', orderNum=1, gmtCreate=null, gmtModified=null}, MenuDO{menuId=78, parentId=1, name='数据字典', url='/common/dict', perms='common:dict:dict', type=1, icon='fa fa-book', orderNum=1, gmtCreate=null, gmtModified=null}, MenuDO{menuId=86, parentId=85, name='新增', url='oa/notify/add', perms='oa:notify:add', type=2, icon='fa fa-plus', orderNum=1, gmtCreate=null, gmtModified=null}, MenuDO{menuId=2, parentId=3, name='系统菜单', url='sys/menu/', perms='sys:menu:menu', type=1, icon='fa fa-th-list', orderNum=2, gmtCreate=Wed Aug 09 22:55:15 CST 2017, gmtModified=null}, MenuDO{menuId=71, parentId=1, name='文件管理', url='/common/sysFile', perms='common:sysFile:sysFile', type=1, icon='fa fa-folder-open', orderNum=2, gmtCreate=null, gmtModified=null}, MenuDO{menuId=75, parentId=73, name='刪除', url='system/sysDept/remove', perms='system:sysDept:remove', type=2, icon='null', orderNum=2, gmtCreate=null, gmtModified=null}, MenuDO{menuId=79, parentId=78, name='增加', url='/common/dict/add', perms='common:dict:add', type=2, icon='null', orderNum=2, gmtCreate=null, gmtModified=null}, MenuDO{menuId=80, parentId=78, name='编辑', url='/common/dict/edit', perms='common:dict:edit', type=2, icon='null', orderNum=2, gmtCreate=null, gmtModified=null}, MenuDO{menuId=87, parentId=85, name='编辑', url='oa/notify/edit', perms='oa:notify:edit', type=2, icon='fa fa-pencil-square-o', orderNum=2, gmtCreate=null, gmtModified=null}, MenuDO{menuId=48, parentId=77, name='代码生成', url='common/generator', perms='common:generator', type=1, icon='fa fa-code', orderNum=3, gmtCreate=null, gmtModified=null}, MenuDO{menuId=73, parentId=3, name='部门管理', url='/system/sysDept', perms='system:sysDept:sysDept', type=1, icon='fa fa-users', orderNum=3, gmtCreate=null, gmtModified=null}, MenuDO{menuId=76, parentId=73, name='编辑', url='/system/sysDept/edit', perms='system:sysDept:edit', type=2, icon='null', orderNum=3, gmtCreate=null, gmtModified=null}, MenuDO{menuId=81, parentId=78, name='删除', url='/common/dict/remove', perms='common:dict:remove', type=2, icon='', orderNum=3, gmtCreate=null, gmtModified=null}, MenuDO{menuId=72, parentId=77, name='计划任务', url='common/job', perms='common:taskScheduleJob', type=1, icon='fa fa-hourglass-1', orderNum=4, gmtCreate=null, gmtModified=null}, MenuDO{menuId=77, parentId=0, name='系统工具', url='', perms='', type=0, icon='fa fa-briefcase', orderNum=4, gmtCreate=null, gmtModified=null}, MenuDO{menuId=83, parentId=78, name='批量删除', url='/common/dict/batchRemove', perms='common:dict:batchRemove', type=2, icon='', orderNum=4, gmtCreate=null, gmtModified=null}, MenuDO{menuId=84, parentId=0, name='办公管理', url='', perms='', type=0, icon='fa fa-laptop', orderNum=5, gmtCreate=null, gmtModified=null}, MenuDO{menuId=91, parentId=0, name='系统监控', url='', perms='', type=0, icon='fa fa-video-camera', orderNum=5, gmtCreate=null, gmtModified=null}, MenuDO{menuId=49, parentId=0, name='博客管理', url='', perms='', type=0, icon='fa fa-rss', orderNum=6, gmtCreate=null, gmtModified=null}, MenuDO{menuId=93, parentId=0, name='工作流程', url='', perms='', type=0, icon='fa fa-print', orderNum=6, gmtCreate=null, gmtModified=null}, MenuDO{menuId=97, parentId=0, name='图表管理', url='', perms='', type=0, icon='fa fa-bar-chart', orderNum=7, gmtCreate=null, gmtModified=null}, MenuDO{menuId=1, parentId=0, name='基础管理', url='', perms='', type=0, icon='fa fa-battery-3', orderNum=12, gmtCreate=Wed Aug 09 22:49:47 CST 2017, gmtModified=null}]
2020-11-16 14:35:49 -请求地址 : http://localhost:8066/index
2020-11-16 14:35:49 -HTTP METHOD : GET
2020-11-16 14:35:49 -CLASS_METHOD : com.bootdo.system.controller.LoginController.index
2020-11-16 14:35:49 -参数 : [{}]
2020-11-16 14:35:49 -==>  Preparing: select distinct m.menu_id , parent_id, name, url, perms,`type`,icon,order_num,gmt_create, gmt_modified from sys_menu m left join sys_role_menu rm on m.menu_id = rm.menu_id left join sys_user_role ur on rm.role_id =ur.role_id where ur.user_id = ? and m.type in(0,1) order by m.order_num 
2020-11-16 14:35:49 -==> Parameters: 1(Long)
2020-11-16 14:35:49 -<==      Total: 27
2020-11-16 14:35:49 -==>  Preparing: select `id`,`type`,`url`,`create_date` from sys_file where id = ? 
2020-11-16 14:35:49 -==> Parameters: 143(Long)
2020-11-16 14:35:49 -<==      Total: 1
2020-11-16 14:35:49 -耗时 : 10
2020-11-16 14:35:49 -返回值 : index_v1
2020-11-16 14:35:49 -==>  Preparing: insert into sys_log ( `user_id`, `username`, `operation`, `time`, `method`, `params`, `ip`, `gmt_create` ) values ( ?, ?, ?, ?, ?, ?, ?, ? ) 
2020-11-16 14:35:49 -==> Parameters: 1(Long), admin(String), 请求访问主页(String), 10(Integer), com.bootdo.system.controller.LoginController.index()(String), null, 127.0.0.1(String), 2020-11-16 14:35:49.672(Timestamp)
2020-11-16 14:35:49 -<==    Updates: 1
2020-11-16 14:35:49 -请求地址 : http://localhost:8066/main
2020-11-16 14:35:49 -HTTP METHOD : GET
2020-11-16 14:35:49 -CLASS_METHOD : com.bootdo.system.controller.LoginController.main
2020-11-16 14:35:49 -参数 : []
2020-11-16 14:35:49 -耗时 : 0
2020-11-16 14:35:49 -返回值 : main
2020-11-16 14:35:49 -请求地址 : http://localhost:8066/oa/notify/message
2020-11-16 14:35:49 -HTTP METHOD : GET
2020-11-16 14:35:49 -CLASS_METHOD : com.bootdo.oa.controller.NotifyController.message
2020-11-16 14:35:49 -参数 : []
2020-11-16 14:35:49 -==>  Preparing: select DISTINCT n.id ,`type`,`title`,`content`,`files`,r.is_read,`status`,`create_by`,`create_date`,`update_by`,`update_date`,`remarks`,`del_flag` from oa_notify_record r right JOIN oa_notify n on r.notify_id = n.id WHERE r.is_read = ? and r.user_id = ? order by is_read ASC, update_date DESC limit ?, ? 
2020-11-16 14:35:49 -==> Parameters: 0(String), 1(Long), 0(Integer), 3(Integer)
2020-11-16 14:35:49 -<==      Total: 0
2020-11-16 14:35:49 -==>  Preparing: select count(*) from oa_notify_record r right JOIN oa_notify n on r.notify_id = n.id where r.user_id =? and r.is_read = ? 
2020-11-16 14:35:49 -==> Parameters: 1(Long), 0(String)
2020-11-16 14:35:49 -<==      Total: 1
2020-11-16 14:35:49 -耗时 : 3
2020-11-16 14:35:49 -返回值 : com.bootdo.common.utils.PageUtils@6672bb3a
2020-11-16 14:35:49 -请求地址 : http://localhost:8066/main
2020-11-16 14:35:49 -HTTP METHOD : GET
2020-11-16 14:35:49 -CLASS_METHOD : com.bootdo.system.controller.LoginController.main
2020-11-16 14:35:49 -参数 : []
2020-11-16 14:35:49 -耗时 : 0
2020-11-16 14:35:49 -返回值 : main
2020-11-16 14:35:51 -请求地址 : http://localhost:8066/sys/user/
2020-11-16 14:35:51 -HTTP METHOD : GET
2020-11-16 14:35:51 -CLASS_METHOD : com.bootdo.system.controller.UserController.user
2020-11-16 14:35:51 -参数 : [{}]
2020-11-16 14:35:51 -耗时 : 0
2020-11-16 14:35:51 -返回值 : system/user/user
2020-11-16 14:35:51 -请求地址 : http://localhost:8066/system/sysDept/tree
2020-11-16 14:35:51 -HTTP METHOD : GET
2020-11-16 14:35:51 -CLASS_METHOD : com.bootdo.system.controller.DeptController.tree
2020-11-16 14:35:51 -参数 : []
2020-11-16 14:35:51 -==>  Preparing: select `dept_id`,`parent_id`,`name`,`order_num`,`del_flag` from sys_dept order by dept_id desc 
2020-11-16 14:35:51 -==> Parameters: 
2020-11-16 14:35:51 -<==      Total: 10
2020-11-16 14:35:51 -耗时 : 1
2020-11-16 14:35:51 -返回值 : {"checked":true,"children":[{"checked":false,"children":[{"checked":false,"children":[],"hasChildren":false,"hasParent":true,"id":"15","parentId":"13","state":{"opened":true},"text":"测试二部"},{"checked":false,"children":[],"hasChildren":false,"hasParent":true,"id":"14","parentId":"13","state":{"opened":true},"text":"测试一部"}],"hasChildren":true,"hasParent":false,"id":"13","parentId":"0","state":{"opened":true},"text":"测试部"},{"checked":false,"children":[{"checked":false,"children":[],"hasChildren":false,"hasParent":true,"id":"12","parentId":"11","state":{"opened":true},"text":"产品一部"}],"hasChildren":true,"hasParent":false,"id":"11","parentId":"0","state":{"opened":true},"text":"产品部"},{"checked":false,"children":[{"checked":false,"children":[],"hasChildren":false,"hasParent":true,"id":"10","parentId":"9","state":{"opened":true},"text":"销售一部"}],"hasChildren":true,"hasParent":false,"id":"9","parentId":"0","state":{"opened":true},"text":"销售部"},{"checked":false,"children":[{"checked":false,"children":[],"hasChildren":false,"hasParent":true,"id":"8","parentId":"6","state":{"opened":true},"text":"研发二部"},{"checked":false,"children":[],"hasChildren":false,"hasParent":true,"id":"7","parentId":"6","state":{"opened":true},"text":"研發一部"}],"hasChildren":true,"hasParent":false,"id":"6","parentId":"0","state":{"opened":true},"text":"研发部"}],"hasChildren":true,"hasParent":false,"id":"-1","parentId":"","state":{"opened":true},"text":"顶级节点"}
2020-11-16 14:35:51 -请求地址 : http://localhost:8066/sys/user/list
2020-11-16 14:35:51 -HTTP METHOD : GET
2020-11-16 14:35:51 -CLASS_METHOD : com.bootdo.system.controller.UserController.list
2020-11-16 14:35:51 -参数 : [{limit=10, offset=0, name=, deptId=}]
2020-11-16 14:35:51 -==>  Preparing: select `user_id`,`username`,`name`,`password`,`dept_id`,`email`,`mobile`,`status`,`user_id_create`,`gmt_create`,`gmt_modified`,`sex`,`birth`,`pic_id`,`live_address`,`hobby`,`province`,`city`,`district` from sys_user order by user_id desc limit ?, ? 
2020-11-16 14:35:51 -==> Parameters: 0(Integer), 10(Integer)
2020-11-16 14:35:51 -<==      Total: 10
2020-11-16 14:35:51 -==>  Preparing: select count(*) from sys_user 
2020-11-16 14:35:51 -==> Parameters: 
2020-11-16 14:35:51 -<==      Total: 1
2020-11-16 14:35:51 -耗时 : 7
2020-11-16 14:35:51 -返回值 : com.bootdo.common.utils.PageUtils@4fcbafbd
2020-11-16 14:36:07 -请求地址 : http://localhost:8066/sys/user/add
2020-11-16 14:36:07 -HTTP METHOD : GET
2020-11-16 14:36:07 -CLASS_METHOD : com.bootdo.system.controller.UserController.add
2020-11-16 14:36:07 -参数 : [{}]
2020-11-16 14:36:07 -==>  Preparing: select `role_id`,`role_name`,`role_sign`,`remark`,`user_id_create`,`gmt_create`,`gmt_modified` from sys_role order by role_id desc 
2020-11-16 14:36:07 -==> Parameters: 
2020-11-16 14:36:07 -<==      Total: 1
2020-11-16 14:36:07 -耗时 : 2
2020-11-16 14:36:07 -返回值 : system/user/add
2020-11-16 14:36:07 -==>  Preparing: insert into sys_log ( `user_id`, `username`, `operation`, `time`, `method`, `params`, `ip`, `gmt_create` ) values ( ?, ?, ?, ?, ?, ?, ?, ? ) 
2020-11-16 14:36:07 -==> Parameters: 1(Long), admin(String), 添加用户(String), 3(Integer), com.bootdo.system.controller.UserController.add()(String), null, 127.0.0.1(String), 2020-11-16 14:36:07.484(Timestamp)
2020-11-16 14:36:07 -<==    Updates: 1
2020-11-16 14:36:10 -请求地址 : http://localhost:8066/sys/user/exit
2020-11-16 14:36:10 -HTTP METHOD : POST
2020-11-16 14:36:10 -CLASS_METHOD : com.bootdo.system.controller.UserController.exit
2020-11-16 14:36:10 -参数 : [{username=1234}]
2020-11-16 14:36:10 -==>  Preparing: select `user_id`,`username`,`name`,`password`,`dept_id`,`email`,`mobile`,`status`,`user_id_create`,`gmt_create`,`gmt_modified`,`sex`,`birth`,`pic_id`,`live_address`,`hobby`,`province`,`city`,`district` from sys_user WHERE username = ? order by user_id desc 
2020-11-16 14:36:10 -==> Parameters: 1234(String)
2020-11-16 14:36:10 -<==      Total: 1
2020-11-16 14:36:10 -耗时 : 4
2020-11-16 14:36:10 -返回值 : false
2020-11-16 14:36:13 -Validating all active sessions...
2020-11-16 14:36:13 -Finished session validation.  No sessions were stopped.
2020-11-16 14:36:28 -请求地址 : http://localhost:8066/sys/user/resetPwd/168
2020-11-16 14:36:28 -HTTP METHOD : GET
2020-11-16 14:36:28 -CLASS_METHOD : com.bootdo.system.controller.UserController.resetPwd
2020-11-16 14:36:28 -参数 : [168, {}]
2020-11-16 14:36:28 -耗时 : 0
2020-11-16 14:36:28 -返回值 : system/user/reset_pwd
2020-11-16 14:36:28 -==>  Preparing: insert into sys_log ( `user_id`, `username`, `operation`, `time`, `method`, `params`, `ip`, `gmt_create` ) values ( ?, ?, ?, ?, ?, ?, ?, ? ) 
2020-11-16 14:36:28 -==> Parameters: 1(Long), admin(String), 请求更改用户密码(String), 0(Integer), com.bootdo.system.controller.UserController.resetPwd()(String), null, 127.0.0.1(String), 2020-11-16 14:36:28.607(Timestamp)
2020-11-16 14:36:28 -<==    Updates: 1
2020-11-16 14:36:30 -请求地址 : http://localhost:8066/sys/user/resetPwd/139
2020-11-16 14:36:30 -HTTP METHOD : GET
2020-11-16 14:36:30 -CLASS_METHOD : com.bootdo.system.controller.UserController.resetPwd
2020-11-16 14:36:30 -参数 : [139, {}]
2020-11-16 14:36:30 -耗时 : 1
2020-11-16 14:36:30 -返回值 : system/user/reset_pwd
2020-11-16 14:36:30 -==>  Preparing: insert into sys_log ( `user_id`, `username`, `operation`, `time`, `method`, `params`, `ip`, `gmt_create` ) values ( ?, ?, ?, ?, ?, ?, ?, ? ) 
2020-11-16 14:36:30 -==> Parameters: 1(Long), admin(String), 请求更改用户密码(String), 1(Integer), com.bootdo.system.controller.UserController.resetPwd()(String), null, 127.0.0.1(String), 2020-11-16 14:36:30.667(Timestamp)
2020-11-16 14:36:30 -<==    Updates: 1
2020-11-16 14:36:59 -请求地址 : http://localhost:8066/sys/user/list
2020-11-16 14:36:59 -HTTP METHOD : GET
2020-11-16 14:36:59 -CLASS_METHOD : com.bootdo.system.controller.UserController.list
2020-11-16 14:36:59 -参数 : [{limit=25, offset=0, name=, deptId=}]
2020-11-16 14:36:59 -==>  Preparing: select `user_id`,`username`,`name`,`password`,`dept_id`,`email`,`mobile`,`status`,`user_id_create`,`gmt_create`,`gmt_modified`,`sex`,`birth`,`pic_id`,`live_address`,`hobby`,`province`,`city`,`district` from sys_user order by user_id desc limit ?, ? 
2020-11-16 14:36:59 -==> Parameters: 0(Integer), 25(Integer)
2020-11-16 14:36:59 -<==      Total: 14
2020-11-16 14:36:59 -==>  Preparing: select count(*) from sys_user 
2020-11-16 14:36:59 -==> Parameters: 
2020-11-16 14:36:59 -<==      Total: 1
2020-11-16 14:36:59 -耗时 : 27
2020-11-16 14:36:59 -返回值 : com.bootdo.common.utils.PageUtils@135c35a2
2020-11-16 14:37:03 -WebSocketSession[1 current WS(1)-HttpStream(0)-HttpPoll(0), 8 total, 0 closed abnormally (0 connect failure, 0 send limit, 0 transport error)], stompSubProtocol[processed CONNECT(8)-CONNECTED(8)-DISCONNECT(0)], stompBrokerRelay[null], inboundChannel[pool size = 0, active threads = 0, queued tasks = 0, completed tasks = 93], outboundChannelpool size = 0, active threads = 0, queued tasks = 0, completed tasks = 15], sockJsScheduler[pool size = 4, active threads = 1, queued tasks = 2, completed tasks = 148092]
2020-11-16 14:37:19 -请求地址 : http://localhost:8066/sys/user/list
2020-11-16 14:37:19 -HTTP METHOD : GET
2020-11-16 14:37:19 -CLASS_METHOD : com.bootdo.system.controller.UserController.list
2020-11-16 14:37:19 -参数 : [{limit=10, offset=0, name=, deptId=}]
2020-11-16 14:37:19 -==>  Preparing: select `user_id`,`username`,`name`,`password`,`dept_id`,`email`,`mobile`,`status`,`user_id_create`,`gmt_create`,`gmt_modified`,`sex`,`birth`,`pic_id`,`live_address`,`hobby`,`province`,`city`,`district` from sys_user order by user_id desc limit ?, ? 
2020-11-16 14:37:19 -==> Parameters: 0(Integer), 10(Integer)
2020-11-16 14:37:19 -<==      Total: 10
2020-11-16 14:37:19 -==>  Preparing: select count(*) from sys_user 
2020-11-16 14:37:19 -==> Parameters: 
2020-11-16 14:37:19 -<==      Total: 1
2020-11-16 14:37:19 -耗时 : 7
2020-11-16 14:37:19 -返回值 : com.bootdo.common.utils.PageUtils@613aa537
2020-11-16 14:37:50 -请求地址 : http://localhost:8066/index
2020-11-16 14:37:50 -HTTP METHOD : GET
2020-11-16 14:37:50 -CLASS_METHOD : com.bootdo.system.controller.LoginController.index
2020-11-16 14:37:50 -参数 : [{}]
2020-11-16 14:37:50 -==>  Preparing: select distinct m.menu_id , parent_id, name, url, perms,`type`,icon,order_num,gmt_create, gmt_modified from sys_menu m left join sys_role_menu rm on m.menu_id = rm.menu_id left join sys_user_role ur on rm.role_id =ur.role_id where ur.user_id = ? and m.type in(0,1) order by m.order_num 
2020-11-16 14:37:50 -==> Parameters: 1(Long)
2020-11-16 14:37:50 -<==      Total: 27
2020-11-16 14:37:50 -==>  Preparing: select `id`,`type`,`url`,`create_date` from sys_file where id = ? 
2020-11-16 14:37:50 -==> Parameters: 143(Long)
2020-11-16 14:37:50 -<==      Total: 1
2020-11-16 14:37:50 -耗时 : 9
2020-11-16 14:37:50 -返回值 : index_v1
2020-11-16 14:37:50 -==>  Preparing: insert into sys_log ( `user_id`, `username`, `operation`, `time`, `method`, `params`, `ip`, `gmt_create` ) values ( ?, ?, ?, ?, ?, ?, ?, ? ) 
2020-11-16 14:37:50 -==> Parameters: 1(Long), admin(String), 请求访问主页(String), 10(Integer), com.bootdo.system.controller.LoginController.index()(String), null, 127.0.0.1(String), 2020-11-16 14:37:50.627(Timestamp)
2020-11-16 14:37:50 -<==    Updates: 1
2020-11-16 14:37:53 -请求地址 : http://localhost:8066/main
2020-11-16 14:37:53 -HTTP METHOD : GET
2020-11-16 14:37:53 -CLASS_METHOD : com.bootdo.system.controller.LoginController.main
2020-11-16 14:37:53 -参数 : []
2020-11-16 14:37:53 -耗时 : 0
2020-11-16 14:37:53 -返回值 : main
2020-11-16 14:37:56 -请求地址 : http://localhost:8066/main
2020-11-16 14:37:56 -HTTP METHOD : GET
2020-11-16 14:37:56 -CLASS_METHOD : com.bootdo.system.controller.LoginController.main
2020-11-16 14:37:56 -参数 : []
2020-11-16 14:37:56 -耗时 : 1
2020-11-16 14:37:56 -返回值 : main
2020-11-16 14:37:56 -请求地址 : http://localhost:8066/oa/notify/message
2020-11-16 14:37:56 -HTTP METHOD : GET
2020-11-16 14:37:56 -CLASS_METHOD : com.bootdo.oa.controller.NotifyController.message
2020-11-16 14:37:56 -参数 : []
2020-11-16 14:37:56 -==>  Preparing: select DISTINCT n.id ,`type`,`title`,`content`,`files`,r.is_read,`status`,`create_by`,`create_date`,`update_by`,`update_date`,`remarks`,`del_flag` from oa_notify_record r right JOIN oa_notify n on r.notify_id = n.id WHERE r.is_read = ? and r.user_id = ? order by is_read ASC, update_date DESC limit ?, ? 
2020-11-16 14:37:56 -==> Parameters: 0(String), 1(Long), 0(Integer), 3(Integer)
2020-11-16 14:37:56 -<==      Total: 0
2020-11-16 14:37:56 -==>  Preparing: select count(*) from oa_notify_record r right JOIN oa_notify n on r.notify_id = n.id where r.user_id =? and r.is_read = ? 
2020-11-16 14:37:56 -==> Parameters: 1(Long), 0(String)
2020-11-16 14:37:56 -<==      Total: 1
2020-11-16 14:37:56 -耗时 : 6
2020-11-16 14:37:56 -返回值 : com.bootdo.common.utils.PageUtils@5d3edc2f
2020-11-16 14:38:04 -请求地址 : http://localhost:8066/index
2020-11-16 14:38:04 -HTTP METHOD : GET
2020-11-16 14:38:04 -CLASS_METHOD : com.bootdo.system.controller.LoginController.index
2020-11-16 14:38:04 -参数 : [{}]
2020-11-16 14:38:04 -==>  Preparing: select distinct m.menu_id , parent_id, name, url, perms,`type`,icon,order_num,gmt_create, gmt_modified from sys_menu m left join sys_role_menu rm on m.menu_id = rm.menu_id left join sys_user_role ur on rm.role_id =ur.role_id where ur.user_id = ? and m.type in(0,1) order by m.order_num 
2020-11-16 14:38:04 -==> Parameters: 1(Long)
2020-11-16 14:38:04 -<==      Total: 27
2020-11-16 14:38:04 -==>  Preparing: select `id`,`type`,`url`,`create_date` from sys_file where id = ? 
2020-11-16 14:38:04 -==> Parameters: 143(Long)
2020-11-16 14:38:04 -<==      Total: 1
2020-11-16 14:38:04 -耗时 : 9
2020-11-16 14:38:04 -返回值 : index_v1
2020-11-16 14:38:04 -==>  Preparing: insert into sys_log ( `user_id`, `username`, `operation`, `time`, `method`, `params`, `ip`, `gmt_create` ) values ( ?, ?, ?, ?, ?, ?, ?, ? ) 
2020-11-16 14:38:04 -==> Parameters: 1(Long), admin(String), 请求访问主页(String), 11(Integer), com.bootdo.system.controller.LoginController.index()(String), null, 127.0.0.1(String), 2020-11-16 14:38:04.776(Timestamp)
2020-11-16 14:38:04 -请求地址 : http://localhost:8066/main
2020-11-16 14:38:04 -HTTP METHOD : GET
2020-11-16 14:38:04 -CLASS_METHOD : com.bootdo.system.controller.LoginController.main
2020-11-16 14:38:04 -参数 : []
2020-11-16 14:38:04 -耗时 : 0
2020-11-16 14:38:04 -返回值 : main
2020-11-16 14:38:04 -<==    Updates: 1
2020-11-16 14:38:04 -请求地址 : http://localhost:8066/oa/notify/message
2020-11-16 14:38:04 -HTTP METHOD : GET
2020-11-16 14:38:04 -CLASS_METHOD : com.bootdo.oa.controller.NotifyController.message
2020-11-16 14:38:04 -参数 : []
2020-11-16 14:38:04 -==>  Preparing: select DISTINCT n.id ,`type`,`title`,`content`,`files`,r.is_read,`status`,`create_by`,`create_date`,`update_by`,`update_date`,`remarks`,`del_flag` from oa_notify_record r right JOIN oa_notify n on r.notify_id = n.id WHERE r.is_read = ? and r.user_id = ? order by is_read ASC, update_date DESC limit ?, ? 
2020-11-16 14:38:04 -==> Parameters: 0(String), 1(Long), 0(Integer), 3(Integer)
2020-11-16 14:38:04 -<==      Total: 0
2020-11-16 14:38:04 -==>  Preparing: select count(*) from oa_notify_record r right JOIN oa_notify n on r.notify_id = n.id where r.user_id =? and r.is_read = ? 
2020-11-16 14:38:04 -==> Parameters: 1(Long), 0(String)
2020-11-16 14:38:04 -<==      Total: 1
2020-11-16 14:38:04 -耗时 : 3
2020-11-16 14:38:04 -返回值 : com.bootdo.common.utils.PageUtils@1ec45565
2020-11-16 14:38:04 -请求地址 : http://localhost:8066/main
2020-11-16 14:38:04 -HTTP METHOD : GET
2020-11-16 14:38:04 -CLASS_METHOD : com.bootdo.system.controller.LoginController.main
2020-11-16 14:38:04 -参数 : []
2020-11-16 14:38:04 -耗时 : 0
2020-11-16 14:38:04 -返回值 : main
2020-11-16 14:38:09 -请求地址 : http://localhost:8066/sys/user/
2020-11-16 14:38:09 -HTTP METHOD : GET
2020-11-16 14:38:09 -CLASS_METHOD : com.bootdo.system.controller.UserController.user
2020-11-16 14:38:09 -参数 : [{}]
2020-11-16 14:38:09 -耗时 : 1
2020-11-16 14:38:09 -返回值 : system/user/user
2020-11-16 14:38:10 -请求地址 : http://localhost:8066/system/sysDept/tree
2020-11-16 14:38:10 -HTTP METHOD : GET
2020-11-16 14:38:10 -CLASS_METHOD : com.bootdo.system.controller.DeptController.tree
2020-11-16 14:38:10 -参数 : []
2020-11-16 14:38:10 -==>  Preparing: select `dept_id`,`parent_id`,`name`,`order_num`,`del_flag` from sys_dept order by dept_id desc 
2020-11-16 14:38:10 -==> Parameters: 
2020-11-16 14:38:10 -<==      Total: 10
2020-11-16 14:38:10 -耗时 : 1
2020-11-16 14:38:10 -返回值 : {"checked":true,"children":[{"checked":false,"children":[{"checked":false,"children":[],"hasChildren":false,"hasParent":true,"id":"15","parentId":"13","state":{"opened":true},"text":"测试二部"},{"checked":false,"children":[],"hasChildren":false,"hasParent":true,"id":"14","parentId":"13","state":{"opened":true},"text":"测试一部"}],"hasChildren":true,"hasParent":false,"id":"13","parentId":"0","state":{"opened":true},"text":"测试部"},{"checked":false,"children":[{"checked":false,"children":[],"hasChildren":false,"hasParent":true,"id":"12","parentId":"11","state":{"opened":true},"text":"产品一部"}],"hasChildren":true,"hasParent":false,"id":"11","parentId":"0","state":{"opened":true},"text":"产品部"},{"checked":false,"children":[{"checked":false,"children":[],"hasChildren":false,"hasParent":true,"id":"10","parentId":"9","state":{"opened":true},"text":"销售一部"}],"hasChildren":true,"hasParent":false,"id":"9","parentId":"0","state":{"opened":true},"text":"销售部"},{"checked":false,"children":[{"checked":false,"children":[],"hasChildren":false,"hasParent":true,"id":"8","parentId":"6","state":{"opened":true},"text":"研发二部"},{"checked":false,"children":[],"hasChildren":false,"hasParent":true,"id":"7","parentId":"6","state":{"opened":true},"text":"研發一部"}],"hasChildren":true,"hasParent":false,"id":"6","parentId":"0","state":{"opened":true},"text":"研发部"}],"hasChildren":true,"hasParent":false,"id":"-1","parentId":"","state":{"opened":true},"text":"顶级节点"}
2020-11-16 14:38:10 -请求地址 : http://localhost:8066/sys/user/list
2020-11-16 14:38:10 -HTTP METHOD : GET
2020-11-16 14:38:10 -CLASS_METHOD : com.bootdo.system.controller.UserController.list
2020-11-16 14:38:10 -参数 : [{limit=10, offset=0, name=, deptId=}]
2020-11-16 14:38:10 -==>  Preparing: select `user_id`,`username`,`name`,`password`,`dept_id`,`email`,`mobile`,`status`,`user_id_create`,`gmt_create`,`gmt_modified`,`sex`,`birth`,`pic_id`,`live_address`,`hobby`,`province`,`city`,`district` from sys_user order by user_id desc limit ?, ? 
2020-11-16 14:38:10 -==> Parameters: 0(Integer), 10(Integer)
2020-11-16 14:38:10 -<==      Total: 10
2020-11-16 14:38:10 -==>  Preparing: select count(*) from sys_user 
2020-11-16 14:38:10 -==> Parameters: 
2020-11-16 14:38:10 -<==      Total: 1
2020-11-16 14:38:10 -耗时 : 4
2020-11-16 14:38:10 -返回值 : com.bootdo.common.utils.PageUtils@3d1a58c0
2020-11-16 15:07:03 -WebSocketSession[1 current WS(1)-HttpStream(0)-HttpPoll(0), 10 total, 0 closed abnormally (0 connect failure, 0 send limit, 0 transport error)], stompSubProtocol[processed CONNECT(10)-CONNECTED(10)-DISCONNECT(0)], stompBrokerRelay[null], inboundChannel[pool size = 0, active threads = 0, queued tasks = 0, completed tasks = 117], outboundChannelpool size = 0, active threads = 0, queued tasks = 0, completed tasks = 19], sockJsScheduler[pool size = 4, active threads = 1, queued tasks = 2, completed tasks = 148524]
2020-11-16 15:36:13 -Validating all active sessions...
2020-11-16 15:36:13 -Finished session validation.  [1] sessions were stopped.
2020-11-16 15:37:03 -WebSocketSession[1 current WS(1)-HttpStream(0)-HttpPoll(0), 10 total, 0 closed abnormally (0 connect failure, 0 send limit, 0 transport error)], stompSubProtocol[processed CONNECT(10)-CONNECTED(10)-DISCONNECT(0)], stompBrokerRelay[null], inboundChannel[pool size = 0, active threads = 0, queued tasks = 0, completed tasks = 117], outboundChannelpool size = 0, active threads = 0, queued tasks = 0, completed tasks = 19], sockJsScheduler[pool size = 4, active threads = 1, queued tasks = 2, completed tasks = 148957]
